{"numTotalTestSuites":468,"numPassedTestSuites":468,"numFailedTestSuites":0,"numPendingTestSuites":0,"numTotalTests":1137,"numPassedTests":1124,"numFailedTests":0,"numPendingTests":13,"numTodoTests":0,"snapshot":{"added":0,"failure":false,"filesAdded":0,"filesRemoved":0,"filesRemovedList":[],"filesUnmatched":0,"filesUpdated":0,"matched":0,"total":0,"unchecked":0,"uncheckedKeysByFile":[],"unmatched":0,"updated":0,"didUpdate":false},"startTime":1754631169596,"success":true,"testResults":[{"assertionResults":[{"ancestorTitles":["Debug Worn Visibility"],"fullName":"Debug Worn Visibility should debug worn item visibility","status":"passed","title":"should debug worn item visibility","duration":17.789087000001018,"failureMessages":[],"meta":{}}],"startTime":1754631199445,"endTime":1754631199462.789,"status":"passed","message":"","name":"/mnt/c/repotemp/sharpee/packages/world-model/tests/debug-worn-visibility.test.ts"},{"assertionResults":[{"ancestorTitles":["Minimal Visibility Test"],"fullName":"Minimal Visibility Test should see items in the same room","status":"passed","title":"should see items in the same room","duration":5.340281000000687,"failureMessages":[],"meta":{}}],"startTime":1754631222562,"endTime":1754631222567.3403,"status":"passed","message":"","name":"/mnt/c/repotemp/sharpee/packages/world-model/tests/minimal-visibility.test.ts"},{"assertionResults":[{"ancestorTitles":["Container Hierarchies Integration Tests","Deep Nesting"],"fullName":"Container Hierarchies Integration Tests Deep Nesting should handle deeply nested containers","status":"passed","title":"should handle deeply nested containers","duration":8.804882999998881,"failureMessages":[],"meta":{}},{"ancestorTitles":["Container Hierarchies Integration Tests","Deep Nesting"],"fullName":"Container Hierarchies Integration Tests Deep Nesting should enforce maximum nesting depth","status":"passed","title":"should enforce maximum nesting depth","duration":1.5788759999995818,"failureMessages":[],"meta":{}},{"ancestorTitles":["Container Hierarchies Integration Tests","Deep Nesting"],"fullName":"Container Hierarchies Integration Tests Deep Nesting should prevent circular containment","status":"passed","title":"should prevent circular containment","duration":2.8469009999989794,"failureMessages":[],"meta":{}},{"ancestorTitles":["Container Hierarchies Integration Tests","Container Capacity and Weight"],"fullName":"Container Hierarchies Integration Tests Container Capacity and Weight should calculate total weight including contents","status":"passed","title":"should calculate total weight including contents","duration":1.6282410000003438,"failureMessages":[],"meta":{}},{"ancestorTitles":["Container Hierarchies Integration Tests","Container Capacity and Weight"],"fullName":"Container Hierarchies Integration Tests Container Capacity and Weight should handle container capacity limits","status":"passed","title":"should handle container capacity limits","duration":2.233780000000479,"failureMessages":[],"meta":{}},{"ancestorTitles":["Container Hierarchies Integration Tests","Mixed Container Types"],"fullName":"Container Hierarchies Integration Tests Mixed Container Types should handle supporter and container combinations","status":"passed","title":"should handle supporter and container combinations","duration":2.416257000000769,"failureMessages":[],"meta":{}},{"ancestorTitles":["Container Hierarchies Integration Tests","Mixed Container Types"],"fullName":"Container Hierarchies Integration Tests Mixed Container Types should handle furniture with both surfaces and storage","status":"passed","title":"should handle furniture with both surfaces and storage","duration":2.1327590000000782,"failureMessages":[],"meta":{}},{"ancestorTitles":["Container Hierarchies Integration Tests","Container State Changes"],"fullName":"Container Hierarchies Integration Tests Container State Changes should handle moving containers with contents","status":"passed","title":"should handle moving containers with contents","duration":1.0839909999995143,"failureMessages":[],"meta":{}},{"ancestorTitles":["Container Hierarchies Integration Tests","Container State Changes"],"fullName":"Container Hierarchies Integration Tests Container State Changes should update visibility when opening/closing containers","status":"passed","title":"should update visibility when opening/closing containers","duration":3.1428849999992963,"failureMessages":[],"meta":{}},{"ancestorTitles":["Container Hierarchies Integration Tests","Container Query Operations"],"fullName":"Container Hierarchies Integration Tests Container Query Operations should find all containers of a specific type","status":"passed","title":"should find all containers of a specific type","duration":4.2500660000005155,"failureMessages":[],"meta":{}},{"ancestorTitles":["Container Hierarchies Integration Tests","Container Query Operations"],"fullName":"Container Hierarchies Integration Tests Container Query Operations should find containers matching complex criteria","status":"passed","title":"should find containers matching complex criteria","duration":1.146020000000135,"failureMessages":[],"meta":{}},{"ancestorTitles":["Container Hierarchies Integration Tests","Performance with Many Containers"],"fullName":"Container Hierarchies Integration Tests Performance with Many Containers should handle large numbers of containers efficiently","status":"passed","title":"should handle large numbers of containers efficiently","duration":10.633315000000948,"failureMessages":[],"meta":{}},{"ancestorTitles":["Container Hierarchies Integration Tests","Performance with Many Containers"],"fullName":"Container Hierarchies Integration Tests Performance with Many Containers should efficiently check containment loops in complex hierarchies","status":"passed","title":"should efficiently check containment loops in complex hierarchies","duration":0.9192559999992227,"failureMessages":[],"meta":{}}],"startTime":1754631182321,"endTime":1754631182365.9192,"status":"passed","message":"","name":"/mnt/c/repotemp/sharpee/packages/world-model/tests/integration/container-hierarchies.test.ts"},{"assertionResults":[{"ancestorTitles":["Door Mechanics Integration Tests","Basic Door Functionality"],"fullName":"Door Mechanics Integration Tests Basic Door Functionality should create doors connecting two rooms","status":"passed","title":"should create doors connecting two rooms","duration":3.5176859999992303,"failureMessages":[],"meta":{}},{"ancestorTitles":["Door Mechanics Integration Tests","Basic Door Functionality"],"fullName":"Door Mechanics Integration Tests Basic Door Functionality should synchronize door state between rooms","status":"passed","title":"should synchronize door state between rooms","duration":0.8931540000012319,"failureMessages":[],"meta":{}},{"ancestorTitles":["Door Mechanics Integration Tests","Lockable Doors"],"fullName":"Door Mechanics Integration Tests Lockable Doors should prevent opening locked doors","status":"passed","title":"should prevent opening locked doors","duration":0.9439989999991667,"failureMessages":[],"meta":{}},{"ancestorTitles":["Door Mechanics Integration Tests","Lockable Doors"],"fullName":"Door Mechanics Integration Tests Lockable Doors should unlock doors with correct key","status":"passed","title":"should unlock doors with correct key","duration":0.762522999999419,"failureMessages":[],"meta":{}},{"ancestorTitles":["Door Mechanics Integration Tests","Lockable Doors"],"fullName":"Door Mechanics Integration Tests Lockable Doors should handle multiple locked doors","status":"passed","title":"should handle multiple locked doors","duration":0.9394400000001042,"failureMessages":[],"meta":{}},{"ancestorTitles":["Door Mechanics Integration Tests","Complex Door Scenarios"],"fullName":"Door Mechanics Integration Tests Complex Door Scenarios should handle secret doors","status":"passed","title":"should handle secret doors","duration":1.751060000000507,"failureMessages":[],"meta":{}},{"ancestorTitles":["Door Mechanics Integration Tests","Complex Door Scenarios"],"fullName":"Door Mechanics Integration Tests Complex Door Scenarios should handle one-way doors","status":"passed","title":"should handle one-way doors","duration":0.793562999999267,"failureMessages":[],"meta":{}},{"ancestorTitles":["Door Mechanics Integration Tests","Complex Door Scenarios"],"fullName":"Door Mechanics Integration Tests Complex Door Scenarios should handle automatic closing doors","status":"passed","title":"should handle automatic closing doors","duration":1.435671999999613,"failureMessages":[],"meta":{}},{"ancestorTitles":["Door Mechanics Integration Tests","Door State and Visibility"],"fullName":"Door Mechanics Integration Tests Door State and Visibility should affect visibility through doors","status":"passed","title":"should affect visibility through doors","duration":1.6550719999995636,"failureMessages":[],"meta":{}},{"ancestorTitles":["Door Mechanics Integration Tests","Door State and Visibility"],"fullName":"Door Mechanics Integration Tests Door State and Visibility should handle doors with windows","status":"passed","title":"should handle doors with windows","duration":0.5179900000002817,"failureMessages":[],"meta":{}},{"ancestorTitles":["Door Mechanics Integration Tests","Multi-Door Connections"],"fullName":"Door Mechanics Integration Tests Multi-Door Connections should handle rooms with multiple doors","status":"passed","title":"should handle rooms with multiple doors","duration":2.704100999999355,"failureMessages":[],"meta":{}},{"ancestorTitles":["Door Mechanics Integration Tests","Multi-Door Connections"],"fullName":"Door Mechanics Integration Tests Multi-Door Connections should handle double doors","status":"passed","title":"should handle double doors","duration":0.4911769999998796,"failureMessages":[],"meta":{}},{"ancestorTitles":["Door Mechanics Integration Tests","Door Events and Behaviors"],"fullName":"Door Mechanics Integration Tests Door Events and Behaviors should track door usage","status":"passed","title":"should track door usage","duration":0.2827579999993759,"failureMessages":[],"meta":{}},{"ancestorTitles":["Door Mechanics Integration Tests","Door Events and Behaviors"],"fullName":"Door Mechanics Integration Tests Door Events and Behaviors should handle door with special requirements","status":"passed","title":"should handle door with special requirements","duration":0.321074999999837,"failureMessages":[],"meta":{}},{"ancestorTitles":["Door Mechanics Integration Tests","Performance with Many Doors"],"fullName":"Door Mechanics Integration Tests Performance with Many Doors should handle buildings with many doors efficiently","status":"passed","title":"should handle buildings with many doors efficiently","duration":1.6512860000002547,"failureMessages":[],"meta":{}}],"startTime":1754631190709,"endTime":1754631190729.6514,"status":"passed","message":"","name":"/mnt/c/repotemp/sharpee/packages/world-model/tests/integration/door-mechanics.test.ts"},{"assertionResults":[{"ancestorTitles":["Room and Actor as Containers","Rooms as containers"],"fullName":"Room and Actor as Containers Rooms as containers should allow items to be placed in rooms without ContainerTrait","status":"passed","title":"should allow items to be placed in rooms without ContainerTrait","duration":3.044889000000694,"failureMessages":[],"meta":{}},{"ancestorTitles":["Room and Actor as Containers","Rooms as containers"],"fullName":"Room and Actor as Containers Rooms as containers should respect room capacity limits","status":"passed","title":"should respect room capacity limits","duration":0.36315300000023853,"failureMessages":[],"meta":{}},{"ancestorTitles":["Room and Actor as Containers","Rooms as containers"],"fullName":"Room and Actor as Containers Rooms as containers should handle nested containers in rooms","status":"passed","title":"should handle nested containers in rooms","duration":0.7035209999994549,"failureMessages":[],"meta":{}},{"ancestorTitles":["Room and Actor as Containers","Actors as containers"],"fullName":"Room and Actor as Containers Actors as containers should allow actors to carry items without ContainerTrait","status":"passed","title":"should allow actors to carry items without ContainerTrait","duration":0.6056179999995948,"failureMessages":[],"meta":{}},{"ancestorTitles":["Room and Actor as Containers","Actors as containers"],"fullName":"Room and Actor as Containers Actors as containers should handle actor inventory limits","status":"passed","title":"should handle actor inventory limits","duration":0.27860599999985425,"failureMessages":[],"meta":{}},{"ancestorTitles":["Room and Actor as Containers","Actors as containers"],"fullName":"Room and Actor as Containers Actors as containers should prevent actors from being placed inside other actors","status":"passed","title":"should prevent actors from being placed inside other actors","duration":0.48984700000073644,"failureMessages":[],"meta":{}},{"ancestorTitles":["Room and Actor as Containers","Container type detection"],"fullName":"Room and Actor as Containers Container type detection should correctly identify all container-capable entities","status":"passed","title":"should correctly identify all container-capable entities","duration":0.2751239999997779,"failureMessages":[],"meta":{}}],"startTime":1754631222480,"endTime":1754631222486.2751,"status":"passed","message":"","name":"/mnt/c/repotemp/sharpee/packages/world-model/tests/integration/room-actor-containers.test.ts"},{"assertionResults":[{"ancestorTitles":["Room Navigation Integration Tests","Basic Room Connections"],"fullName":"Room Navigation Integration Tests Basic Room Connections should connect rooms with simple exits","status":"passed","title":"should connect rooms with simple exits","duration":3.7210100000011153,"failureMessages":[],"meta":{}},{"ancestorTitles":["Room Navigation Integration Tests","Basic Room Connections"],"fullName":"Room Navigation Integration Tests Basic Room Connections should find paths between connected rooms","status":"passed","title":"should find paths between connected rooms","duration":1.3085379999993165,"failureMessages":[],"meta":{}},{"ancestorTitles":["Room Navigation Integration Tests","Rooms with Door Entities"],"fullName":"Room Navigation Integration Tests Rooms with Door Entities should navigate through open doors","status":"passed","title":"should navigate through open doors","duration":1.639552000000549,"failureMessages":[],"meta":{}},{"ancestorTitles":["Room Navigation Integration Tests","Rooms with Door Entities"],"fullName":"Room Navigation Integration Tests Rooms with Door Entities should handle closed doors","status":"passed","title":"should handle closed doors","duration":0.6452869999993709,"failureMessages":[],"meta":{}},{"ancestorTitles":["Room Navigation Integration Tests","Rooms with Door Entities"],"fullName":"Room Navigation Integration Tests Rooms with Door Entities should handle locked doors","status":"passed","title":"should handle locked doors","duration":1.3030959999996412,"failureMessages":[],"meta":{}},{"ancestorTitles":["Room Navigation Integration Tests","Rooms with Door Entities"],"fullName":"Room Navigation Integration Tests Rooms with Door Entities should find alternative paths when doors are blocked","status":"passed","title":"should find alternative paths when doors are blocked","duration":0.7686180000000604,"failureMessages":[],"meta":{}},{"ancestorTitles":["Room Navigation Integration Tests","Complex Multi-Level Navigation"],"fullName":"Room Navigation Integration Tests Complex Multi-Level Navigation should handle buildings with multiple floors","status":"passed","title":"should handle buildings with multiple floors","duration":1.6301619999994728,"failureMessages":[],"meta":{}},{"ancestorTitles":["Room Navigation Integration Tests","Complex Multi-Level Navigation"],"fullName":"Room Navigation Integration Tests Complex Multi-Level Navigation should handle one-way passages","status":"passed","title":"should handle one-way passages","duration":0.3152800000007119,"failureMessages":[],"meta":{}},{"ancestorTitles":["Room Navigation Integration Tests","Room Properties and Navigation"],"fullName":"Room Navigation Integration Tests Room Properties and Navigation should track first visits to rooms","status":"passed","title":"should track first visits to rooms","duration":0.5044269999998505,"failureMessages":[],"meta":{}},{"ancestorTitles":["Room Navigation Integration Tests","Room Properties and Navigation"],"fullName":"Room Navigation Integration Tests Room Properties and Navigation should handle dark rooms and navigation","status":"passed","title":"should handle dark rooms and navigation","duration":0.8981869999988703,"failureMessages":[],"meta":{}},{"ancestorTitles":["Room Navigation Integration Tests","Special Exit Types"],"fullName":"Room Navigation Integration Tests Special Exit Types should handle exit entities","status":"passed","title":"should handle exit entities","duration":0.3899010000004637,"failureMessages":[],"meta":{}},{"ancestorTitles":["Room Navigation Integration Tests","Special Exit Types"],"fullName":"Room Navigation Integration Tests Special Exit Types should handle entry points","status":"passed","title":"should handle entry points","duration":0.2797549999995681,"failureMessages":[],"meta":{}},{"ancestorTitles":["Room Navigation Integration Tests","Performance and Edge Cases"],"fullName":"Room Navigation Integration Tests Performance and Edge Cases should handle large mazes efficiently","status":"passed","title":"should handle large mazes efficiently","duration":2.331663999999364,"failureMessages":[],"meta":{}},{"ancestorTitles":["Room Navigation Integration Tests","Performance and Edge Cases"],"fullName":"Room Navigation Integration Tests Performance and Edge Cases should handle disconnected room groups","status":"passed","title":"should handle disconnected room groups","duration":0.39808799999991606,"failureMessages":[],"meta":{}}],"startTime":1754631209947,"endTime":1754631209963.3982,"status":"passed","message":"","name":"/mnt/c/repotemp/sharpee/packages/world-model/tests/integration/room-navigation.test.ts"},{"assertionResults":[{"ancestorTitles":["Trait Combinations Integration Tests","Container + Openable + Lockable"],"fullName":"Trait Combinations Integration Tests Container + Openable + Lockable should not see contents of locked closed container","status":"passed","title":"should not see contents of locked closed container","duration":4.557611999998699,"failureMessages":[],"meta":{}},{"ancestorTitles":["Trait Combinations Integration Tests","Container + Openable + Lockable"],"fullName":"Trait Combinations Integration Tests Container + Openable + Lockable should not open locked container","status":"passed","title":"should not open locked container","duration":1.200872999999774,"failureMessages":[],"meta":{}},{"ancestorTitles":["Trait Combinations Integration Tests","Container + Openable + Lockable"],"fullName":"Trait Combinations Integration Tests Container + Openable + Lockable should see contents after unlocking and opening","status":"passed","title":"should see contents after unlocking and opening","duration":1.2817830000003596,"failureMessages":[],"meta":{}},{"ancestorTitles":["Trait Combinations Integration Tests","Container + Openable + Lockable"],"fullName":"Trait Combinations Integration Tests Container + Openable + Lockable should handle nested locked containers","status":"passed","title":"should handle nested locked containers","duration":1.7275539999991452,"failureMessages":[],"meta":{}},{"ancestorTitles":["Trait Combinations Integration Tests","Supporter + Container + Scenery"],"fullName":"Trait Combinations Integration Tests Supporter + Container + Scenery should see items on supporter but not in closed container","status":"passed","title":"should see items on supporter but not in closed container","duration":1.0757160000011936,"failureMessages":[],"meta":{}},{"ancestorTitles":["Trait Combinations Integration Tests","Supporter + Container + Scenery"],"fullName":"Trait Combinations Integration Tests Supporter + Container + Scenery should handle complex containment hierarchy","status":"passed","title":"should handle complex containment hierarchy","duration":0.5439730000016425,"failureMessages":[],"meta":{}},{"ancestorTitles":["Trait Combinations Integration Tests","Supporter + Container + Scenery"],"fullName":"Trait Combinations Integration Tests Supporter + Container + Scenery should exclude invisible scenery","status":"passed","title":"should exclude invisible scenery","duration":0.5097380000006524,"failureMessages":[],"meta":{}},{"ancestorTitles":["Trait Combinations Integration Tests","Actor + Wearable + Container"],"fullName":"Trait Combinations Integration Tests Actor + Wearable + Container should handle wearing items with containers","status":"passed","title":"should handle wearing items with containers","duration":0.5355450000006385,"failureMessages":[],"meta":{}},{"ancestorTitles":["Trait Combinations Integration Tests","Actor + Wearable + Container"],"fullName":"Trait Combinations Integration Tests Actor + Wearable + Container should exclude worn items when specified","status":"passed","title":"should exclude worn items when specified","duration":0.5948989999997139,"failureMessages":[],"meta":{}},{"ancestorTitles":["Trait Combinations Integration Tests","Actor + Wearable + Container"],"fullName":"Trait Combinations Integration Tests Actor + Wearable + Container should track complex worn item hierarchies","status":"passed","title":"should track complex worn item hierarchies","duration":0.5994190000001254,"failureMessages":[],"meta":{}},{"ancestorTitles":["Trait Combinations Integration Tests","Door + Room + Light Source"],"fullName":"Trait Combinations Integration Tests Door + Room + Light Source should navigate through doors between rooms","status":"passed","title":"should navigate through doors between rooms","duration":0.9683009999989736,"failureMessages":[],"meta":{}},{"ancestorTitles":["Trait Combinations Integration Tests","Door + Room + Light Source"],"fullName":"Trait Combinations Integration Tests Door + Room + Light Source should see in lit rooms but not dark rooms","status":"passed","title":"should see in lit rooms but not dark rooms","duration":0.441820000000007,"failureMessages":[],"meta":{}},{"ancestorTitles":["Trait Combinations Integration Tests","Door + Room + Light Source"],"fullName":"Trait Combinations Integration Tests Door + Room + Light Source should handle door state synchronization","status":"passed","title":"should handle door state synchronization","duration":0.2296889999997802,"failureMessages":[],"meta":{}},{"ancestorTitles":["Trait Combinations Integration Tests","Edible + Container + Actor"],"fullName":"Trait Combinations Integration Tests Edible + Container + Actor should track edible items in containers","status":"passed","title":"should track edible items in containers","duration":0.396813999999722,"failureMessages":[],"meta":{}},{"ancestorTitles":["Trait Combinations Integration Tests","Edible + Container + Actor"],"fullName":"Trait Combinations Integration Tests Edible + Container + Actor should handle consuming items from container","status":"passed","title":"should handle consuming items from container","duration":0.2127519999994547,"failureMessages":[],"meta":{}},{"ancestorTitles":["Trait Combinations Integration Tests","Complex Multi-Trait Scenarios"],"fullName":"Trait Combinations Integration Tests Complex Multi-Trait Scenarios should handle readable items in locked containers on supporters","status":"passed","title":"should handle readable items in locked containers on supporters","duration":0.553965999999491,"failureMessages":[],"meta":{}},{"ancestorTitles":["Trait Combinations Integration Tests","Complex Multi-Trait Scenarios"],"fullName":"Trait Combinations Integration Tests Complex Multi-Trait Scenarios should handle switchable light sources affecting room visibility","status":"passed","title":"should handle switchable light sources affecting room visibility","duration":1.576641000001473,"failureMessages":[],"meta":{}}],"startTime":1754631200223,"endTime":1754631200240.5767,"status":"passed","message":"","name":"/mnt/c/repotemp/sharpee/packages/world-model/tests/integration/trait-combinations.test.ts"},{"assertionResults":[{"ancestorTitles":["Visibility Chains Integration Tests","Container Visibility Chains"],"fullName":"Visibility Chains Integration Tests Container Visibility Chains should see through open containers","status":"passed","title":"should see through open containers","duration":4.609340000000884,"failureMessages":[],"meta":{}},{"ancestorTitles":["Visibility Chains Integration Tests","Container Visibility Chains"],"fullName":"Visibility Chains Integration Tests Container Visibility Chains should not see into closed containers","status":"passed","title":"should not see into closed containers","duration":0.9064279999984137,"failureMessages":[],"meta":{}},{"ancestorTitles":["Visibility Chains Integration Tests","Container Visibility Chains"],"fullName":"Visibility Chains Integration Tests Container Visibility Chains should handle mixed open/closed container chains","status":"passed","title":"should handle mixed open/closed container chains","duration":0.5844420000012178,"failureMessages":[],"meta":{}},{"ancestorTitles":["Visibility Chains Integration Tests","Supporter Visibility"],"fullName":"Visibility Chains Integration Tests Supporter Visibility should see items on supporters","status":"passed","title":"should see items on supporters","duration":1.3076439999986178,"failureMessages":[],"meta":{}},{"ancestorTitles":["Visibility Chains Integration Tests","Supporter Visibility"],"fullName":"Visibility Chains Integration Tests Supporter Visibility should see through containers on supporters","status":"passed","title":"should see through containers on supporters","duration":0.6554339999984222,"failureMessages":[],"meta":{}},{"ancestorTitles":["Visibility Chains Integration Tests","Room and Light Visibility"],"fullName":"Visibility Chains Integration Tests Room and Light Visibility should not see in dark rooms","status":"passed","title":"should not see in dark rooms","duration":0.30371000000013737,"failureMessages":[],"meta":{}},{"ancestorTitles":["Visibility Chains Integration Tests","Room and Light Visibility"],"fullName":"Visibility Chains Integration Tests Room and Light Visibility should see with carried light source","status":"passed","title":"should see with carried light source","duration":0.8416489999999612,"failureMessages":[],"meta":{}},{"ancestorTitles":["Visibility Chains Integration Tests","Room and Light Visibility"],"fullName":"Visibility Chains Integration Tests Room and Light Visibility should see with light source in room","status":"passed","title":"should see with light source in room","duration":0.2667199999996228,"failureMessages":[],"meta":{}},{"ancestorTitles":["Visibility Chains Integration Tests","Room and Light Visibility"],"fullName":"Visibility Chains Integration Tests Room and Light Visibility should handle light in containers","status":"passed","title":"should handle light in containers","duration":0.8595930000010412,"failureMessages":[],"meta":{}},{"ancestorTitles":["Visibility Chains Integration Tests","Actor Visibility"],"fullName":"Visibility Chains Integration Tests Actor Visibility should see items carried by actors","status":"passed","title":"should see items carried by actors","duration":0.5746629999994184,"failureMessages":[],"meta":{}},{"ancestorTitles":["Visibility Chains Integration Tests","Actor Visibility"],"fullName":"Visibility Chains Integration Tests Actor Visibility should see worn items on actors","status":"passed","title":"should see worn items on actors","duration":0.4367469999997411,"failureMessages":[],"meta":{}},{"ancestorTitles":["Visibility Chains Integration Tests","Actor Visibility"],"fullName":"Visibility Chains Integration Tests Actor Visibility should not see items in closed containers carried by actors","status":"passed","title":"should not see items in closed containers carried by actors","duration":0.5547229999992851,"failureMessages":[],"meta":{}},{"ancestorTitles":["Visibility Chains Integration Tests","Scenery Visibility"],"fullName":"Visibility Chains Integration Tests Scenery Visibility should see visible scenery","status":"passed","title":"should see visible scenery","duration":0.594531000000643,"failureMessages":[],"meta":{}},{"ancestorTitles":["Visibility Chains Integration Tests","Scenery Visibility"],"fullName":"Visibility Chains Integration Tests Scenery Visibility should not see invisible scenery","status":"passed","title":"should not see invisible scenery","duration":0.24418899999909627,"failureMessages":[],"meta":{}},{"ancestorTitles":["Visibility Chains Integration Tests","Scenery Visibility"],"fullName":"Visibility Chains Integration Tests Scenery Visibility should see contents of visible scenery containers","status":"passed","title":"should see contents of visible scenery containers","duration":0.2997930000001361,"failureMessages":[],"meta":{}},{"ancestorTitles":["Visibility Chains Integration Tests","Complex Visibility Scenarios"],"fullName":"Visibility Chains Integration Tests Complex Visibility Scenarios should handle deep visibility chains","status":"passed","title":"should handle deep visibility chains","duration":1.2425019999991491,"failureMessages":[],"meta":{}},{"ancestorTitles":["Visibility Chains Integration Tests","Complex Visibility Scenarios"],"fullName":"Visibility Chains Integration Tests Complex Visibility Scenarios should handle multiple visibility blockers","status":"passed","title":"should handle multiple visibility blockers","duration":0.678529000000708,"failureMessages":[],"meta":{}},{"ancestorTitles":["Visibility Chains Integration Tests","Complex Visibility Scenarios"],"fullName":"Visibility Chains Integration Tests Complex Visibility Scenarios should handle visibility with movement","status":"passed","title":"should handle visibility with movement","duration":0.37024899999960326,"failureMessages":[],"meta":{}},{"ancestorTitles":["Visibility Chains Integration Tests","Scope and In-Scope Items"],"fullName":"Visibility Chains Integration Tests Scope and In-Scope Items should get all items in scope","status":"passed","title":"should get all items in scope","duration":1.6920289999998204,"failureMessages":[],"meta":{}},{"ancestorTitles":["Visibility Chains Integration Tests","Scope and In-Scope Items"],"fullName":"Visibility Chains Integration Tests Scope and In-Scope Items should handle scope in dark rooms with light","status":"passed","title":"should handle scope in dark rooms with light","duration":0.5711449999998877,"failureMessages":[],"meta":{}},{"ancestorTitles":["Visibility Chains Integration Tests","Performance Tests"],"fullName":"Visibility Chains Integration Tests Performance Tests should handle large visibility calculations efficiently","status":"passed","title":"should handle large visibility calculations efficiently","duration":2.1731089999993856,"failureMessages":[],"meta":{}},{"ancestorTitles":["Visibility Chains Integration Tests","Performance Tests"],"fullName":"Visibility Chains Integration Tests Performance Tests should cache visibility calculations","status":"passed","title":"should cache visibility calculations","duration":0.9432349999988219,"failureMessages":[],"meta":{}}],"startTime":1754631198641,"endTime":1754631198662.943,"status":"passed","message":"","name":"/mnt/c/repotemp/sharpee/packages/world-model/tests/integration/visibility-chains.test.ts"},{"assertionResults":[{"ancestorTitles":["Wearable and Clothing Integration Tests","Basic Wearable Behavior"],"fullName":"Wearable and Clothing Integration Tests Basic Wearable Behavior should wear and remove simple items","status":"passed","title":"should wear and remove simple items","duration":6.79586399999971,"failureMessages":[],"meta":{}},{"ancestorTitles":["Wearable and Clothing Integration Tests","Basic Wearable Behavior"],"fullName":"Wearable and Clothing Integration Tests Basic Wearable Behavior should prevent wearing already worn items","status":"passed","title":"should prevent wearing already worn items","duration":1.562034999999014,"failureMessages":[],"meta":{}},{"ancestorTitles":["Wearable and Clothing Integration Tests","Basic Wearable Behavior"],"fullName":"Wearable and Clothing Integration Tests Basic Wearable Behavior should track multiple worn items","status":"passed","title":"should track multiple worn items","duration":0.8729400000011083,"failureMessages":[],"meta":{}},{"ancestorTitles":["Wearable and Clothing Integration Tests","Clothing with Pockets"],"fullName":"Wearable and Clothing Integration Tests Clothing with Pockets should create functional clothing with pockets","status":"passed","title":"should create functional clothing with pockets","duration":9.57423099999869,"failureMessages":[],"meta":{}},{"ancestorTitles":["Wearable and Clothing Integration Tests","Clothing with Pockets"],"fullName":"Wearable and Clothing Integration Tests Clothing with Pockets should maintain pocket contents when wearing clothing","status":"passed","title":"should maintain pocket contents when wearing clothing","duration":1.5760170000030485,"failureMessages":[],"meta":{}},{"ancestorTitles":["Wearable and Clothing Integration Tests","Clothing with Pockets"],"fullName":"Wearable and Clothing Integration Tests Clothing with Pockets should handle items in pockets visibility - SKIPPED: Complex visibility scenario needs review","status":"skipped","title":"should handle items in pockets visibility - SKIPPED: Complex visibility scenario needs review","failureMessages":[],"meta":{}},{"ancestorTitles":["Wearable and Clothing Integration Tests","Layered Clothing"],"fullName":"Wearable and Clothing Integration Tests Layered Clothing should support multiple layers of clothing","status":"passed","title":"should support multiple layers of clothing","duration":0.5450280000004568,"failureMessages":[],"meta":{}},{"ancestorTitles":["Wearable and Clothing Integration Tests","Layered Clothing"],"fullName":"Wearable and Clothing Integration Tests Layered Clothing should handle mixed clothing and accessories","status":"passed","title":"should handle mixed clothing and accessories","duration":0.7847790000014356,"failureMessages":[],"meta":{}},{"ancestorTitles":["Wearable and Clothing Integration Tests","Complex Pocket Hierarchies"],"fullName":"Wearable and Clothing Integration Tests Complex Pocket Hierarchies should handle nested containers in pockets","status":"passed","title":"should handle nested containers in pockets","duration":0.7248470000013185,"failureMessages":[],"meta":{}},{"ancestorTitles":["Wearable and Clothing Integration Tests","Complex Pocket Hierarchies"],"fullName":"Wearable and Clothing Integration Tests Complex Pocket Hierarchies should handle pocket access when clothing is in container","status":"passed","title":"should handle pocket access when clothing is in container","duration":1.066406999998435,"failureMessages":[],"meta":{}},{"ancestorTitles":["Wearable and Clothing Integration Tests","Special Clothing Properties"],"fullName":"Wearable and Clothing Integration Tests Special Clothing Properties should handle clothing that blocks slots","status":"passed","title":"should handle clothing that blocks slots","duration":1.3376120000029914,"failureMessages":[],"meta":{}},{"ancestorTitles":["Wearable and Clothing Integration Tests","Special Clothing Properties"],"fullName":"Wearable and Clothing Integration Tests Special Clothing Properties should handle non-removable clothing","status":"passed","title":"should handle non-removable clothing","duration":0.4189239999977872,"failureMessages":[],"meta":{}},{"ancestorTitles":["Wearable and Clothing Integration Tests","Special Clothing Properties"],"fullName":"Wearable and Clothing Integration Tests Special Clothing Properties should track clothing condition","status":"passed","title":"should track clothing condition","duration":0.29160699999920325,"failureMessages":[],"meta":{}},{"ancestorTitles":["Wearable and Clothing Integration Tests","Performance with Many Wearables"],"fullName":"Wearable and Clothing Integration Tests Performance with Many Wearables should handle actors with many worn items efficiently","status":"passed","title":"should handle actors with many worn items efficiently","duration":0.5377450000014505,"failureMessages":[],"meta":{}},{"ancestorTitles":["Wearable and Clothing Integration Tests","Performance with Many Wearables"],"fullName":"Wearable and Clothing Integration Tests Performance with Many Wearables should efficiently filter worn vs carried items","status":"passed","title":"should efficiently filter worn vs carried items","duration":1.4056259999997565,"failureMessages":[],"meta":{}}],"startTime":1754631199169,"endTime":1754631199197.4055,"status":"passed","message":"","name":"/mnt/c/repotemp/sharpee/packages/world-model/tests/integration/wearable-clothing.test.ts"},{"assertionResults":[{"ancestorTitles":["Darkness and Light Source Scope Rules"],"fullName":"Darkness and Light Source Scope Rules should not see objects in dark room without light","status":"passed","title":"should not see objects in dark room without light","duration":3.670296000000235,"failureMessages":[],"meta":{}},{"ancestorTitles":["Darkness and Light Source Scope Rules"],"fullName":"Darkness and Light Source Scope Rules should see objects when carrying lit light source","status":"passed","title":"should see objects when carrying lit light source","duration":1.0378409999993892,"failureMessages":[],"meta":{}},{"ancestorTitles":["Darkness and Light Source Scope Rules"],"fullName":"Darkness and Light Source Scope Rules should not see when light source is off","status":"passed","title":"should not see when light source is off","duration":2.312350999998671,"failureMessages":[],"meta":{}},{"ancestorTitles":["Darkness and Light Source Scope Rules"],"fullName":"Darkness and Light Source Scope Rules should see when light source is turned on","status":"passed","title":"should see when light source is turned on","duration":0.46774099999856844,"failureMessages":[],"meta":{}},{"ancestorTitles":["Darkness and Light Source Scope Rules"],"fullName":"Darkness and Light Source Scope Rules should see when room has light source","status":"passed","title":"should see when room has light source","duration":0.501484000000346,"failureMessages":[],"meta":{}},{"ancestorTitles":["Darkness and Light Source Scope Rules"],"fullName":"Darkness and Light Source Scope Rules should work normally in lit rooms","status":"passed","title":"should work normally in lit rooms","duration":0.32200299999931303,"failureMessages":[],"meta":{}},{"ancestorTitles":["Darkness and Light Source Scope Rules"],"fullName":"Darkness and Light Source Scope Rules should support partial darkness with specific visibility - SKIPPED: Scope rules should not affect physical visibility","status":"skipped","title":"should support partial darkness with specific visibility - SKIPPED: Scope rules should not affect physical visibility","failureMessages":[],"meta":{}},{"ancestorTitles":["Darkness and Light Source Scope Rules"],"fullName":"Darkness and Light Source Scope Rules should handle underground darkness differently","status":"passed","title":"should handle underground darkness differently","duration":0.32609899999988556,"failureMessages":[],"meta":{}}],"startTime":1754631218902,"endTime":1754631218910.3262,"status":"passed","message":"","name":"/mnt/c/repotemp/sharpee/packages/world-model/tests/scope/darkness-light.test.ts"},{"assertionResults":[{"ancestorTitles":["Magic Sight Scope Rules"],"fullName":"Magic Sight Scope Rules should see invisible objects with true sight - SKIPPED: Magic sight should affect scope, not physical visibility","status":"skipped","title":"should see invisible objects with true sight - SKIPPED: Magic sight should affect scope, not physical visibility","failureMessages":[],"meta":{}},{"ancestorTitles":["Magic Sight Scope Rules"],"fullName":"Magic Sight Scope Rules should see through walls with x-ray vision - SKIPPED: X-ray vision should affect scope, not physical visibility","status":"skipped","title":"should see through walls with x-ray vision - SKIPPED: X-ray vision should affect scope, not physical visibility","failureMessages":[],"meta":{}},{"ancestorTitles":["Magic Sight Scope Rules"],"fullName":"Magic Sight Scope Rules should reveal concealed objects with detect magic","status":"passed","title":"should reveal concealed objects with detect magic","duration":6.656170000000202,"failureMessages":[],"meta":{}},{"ancestorTitles":["Magic Sight Scope Rules"],"fullName":"Magic Sight Scope Rules should see inside closed containers with clairvoyance - SKIPPED: Clairvoyance should affect scope, not physical visibility","status":"skipped","title":"should see inside closed containers with clairvoyance - SKIPPED: Clairvoyance should affect scope, not physical visibility","failureMessages":[],"meta":{}},{"ancestorTitles":["Magic Sight Scope Rules"],"fullName":"Magic Sight Scope Rules should have remote viewing through crystal orb","status":"passed","title":"should have remote viewing through crystal orb","duration":0.9021450000000186,"failureMessages":[],"meta":{}},{"ancestorTitles":["Magic Sight Scope Rules"],"fullName":"Magic Sight Scope Rules should combine multiple magical sight abilities - SKIPPED: Magic sight should affect scope, not physical visibility","status":"skipped","title":"should combine multiple magical sight abilities - SKIPPED: Magic sight should affect scope, not physical visibility","failureMessages":[],"meta":{}},{"ancestorTitles":["Magic Sight Scope Rules"],"fullName":"Magic Sight Scope Rules should limit magical sight by power level","status":"passed","title":"should limit magical sight by power level","duration":1.0698599999996077,"failureMessages":[],"meta":{}}],"startTime":1754631222636,"endTime":1754631222645.0698,"status":"passed","message":"","name":"/mnt/c/repotemp/sharpee/packages/world-model/tests/scope/magic-sight.test.ts"},{"assertionResults":[{"ancestorTitles":["Sound Traveling Scope Rules"],"fullName":"Sound Traveling Scope Rules should hear sounds from adjacent rooms","status":"passed","title":"should hear sounds from adjacent rooms","duration":10.233415000000605,"failureMessages":[],"meta":{}},{"ancestorTitles":["Sound Traveling Scope Rules"],"fullName":"Sound Traveling Scope Rules should hear loud sounds from further away","status":"passed","title":"should hear loud sounds from further away","duration":1.2346989999987272,"failureMessages":[],"meta":{}},{"ancestorTitles":["Sound Traveling Scope Rules"],"fullName":"Sound Traveling Scope Rules should not hear sounds through solid barriers","status":"passed","title":"should not hear sounds through solid barriers","duration":1.4622180000005756,"failureMessages":[],"meta":{}},{"ancestorTitles":["Sound Traveling Scope Rules"],"fullName":"Sound Traveling Scope Rules should support directional sound","status":"passed","title":"should support directional sound","duration":0.989253000001554,"failureMessages":[],"meta":{}},{"ancestorTitles":["Sound Traveling Scope Rules"],"fullName":"Sound Traveling Scope Rules should combine multiple sound rules","status":"passed","title":"should combine multiple sound rules","duration":1.6421539999992092,"failureMessages":[],"meta":{}},{"ancestorTitles":["Sound Traveling Scope Rules"],"fullName":"Sound Traveling Scope Rules should filter sounds by action type","status":"passed","title":"should filter sounds by action type","duration":2.6049930000008317,"failureMessages":[],"meta":{}}],"startTime":1754631181441,"endTime":1754631181459.605,"status":"passed","message":"","name":"/mnt/c/repotemp/sharpee/packages/world-model/tests/scope/sound-traveling.test.ts"},{"assertionResults":[{"ancestorTitles":["Window Visibility Scope Rule - Fixed"],"fullName":"Window Visibility Scope Rule - Fixed should not see garden entities when window is closed","status":"passed","title":"should not see garden entities when window is closed","duration":6.1272570000001,"failureMessages":[],"meta":{}},{"ancestorTitles":["Window Visibility Scope Rule - Fixed"],"fullName":"Window Visibility Scope Rule - Fixed should see garden entities when window is open with scope rule - SKIPPED: Cross-room visibility violates architecture","status":"skipped","title":"should see garden entities when window is open with scope rule - SKIPPED: Cross-room visibility violates architecture","failureMessages":[],"meta":{}},{"ancestorTitles":["Window Visibility Scope Rule - Fixed"],"fullName":"Window Visibility Scope Rule - Fixed should not see garden when window closes again - SKIPPED: Cross-room visibility violates architecture","status":"skipped","title":"should not see garden when window closes again - SKIPPED: Cross-room visibility violates architecture","failureMessages":[],"meta":{}},{"ancestorTitles":["Window Visibility Scope Rule - Fixed"],"fullName":"Window Visibility Scope Rule - Fixed should support action-specific visibility","status":"passed","title":"should support action-specific visibility","duration":1.3824389999999767,"failureMessages":[],"meta":{}},{"ancestorTitles":["Window Visibility Scope Rule - Fixed"],"fullName":"Window Visibility Scope Rule - Fixed should support dynamic entity inclusion","status":"passed","title":"should support dynamic entity inclusion","duration":1.2679699999998775,"failureMessages":[],"meta":{}},{"ancestorTitles":["Window Visibility Scope Rule - Fixed"],"fullName":"Window Visibility Scope Rule - Fixed should support scope rule removal - SKIPPED: Cross-room visibility violates architecture","status":"skipped","title":"should support scope rule removal - SKIPPED: Cross-room visibility violates architecture","failureMessages":[],"meta":{}},{"ancestorTitles":["Window Visibility Scope Rule - Fixed"],"fullName":"Window Visibility Scope Rule - Fixed should handle one-way visibility","status":"passed","title":"should handle one-way visibility","duration":1.0094899999994595,"failureMessages":[],"meta":{}}],"startTime":1754631206266,"endTime":1754631206276.0095,"status":"passed","message":"","name":"/mnt/c/repotemp/sharpee/packages/world-model/tests/scope/window-visibility-fixed.test.ts"},{"assertionResults":[{"ancestorTitles":["Window Visibility Scope Rule"],"fullName":"Window Visibility Scope Rule should not see garden entities when window is closed - SKIPPED: Test setup issue, player not properly in room","status":"skipped","title":"should not see garden entities when window is closed - SKIPPED: Test setup issue, player not properly in room","failureMessages":[],"meta":{}},{"ancestorTitles":["Window Visibility Scope Rule"],"fullName":"Window Visibility Scope Rule should include garden entities in scope when window is open with scope rule - SKIPPED: Test setup issue, player not properly in room","status":"skipped","title":"should include garden entities in scope when window is open with scope rule - SKIPPED: Test setup issue, player not properly in room","failureMessages":[],"meta":{}},{"ancestorTitles":["Window Visibility Scope Rule"],"fullName":"Window Visibility Scope Rule should not see garden when window closes again - SKIPPED: Cross-room visibility should use scope, not getVisible()","status":"skipped","title":"should not see garden when window closes again - SKIPPED: Cross-room visibility should use scope, not getVisible()","failureMessages":[],"meta":{}},{"ancestorTitles":["Window Visibility Scope Rule"],"fullName":"Window Visibility Scope Rule should support action-specific visibility","status":"passed","title":"should support action-specific visibility","duration":7.695089000000735,"failureMessages":[],"meta":{}},{"ancestorTitles":["Window Visibility Scope Rule"],"fullName":"Window Visibility Scope Rule should support dynamic entity inclusion","status":"passed","title":"should support dynamic entity inclusion","duration":1.9704259999998612,"failureMessages":[],"meta":{}},{"ancestorTitles":["Window Visibility Scope Rule"],"fullName":"Window Visibility Scope Rule should respect rule priorities when rules conflict","status":"passed","title":"should respect rule priorities when rules conflict","duration":1.191001000000142,"failureMessages":[],"meta":{}},{"ancestorTitles":["Window Visibility Scope Rule"],"fullName":"Window Visibility Scope Rule should support scope rule removal","status":"passed","title":"should support scope rule removal","duration":1.054975000000013,"failureMessages":[],"meta":{}}],"startTime":1754631214159,"endTime":1754631214171.055,"status":"passed","message":"","name":"/mnt/c/repotemp/sharpee/packages/world-model/tests/scope/window-visibility.test.ts"},{"assertionResults":[{"ancestorTitles":["AuthorModel","Shared Data Store"],"fullName":"AuthorModel Shared Data Store should share entities between WorldModel and AuthorModel","status":"passed","title":"should share entities between WorldModel and AuthorModel","duration":2.6954189999996743,"failureMessages":[],"meta":{}},{"ancestorTitles":["AuthorModel","Shared Data Store"],"fullName":"AuthorModel Shared Data Store should share spatial relationships between models","status":"passed","title":"should share spatial relationships between models","duration":3.936351000000286,"failureMessages":[],"meta":{}},{"ancestorTitles":["AuthorModel","Shared Data Store"],"fullName":"AuthorModel Shared Data Store should share state between models","status":"passed","title":"should share state between models","duration":1.2594150000004447,"failureMessages":[],"meta":{}},{"ancestorTitles":["AuthorModel","Unrestricted Movement"],"fullName":"AuthorModel Unrestricted Movement should move entities into closed containers","status":"passed","title":"should move entities into closed containers","duration":1.9198770000002696,"failureMessages":[],"meta":{}},{"ancestorTitles":["AuthorModel","Unrestricted Movement"],"fullName":"AuthorModel Unrestricted Movement should move entities into locked containers","status":"passed","title":"should move entities into locked containers","duration":1.1523329999999987,"failureMessages":[],"meta":{}},{"ancestorTitles":["AuthorModel","Unrestricted Movement"],"fullName":"AuthorModel Unrestricted Movement should bypass container trait requirement","status":"passed","title":"should bypass container trait requirement","duration":0.46774200000072597,"failureMessages":[],"meta":{}},{"ancestorTitles":["AuthorModel","Unrestricted Movement"],"fullName":"AuthorModel Unrestricted Movement should not check for loops","status":"passed","title":"should not check for loops","duration":0.22074100000008912,"failureMessages":[],"meta":{}},{"ancestorTitles":["AuthorModel","Event Recording"],"fullName":"AuthorModel Event Recording should not emit events by default","status":"passed","title":"should not emit events by default","duration":0.43372400000043854,"failureMessages":[],"meta":{}},{"ancestorTitles":["AuthorModel","Event Recording"],"fullName":"AuthorModel Event Recording should emit events when recordEvent is true","status":"passed","title":"should emit events when recordEvent is true","duration":0.6414690000001428,"failureMessages":[],"meta":{}},{"ancestorTitles":["AuthorModel","Event Recording"],"fullName":"AuthorModel Event Recording should use author: prefix for events","status":"passed","title":"should use author: prefix for events","duration":0.35455199999978504,"failureMessages":[],"meta":{}},{"ancestorTitles":["AuthorModel","Convenience Methods"],"fullName":"AuthorModel Convenience Methods should populate containers with multiple items","status":"passed","title":"should populate containers with multiple items","duration":0.9858169999997699,"failureMessages":[],"meta":{}},{"ancestorTitles":["AuthorModel","Convenience Methods"],"fullName":"AuthorModel Convenience Methods should connect rooms bidirectionally","status":"passed","title":"should connect rooms bidirectionally","duration":0.751908999999614,"failureMessages":[],"meta":{}},{"ancestorTitles":["AuthorModel","Convenience Methods"],"fullName":"AuthorModel Convenience Methods should fill containers from specs","status":"passed","title":"should fill containers from specs","duration":0.39929199999915,"failureMessages":[],"meta":{}},{"ancestorTitles":["AuthorModel","Convenience Methods"],"fullName":"AuthorModel Convenience Methods should setup container properties","status":"passed","title":"should setup container properties","duration":0.18257100000028004,"failureMessages":[],"meta":{}},{"ancestorTitles":["AuthorModel","Entity Management"],"fullName":"AuthorModel Entity Management should create entities with proper IDs","status":"passed","title":"should create entities with proper IDs","duration":0.354033999999956,"failureMessages":[],"meta":{}},{"ancestorTitles":["AuthorModel","Entity Management"],"fullName":"AuthorModel Entity Management should remove entities completely","status":"passed","title":"should remove entities completely","duration":0.9088680000004388,"failureMessages":[],"meta":{}},{"ancestorTitles":["AuthorModel","Entity Management"],"fullName":"AuthorModel Entity Management should set entity properties directly","status":"passed","title":"should set entity properties directly","duration":0.3133589999997639,"failureMessages":[],"meta":{}},{"ancestorTitles":["AuthorModel","State Management"],"fullName":"AuthorModel State Management should set player without validation","status":"passed","title":"should set player without validation","duration":0.2837970000000496,"failureMessages":[],"meta":{}},{"ancestorTitles":["AuthorModel","State Management"],"fullName":"AuthorModel State Management should clear all world data","status":"passed","title":"should clear all world data","duration":0.44528600000012375,"failureMessages":[],"meta":{}},{"ancestorTitles":["AuthorModel","Real-World Usage Patterns"],"fullName":"AuthorModel Real-World Usage Patterns should handle complex world setup","status":"passed","title":"should handle complex world setup","duration":1.4189320000004955,"failureMessages":[],"meta":{}}],"startTime":1754631190096,"endTime":1754631190117.419,"status":"passed","message":"","name":"/mnt/c/repotemp/sharpee/packages/world-model/tests/unit/author-model.test.ts"},{"assertionResults":[{"ancestorTitles":["Entity System with ID Refactor","IFEntity with new ID system"],"fullName":"Entity System with ID Refactor IFEntity with new ID system should store entity type in attributes","status":"passed","title":"should store entity type in attributes","duration":2.814195999999356,"failureMessages":[],"meta":{}},{"ancestorTitles":["Entity System with ID Refactor","IFEntity with new ID system"],"fullName":"Entity System with ID Refactor IFEntity with new ID system should handle name property correctly","status":"passed","title":"should handle name property correctly","duration":0.7887579999987793,"failureMessages":[],"meta":{}},{"ancestorTitles":["Entity System with ID Refactor","IFEntity with new ID system"],"fullName":"Entity System with ID Refactor IFEntity with new ID system should serialize with version number","status":"passed","title":"should serialize with version number","duration":2.205729999999676,"failureMessages":[],"meta":{}},{"ancestorTitles":["Entity System with ID Refactor","IFEntity with new ID system"],"fullName":"Entity System with ID Refactor IFEntity with new ID system should deserialize both old and new formats","status":"passed","title":"should deserialize both old and new formats","duration":1.7121120000010706,"failureMessages":[],"meta":{}},{"ancestorTitles":["Entity System with ID Refactor","Trait ID references"],"fullName":"Entity System with ID Refactor Trait ID references should use IDs in room exits","status":"passed","title":"should use IDs in room exits","duration":0.5803199999991193,"failureMessages":[],"meta":{}},{"ancestorTitles":["Entity System with ID Refactor","Trait ID references"],"fullName":"Entity System with ID Refactor Trait ID references should use IDs in door connections","status":"passed","title":"should use IDs in door connections","duration":0.33142599999882805,"failureMessages":[],"meta":{}},{"ancestorTitles":["Entity System with ID Refactor","Trait ID references"],"fullName":"Entity System with ID Refactor Trait ID references should use IDs in exit traits","status":"passed","title":"should use IDs in exit traits","duration":0.25731900000027963,"failureMessages":[],"meta":{}},{"ancestorTitles":["Entity System with ID Refactor","WorldModel persistence with entities"],"fullName":"Entity System with ID Refactor WorldModel persistence with entities should save and restore entities with proper IDs","status":"passed","title":"should save and restore entities with proper IDs","duration":0.9554339999995136,"failureMessages":[],"meta":{}},{"ancestorTitles":["Entity System with ID Refactor","Entity relationships with IDs"],"fullName":"Entity System with ID Refactor Entity relationships with IDs should use IDs for all entity relationships","status":"passed","title":"should use IDs for all entity relationships","duration":2.7288680000001477,"failureMessages":[],"meta":{}}],"startTime":1754631199588,"endTime":1754631199601.7288,"status":"passed","message":"","name":"/mnt/c/repotemp/sharpee/packages/world-model/tests/unit/entity-system-updates.test.ts"},{"assertionResults":[{"ancestorTitles":["ID Generation System","generateId"],"fullName":"ID Generation System generateId should generate sequential IDs with type prefixes","status":"passed","title":"should generate sequential IDs with type prefixes","duration":2.5366350000003877,"failureMessages":[],"meta":{}},{"ancestorTitles":["ID Generation System","generateId"],"fullName":"ID Generation System generateId should throw error for unknown types","status":"passed","title":"should throw error for unknown types","duration":0.9778740000001562,"failureMessages":[],"meta":{}},{"ancestorTitles":["ID Generation System","generateId"],"fullName":"ID Generation System generateId should use object type as default","status":"passed","title":"should use object type as default","duration":0.21964399999887974,"failureMessages":[],"meta":{}},{"ancestorTitles":["ID Generation System","generateId"],"fullName":"ID Generation System generateId should handle base36 conversion correctly","status":"passed","title":"should handle base36 conversion correctly","duration":0.369778000000224,"failureMessages":[],"meta":{}},{"ancestorTitles":["ID Generation System","entity creation and removal"],"fullName":"ID Generation System entity creation and removal should store entity name in attributes","status":"passed","title":"should store entity name in attributes","duration":0.38175799999953597,"failureMessages":[],"meta":{}},{"ancestorTitles":["ID Generation System","entity creation and removal"],"fullName":"ID Generation System entity creation and removal should allow duplicate names","status":"passed","title":"should allow duplicate names","duration":0.19490899999982503,"failureMessages":[],"meta":{}},{"ancestorTitles":["ID Generation System","entity creation and removal"],"fullName":"ID Generation System entity creation and removal should remove entities by ID","status":"passed","title":"should remove entities by ID","duration":0.3505700000005163,"failureMessages":[],"meta":{}},{"ancestorTitles":["ID Generation System","persistence"],"fullName":"ID Generation System persistence should save and restore ID system state","status":"passed","title":"should save and restore ID system state","duration":1.0060150000008434,"failureMessages":[],"meta":{}},{"ancestorTitles":["ID Generation System","entity attributes"],"fullName":"ID Generation System entity attributes should set displayName in entity attributes","status":"passed","title":"should set displayName in entity attributes","duration":0.5205599999990227,"failureMessages":[],"meta":{}}],"startTime":1754631214826,"endTime":1754631214832.5205,"status":"passed","message":"","name":"/mnt/c/repotemp/sharpee/packages/world-model/tests/unit/id-generation.test.ts"},{"assertionResults":[{"ancestorTitles":["ParsedCommand types","Token structure"],"fullName":"ParsedCommand types Token structure should support language-agnostic token representation","status":"passed","title":"should support language-agnostic token representation","duration":2.9410509999997885,"failureMessages":[],"meta":{}},{"ancestorTitles":["ParsedCommand types","Token structure"],"fullName":"ParsedCommand types Token structure should support multiple parts of speech for a token","status":"passed","title":"should support multiple parts of speech for a token","duration":0.6033390000011423,"failureMessages":[],"meta":{}},{"ancestorTitles":["ParsedCommand types","Token structure"],"fullName":"ParsedCommand types Token structure should handle unknown words","status":"passed","title":"should handle unknown words","duration":0.20378400000117836,"failureMessages":[],"meta":{}},{"ancestorTitles":["ParsedCommand types","VerbPhrase structure"],"fullName":"ParsedCommand types VerbPhrase structure should represent simple verbs","status":"passed","title":"should represent simple verbs","duration":0.580402999999933,"failureMessages":[],"meta":{}},{"ancestorTitles":["ParsedCommand types","VerbPhrase structure"],"fullName":"ParsedCommand types VerbPhrase structure should represent phrasal verbs with particles","status":"passed","title":"should represent phrasal verbs with particles","duration":0.2409010000010312,"failureMessages":[],"meta":{}},{"ancestorTitles":["ParsedCommand types","VerbPhrase structure"],"fullName":"ParsedCommand types VerbPhrase structure should represent multi-word verbs","status":"passed","title":"should represent multi-word verbs","duration":0.17670400000133668,"failureMessages":[],"meta":{}},{"ancestorTitles":["ParsedCommand types","NounPhrase structure"],"fullName":"ParsedCommand types NounPhrase structure should represent simple nouns","status":"passed","title":"should represent simple nouns","duration":0.4755890000014915,"failureMessages":[],"meta":{}},{"ancestorTitles":["ParsedCommand types","NounPhrase structure"],"fullName":"ParsedCommand types NounPhrase structure should represent nouns with articles","status":"passed","title":"should represent nouns with articles","duration":0.17713600000024599,"failureMessages":[],"meta":{}},{"ancestorTitles":["ParsedCommand types","NounPhrase structure"],"fullName":"ParsedCommand types NounPhrase structure should represent complex noun phrases","status":"passed","title":"should represent complex noun phrases","duration":0.32837300000028335,"failureMessages":[],"meta":{}},{"ancestorTitles":["ParsedCommand types","NounPhrase structure"],"fullName":"ParsedCommand types NounPhrase structure should support multiple candidates","status":"passed","title":"should support multiple candidates","duration":0.3558200000006764,"failureMessages":[],"meta":{}},{"ancestorTitles":["ParsedCommand types","PrepPhrase structure"],"fullName":"ParsedCommand types PrepPhrase structure should represent preposition phrases","status":"passed","title":"should represent preposition phrases","duration":0.17581499999869266,"failureMessages":[],"meta":{}},{"ancestorTitles":["ParsedCommand types","PrepPhrase structure"],"fullName":"ParsedCommand types PrepPhrase structure should support multi-word prepositions","status":"passed","title":"should support multi-word prepositions","duration":0.10985099999925296,"failureMessages":[],"meta":{}},{"ancestorTitles":["ParsedCommand types","ParsedCommand structure"],"fullName":"ParsedCommand types ParsedCommand structure should represent a simple command","status":"passed","title":"should represent a simple command","duration":0.2977570000002743,"failureMessages":[],"meta":{}},{"ancestorTitles":["ParsedCommand types","ParsedCommand structure"],"fullName":"ParsedCommand types ParsedCommand structure should represent a transitive command","status":"passed","title":"should represent a transitive command","duration":0.17544400000042515,"failureMessages":[],"meta":{}},{"ancestorTitles":["ParsedCommand types","ParsedCommand structure"],"fullName":"ParsedCommand types ParsedCommand structure should represent a ditransitive command","status":"passed","title":"should represent a ditransitive command","duration":0.15461800000048243,"failureMessages":[],"meta":{}},{"ancestorTitles":["ParsedCommand types","ParsedCommand structure"],"fullName":"ParsedCommand types ParsedCommand structure should support extras field for additional data","status":"passed","title":"should support extras field for additional data","duration":0.11068200000045181,"failureMessages":[],"meta":{}},{"ancestorTitles":["ParsedCommand types","ParseError structure"],"fullName":"ParsedCommand types ParseError structure should represent unknown command errors","status":"passed","title":"should represent unknown command errors","duration":0.12046899999950256,"failureMessages":[],"meta":{}},{"ancestorTitles":["ParsedCommand types","ParseError structure"],"fullName":"ParsedCommand types ParseError structure should represent syntax errors with position","status":"passed","title":"should represent syntax errors with position","duration":0.0747060000012425,"failureMessages":[],"meta":{}},{"ancestorTitles":["ParsedCommand types","ParseError structure"],"fullName":"ParsedCommand types ParseError structure should represent ambiguous input errors","status":"passed","title":"should represent ambiguous input errors","duration":0.10127799999827403,"failureMessages":[],"meta":{}},{"ancestorTitles":["ParsedCommand types","Backward compatibility"],"fullName":"ParsedCommand types Backward compatibility should support legacy ParsedCommandV1 structure","status":"passed","title":"should support legacy ParsedCommandV1 structure","duration":0.13802899999973306,"failureMessages":[],"meta":{}},{"ancestorTitles":["ParsedCommand types","Backward compatibility"],"fullName":"ParsedCommand types Backward compatibility should support ParsedObjectReference","status":"passed","title":"should support ParsedObjectReference","duration":1.7204789999996137,"failureMessages":[],"meta":{}},{"ancestorTitles":["ParsedCommand types","PartOfSpeech enum (to be removed)"],"fullName":"ParsedCommand types PartOfSpeech enum (to be removed) should still have PartOfSpeech enum during migration","status":"passed","title":"should still have PartOfSpeech enum during migration","duration":0.3002519999990909,"failureMessages":[],"meta":{}},{"ancestorTitles":["ParsedCommand types","PartOfSpeech enum (to be removed)"],"fullName":"ParsedCommand types PartOfSpeech enum (to be removed) should not have language-specific parts of speech","status":"passed","title":"should not have language-specific parts of speech","duration":0.48580500000025495,"failureMessages":[],"meta":{}},{"ancestorTitles":["Language-agnostic design"],"fullName":"Language-agnostic design ParsedCommand should not have language-specific fields at top level","status":"passed","title":"ParsedCommand should not have language-specific fields at top level","duration":0.7758250000006228,"failureMessages":[],"meta":{}},{"ancestorTitles":["Language-agnostic design"],"fullName":"Language-agnostic design Token structure should support language data extension","status":"passed","title":"Token structure should support language data extension","duration":0.158357000000251,"failureMessages":[],"meta":{}},{"ancestorTitles":["Language-agnostic design"],"fullName":"Language-agnostic design Pattern names should be opaque strings","status":"passed","title":"Pattern names should be opaque strings","duration":0.1738100000002305,"failureMessages":[],"meta":{}}],"startTime":1754631177560,"endTime":1754631177572.1738,"status":"passed","message":"","name":"/mnt/c/repotemp/sharpee/packages/world-model/tests/unit/parsed-command.test.ts"},{"assertionResults":[{"ancestorTitles":["Behavior","trait requirements"],"fullName":"Behavior trait requirements should validate entity has required traits","status":"passed","title":"should validate entity has required traits","duration":2.2736979999999676,"failureMessages":[],"meta":{}},{"ancestorTitles":["Behavior","trait requirements"],"fullName":"Behavior trait requirements should get list of missing traits","status":"passed","title":"should get list of missing traits","duration":0.9999490000000151,"failureMessages":[],"meta":{}},{"ancestorTitles":["Behavior","trait requirements"],"fullName":"Behavior trait requirements should work with behaviors having no requirements","status":"passed","title":"should work with behaviors having no requirements","duration":0.19412499999998545,"failureMessages":[],"meta":{}},{"ancestorTitles":["Behavior","require helper"],"fullName":"Behavior require helper should return trait when present","status":"passed","title":"should return trait when present","duration":0.9199140000000625,"failureMessages":[],"meta":{}},{"ancestorTitles":["Behavior","require helper"],"fullName":"Behavior require helper should throw error when required trait is missing","status":"passed","title":"should throw error when required trait is missing","duration":0.3967290000000503,"failureMessages":[],"meta":{}},{"ancestorTitles":["Behavior","optional helper"],"fullName":"Behavior optional helper should return trait when present","status":"passed","title":"should return trait when present","duration":0.3029470000001311,"failureMessages":[],"meta":{}},{"ancestorTitles":["Behavior","optional helper"],"fullName":"Behavior optional helper should return undefined when trait is missing","status":"passed","title":"should return undefined when trait is missing","duration":0.2692109999998138,"failureMessages":[],"meta":{}},{"ancestorTitles":["Behavior","behavior patterns"],"fullName":"Behavior behavior patterns should support behaviors that check state","status":"passed","title":"should support behaviors that check state","duration":0.1852100000005521,"failureMessages":[],"meta":{}},{"ancestorTitles":["Behavior","behavior patterns"],"fullName":"Behavior behavior patterns should support behaviors with no requirements","status":"passed","title":"should support behaviors with no requirements","duration":0.25308700000005047,"failureMessages":[],"meta":{}},{"ancestorTitles":["Behavior","inheritance"],"fullName":"Behavior inheritance should support behavior inheritance","status":"passed","title":"should support behavior inheritance","duration":0.4361429999999018,"failureMessages":[],"meta":{}},{"ancestorTitles":["Behavior","error messages"],"fullName":"Behavior error messages should provide clear error messages for missing traits","status":"passed","title":"should provide clear error messages for missing traits","duration":0.23059999999986758,"failureMessages":[],"meta":{}},{"ancestorTitles":["Behavior","static nature"],"fullName":"Behavior static nature should not require instantiation","status":"passed","title":"should not require instantiation","duration":0.22544600000037462,"failureMessages":[],"meta":{}}],"startTime":1754631213205,"endTime":1754631213213.2253,"status":"passed","message":"","name":"/mnt/c/repotemp/sharpee/packages/world-model/tests/unit/behaviors/behavior.test.ts"},{"assertionResults":[{"ancestorTitles":["EntityStore","basic operations"],"fullName":"EntityStore basic operations should add and retrieve entities","status":"passed","title":"should add and retrieve entities","duration":1.5378570000002583,"failureMessages":[],"meta":{}},{"ancestorTitles":["EntityStore","basic operations"],"fullName":"EntityStore basic operations should return undefined for non-existent entities","status":"passed","title":"should return undefined for non-existent entities","duration":0.2591519999996308,"failureMessages":[],"meta":{}},{"ancestorTitles":["EntityStore","basic operations"],"fullName":"EntityStore basic operations should remove entities and clear traits","status":"passed","title":"should remove entities and clear traits","duration":1.1424129999995785,"failureMessages":[],"meta":{}},{"ancestorTitles":["EntityStore","basic operations"],"fullName":"EntityStore basic operations should clear all entities","status":"passed","title":"should clear all entities","duration":0.44813299999987066,"failureMessages":[],"meta":{}},{"ancestorTitles":["EntityStore","querying"],"fullName":"EntityStore querying should get all entities","status":"passed","title":"should get all entities","duration":1.252397000000201,"failureMessages":[],"meta":{}},{"ancestorTitles":["EntityStore","querying"],"fullName":"EntityStore querying should get entities by type","status":"passed","title":"should get entities by type","duration":0.45006800000010116,"failureMessages":[],"meta":{}},{"ancestorTitles":["EntityStore","querying"],"fullName":"EntityStore querying should find entities with specific trait","status":"passed","title":"should find entities with specific trait","duration":0.5443890000005922,"failureMessages":[],"meta":{}},{"ancestorTitles":["EntityStore","querying"],"fullName":"EntityStore querying should find entities with all specified traits","status":"passed","title":"should find entities with all specified traits","duration":0.40991200000007666,"failureMessages":[],"meta":{}},{"ancestorTitles":["EntityStore","querying"],"fullName":"EntityStore querying should find entities with any specified traits","status":"passed","title":"should find entities with any specified traits","duration":0.48723400000017136,"failureMessages":[],"meta":{}},{"ancestorTitles":["EntityStore","iteration"],"fullName":"EntityStore iteration should be iterable","status":"passed","title":"should be iterable","duration":0.48037100000055943,"failureMessages":[],"meta":{}},{"ancestorTitles":["EntityStore","serialization"],"fullName":"EntityStore serialization should serialize to JSON","status":"passed","title":"should serialize to JSON","duration":1.6457610000006753,"failureMessages":[],"meta":{}},{"ancestorTitles":["EntityStore","serialization"],"fullName":"EntityStore serialization should deserialize from JSON","status":"passed","title":"should deserialize from JSON","duration":0.6381600000004255,"failureMessages":[],"meta":{}},{"ancestorTitles":["EntityStore","size property"],"fullName":"EntityStore size property should reflect number of entities","status":"passed","title":"should reflect number of entities","duration":0.31503199999951903,"failureMessages":[],"meta":{}},{"ancestorTitles":["EntityStore","edge cases"],"fullName":"EntityStore edge cases should handle removing non-existent entity","status":"passed","title":"should handle removing non-existent entity","duration":0.14871099999982107,"failureMessages":[],"meta":{}},{"ancestorTitles":["EntityStore","edge cases"],"fullName":"EntityStore edge cases should handle duplicate adds gracefully","status":"passed","title":"should handle duplicate adds gracefully","duration":1.9188610000001063,"failureMessages":[],"meta":{}},{"ancestorTitles":["EntityStore","edge cases"],"fullName":"EntityStore edge cases should work with empty store","status":"passed","title":"should work with empty store","duration":0.31601899999986927,"failureMessages":[],"meta":{}}],"startTime":1754631222115,"endTime":1754631222128.316,"status":"passed","message":"","name":"/mnt/c/repotemp/sharpee/packages/world-model/tests/unit/entities/entity-store.test.ts"},{"assertionResults":[{"ancestorTitles":["IFEntity","constructor"],"fullName":"IFEntity constructor should create entity with id and type","status":"passed","title":"should create entity with id and type","duration":3.1307230000002164,"failureMessages":[],"meta":{}},{"ancestorTitles":["IFEntity","constructor"],"fullName":"IFEntity constructor should accept creation params","status":"passed","title":"should accept creation params","duration":4.892257000000427,"failureMessages":[],"meta":{}},{"ancestorTitles":["IFEntity","traits"],"fullName":"IFEntity traits should add trait","status":"passed","title":"should add trait","duration":0.8998700000001918,"failureMessages":[],"meta":{}},{"ancestorTitles":["IFEntity","traits"],"fullName":"IFEntity traits should remove trait","status":"passed","title":"should remove trait","duration":0.8860379999996439,"failureMessages":[],"meta":{}},{"ancestorTitles":["IFEntity","traits"],"fullName":"IFEntity traits should replace existing trait of same type","status":"passed","title":"should replace existing trait of same type","duration":1.6978340000005119,"failureMessages":[],"meta":{}},{"ancestorTitles":["IFEntity","traits"],"fullName":"IFEntity traits should check multiple traits with hasAll","status":"passed","title":"should check multiple traits with hasAll","duration":0.8129049999997733,"failureMessages":[],"meta":{}},{"ancestorTitles":["IFEntity","traits"],"fullName":"IFEntity traits should check multiple traits with hasAny","status":"passed","title":"should check multiple traits with hasAny","duration":0.5889489999999569,"failureMessages":[],"meta":{}},{"ancestorTitles":["IFEntity","traits"],"fullName":"IFEntity traits should get all traits","status":"passed","title":"should get all traits","duration":2.7802499999997963,"failureMessages":[],"meta":{}},{"ancestorTitles":["IFEntity","traits"],"fullName":"IFEntity traits should get all trait types","status":"passed","title":"should get all trait types","duration":3.6399780000001556,"failureMessages":[],"meta":{}},{"ancestorTitles":["IFEntity","traits"],"fullName":"IFEntity traits should clear all traits","status":"passed","title":"should clear all traits","duration":1.4566979999999603,"failureMessages":[],"meta":{}},{"ancestorTitles":["IFEntity","traits"],"fullName":"IFEntity traits should support trait aliases (getTrait, hasTrait)","status":"passed","title":"should support trait aliases (getTrait, hasTrait)","duration":5.428044999999656,"failureMessages":[],"meta":{}},{"ancestorTitles":["IFEntity","convenience properties"],"fullName":"IFEntity convenience properties should identify rooms","status":"passed","title":"should identify rooms","duration":0.889165999999932,"failureMessages":[],"meta":{}},{"ancestorTitles":["IFEntity","convenience properties"],"fullName":"IFEntity convenience properties should identify containers","status":"passed","title":"should identify containers","duration":0.6280950000000303,"failureMessages":[],"meta":{}},{"ancestorTitles":["IFEntity","convenience properties"],"fullName":"IFEntity convenience properties should identify takeable items","status":"passed","title":"should identify takeable items","duration":0.674167999999554,"failureMessages":[],"meta":{}},{"ancestorTitles":["IFEntity","convenience properties"],"fullName":"IFEntity convenience properties should get name from displayName attribute first","status":"passed","title":"should get name from displayName attribute first","duration":0.8383899999998903,"failureMessages":[],"meta":{}},{"ancestorTitles":["IFEntity","convenience properties"],"fullName":"IFEntity convenience properties should get weight from attributes","status":"passed","title":"should get weight from attributes","duration":0.3487759999998161,"failureMessages":[],"meta":{}},{"ancestorTitles":["IFEntity","cloning"],"fullName":"IFEntity cloning should create deep copy with new ID","status":"passed","title":"should create deep copy with new ID","duration":1.5984800000005635,"failureMessages":[],"meta":{}},{"ancestorTitles":["IFEntity","serialization"],"fullName":"IFEntity serialization should serialize to JSON","status":"passed","title":"should serialize to JSON","duration":1.7353330000005371,"failureMessages":[],"meta":{}},{"ancestorTitles":["IFEntity","serialization"],"fullName":"IFEntity serialization should deserialize from JSON","status":"passed","title":"should deserialize from JSON","duration":3.7296040000001085,"failureMessages":[],"meta":{}},{"ancestorTitles":["IFEntity","openable/lockable properties"],"ful
[...]
le"],"fullName":"VisibilityBehavior isVisible should return true for entity in open opaque container","status":"passed","title":"should return true for entity in open opaque container","duration":0.2720630000003439,"failureMessages":[],"meta":{}},{"ancestorTitles":["VisibilityBehavior","isVisible"],"fullName":"VisibilityBehavior isVisible should return false for entity in closed opaque container","status":"passed","title":"should return false for entity in closed opaque container","duration":0.12052899999980582,"failureMessages":[],"meta":{}},{"ancestorTitles":["VisibilityBehavior","isVisible"],"fullName":"VisibilityBehavior isVisible should handle opaque container without openable trait","status":"passed","title":"should handle opaque container without openable trait","duration":0.07954799999970419,"failureMessages":[],"meta":{}},{"ancestorTitles":["VisibilityBehavior","complex scenarios"],"fullName":"VisibilityBehavior complex scenarios should handle deeply nested visibility","status":"passed","title":"should handle deeply nested visibility","duration":0.7372989999985293,"failureMessages":[],"meta":{}},{"ancestorTitles":["VisibilityBehavior","complex scenarios"],"fullName":"VisibilityBehavior complex scenarios should handle supporter visibility","status":"passed","title":"should handle supporter visibility","duration":0.501072999999451,"failureMessages":[],"meta":{}},{"ancestorTitles":["VisibilityBehavior","complex scenarios"],"fullName":"VisibilityBehavior complex scenarios should handle visibility in nested containers","status":"passed","title":"should handle visibility in nested containers","duration":6.8289590000003955,"failureMessages":[],"meta":{}},{"ancestorTitles":["VisibilityBehavior","complex scenarios"],"fullName":"VisibilityBehavior complex scenarios should handle circular containment gracefully","status":"passed","title":"should handle circular containment gracefully","duration":1.8655209999997169,"failureMessages":[],"meta":{}},{"ancestorTitles":["VisibilityBehavior","edge cases"],"fullName":"VisibilityBehavior edge cases should handle missing entities gracefully","status":"passed","title":"should handle missing entities gracefully","duration":0.49039600000105565,"failureMessages":[],"meta":{}},{"ancestorTitles":["VisibilityBehavior","edge cases"],"fullName":"VisibilityBehavior edge cases should handle entities with no location","status":"passed","title":"should handle entities with no location","duration":0.24297699999988254,"failureMessages":[],"meta":{}},{"ancestorTitles":["VisibilityBehavior","edge cases"],"fullName":"VisibilityBehavior edge cases should handle max depth in containment path","status":"passed","title":"should handle max depth in containment path","duration":0.470433000000412,"failureMessages":[],"meta":{}}],"startTime":1754631182125,"endTime":1754631182175.4705,"status":"passed","message":"","name":"/mnt/c/repotemp/sharpee/packages/world-model/tests/unit/world/visibility-behavior.test.ts"},{"assertionResults":[{"ancestorTitles":["WorldModel","initialization"],"fullName":"WorldModel initialization should create empty world model","status":"passed","title":"should create empty world model","duration":5.359902000000147,"failureMessages":[],"meta":{}},{"ancestorTitles":["WorldModel","initialization"],"fullName":"WorldModel initialization should accept configuration","status":"passed","title":"should accept configuration","duration":0.555410999999367,"failureMessages":[],"meta":{}},{"ancestorTitles":["WorldModel","entity management"],"fullName":"WorldModel entity management should create entity with auto-generated ID","status":"passed","title":"should create entity with auto-generated ID","duration":1.328907999999501,"failureMessages":[],"meta":{}},{"ancestorTitles":["WorldModel","entity management"],"fullName":"WorldModel entity management should generate correct type-prefixed IDs","status":"passed","title":"should generate correct type-prefixed IDs","duration":0.7466850000000704,"failureMessages":[],"meta":{}},{"ancestorTitles":["WorldModel","entity management"],"fullName":"WorldModel entity management should allow multiple entities with same displayName","status":"passed","title":"should allow multiple entities with same displayName","duration":3.0286230000001524,"failureMessages":[],"meta":{}},{"ancestorTitles":["WorldModel","entity management"],"fullName":"WorldModel entity management should create entities with displayName","status":"passed","title":"should create entities with displayName","duration":2.83754399999998,"failureMessages":[],"meta":{}},{"ancestorTitles":["WorldModel","entity management"],"fullName":"WorldModel entity management should get entity by id","status":"passed","title":"should get entity by id","duration":1.2432649999991554,"failureMessages":[],"meta":{}},{"ancestorTitles":["WorldModel","entity management"],"fullName":"WorldModel entity management should return undefined for missing entity","status":"passed","title":"should return undefined for missing entity","duration":2.407083000000057,"failureMessages":[],"meta":{}},{"ancestorTitles":["WorldModel","entity management"],"fullName":"WorldModel entity management should check entity existence","status":"passed","title":"should check entity existence","duration":1.595326999999088,"failureMessages":[],"meta":{}},{"ancestorTitles":["WorldModel","entity management"],"fullName":"WorldModel entity management should remove entity","status":"passed","title":"should remove entity","duration":0.8559600000007777,"failureMessages":[],"meta":{}},{"ancestorTitles":["WorldModel","entity management"],"fullName":"WorldModel entity management should return false when removing non-existent entity","status":"passed","title":"should return false when removing non-existent entity","duration":0.4479850000006991,"failureMessages":[],"meta":{}},{"ancestorTitles":["WorldModel","entity management"],"fullName":"WorldModel entity management should get all entities","status":"passed","title":"should get all entities","duration":3.001341000001048,"failureMessages":[],"meta":{}},{"ancestorTitles":["WorldModel","entity management"],"fullName":"WorldModel entity management should update entity","status":"passed","title":"should update entity","duration":0.8208359999989625,"failureMessages":[],"meta":{}},{"ancestorTitles":["WorldModel","entity management"],"fullName":"WorldModel entity management should handle updating non-existent entity","status":"passed","title":"should handle updating non-existent entity","duration":0.5352280000006431,"failureMessages":[],"meta":{}},{"ancestorTitles":["WorldModel","entity management"],"fullName":"WorldModel entity management should throw in strict mode when updating non-existent entity","status":"passed","title":"should throw in strict mode when updating non-existent entity","duration":1.5813039999993634,"failureMessages":[],"meta":{}},{"ancestorTitles":["WorldModel","entity management"],"fullName":"WorldModel entity management should store displayName in entity attributes","status":"passed","title":"should store displayName in entity attributes","duration":0.8770800000002055,"failureMessages":[],"meta":{}},{"ancestorTitles":["WorldModel","entity management"],"fullName":"WorldModel entity management should increment ID counters correctly","status":"passed","title":"should increment ID counters correctly","duration":1.0329010000004928,"failureMessages":[],"meta":{}},{"ancestorTitles":["WorldModel","entity management"],"fullName":"WorldModel entity management should handle ID counter overflow","status":"passed","title":"should handle ID counter overflow","duration":7.627631999999721,"failureMessages":[],"meta":{}},{"ancestorTitles":["WorldModel","spatial management"],"fullName":"WorldModel spatial management should get entity location","status":"passed","title":"should get entity location","duration":0.977694999999585,"failureMessages":[],"meta":{}},{"ancestorTitles":["WorldModel","spatial management"],"fullName":"WorldModel spatial management should get container contents","status":"passed","title":"should get container contents","duration":1.3933670000005804,"failureMessages":[],"meta":{}},{"ancestorTitles":["WorldModel","spatial management"],"fullName":"WorldModel spatial management should move entity","status":"passed","title":"should move entity","duration":0.6775029999989783,"failureMessages":[],"meta":{}},{"ancestorTitles":["WorldModel","spatial management"],"fullName":"WorldModel spatial management should remove entity from world","status":"passed","title":"should remove entity from world","duration":0.4482819999993808,"failureMessages":[],"meta":{}},{"ancestorTitles":["WorldModel","spatial management"],"fullName":"WorldModel spatial management should check if move is valid","status":"passed","title":"should check if move is valid","duration":0.3765419999999722,"failureMessages":[],"meta":{}},{"ancestorTitles":["WorldModel","spatial management"],"fullName":"WorldModel spatial management should prevent moving to non-container","status":"passed","title":"should prevent moving to non-container","duration":0.2656669999996666,"failureMessages":[],"meta":{}},{"ancestorTitles":["WorldModel","spatial management"],"fullName":"WorldModel spatial management should prevent containment loops","status":"passed","title":"should prevent containment loops","duration":0.4628929999998945,"failureMessages":[],"meta":{}},{"ancestorTitles":["WorldModel","spatial management"],"fullName":"WorldModel spatial management should get containing room","status":"passed","title":"should get containing room","duration":0.3753550000001269,"failureMessages":[],"meta":{}},{"ancestorTitles":["WorldModel","spatial management"],"fullName":"WorldModel spatial management should get all contents recursively","status":"passed","title":"should get all contents recursively","duration":1.1025030000000697,"failureMessages":[],"meta":{}},{"ancestorTitles":["WorldModel","spatial management"],"fullName":"WorldModel spatial management should handle max depth limit","status":"passed","title":"should handle max depth limit","duration":0.7290549999997893,"failureMessages":[],"meta":{}},{"ancestorTitles":["WorldModel","spatial management"],"fullName":"WorldModel spatial management should work with entity IDs","status":"passed","title":"should work with entity IDs","duration":4.065352999999959,"failureMessages":[],"meta":{}},{"ancestorTitles":["WorldModel","world state management"],"fullName":"WorldModel world state management should get and set state","status":"passed","title":"should get and set state","duration":3.4490489999989222,"failureMessages":[],"meta":{}},{"ancestorTitles":["WorldModel","world state management"],"fullName":"WorldModel world state management should get and set state values","status":"passed","title":"should get and set state values","duration":0.9318530000000464,"failureMessages":[],"meta":{}},{"ancestorTitles":["WorldModel","world state management"],"fullName":"WorldModel world state management should handle nested state values","status":"passed","title":"should handle nested state values","duration":0.6711639999994077,"failureMessages":[],"meta":{}},{"ancestorTitles":["WorldModel","query operations"],"fullName":"WorldModel query operations should find entities by trait","status":"passed","title":"should find entities by trait","duration":1.3856829999986076,"failureMessages":[],"meta":{}},{"ancestorTitles":["WorldModel","query operations"],"fullName":"WorldModel query operations should find entities by type","status":"passed","title":"should find entities by type","duration":3.0668839999998454,"failureMessages":[],"meta":{}},{"ancestorTitles":["WorldModel","query operations"],"fullName":"WorldModel query operations should find entities with predicate","status":"passed","title":"should find entities with predicate","duration":0.6011620000008406,"failureMessages":[],"meta":{}},{"ancestorTitles":["WorldModel","query operations"],"fullName":"WorldModel query operations should handle find options","status":"passed","title":"should handle find options","duration":0.7674259999985225,"failureMessages":[],"meta":{}},{"ancestorTitles":["WorldModel","visibility and scope"],"fullName":"WorldModel visibility and scope should get entities in scope","status":"passed","title":"should get entities in scope","duration":1.8806000000004133,"failureMessages":[],"meta":{}},{"ancestorTitles":["WorldModel","visibility and scope"],"fullName":"WorldModel visibility and scope should include carried items in scope","status":"passed","title":"should include carried items in scope","duration":0.7232640000001993,"failureMessages":[],"meta":{}},{"ancestorTitles":["WorldModel","visibility and scope"],"fullName":"WorldModel visibility and scope should check visibility","status":"passed","title":"should check visibility","duration":0.4938079999992624,"failureMessages":[],"meta":{}},{"ancestorTitles":["WorldModel","visibility and scope"],"fullName":"WorldModel visibility and scope should work with direct IDs for visibility","status":"passed","title":"should work with direct IDs for visibility","duration":0.3906409999999596,"failureMessages":[],"meta":{}},{"ancestorTitles":["WorldModel","relationships"],"fullName":"WorldModel relationships should add relationship","status":"passed","title":"should add relationship","duration":0.46602600000005623,"failureMessages":[],"meta":{}},{"ancestorTitles":["WorldModel","relationships"],"fullName":"WorldModel relationships should get related entities","status":"passed","title":"should get related entities","duration":0.5211589999998978,"failureMessages":[],"meta":{}},{"ancestorTitles":["WorldModel","relationships"],"fullName":"WorldModel relationships should remove relationship","status":"passed","title":"should remove relationship","duration":0.40528900000026624,"failureMessages":[],"meta":{}},{"ancestorTitles":["WorldModel","relationships"],"fullName":"WorldModel relationships should handle multiple relationship types","status":"passed","title":"should handle multiple relationship types","duration":0.3236770000003162,"failureMessages":[],"meta":{}},{"ancestorTitles":["WorldModel","relationships"],"fullName":"WorldModel relationships should handle non-existent entities in non-strict mode","status":"passed","title":"should handle non-existent entities in non-strict mode","duration":0.23630099999900267,"failureMessages":[],"meta":{}},{"ancestorTitles":["WorldModel","relationships"],"fullName":"WorldModel relationships should throw in strict mode for non-existent entities","status":"passed","title":"should throw in strict mode for non-existent entities","duration":0.37799099999938335,"failureMessages":[],"meta":{}},{"ancestorTitles":["WorldModel","utility methods"],"fullName":"WorldModel utility methods should calculate total weight","status":"passed","title":"should calculate total weight","duration":0.43793899999946007,"failureMessages":[],"meta":{}},{"ancestorTitles":["WorldModel","utility methods"],"fullName":"WorldModel utility methods should detect containment loops","status":"passed","title":"should detect containment loops","duration":0.24160900000060792,"failureMessages":[],"meta":{}},{"ancestorTitles":["WorldModel","utility methods"],"fullName":"WorldModel utility methods should find path between rooms","status":"passed","title":"should find path between rooms","duration":1.500307000000248,"failureMessages":[],"meta":{}},{"ancestorTitles":["WorldModel","utility methods"],"fullName":"WorldModel utility methods should get and set player","status":"passed","title":"should get and set player","duration":1.2073180000006687,"failureMessages":[],"meta":{}},{"ancestorTitles":["WorldModel","utility methods"],"fullName":"WorldModel utility methods should throw when setting non-existent player","status":"passed","title":"should throw when setting non-existent player","duration":2.1115389999995386,"failureMessages":[],"meta":{}},{"ancestorTitles":["WorldModel","persistence"],"fullName":"WorldModel persistence should serialize to JSON","status":"passed","title":"should serialize to JSON","duration":3.398449000000255,"failureMessages":[],"meta":{}},{"ancestorTitles":["WorldModel","persistence"],"fullName":"WorldModel persistence should load from JSON","status":"passed","title":"should load from JSON","duration":2.8233579999996437,"failureMessages":[],"meta":{}},{"ancestorTitles":["WorldModel","persistence"],"fullName":"WorldModel persistence should handle loading old saves without ID system data","status":"passed","title":"should handle loading old saves without ID system data","duration":1.0046729999994568,"failureMessages":[],"meta":{}},{"ancestorTitles":["WorldModel","persistence"],"fullName":"WorldModel persistence should clear world","status":"passed","title":"should clear world","duration":0.7618629999997211,"failureMessages":[],"meta":{}},{"ancestorTitles":["WorldModel","event sourcing"],"fullName":"WorldModel event sourcing should register and apply event handler","status":"passed","title":"should register and apply event handler","duration":0.7232830000011745,"failureMessages":[],"meta":{}},{"ancestorTitles":["WorldModel","event sourcing"],"fullName":"WorldModel event sourcing should validate events","status":"passed","title":"should validate events","duration":0.40612099999998463,"failureMessages":[],"meta":{}},{"ancestorTitles":["WorldModel","event sourcing"],"fullName":"WorldModel event sourcing should throw when applying invalid event","status":"passed","title":"should throw when applying invalid event","duration":0.641606999999567,"failureMessages":[],"meta":{}},{"ancestorTitles":["WorldModel","event sourcing"],"fullName":"WorldModel event sourcing should preview event changes","status":"passed","title":"should preview event changes","duration":0.6855289999984961,"failureMessages":[],"meta":{}},{"ancestorTitles":["WorldModel","event sourcing"],"fullName":"WorldModel event sourcing should track event history","status":"passed","title":"should track event history","duration":0.4932260000005044,"failureMessages":[],"meta":{}},{"ancestorTitles":["WorldModel","event sourcing"],"fullName":"WorldModel event sourcing should get events since timestamp","status":"passed","title":"should get events since timestamp","duration":0.5013969999999972,"failureMessages":[],"meta":{}},{"ancestorTitles":["WorldModel","event sourcing"],"fullName":"WorldModel event sourcing should clear event history","status":"passed","title":"should clear event history","duration":0.4439880000008998,"failureMessages":[],"meta":{}},{"ancestorTitles":["WorldModel","event sourcing"],"fullName":"WorldModel event sourcing should unregister event handler","status":"passed","title":"should unregister event handler","duration":0.5611950000002253,"failureMessages":[],"meta":{}},{"ancestorTitles":["WorldModel","event sourcing"],"fullName":"WorldModel event sourcing should handle unregistered events silently","status":"passed","title":"should handle unregistered events silently","duration":0.6544750000011845,"failureMessages":[],"meta":{}},{"ancestorTitles":["WorldModel","edge cases"],"fullName":"WorldModel edge cases should handle empty world operations","status":"passed","title":"should handle empty world operations","duration":2.808398999999554,"failureMessages":[],"meta":{}},{"ancestorTitles":["WorldModel","edge cases"],"fullName":"WorldModel edge cases should handle removing entity with contents","status":"passed","title":"should handle removing entity with contents","duration":0.4103429999995569,"failureMessages":[],"meta":{}},{"ancestorTitles":["WorldModel","edge cases"],"fullName":"WorldModel edge cases should handle circular references in toJSON","status":"passed","title":"should handle circular references in toJSON","duration":0.6459030000005441,"failureMessages":[],"meta":{}}],"startTime":1754631187349,"endTime":1754631187440.646,"status":"passed","message":"","name":"/mnt/c/repotemp/sharpee/packages/world-model/tests/unit/world/world-model.test.ts"}]}