{"numTotalTestSuites":468,"numPassedTestSuites":468,"numFailedTestSuites":0,"numPendingTestSuites":0,"numTotalTests":1137,"numPassedTests":1124,"numFailedTests":0,"numPendingTests":13,"numTodoTests":0,"snapshot":{"added":0,"failure":false,"filesAdded":0,"filesRemoved":0,"filesRemovedList":[],"filesUnmatched":0,"filesUpdated":0,"matched":0,"total":0,"unchecked":0,"uncheckedKeysByFile":[],"unmatched":0,"updated":0,"didUpdate":false},"startTime":1755159919702,"success":true,"testResults":[{"assertionResults":[{"ancestorTitles":["Debug Worn Visibility"],"fullName":"Debug Worn Visibility should debug worn item visibility","status":"passed","title":"should debug worn item visibility","duration":7.878703000000314,"failureMessages":[],"meta":{}}],"startTime":1755159956712,"endTime":1755159956719.8787,"status":"passed","message":"","name":"/mnt/c/repotemp/sharpee/packages/world-model/tests/debug-worn-visibility.test.ts"},{"assertionResults":[{"ancestorTitles":["Minimal Visibility Test"],"fullName":"Minimal Visibility Test should see items in the same room","status":"passed","title":"should see items in the same room","duration":2.622196000000258,"failureMessages":[],"meta":{}}],"startTime":1755159965553,"endTime":1755159965555.6223,"status":"passed","message":"","name":"/mnt/c/repotemp/sharpee/packages/world-model/tests/minimal-visibility.test.ts"},{"assertionResults":[{"ancestorTitles":["Container Hierarchies Integration Tests","Deep Nesting"],"fullName":"Container Hierarchies Integration Tests Deep Nesting should handle deeply nested containers","status":"passed","title":"should handle deeply nested containers","duration":4.4819509999997535,"failureMessages":[],"meta":{}},{"ancestorTitles":["Container Hierarchies Integration Tests","Deep Nesting"],"fullName":"Container Hierarchies Integration Tests Deep Nesting should enforce maximum nesting depth","status":"passed","title":"should enforce maximum nesting depth","duration":0.9802349999990838,"failureMessages":[],"meta":{}},{"ancestorTitles":["Container Hierarchies Integration Tests","Deep Nesting"],"fullName":"Container Hierarchies Integration Tests Deep Nesting should prevent circular containment","status":"passed","title":"should prevent circular containment","duration":1.1729980000000069,"failureMessages":[],"meta":{}},{"ancestorTitles":["Container Hierarchies Integration Tests","Container Capacity and Weight"],"fullName":"Container Hierarchies Integration Tests Container Capacity and Weight should calculate total weight including contents","status":"passed","title":"should calculate total weight including contents","duration":0.6303430000007211,"failureMessages":[],"meta":{}},{"ancestorTitles":["Container Hierarchies Integration Tests","Container Capacity and Weight"],"fullName":"Container Hierarchies Integration Tests Container Capacity and Weight should handle container capacity limits","status":"passed","title":"should handle container capacity limits","duration":1.259170000001177,"failureMessages":[],"meta":{}},{"ancestorTitles":["Container Hierarchies Integration Tests","Mixed Container Types"],"fullName":"Container Hierarchies Integration Tests Mixed Container Types should handle supporter and container combinations","status":"passed","title":"should handle supporter and container combinations","duration":1.5973900000008143,"failureMessages":[],"meta":{}},{"ancestorTitles":["Container Hierarchies Integration Tests","Mixed Container Types"],"fullName":"Container Hierarchies Integration Tests Mixed Container Types should handle furniture with both surfaces and storage","status":"passed","title":"should handle furniture with both surfaces and storage","duration":1.5552110000007815,"failureMessages":[],"meta":{}},{"ancestorTitles":["Container Hierarchies Integration Tests","Container State Changes"],"fullName":"Container Hierarchies Integration Tests Container State Changes should handle moving containers with contents","status":"passed","title":"should handle moving containers with contents","duration":0.6429599999992206,"failureMessages":[],"meta":{}},{"ancestorTitles":["Container Hierarchies Integration Tests","Container State Changes"],"fullName":"Container Hierarchies Integration Tests Container State Changes should update visibility when opening/closing containers","status":"passed","title":"should update visibility when opening/closing containers","duration":1.6201899999996385,"failureMessages":[],"meta":{}},{"ancestorTitles":["Container Hierarchies Integration Tests","Container Query Operations"],"fullName":"Container Hierarchies Integration Tests Container Query Operations should find all containers of a specific type","status":"passed","title":"should find all containers of a specific type","duration":1.6624730000003183,"failureMessages":[],"meta":{}},{"ancestorTitles":["Container Hierarchies Integration Tests","Container Query Operations"],"fullName":"Container Hierarchies Integration Tests Container Query Operations should find containers matching complex criteria","status":"passed","title":"should find containers matching complex criteria","duration":0.6457209999989573,"failureMessages":[],"meta":{}},{"ancestorTitles":["Container Hierarchies Integration Tests","Performance with Many Containers"],"fullName":"Container Hierarchies Integration Tests Performance with Many Containers should handle large numbers of containers efficiently","status":"passed","title":"should handle large numbers of containers efficiently","duration":6.691100000000006,"failureMessages":[],"meta":{}},{"ancestorTitles":["Container Hierarchies Integration Tests","Performance with Many Containers"],"fullName":"Container Hierarchies Integration Tests Performance with Many Containers should efficiently check containment loops in complex hierarchies","status":"passed","title":"should efficiently check containment loops in complex hierarchies","duration":0.42386400000032154,"failureMessages":[],"meta":{}}],"startTime":1755159931896,"endTime":1755159931920.6912,"status":"passed","message":"","name":"/mnt/c/repotemp/sharpee/packages/world-model/tests/integration/container-hierarchies.test.ts"},{"assertionResults":[{"ancestorTitles":["Door Mechanics Integration Tests","Basic Door Functionality"],"fullName":"Door Mechanics Integration Tests Basic Door Functionality should create doors connecting two rooms","status":"passed","title":"should create doors connecting two rooms","duration":2.860987999999452,"failureMessages":[],"meta":{}},{"ancestorTitles":["Door Mechanics Integration Tests","Basic Door Functionality"],"fullName":"Door Mechanics Integration Tests Basic Door Functionality should synchronize door state between rooms","status":"passed","title":"should synchronize door state between rooms","duration":0.5768170000001192,"failureMessages":[],"meta":{}},{"ancestorTitles":["Door Mechanics Integration Tests","Lockable Doors"],"fullName":"Door Mechanics Integration Tests Lockable Doors should prevent opening locked doors","status":"passed","title":"should prevent opening locked doors","duration":0.582962000000407,"failureMessages":[],"meta":{}},{"ancestorTitles":["Door Mechanics Integration Tests","Lockable Doors"],"fullName":"Door Mechanics Integration Tests Lockable Doors should unlock doors with correct key","status":"passed","title":"should unlock doors with correct key","duration":0.3171169999995982,"failureMessages":[],"meta":{}},{"ancestorTitles":["Door Mechanics Integration Tests","Lockable Doors"],"fullName":"Door Mechanics Integration Tests Lockable Doors should handle multiple locked doors","status":"passed","title":"should handle multiple locked doors","duration":0.32204300000012154,"failureMessages":[],"meta":{}},{"ancestorTitles":["Door Mechanics Integration Tests","Complex Door Scenarios"],"fullName":"Door Mechanics Integration Tests Complex Door Scenarios should handle secret doors","status":"passed","title":"should handle secret doors","duration":1.6861120000003211,"failureMessages":[],"meta":{}},{"ancestorTitles":["Door Mechanics Integration Tests","Complex Door Scenarios"],"fullName":"Door Mechanics Integration Tests Complex Door Scenarios should handle one-way doors","status":"passed","title":"should handle one-way doors","duration":0.5158460000002378,"failureMessages":[],"meta":{}},{"ancestorTitles":["Door Mechanics Integration Tests","Complex Door Scenarios"],"fullName":"Door Mechanics Integration Tests Complex Door Scenarios should handle automatic closing doors","status":"passed","title":"should handle automatic closing doors","duration":0.3121549999996205,"failureMessages":[],"meta":{}},{"ancestorTitles":["Door Mechanics Integration Tests","Door State and Visibility"],"fullName":"Door Mechanics Integration Tests Door State and Visibility should affect visibility through doors","status":"passed","title":"should affect visibility through doors","duration":0.6263880000005884,"failureMessages":[],"meta":{}},{"ancestorTitles":["Door Mechanics Integration Tests","Door State and Visibility"],"fullName":"Door Mechanics Integration Tests Door State and Visibility should handle doors with windows","status":"passed","title":"should handle doors with windows","duration":0.332777000000533,"failureMessages":[],"meta":{}},{"ancestorTitles":["Door Mechanics Integration Tests","Multi-Door Connections"],"fullName":"Door Mechanics Integration Tests Multi-Door Connections should handle rooms with multiple doors","status":"passed","title":"should handle rooms with multiple doors","duration":1.2865839999994932,"failureMessages":[],"meta":{}},{"ancestorTitles":["Door Mechanics Integration Tests","Multi-Door Connections"],"fullName":"Door Mechanics Integration Tests Multi-Door Connections should handle double doors","status":"passed","title":"should handle double doors","duration":0.27072599999974045,"failureMessages":[],"meta":{}},{"ancestorTitles":["Door Mechanics Integration Tests","Door Events and Behaviors"],"fullName":"Door Mechanics Integration Tests Door Events and Behaviors should track door usage","status":"passed","title":"should track door usage","duration":0.1810619999996561,"failureMessages":[],"meta":{}},{"ancestorTitles":["Door Mechanics Integration Tests","Door Events and Behaviors"],"fullName":"Door Mechanics Integration Tests Door Events and Behaviors should handle door with special requirements","status":"passed","title":"should handle door with special requirements","duration":0.18165500000031898,"failureMessages":[],"meta":{}},{"ancestorTitles":["Door Mechanics Integration Tests","Performance with Many Doors"],"fullName":"Door Mechanics Integration Tests Performance with Many Doors should handle buildings with many doors efficiently","status":"passed","title":"should handle buildings with many doors efficiently","duration":0.5125550000002477,"failureMessages":[],"meta":{}}],"startTime":1755159938290,"endTime":1755159938301.5125,"status":"passed","message":"","name":"/mnt/c/repotemp/sharpee/packages/world-model/tests/integration/door-mechanics.test.ts"},{"assertionResults":[{"ancestorTitles":["Room and Actor as Containers","Rooms as containers"],"fullName":"Room and Actor as Containers Rooms as containers should allow items to be placed in rooms without ContainerTrait","status":"passed","title":"should allow items to be placed in rooms without ContainerTrait","duration":3.2440169999999853,"failureMessages":[],"meta":{}},{"ancestorTitles":["Room and Actor as Containers","Rooms as containers"],"fullName":"Room and Actor as Containers Rooms as containers should respect room capacity limits","status":"passed","title":"should respect room capacity limits","duration":0.31203700000060053,"failureMessages":[],"meta":{}},{"ancestorTitles":["Room and Actor as Containers","Rooms as containers"],"fullName":"Room and Actor as Containers Rooms as containers should handle nested containers in rooms","status":"passed","title":"should handle nested containers in rooms","duration":0.828574999999546,"failureMessages":[],"meta":{}},{"ancestorTitles":["Room and Actor as Containers","Actors as containers"],"fullName":"Room and Actor as Containers Actors as containers should allow actors to carry items without ContainerTrait","status":"passed","title":"should allow actors to carry items without ContainerTrait","duration":1.090050999999221,"failureMessages":[],"meta":{}},{"ancestorTitles":["Room and Actor as Containers","Actors as containers"],"fullName":"Room and Actor as Containers Actors as containers should handle actor inventory limits","status":"passed","title":"should handle actor inventory limits","duration":0.5838450000001103,"failureMessages":[],"meta":{}},{"ancestorTitles":["Room and Actor as Containers","Actors as containers"],"fullName":"Room and Actor as Containers Actors as containers should prevent actors from being placed inside other actors","status":"passed","title":"should prevent actors from being placed inside other actors","duration":0.7403299999996307,"failureMessages":[],"meta":{}},{"ancestorTitles":["Room and Actor as Containers","Container type detection"],"fullName":"Room and Actor as Containers Container type detection should correctly identify all container-capable entities","status":"passed","title":"should correctly identify all container-capable entities","duration":0.29851400000006834,"failureMessages":[],"meta":{}}],"startTime":1755159961300,"endTime":1755159961307.2986,"status":"passed","message":"","name":"/mnt/c/repotemp/sharpee/packages/world-model/tests/integration/room-actor-containers.test.ts"},{"assertionResults":[{"ancestorTitles":["Room Navigation Integration Tests","Basic Room Connections"],"fullName":"Room Navigation Integration Tests Basic Room Connections should connect rooms with simple exits","status":"passed","title":"should connect rooms with simple exits","duration":2.1198519999998098,"failureMessages":[],"meta":{}},{"ancestorTitles":["Room Navigation Integration Tests","Basic Room Connections"],"fullName":"Room Navigation Integration Tests Basic Room Connections should find paths between connected rooms","status":"passed","title":"should find paths between connected rooms","duration":1.156380999999783,"failureMessages":[],"meta":{}},{"ancestorTitles":["Room Navigation Integration Tests","Rooms with Door Entities"],"fullName":"Room Navigation Integration Tests Rooms with Door Entities should navigate through open doors","status":"passed","title":"should navigate through open doors","duration":1.1702640000003157,"failureMessages":[],"meta":{}},{"ancestorTitles":["Room Navigation Integration Tests","Rooms with Door Entities"],"fullName":"Room Navigation Integration Tests Rooms with Door Entities should handle closed doors","status":"passed","title":"should handle closed doors","duration":0.41985900000054244,"failureMessages":[],"meta":{}},{"ancestorTitles":["Room Navigation Integration Tests","Rooms with Door Entities"],"fullName":"Room Navigation Integration Tests Rooms with Door Entities should handle locked doors","status":"passed","title":"should handle locked doors","duration":0.7867499999993015,"failureMessages":[],"meta":{}},{"ancestorTitles":["Room Navigation Integration Tests","Rooms with Door Entities"],"fullName":"Room Navigation Integration Tests Rooms with Door Entities should find alternative paths when doors are blocked","status":"passed","title":"should find alternative paths when doors are blocked","duration":0.8074069999993299,"failureMessages":[],"meta":{}},{"ancestorTitles":["Room Navigation Integration Tests","Complex Multi-Level Navigation"],"fullName":"Room Navigation Integration Tests Complex Multi-Level Navigation should handle buildings with multiple floors","status":"passed","title":"should handle buildings with multiple floors","duration":0.330841999999393,"failureMessages":[],"meta":{}},{"ancestorTitles":["Room Navigation Integration Tests","Complex Multi-Level Navigation"],"fullName":"Room Navigation Integration Tests Complex Multi-Level Navigation should handle one-way passages","status":"passed","title":"should handle one-way passages","duration":0.20661399999971763,"failureMessages":[],"meta":{}},{"ancestorTitles":["Room Navigation Integration Tests","Room Properties and Navigation"],"fullName":"Room Navigation Integration Tests Room Properties and Navigation should track first visits to rooms","status":"passed","title":"should track first visits to rooms","duration":0.3392439999997805,"failureMessages":[],"meta":{}},{"ancestorTitles":["Room Navigation Integration Tests","Room Properties and Navigation"],"fullName":"Room Navigation Integration Tests Room Properties and Navigation should handle dark rooms and navigation","status":"passed","title":"should handle dark rooms and navigation","duration":0.551115999999638,"failureMessages":[],"meta":{}},{"ancestorTitles":["Room Navigation Integration Tests","Special Exit Types"],"fullName":"Room Navigation Integration Tests Special Exit Types should handle exit entities","status":"passed","title":"should handle exit entities","duration":0.20661900000050082,"failureMessages":[],"meta":{}},{"ancestorTitles":["Room Navigation Integration Tests","Special Exit Types"],"fullName":"Room Navigation Integration Tests Special Exit Types should handle entry points","status":"passed","title":"should handle entry points","duration":0.15204499999981635,"failureMessages":[],"meta":{}},{"ancestorTitles":["Room Navigation Integration Tests","Performance and Edge Cases"],"fullName":"Room Navigation Integration Tests Performance and Edge Cases should handle large mazes efficiently","status":"passed","title":"should handle large mazes efficiently","duration":0.7663030000003346,"failureMessages":[],"meta":{}},{"ancestorTitles":["Room Navigation Integration Tests","Performance and Edge Cases"],"fullName":"Room Navigation Integration Tests Performance and Edge Cases should handle disconnected room groups","status":"passed","title":"should handle disconnected room groups","duration":0.16940799999974843,"failureMessages":[],"meta":{}}],"startTime":1755159939269,"endTime":1755159939280.1694,"status":"passed","message":"","name":"/mnt/c/repotemp/sharpee/packages/world-model/tests/integration/room-navigation.test.ts"},{"assertionResults":[{"ancestorTitles":["Trait Combinations Integration Tests","Container + Openable + Lockable"],"fullName":"Trait Combinations Integration Tests Container + Openable + Lockable should not see contents of locked closed container","status":"passed","title":"should not see contents of locked closed container","duration":3.5648920000003272,"failureMessages":[],"meta":{}},{"ancestorTitles":["Trait Combinations Integration Tests","Container + Openable + Lockable"],"fullName":"Trait Combinations Integration Tests Container + Openable + Lockable should not open locked container","status":"passed","title":"should not open locked container","duration":0.6747840000007272,"failureMessages":[],"meta":{}},{"ancestorTitles":["Trait Combinations Integration Tests","Container + Openable + Lockable"],"fullName":"Trait Combinations Integration Tests Container + Openable + Lockable should see contents after unlocking and opening","status":"passed","title":"should see contents after unlocking and opening","duration":0.6998330000005808,"failureMessages":[],"meta":{}},{"ancestorTitles":["Trait Combinations Integration Tests","Container + Openable + Lockable"],"fullName":"Trait Combinations Integration Tests Container + Openable + Lockable should handle nested locked containers","status":"passed","title":"should handle nested locked containers","duration":0.7163939999991271,"failureMessages":[],"meta":{}},{"ancestorTitles":["Trait Combinations Integration Tests","Supporter + Container + Scenery"],"fullName":"Trait Combinations Integration Tests Supporter + Container + Scenery should see items on supporter but not in closed container","status":"passed","title":"should see items on supporter but not in closed container","duration":0.7010110000010172,"failureMessages":[],"meta":{}},{"ancestorTitles":["Trait Combinations Integration Tests","Supporter + Container + Scenery"],"fullName":"Trait Combinations Integration Tests Supporter + Container + Scenery should handle complex containment hierarchy","status":"passed","title":"should handle complex containment hierarchy","duration":0.3993499999996857,"failureMessages":[],"meta":{}},{"ancestorTitles":["Trait Combinations Integration Tests","Supporter + Container + Scenery"],"fullName":"Trait Combinations Integration Tests Supporter + Container + Scenery should include all scenery regardless of visibility","status":"passed","title":"should include all scenery regardless of visibility","duration":0.6322450000006938,"failureMessages":[],"meta":{}},{"ancestorTitles":["Trait Combinations Integration Tests","Actor + Wearable + Container"],"fullName":"Trait Combinations Integration Tests Actor + Wearable + Container should handle wearing items with containers","status":"passed","title":"should handle wearing items with containers","duration":2.107716000000437,"failureMessages":[],"meta":{}},{"ancestorTitles":["Trait Combinations Integration Tests","Actor + Wearable + Container"],"fullName":"Trait Combinations Integration Tests Actor + Wearable + Container should exclude worn items when specified","status":"passed","title":"should exclude worn items when specified","duration":0.8097079999988637,"failureMessages":[],"meta":{}},{"ancestorTitles":["Trait Combinations Integration Tests","Actor + Wearable + Container"],"fullName":"Trait Combinations Integration Tests Actor + Wearable + Container should track complex worn item hierarchies","status":"passed","title":"should track complex worn item hierarchies","duration":0.6652200000007724,"failureMessages":[],"meta":{}},{"ancestorTitles":["Trait Combinations Integration Tests","Door + Room + Light Source"],"fullName":"Trait Combinations Integration Tests Door + Room + Light Source should navigate through doors between rooms","status":"passed","title":"should navigate through doors between rooms","duration":1.1244920000008278,"failureMessages":[],"meta":{}},{"ancestorTitles":["Trait Combinations Integration Tests","Door + Room + Light Source"],"fullName":"Trait Combinations Integration Tests Door + Room + Light Source should see in lit rooms but not dark rooms","status":"passed","title":"should see in lit rooms but not dark rooms","duration":0.6699439999993047,"failureMessages":[],"meta":{}},{"ancestorTitles":["Trait Combinations Integration Tests","Door + Room + Light Source"],"fullName":"Trait Combinations Integration Tests Door + Room + Light Source should handle door state synchronization","status":"passed","title":"should handle door state synchronization","duration":0.22556000000076892,"failureMessages":[],"meta":{}},{"ancestorTitles":["Trait Combinations Integration Tests","Edible + Container + Actor"],"fullName":"Trait Combinations Integration Tests Edible + Container + Actor should track edible items in containers","status":"passed","title":"should track edible items in containers","duration":0.4408419999999751,"failureMessages":[],"meta":{}},{"ancestorTitles":["Trait Combinations Integration Tests","Edible + Container + Actor"],"fullName":"Trait Combinations Integration Tests Edible + Container + Actor should handle consuming items from container","status":"passed","title":"should handle consuming items from container","duration":0.2657610000005661,"failureMessages":[],"meta":{}},{"ancestorTitles":["Trait Combinations Integration Tests","Complex Multi-Trait Scenarios"],"fullName":"Trait Combinations Integration Tests Complex Multi-Trait Scenarios should handle readable items in locked containers on supporters","status":"passed","title":"should handle readable items in locked containers on supporters","duration":0.6333990000002814,"failureMessages":[],"meta":{}},{"ancestorTitles":["Trait Combinations Integration Tests","Complex Multi-Trait Scenarios"],"fullName":"Trait Combinations Integration Tests Complex Multi-Trait Scenarios should handle switchable light sources affecting room visibility","status":"passed","title":"should handle switchable light sources affecting room visibility","duration":0.31112000000030093,"failureMessages":[],"meta":{}}],"startTime":1755159932360,"endTime":1755159932375.311,"status":"passed","message":"","name":"/mnt/c/repotemp/sharpee/packages/world-model/tests/integration/trait-combinations.test.ts"},{"assertionResults":[{"ancestorTitles":["Visibility Chains Integration Tests","Container Visibility Chains"],"fullName":"Visibility Chains Integration Tests Container Visibility Chains should see through open containers","status":"passed","title":"should see through open containers","duration":3.873168000000078,"failureMessages":[],"meta":{}},{"ancestorTitles":["Visibility Chains Integration Tests","Container Visibility Chains"],"fullName":"Visibility Chains Integration Tests Container Visibility Chains should not see into closed containers","status":"passed","title":"should not see into closed containers","duration":0.9246789999997418,"failureMessages":[],"meta":{}},{"ancestorTitles":["Visibility Chains Integration Tests","Container Visibility Chains"],"fullName":"Visibility Chains Integration Tests Container Visibility Chains should handle mixed open/closed container chains","status":"passed","title":"should handle mixed open/closed container chains","duration":0.9775589999990189,"failureMessages":[],"meta":{}},{"ancestorTitles":["Visibility Chains Integration Tests","Supporter Visibility"],"fullName":"Visibility Chains Integration Tests Supporter Visibility should see items on supporters","status":"passed","title":"should see items on supporters","duration":0.9191439999995055,"failureMessages":[],"meta":{}},{"ancestorTitles":["Visibility Chains Integration Tests","Supporter Visibility"],"fullName":"Visibility Chains Integration Tests Supporter Visibility should see through containers on supporters","status":"passed","title":"should see through containers on supporters","duration":0.6764419999999518,"failureMessages":[],"meta":{}},{"ancestorTitles":["Visibility Chains Integration Tests","Room and Light Visibility"],"fullName":"Visibility Chains Integration Tests Room and Light Visibility should not see in dark rooms","status":"passed","title":"should not see in dark rooms","duration":0.3804970000001049,"failureMessages":[],"meta":{}},{"ancestorTitles":["Visibility Chains Integration Tests","Room and Light Visibility"],"fullName":"Visibility Chains Integration Tests Room and Light Visibility should see with carried light source","status":"passed","title":"should see with carried light source","duration":0.3863770000007207,"failureMessages":[],"meta":{}},{"ancestorTitles":["Visibility Chains Integration Tests","Room and Light Visibility"],"fullName":"Visibility Chains Integration Tests Room and Light Visibility should see with light source in room","status":"passed","title":"should see with light source in room","duration":0.17867499999920256,"failureMessages":[],"meta":{}},{"ancestorTitles":["Visibility Chains Integration Tests","Room and Light Visibility"],"fullName":"Visibility Chains Integration Tests Room and Light Visibility should handle light in containers","status":"passed","title":"should handle light in containers","duration":0.5970049999996263,"failureMessages":[],"meta":{}},{"ancestorTitles":["Visibility Chains Integration Tests","Actor Visibility"],"fullName":"Visibility Chains Integration Tests Actor Visibility should see items carried by actors","status":"passed","title":"should see items carried by actors","duration":0.5056879999992816,"failureMessages":[],"meta":{}},{"ancestorTitles":["Visibility Chains Integration Tests","Actor Visibility"],"fullName":"Visibility Chains Integration Tests Actor Visibility should see worn items on actors","status":"passed","title":"should see worn items on actors","duration":0.38168600000062725,"failureMessages":[],"meta":{}},{"ancestorTitles":["Visibility Chains Integration Tests","Actor Visibility"],"fullName":"Visibility Chains Integration Tests Actor Visibility should not see items in closed containers carried by actors","status":"passed","title":"should not see items in closed containers carried by actors","duration":0.40324800000053074,"failureMessages":[],"meta":{}},{"ancestorTitles":["Visibility Chains Integration Tests","Scenery Visibility"],"fullName":"Visibility Chains Integration Tests Scenery Visibility should see visible scenery","status":"passed","title":"should see visible scenery","duration":0.5030459999998129,"failureMessages":[],"meta":{}},{"ancestorTitles":["Visibility Chains Integration Tests","Scenery Visibility"],"fullName":"Visibility Chains Integration Tests Scenery Visibility should not see invisible scenery","status":"passed","title":"should not see invisible scenery","duration":1.5141449999991892,"failureMessages":[],"meta":{}},{"ancestorTitles":["Visibility Chains Integration Tests","Scenery Visibility"],"fullName":"Visibility Chains Integration Tests Scenery Visibility should see contents of visible scenery containers","status":"passed","title":"should see contents of visible scenery containers","duration":0.3569100000004255,"failureMessages":[],"meta":{}},{"ancestorTitles":["Visibility Chains Integration Tests","Complex Visibility Scenarios"],"fullName":"Visibility Chains Integration Tests Complex Visibility Scenarios should handle deep visibility chains","status":"passed","title":"should handle deep visibility chains","duration":0.40618499999982305,"failureMessages":[],"meta":{}},{"ancestorTitles":["Visibility Chains Integration Tests","Complex Visibility Scenarios"],"fullName":"Visibility Chains Integration Tests Complex Visibility Scenarios should handle multiple visibility blockers","status":"passed","title":"should handle multiple visibility blockers","duration":1.2220940000006522,"failureMessages":[],"meta":{}},{"ancestorTitles":["Visibility Chains Integration Tests","Complex Visibility Scenarios"],"fullName":"Visibility Chains Integration Tests Complex Visibility Scenarios should handle visibility with movement","status":"passed","title":"should handle visibility with movement","duration":0.46089500000016415,"failureMessages":[],"meta":{}},{"ancestorTitles":["Visibility Chains Integration Tests","Scope and In-Scope Items"],"fullName":"Visibility Chains Integration Tests Scope and In-Scope Items should get all items in scope","status":"passed","title":"should get all items in scope","duration":1.309733000000051,"failureMessages":[],"meta":{}},{"ancestorTitles":["Visibility Chains Integration Tests","Scope and In-Scope Items"],"fullName":"Visibility Chains Integration Tests Scope and In-Scope Items should handle scope in dark rooms with light","status":"passed","title":"should handle scope in dark rooms with light","duration":0.8312440000008792,"failureMessages":[],"meta":{}},{"ancestorTitles":["Visibility Chains Integration Tests","Performance Tests"],"fullName":"Visibility Chains Integration Tests Performance Tests should handle large visibility calculations efficiently","status":"passed","title":"should handle large visibility calculations efficiently","duration":2.549740999998903,"failureMessages":[],"meta":{}},{"ancestorTitles":["Visibility Chains Integration Tests","Performance Tests"],"fullName":"Visibility Chains Integration Tests Performance Tests should cache visibility calculations","status":"passed","title":"should cache visibility calculations","duration":0.9922579999984009,"failureMessages":[],"meta":{}}],"startTime":1755159932136,"endTime":1755159932157.9922,"status":"passed","message":"","name":"/mnt/c/repotemp/sharpee/packages/world-model/tests/integration/visibility-chains.test.ts"},{"assertionResults":[{"ancestorTitles":["Wearable and Clothing Integration Tests","Basic Wearable Behavior"],"fullName":"Wearable and Clothing Integration Tests Basic Wearable Behavior should wear and remove simple items","status":"passed","title":"should wear and remove simple items","duration":2.2143970000006448,"failureMessages":[],"meta":{}},{"ancestorTitles":["Wearable and Clothing Integration Tests","Basic Wearable Behavior"],"fullName":"Wearable and Clothing Integration Tests Basic Wearable Behavior should prevent wearing already worn items","status":"passed","title":"should prevent wearing already worn items","duration":0.36772800000017014,"failureMessages":[],"meta":{}},{"ancestorTitles":["Wearable and Clothing Integration Tests","Basic Wearable Behavior"],"fullName":"Wearable and Clothing Integration Tests Basic Wearable Behavior should track multiple worn items","status":"passed","title":"should track multiple worn items","duration":0.6431680000005144,"failureMessages":[],"meta":{}},{"ancestorTitles":["Wearable and Clothing Integration Tests","Clothing with Pockets"],"fullName":"Wearable and Clothing Integration Tests Clothing with Pockets should create functional clothing with pockets","status":"passed","title":"should create functional clothing with pockets","duration":2.8233469999995577,"failureMessages":[],"meta":{}},{"ancestorTitles":["Wearable and Clothing Integration Tests","Clothing with Pockets"],"fullName":"Wearable and Clothing Integration Tests Clothing with Pockets should maintain pocket contents when wearing clothing","status":"passed","title":"should maintain pocket contents when wearing clothing","duration":0.9166409999997995,"failureMessages":[],"meta":{}},{"ancestorTitles":["Wearable and Clothing Integration Tests","Clothing with Pockets"],"fullName":"Wearable and Clothing Integration Tests Clothing with Pockets should handle items in pockets visibility - SKIPPED: Complex visibility scenario needs review","status":"skipped","title":"should handle items in pockets visibility - SKIPPED: Complex visibility scenario needs review","failureMessages":[],"meta":{}},{"ancestorTitles":["Wearable and Clothing Integration Tests","Layered Clothing"],"fullName":"Wearable and Clothing Integration Tests Layered Clothing should support multiple layers of clothing","status":"passed","title":"should support multiple layers of clothing","duration":0.34501600000021426,"failureMessages":[],"meta":{}},{"ancestorTitles":["Wearable and Clothing Integration Tests","Layered Clothing"],"fullName":"Wearable and Clothing Integration Tests Layered Clothing should handle mixed clothing and accessories","status":"passed","title":"should handle mixed clothing and accessories","duration":0.4861140000002706,"failureMessages":[],"meta":{}},{"ancestorTitles":["Wearable and Clothing Integration Tests","Complex Pocket Hierarchies"],"fullName":"Wearable and Clothing Integration Tests Complex Pocket Hierarchies should handle nested containers in pockets","status":"passed","title":"should handle nested containers in pockets","duration":0.4631469999994806,"failureMessages":[],"meta":{}},{"ancestorTitles":["Wearable and Clothing Integration Tests","Complex Pocket Hierarchies"],"fullName":"Wearable and Clothing Integration Tests Complex Pocket Hierarchies should handle pocket access when clothing is in container","status":"passed","title":"should handle pocket access when clothing is in container","duration":0.7742870000001858,"failureMessages":[],"meta":{}},{"ancestorTitles":["Wearable and Clothing Integration Tests","Special Clothing Properties"],"fullName":"Wearable and Clothing Integration Tests Special Clothing Properties should handle clothing that blocks slots","status":"passed","title":"should handle clothing that blocks slots","duration":0.29509500000040134,"failureMessages":[],"meta":{}},{"ancestorTitles":["Wearable and Clothing Integration Tests","Special Clothing Properties"],"fullName":"Wearable and Clothing Integration Tests Special Clothing Properties should handle non-removable clothing","status":"passed","title":"should handle non-removable clothing","duration":0.13049800000044343,"failureMessages":[],"meta":{}},{"ancestorTitles":["Wearable and Clothing Integration Tests","Special Clothing Properties"],"fullName":"Wearable and Clothing Integration Tests Special Clothing Properties should track clothing condition","status":"passed","title":"should track clothing condition","duration":0.11370499999975436,"failureMessages":[],"meta":{}},{"ancestorTitles":["Wearable and Clothing Integration Tests","Performance with Many Wearables"],"fullName":"Wearable and Clothing Integration Tests Performance with Many Wearables should handle actors with many worn items efficiently","status":"passed","title":"should handle actors with many worn items efficiently","duration":0.2511580000000322,"failureMessages":[],"meta":{}},{"ancestorTitles":["Wearable and Clothing Integration Tests","Performance with Many Wearables"],"fullName":"Wearable and Clothing Integration Tests Performance with Many Wearables should efficiently filter worn vs carried items","status":"passed","title":"should efficiently filter worn vs carried items","duration":0.8433969999996407,"failureMessages":[],"meta":{}}],"startTime":1755159937704,"endTime":1755159937715.8435,"status":"passed","message":"","name":"/mnt/c/repotemp/sharpee/packages/world-model/tests/integration/wearable-clothing.test.ts"},{"assertionResults":[{"ancestorTitles":["AuthorModel","Shared Data Store"],"fullName":"AuthorModel Shared Data Store should share entities between WorldModel and AuthorModel","status":"passed","title":"should share entities between WorldModel and AuthorModel","duration":4.177300000001196,"failureMessages":[],"meta":{}},{"ancestorTitles":["AuthorModel","Shared Data Store"],"fullName":"AuthorModel Shared Data Store should share spatial relationships between models","status":"passed","title":"should share spatial relationships between models","duration":1.8455099999991944,"failureMessages":[],"meta":{}},{"ancestorTitles":["AuthorModel","Shared Data Store"],"fullName":"AuthorModel Shared Data Store should share state between models","status":"passed","title":"should share state between models","duration":0.3256299999993644,"failureMessages":[],"meta":{}},{"ancestorTitles":["AuthorModel","Unrestricted Movement"],"fullName":"AuthorModel Unrestricted Movement should move entities into closed containers","status":"passed","title":"should move entities into closed containers","duration":0.7498090000008233,"failureMessages":[],"meta":{}},{"ancestorTitles":["AuthorModel","Unrestricted Movement"],"fullName":"AuthorModel Unrestricted Movement should move entities into locked containers","status":"passed","title":"should move entities into locked containers","duration":0.3688510000010865,"failureMessages":[],"meta":{}},{"ancestorTitles":["AuthorModel","Unrestricted Movement"],"fullName":"AuthorModel Unrestricted Movement should bypass container trait requirement","status":"passed","title":"should bypass container trait requirement","duration":0.3198929999998654,"failureMessages":[],"meta":{}},{"ancestorTitles":["AuthorModel","Unrestricted Movement"],"fullName":"AuthorModel Unrestricted Movement should not check for loops","status":"passed","title":"should not check for loops","duration":0.22390900000027614,"failureMessages":[],"meta":{}},{"ancestorTitles":["AuthorModel","Event Recording"],"fullName":"AuthorModel Event Recording should not emit events by default","status":"passed","title":"should not emit events by default","duration":0.6715640000002168,"failureMessages":[],"meta":{}},{"ancestorTitles":["AuthorModel","Event Recording"],"fullName":"AuthorModel Event Recording should emit events when recordEvent is true","status":"passed","title":"should emit events when recordEvent is true","duration":0.8303460000006453,"failureMessages":[],"meta":{}},{"ancestorTitles":["AuthorModel","Event Recording"],"fullName":"AuthorModel Event Recording should use author: prefix for events","status":"passed","title":"should use author: prefix for events","duration":0.3774990000001708,"failureMessages":[],"meta":{}},{"ancestorTitles":["AuthorModel","Convenience Methods"],"fullName":"AuthorModel Convenience Methods should populate containers with multiple items","status":"passed","title":"should populate containers with multiple items","duration":0.8770169999988866,"failureMessages":[],"meta":{}},{"ancestorTitles":["AuthorModel","Convenience Methods"],"fullName":"AuthorModel Convenience Methods should connect rooms bidirectionally","status":"passed","title":"should connect rooms bidirectionally","duration":0.8107089999994059,"failureMessages":[],"meta":{}},{"ancestorTitles":["AuthorModel","Convenience Methods"],"fullName":"AuthorModel Convenience Methods should fill containers from specs","status":"passed","title":"should fill containers from specs","duration":0.7720810000009806,"failureMessages":[],"meta":{}},{"ancestorTitles":["AuthorModel","Convenience Methods"],"fullName":"AuthorModel Convenience Methods should setup container properties","status":"passed","title":"should setup container properties","duration":0.20832599999994272,"failureMessages":[],"meta":{}},{"ancestorTitles":["AuthorModel","Entity Management"],"fullName":"AuthorModel Entity Management should create entities with proper IDs","status":"passed","title":"should create entities with proper IDs","duration":0.20587000000159605,"failureMessages":[],"meta":{}},{"ancestorTitles":["AuthorModel","Entity Management"],"fullName":"AuthorModel Entity Management should remove entities completely","status":"passed","title":"should remove entities completely","duration":0.4512269999995624,"failureMessages":[],"meta":{}},{"ancestorTitles":["AuthorModel","Entity Management"],"fullName":"AuthorModel Entity Management should set entity properties directly","status":"passed","title":"should set entity properties directly","duration":0.1578190000000177,"failureMessages":[],"meta":{}},{"ancestorTitles":["AuthorModel","State Management"],"fullName":"AuthorModel State Management should set player without validation","status":"passed","title":"should set player without validation","duration":0.1263840000010532,"failureMessages":[],"meta":{}},{"ancestorTitles":["AuthorModel","State Management"],"fullName":"AuthorModel State Management should clear all world data","status":"passed","title":"should clear all world data","duration":0.21016400000007707,"failureMessages":[],"meta":{}},{"ancestorTitles":["AuthorModel","Real-World Usage Patterns"],"fullName":"AuthorModel Real-World Usage Patterns should handle complex world setup","status":"passed","title":"should handle complex world setup","duration":0.4665920000006736,"failureMessages":[],"meta":{}}],"startTime":1755159931249,"endTime":1755159931264.4666,"status":"passed","message":"","name":"/mnt/c/repotemp/sharpee/packages/world-model/tests/unit/author-model.test.ts"},{"assertionResults":[{"ancestorTitles":["Entity System with ID Refactor","IFEntity with new ID system"],"fullName":"Entity System with ID Refactor IFEntity with new ID system should store entity type in attributes","status":"passed","title":"should store entity type in attributes","duration":1.9733870000000024,"failureMessages":[],"meta":{}},{"ancestorTitles":["Entity System with ID Refactor","IFEntity with new ID system"],"fullName":"Entity System with ID Refactor IFEntity with new ID system should handle name property correctly","status":"passed","title":"should handle name property correctly","duration":0.4079840000003969,"failureMessages":[],"meta":{}},{"ancestorTitles":["Entity System with ID Refactor","IFEntity with new ID system"],"fullName":"Entity System with ID Refactor IFEntity with new ID system should serialize with version number","status":"passed","title":"should serialize with version number","duration":0.3162460000003193,"failureMessages":[],"meta":{}},{"ancestorTitles":["Entity System with ID Refactor","IFEntity with new ID system"],"fullName":"Entity System with ID Refactor IFEntity with new ID system should deserialize both old and new formats","status":"passed","title":"should deserialize both old and new formats","duration":0.4161739999999554,"failureMessages":[],"meta":{}},{"ancestorTitles":["Entity System with ID Refactor","Trait ID references"],"fullName":"Entity System with ID Refactor Trait ID references should use IDs in room exits","status":"passed","title":"should use IDs in room exits","duration":0.5673390000001746,"failureMessages":[],"meta":{}},{"ancestorTitles":["Entity System with ID Refactor","Trait ID references"],"fullName":"Entity System with ID Refactor Trait ID references should use IDs in door connections","status":"passed","title":"should use IDs in door connections","duration":0.3646150000004127,"failureMessages":[],"meta":{}},{"ancestorTitles":["Entity System with ID Refactor","Trait ID references"],"fullName":"Entity System with ID Refactor Trait ID references should use IDs in exit traits","status":"passed","title":"should use IDs in exit traits","duration":0.3340570000000298,"failureMessages":[],"meta":{}},{"ancestorTitles":["Entity System with ID Refactor","WorldModel persistence with entities"],"fullName":"Entity System with ID Refactor WorldModel persistence with entities should save and restore entities with proper IDs","status":"passed","title":"should save and restore entities with proper IDs","duration":0.7893059999996694,"failureMessages":[],"meta":{}},{"ancestorTitles":["Entity System with ID Refactor","Entity relationships with IDs"],"fullName":"Entity System with ID Refactor Entity relationships with IDs should use IDs for all entity relationships","status":"passed","title":"should use IDs for all entity relationships","duration":1.8423250000005282,"failureMessages":[],"meta":{}}],"startTime":1755159935516,"endTime":1755159935522.8423,"status":"passed","message":"","name":"/mnt/c/repotemp/sharpee/packages/world-model/tests/unit/entity-system-updates.test.ts"},{"assertionResults":[{"ancestorTitles":["ID Generation System","generateId"],"fullName":"ID Generation System generateId should generate sequential IDs with type prefixes","status":"passed","title":"should generate sequential IDs with type prefixes","duration":1.663448999999673,"failureMessages":[],"meta":{}},{"ancestorTitles":["ID Generation System","generateId"],"fullName":"ID Generation System generateId should throw error for unknown types","status":"passed","title":"should throw error for unknown types","duration":0.6740939999999682,"failureMessages":[],"meta":{}},{"ancestorTitles":["ID Generation System","generateId"],"fullName":"ID Generation System generateId should use object type as default","status":"passed","title":"should use object type as default","duration":0.1794789999994464,"failureMessages":[],"meta":{}},{"ancestorTitles":["ID Generation System","generateId"],"fullName":"ID Generation System generateId should handle base36 conversion correctly","status":"passed","title":"should handle base36 conversion correctly","duration":0.3527700000004188,"failureMessages":[],"meta":{}},{"ancestorTitles":["ID Generation System","entity creation and removal"],"fullName":"ID Generation System entity creation and removal should store entity name in attributes","status":"passed","title":"should store entity name in attributes","duration":0.39264900000034686,"failureMessages":[],"meta":{}},{"ancestorTitles":["ID Generation System","entity creation and removal"],"fullName":"ID Generation System entity creation and removal should allow duplicate names","status":"passed","title":"should allow duplicate names","duration":0.2422150000002148,"failureMessages":[],"meta":{}},{"ancestorTitles":["ID Generation System","entity creation and removal"],"fullName":"ID Generation System entity creation and removal should remove entities by ID","status":"passed","title":"should remove entities by ID","duration":0.28737199999977747,"failureMessages":[],"meta":{}},{"ancestorTitles":["ID Generation System","persistence"],"fullName":"ID Generation System persistence should save and restore ID system state","status":"passed","title":"should save and restore ID system state","duration":0.7434509999993679,"failureMessages":[],"meta":{}},{"ancestorTitles":["ID Generation System","entity attributes"],"fullName":"ID Generation System entity attributes should set displayName in entity attributes","status":"passed","title":"should set displayName in entity attributes","duration":0.2552269999996497,"failureMessages":[],"meta":{}}],"startTime":1755159965871,"endTime":1755159965876.2551,"status":"passed","message":"","name":"/mnt/c/repotemp/sharpee/packages/world-model/tests/unit/id-generation.test.ts"},{"assertionResults":[{"ancestorTitles":["ParsedCommand types","Token structure"],"fullName":"ParsedCommand types Token structure should support language-agnostic token representation","status":"passed","title":"should support language-agnostic token representation","duration":3.5453910000005635,"failureMessages":[],"meta":{}},{"ancestorTitles":["ParsedCommand types","Token structure"],"fullName":"ParsedCommand types Token structure should support multiple parts of speech for a token","status":"passed","title":"should support multiple parts of speech for a token","duration":1.105348000000049,"failureMessages":[],"meta":{}},{"ancestorTitles":["ParsedCommand types","Token structure"],"fullName":"ParsedCommand types Token structure should handle unknown words","status":"passed","title":"should handle unknown words","duration":0.24090400000022782,"failureMessages":[],"meta":{}},{"ancestorTitles":["ParsedCommand types","VerbPhrase structure"],"fullName":"ParsedCommand types VerbPhrase structure should represent simple verbs","status":"passed","title":"should represent simple verbs","duration":0.5615600000000995,"failureMessages":[],"meta":{}},{"ancestorTitles":["ParsedCommand types","VerbPhrase structure"],"fullName":"ParsedCommand types VerbPhrase structure should represent phrasal verbs with particles","status":"passed","title":"should represent phrasal verbs with particles","duration":0.2651850000002014,"failureMessages":[],"meta":{}},{"ancestorTitles":["ParsedCommand types","VerbPhrase structure"],"fullName":"ParsedCommand types VerbPhrase structure should represent multi-word verbs","status":"passed","title":"should represent multi-word verbs","duration":0.20265699999981734,"failureMessages":[],"meta":{}},{"ancestorTitles":["ParsedCommand types","NounPhrase structure"],"fullName":"ParsedCommand types NounPhrase structure should represent simple nouns","status":"passed","title":"should represent simple nouns","duration":0.40529199999946286,"failureMessages":[],"meta":{}},{"ancestorTitles":["ParsedCommand types","NounPhrase structure"],"fullName":"ParsedCommand types NounPhrase structure should represent nouns with articles","status":"passed","title":"should represent nouns with articles","duration":0.1356980000000476,"failureMessages":[],"meta":{}},{"ancestorTitles":["ParsedCommand types","NounPhrase structure"],"fullName":"ParsedCommand types NounPhrase structure should represent complex noun phrases","status":"passed","title":"should represent complex noun phrases","duration":0.3010309999999663,"failureMessages":[],"meta":{}},{"ancestorTitles":["ParsedCommand types","NounPhrase structure"],"fullName":"ParsedCommand types NounPhrase structure should support multiple candidates","status":"passed","title":"should support multiple candidates","duration":0.2487989999999627,"failureMessages":[],"meta":{}},{"ancestorTitles":["ParsedCommand types","PrepPhrase structure"],"fullName":"ParsedCommand types PrepPhrase structure should represent preposition phrases","status":"passed","title":"should represent preposition phrases","duration":0.09498900000016874,"failureMessages":[],"meta":{}},{"ancestorTitles":["ParsedCommand types","PrepPhrase structure"],"fullName":"ParsedCommand types PrepPhrase structure should support multi-word prepositions","status":"passed","title":"should support multi-word prepositions","duration":0.08473200000025827,"failureMessages":[],"meta":{}},{"ancestorTitles":["ParsedCommand types","ParsedCommand structure"],"fullName":"ParsedCommand types ParsedCommand structure should represent a simple command","status":"passed","title":"should represent a simple command","duration":0.2990669999999227,"failureMessages":[],"meta":{}},{"ancestorTitles":["ParsedCommand types","ParsedCommand structure"],"fullName":"ParsedCommand types ParsedCommand structure should represent a transitive command","status":"passed","title":"should represent a transitive command","duration":0.14283599999998842,"failureMessages":[],"meta":{}},{"ancestorTitles":["ParsedCommand types","ParsedCommand structure"],"fullName":"ParsedCommand types ParsedCommand structure should represent a ditransitive command","status":"passed","title":"should represent a ditransitive command","duration":0.11895099999946979,"failureMessages":[],"meta":{}},{"ancestorTitles":["ParsedCommand types","ParsedCommand structure"],"fullName":"ParsedCommand types ParsedCommand structure should support extras field for additional data","status":"passed","title":"should support extras field for additional data","duration":0.09346700000060082,"failureMessages":[],"meta":{}},{"ancestorTitles":["ParsedCommand types","ParseError structure"],"fullName":"ParsedCommand types ParseError structure should represent unknown command errors","status":"passed","title":"should represent unknown command errors","duration":0.09163200000057259,"failureMessages":[],"meta":{}},{"ancestorTitles":["ParsedCommand types","ParseError structure"],"fullName":"ParsedCommand types ParseError structure should represent syntax errors with position","status":"passed","title":"should represent syntax errors with position","duration":0.0560669999995298,"failureMessages":[],"meta":{}},{"ancestorTitles":["ParsedCommand types","ParseError structure"],"fullName":"ParsedCommand types ParseError structure should represent ambiguous input errors","status":"passed","title":"should represent ambiguous input errors","duration":0.08828700000049139,"failureMessages":[],"meta":{}},{"ancestorTitles":["ParsedCommand types","Backward compatibility"],"fullName":"ParsedCommand types Backward compatibility should support legacy ParsedCommandV1 structure","status":"passed","title":"should support legacy ParsedCommandV1 structure","duration":0.1038140000000567,"failureMessages":[],"meta":{}},{"ancestorTitles":["ParsedCommand types","Backward compatibility"],"fullName":"ParsedCommand types Backward compatibility should support ParsedObjectReference","status":"passed","title":"should support ParsedObjectReference","duration":1.624931999999717,"failureMessages":[],"meta":{}},{"ancestorTitles":["ParsedCommand types","PartOfSpeech enum (to be removed)"],"fullName":"ParsedCommand types PartOfSpeech enum (to be removed) should still have PartOfSpeech enum during migration","status":"passed","title":"should still have PartOfSpeech enum during migration","duration":0.3937229999992269,"failureMessages":[],"meta":{}},{"ancestorTitles":["ParsedCommand types","PartOfSpeech enum (to be removed)"],"fullName":"ParsedCommand types PartOfSpeech enum (to be removed) should not have language-specific parts of speech","status":"passed","title":"should not have language-specific parts of speech","duration":0.4747860000006767,"failureMessages":[],"meta":{}},{"ancestorTitles":["Language-agnostic design"],"fullName":"Language-agnostic design ParsedCommand should not have language-specific fields at top level","status":"passed","title":"ParsedCommand should not have language-specific fields at top level","duration":0.7481399999996938,"failureMessages":[],"meta":{}},{"ancestorTitles":["Language-agnostic design"],"fullName":"Language-agnostic design Token structure should support language data extension","status":"passed","title":"Token structure should support language data extension","duration":0.12787900000057562,"failureMessages":[],"meta":{}},{"ancestorTitles":["Language-agnostic design"],"fullName":"Language-agnostic design Pattern names should be opaque strings","status":"passed","title":"Pattern names should be opaque strings","duration":0.21355900000071415,"failureMessages":[],"meta":{}}],"startTime":1755159927282,"endTime":1755159927294.2136,"status":"passed","message":"","name":"/mnt/c/repotemp/sharpee/packages/world-model/tests/unit/parsed-command.test.ts"},{"assertionResults":[{"ancestorTitles":["Darkness and Light Source Scope Rules"],"fullName":"Darkness and Light Source Scope Rules should not see objects in dark room without light","status":"passed","title":"should not see objects in dark room without light","duration":4.499676999999792,"failureMessages":[],"meta":{}},{"ancestorTitles":["Darkness and Light Source Scope Rules"],"fullName":"Darkness and Light Source Scope Rules should see objects when carrying lit light source","status":"passed","title":"should see objects when carrying lit light source","duration":1.10402299999987,"failureMessages":[],"meta":{}},{"ancestorTitles":["Darkness and Light Source Scope Rules"],"fullName":"Darkness and Light Source Scope Rules should not see when light source is off","status":"passed","title":"should not see when light source is off","duration":3.3118029999995997,"failureMessages":[],"meta":{}},{"ancestorTitles":["Darkness and Light Source Scope Rules"],"fullName":"Darkness and Light Source Scope Rules should see when light source is turned on","status":"passed","title":"should see when light source is turned on","duration":0.6920839999993404,"failureMessages":[],"meta":{}},{"ancestorTitles":["Darkness and Light Source Scope Rules"],"fullName":"Darkness and Light Source Scope Rules should see when room has light source","status":"passed","title":"should see when room has light source","duration":1.0935609999996814,"failureMessages":[],"meta":{}},{"ancestorTitles":["Darkness and Light Source Scope Rules"],"fullName":"Darkness and Light Source Scope Rules should work normally in lit rooms","status":"passed","title":"should work normally in lit rooms","duration":1.9702980000001844,"failureMessages":[],"meta":{}},{"ancestorTitles":["Darkness and Light Source Scope Rules"],"fullName":"Darkness and Light Source Scope Rules should support partial darkness with specific visibility - SKIPPED: Scope rules should not affect physical visibility","status":"skipped","title":"should support partial darkness with specific visibility - SKIPPED: Scope rules should not affect physical visibility","failureMessages":[],"meta":{}},{"ancestorTitles":["Darkness and Light Source Scope Rules"],"fullName":"Darkness and Light Source Scope Rules should handle underground darkness differently","status":"passed","title":"should handle underground darkness differently","duration":1.0483560000002399,"failureMessages":[],"meta":{}}],"startTime":1755159954132,"endTime":1755159954146.0483,"status":"passed","message":"","name":"/mnt/c/repotemp/sharpee/packages/world-model/tests/scope/darkness-light.test.ts"},{"assertionResults":[{"ancestorTitles":["Magic Sight Scope Rules"],"fullName":"Magic Sight Scope Rules should see invisible objects with true sight - SKIPPED: Magic sight should affect scope, not physical visibility","status":"skipped","title":"should see invisible objects with true sight - SKIPPED: Magic sight should affect scope, not physical visibility","failureMessages":[],"meta":{}},{"ancestorTitles":["Magic Sight Scope Rules"],"fullName":"Magic Sight Scope Rules should see through walls with x-ray vision - SKIPPED: X-ray vision should affect scope, not physical visibility","status":"skipped","title":"should see through walls with x-ray vision - SKIPPED: X-ray vision should affect scope, not physical visibility","failureMessages":[],"meta":{}},{"ancestorTitles":["Magic Sight Scope Rules"],"fullName":"Magic Sight Scope Rules should reveal concealed objects with detect magic","status":"passed","title":"should reveal concealed objects with detect magic","duration":4.3267079999995985,"failureMessages":[],"meta":{}},{"ancestorTitles":["Magic Sight Scope Rules"],"fullName":"Magic Sight Scope Rules should see inside closed containers with clairvoyance - SKIPPED: Clairvoyance should affect scope, not physical visibility","status":"skipped","title":"should see inside closed containers with clairvoyance - SKIPPED: Clairvoyance should affect scope, not physical visibility","failureMessages":[],"meta":{}},{"ancestorTitles":["Magic Sight Scope Rules"],"fullName":"Magic Sight Scope Rules should have remote viewing through crystal orb","status":"passed","title":"should have remote viewing through crystal orb","duration":0.7854910000005475,"failureMessages":[],"meta":{}},{"ancestorTitles":["Magic Sight Scope Rules"],"fullName":"Magic Sight Scope Rules should combine multiple magical sight abilities - SKIPPED: Magic sight should affect scope, not physical visibility","status":"skipped","title":"should combine multiple magical sight abilities - SKIPPED: Magic sight should affect scope, not physical visibility","failureMessages":[],"meta":{}},{"ancestorTitles":["Magic Sight Scope Rules"],"fullName":"Magic Sight Scope Rules should limit magical sight by power level","status":"passed","title":"should limit magical sight by power level","duration":2.5362259999992602,"failureMessages":[],"meta":{}}],"startTime":1755159953228,"endTime":1755159953235.5361,"status":"passed","message":"","name":"/mnt/c/repotemp/sharpee/packages/world-model/tests/scope/magic-sight.test.ts"},{"assertionResults":[{"ancestorTitles":["Sound Traveling Scope Rules"],"fullName":"Sound Traveling Scope Rules should hear sounds from adjacent rooms","status":"passed","title":"should hear sounds from adjacent rooms","duration":4.386230000000069,"failureMessages":[],"meta":{}},{"ancestorTitles":["Sound Traveling Scope Rules"],"fullName":"Sound Traveling Scope Rules should hear loud sounds from further away","status":"passed","title":"should hear loud sounds from further away","duration":0.8649770000001809,"failureMessages":[],"meta":{}},{"ancestorTitles":["Sound Traveling Scope Rules"],"fullName":"Sound Traveling Scope Rules should not hear sounds through solid barriers","status":"passed","title":"should not hear sounds through solid barriers","duration":2.0080120000002353,"failureMessages":[],"meta":{}},{"ancestorTitles":["Sound Traveling Scope Rules"],"fullName":"Sound Traveling Scope Rules should support directional sound","status":"passed","title":"should support directional sound","duration":0.799590999999964,"failureMessages":[],"meta":{}},{"ancestorTitles":["Sound Traveling Scope Rules"],"fullName":"Sound Traveling Scope Rules should combine multiple sound rules","status":"passed","title":"should combine multiple sound rules","duration":2.621752000000015,"failureMessages":[],"meta":{}},{"ancestorTitles":["Sound Traveling Scope Rules"],"fullName":"Sound Traveling Scope Rules should filter sounds by action type","status":"passed","title":"should filter sounds by action type","duration":0.7963529999997263,"failureMessages":[],"meta":{}}],"startTime":1755159946431,"endTime":1755159946442.7964,"status":"passed","message":"","name":"/mnt/c/repotemp/sharpee/packages/world-model/tests/scope/sound-traveling.test.ts"},{"assertionResults":[{"ancestorTitles":["Window Visibility Scope Rule - Fixed"],"fullName":"Window Visibility Scope Rule - Fixed should not see garden entities when window is closed","status":"passed","title":"should not see garden entities when window is closed","duration":3.4362849999997707,"failureMessages":[],"meta":{}},{"ancestorTitles":["Window Visibility Scope Rule - Fixed"],"fullName":"Window Visibility Scope Rule - Fixed should see garden entities when window is open with scope rule - SKIPPED: Cross-room visibility violates architecture","status":"skipped","title":"should see garden entities when window is open with scope rule - SKIPPED: Cross-room visibility violates architecture","failureMessages":[],"meta":{}},{"ancestorTitles":["Window Visibility Scope Rule - Fixed"],"fullName":"Window Visibility Scope Rule - Fixed should not see garden when window closes again - SKIPPED: Cross-room visibility violates architecture","status":"skipped","title":"should not see garden when window closes again - SKIPPED: Cross-room visibility violates architecture","failureMessages":[],"meta":{}},{"ancestorTitles":["Window Visibility Scope Rule - Fixed"],"fullName":"Window Visibility Scope Rule - Fixed should support action-specific visibility","status":"passed","title":"should support action-specific visibility","duration":1.0327519999991637,"failureMessages":[],"meta":{}},{"ancestorTitles":["Window Visibility Scope Rule - Fixed"],"fullName":"Window Visibility Scope Rule - Fixed should support dynamic entity inclusion","status":"passed","title":"should support dynamic entity inclusion","duration":0.6813529999999446,"failureMessages":[],"meta":{}},{"ancestorTitles":["Window Visibility Scope Rule - Fixed"],"fullName":"Window Visibility Scope Rule - Fixed should support scope rule removal - SKIPPED: Cross-room visibility violates architecture","status":"skipped","title":"should support scope rule removal - SKIPPED: Cross-room visibility violates architecture","failureMessages":[],"meta":{}},{"ancestorTitles":["Window Visibility Scope Rule - Fixed"],"fullName":"Window Visibility Scope Rule - Fixed should handle one-way visibility","status":"passed","title":"should handle one-way visibility","duration":0.5281429999995453,"failureMessages":[],"meta":{}}],"startTime":1755159941758,"endTime":1755159941764.528,"status":"passed","message":"","name":"/mnt/c/repotemp/sharpee/packages/world-model/tests/scope/window-visibility-fixed.test.ts"},{"assertionResults":[{"ancestorTitles":["Window Visibility Scope Rule"],"fullName":"Window Visibility Scope Rule should not see garden entities when window is closed - SKIPPED: Test setup issue, player not properly in room","status":"skipped","title":"should not see garden entities when window is closed - SKIPPED: Test setup issue, player not properly in room","failureMessages":[],"meta":{}},{"ancestorTitles":["Window Visibility Scope Rule"],"fullName":"Window Visibility Scope Rule should include garden entities in scope when window is open with scope rule - SKIPPED: Test setup issue, player not properly in room","status":"skipped","title":"should include garden entities in scope when window is open with scope rule - SKIPPED: Test setup issue, player not properly in room","failureMessages":[],"meta":{}},{"ancestorTitles":["Window Visibility Scope Rule"],"fullName":"Window Visibility Scope Rule should not see garden when window closes again - SKIPPED: Cross-room visibility should use scope, not getVisible()","status":"skipped","title":"should not see garden when window closes again - SKIPPED: Cross-room visibility should use scope, not getVisible()","failureMessages":[],"meta":{}},{"ancestorTitles":["Window Visibility Scope Rule"],"fullName":"Window Visibility Scope Rule should support action-specific visibility","status":"passed","title":"should support action-specific visibility","duration":6.608313000000635,"failureMessages":[],"meta":{}},{"ancestorTitles":["Window Visibility Scope Rule"],"fullName":"Window Visibility Scope Rule should support dynamic entity inclusion","status":"passed","title":"should support dynamic entity inclusion","duration":1.7610219999996843,"failureMessages":[],"meta":{}},{"ancestorTitles":["Window Visibility Scope Rule"],"fullName":"Window Visibility Scope Rule should respect rule priorities when rules conflict","status":"passed","title":"should respect rule priorities when rules conflict","duration":1.1951380000000427,"failureMessages":[],"meta":{}},{"ancestorTitles":["Window Visibility Scope Rule"],"fullName":"Window Visibility Scope Rule should support scope rule removal","status":"passed","title":"should support scope rule removal","duration":1.0518400000000838,"failureMessages":[],"meta":{}}],"startTime":1755159944268,"endTime":1755159944278.0518,"status":"passed","message":"","name":"/mnt/c/repotemp/sharpee/packages/world-model/tests/scope/window-visibility.test.ts"},{"assertionResults":[{"ancestorTitles":["Behavior","trait requirements"],"fullName":"Behavior trait requirements should validate entity has required traits","status":"passed","title":"should validate entity has required traits","duration":1.656304000000091,"failureMessages":[],"meta":{}},{"ancestorTitles":["Behavior","trait requirements"],"fullName":"Behavior trait requirements should get list of missing traits","status":"passed","title":"should get list of missing traits","duration":1.0352069999999003,"failureMessages":[],"meta":{}},{"ancestorTitles":["Behavior","trait requirements"],"fullName":"Behavior trait requirements should work with behaviors having no requirements","status":"passed","title":"should work with behaviors having no requirements","duration":0.17745400000057998,"failureMessages":[],"meta":{}},{"ancestorTitles":["Behavior","require helper"],"fullName":"Behavior require helper should return trait when present","status":"passed","title":"should return trait when present","duration":0.6703790000001391,"failureMessages":[],"meta":{}},{"ancestorTitles":["Behavior","require helper"],"fullName":"Behavior require helper should throw error when required trait is missing","status":"passed","title":"should throw error when required trait is missing","duration":0.2224850000002334,"failureMessages":[],"meta":{}},{"ancestorTitles":["Behavior","optional helper"],"fullName":"Behavior optional helper should return trait when present","status":"passed","title":"should return trait when present","duration":0.2747410000001764,"failureMessages":[],"meta":{}},{"ancestorTitles":["Behavior","optional helper"],"fullName":"Behavior optional helper should return undefined when trait is missing","status":"passed","title":"should return undefined when trait is missing","duration":0.16741299999921466,"failureMessages":[],"meta":{}},{"ancestorTitles":["Behavior","behavior patterns"],"fullName":"Behavior behavior patterns should support behaviors that check state","status":"passed","title":"should support behaviors that check state","duration":0.14519900000050256,"failureMessages":[],"meta":{}},{"ancestorTitles":["Behavior","behavior patterns"],"fullName":"Behavior behavior patterns should support behaviors with no requirements","status":"passed","title":"should support behaviors with no requirements","duration":0.20533200000045326,"failureMessages":[],"meta":{}},{"ancestorTitles":["Behavior","inheritance"],"fullName":"Behavior inheritance should support behavior inheritance","status":"passed","title":"should support behavior inheritance","duration":0.8837509999993927,"failureMessages":[],"meta":{}},{"ancestorTitles":["Behavior","error messages"],"fullName":"Behavior error messages should provide clear error messages for missing traits","status":"passed","title":"should provide clear error messages for missing traits","duration":0.2702020000006087,"failureMessages":[],"meta":{}},{"ancestorTitles":["Behavior","static nature"],"fullName":"Behavior static nature should not require instantiation","status":"passed","title":"should not require instantiation","duration":0.23099499999989348,"failureMessages":[],"meta":{}}],"startTime":1755159939111,"endTime":1755159939118.231,"status":"passed","message":"","name":"/mnt/c/repotemp/sharpee/packages/world-model/tests/unit/behaviors/behavior.test.ts"},{"assertionResults":[{"ancestorTitles":["EntityStore","basic operations"],"fullName":"EntityStore basic operations should add and retrieve entities","status":"passed","title":"should add and retrieve entities","duration":2.425532999999632,"failureMessages":[],"meta":{}},{"ancestorTitles":["EntityStore","basic operations"],"fullName":"EntityStore basic operations should return undefined for non-existent entities","status":"passed","title":"should return undefined for non-existent entities","duration":0.4111979999997857,"failureMessages":[],"meta":{}},{"ancestorTitles":["EntityStore","basic operations"],"fullName":"EntityStore basic operations should remove entities and clear traits","status":"passed","title":"should remove entities and clear traits","duration":1.5151370000003226,"failureMessages":[],"meta":{}},{"ancestorTitles":["EntityStore","basic operations"],"fullName":"EntityStore basic operations should clear all entities","status":"passed","title":"should clear all entities","duration":0.7108140000000276,"failureMessages":[],"meta":{}},{"ancestorTitles":["EntityStore","querying"],"fullName":"EntityStore querying should get all entities","status":"passed","title":"should get all entities","duration":1.9656260000001566,"failureMessages":[],"meta":{}},{"ancestorTitles":["EntityStore","querying"],"fullName":"EntityStore querying should get entities by type","status":"passed","title":"should get entities by type","duration":0.7781400000003487,"failureMessages":[],"meta":{}},{"ancestorTitles":["EntityStore","querying"],"fullName":"EntityStore querying should find entities with specific trait","status":"passed","title":"should find entities with specific trait","duration":2.8651520000003075,"failureMessages":[],"meta":{}},{"ancestorTitles":["EntityStore","querying"],"fullName":"EntityStore querying should find entities with all specified traits","status":"passed","title":"should find entities with all specified traits","duration":1.0377040000003035,"failureMessages":[],"meta":{}},{"ancestorTitles":["EntityStore","querying"],"fullName":"EntityStore querying should find entities with any specified traits","status":"passed","title":"should find entities with any specified traits","duration":1.5738769999998112,"failureMessages":[],"meta":{}},{"ancestorTitles":["EntityStore","iteration"],"fullName":"EntityStore iteration should be iterable","status":"passed","title":"should be iterable","duration":0.7561969999997018,"failureMessages":[],"meta":{}},{"ancestorTitles":["EntityStore","serialization"],"fullName":"EntityStore serialization should serialize to JSON","status":"passed","title":"should serialize to JSON","duration":2.2361919999993916,"failureMessages":[],"meta":{}},{"ancestorTitles":["EntityStore","serialization"],"fullName":"EntityStore serialization should deserialize from JSON","status":"passed","title":"should deserialize from JSON","duration":1.0224029999999402,"failureMessages":[],"meta":{}},{"ancestorTitles":["EntityStore","size property"],"fullName":"EntityStore size property should reflect number of entities","status":"passed","title":"should reflect number of entities","duration":0.5541349999994054,"failureMessages":[],"meta":{}},{"ancestorTitles":["EntityStore","edge cases"],"fullName":"EntityStore edge cases should handle removing non-existent entity","status":"passed","title":"should handle removing non-existent entity","duration":1.5517909999998665,"failureMessages":[],"meta":{}},{"ancestorTitles":["EntityStore","edge cases"],"fullName":"EntityStore edge cases should handle duplicate adds gracefully","status":"passed","title":"should handle duplicate adds gracefully","duration":0.23424900000009075,"failureMessages":[],"meta":{}},{"ancestorTitles":["EntityStore","edge cases"],"fullName":"EntityStore edge cases should work with empty store","status":"passed","title":"should work with empty store","duration":0.6319549999998344,"failureMessages":[],"meta":{}}],"startTime":1755159945721,"endTime":1755159945742.6318,"status":"passed","message":"","name":"/mnt/c/repotemp/sharpee/packages/world-model/tests/unit/entities/entity-store.test.ts"},{"assertionResults":[{"ancestorTitles":["IFEntity","constructor"],"fullName":"IFEntity constructor should create entity with id and type","status":"passed","title":"should create entity with id and type","duration":1.7940669999998136,"failureMessages":[],"meta":{}},{"ancestorTitles":["IFEntity","constructor"],"fullName":"IFEntity constructor should accept creation params","status":"passed","title":"should accept creation params","duration":0.3771679999999833,"failureMessages":[],"meta":{}},{"ancestorTitles":["IFEntity","traits"],"fullName":"IFEntity traits should add trait","status":"passed","title":"should add trait","duration":0.2620699999997669,"failureMessages":[],"meta":{}},{"ancestorTitles":["IFEntity","traits"],"fullName":"IFEntity traits should remove trait","status":"passed","title":"should remove trait","duration":0.290871000000152,"failureMessages":[],"meta":{}},{"ancestorTitles":["IFEntity","traits"],"fullName":"IFEntity traits should replace existing trait of same type","status":"passed","title":"should replace existing trait of same type","duration":1.1671040000001085,"failureMessages":[],"meta":{}},{"ancestorTitles":["IFEntity","traits"],"fullName":"IFEntity traits should check multiple traits with hasAll","status":"passed","title":"should check multiple traits with hasAll","duration":0.3322019999995973,"failureMessages":[],"meta":{}},{"ancestorTitles":["IFEntity","traits"],"fullName":"IFEntity traits should check multiple traits with hasAny","status":"passed","title":"should check multiple traits with hasAny","duration":0.14081100000021252,"failureMessages":[],"meta":{}},{"ancestorTitles":["IFEntity","traits"],"fullName":"IFEntity traits should get all traits","status":"passed","title":"should get all traits","duration":0.7834570000004533,"failureMessages":[],"meta":{}},{"ancestorTitles":["IFEntity","traits"],"fullName":"IFEntity traits should get all trait types","status":"passed","title":"should get all trait types","duration":0.5098090000001321,"failureMessages":[],"meta":{}},{"ancestorTitles":["IFEntity","traits"],"fullName":"IFEntity traits should clear all traits","status":"passed","title":"should clear all traits","duration":0.22245099999963713,"failureMessages":[],"meta":{}},{"ancestorTitles":["IFEntity","traits"],"fullName":"IFEntity traits should support trait aliases (getTrait, hasTrait)","status":"passed","title":"should support trait aliases (getTrait, hasTrait)","duration":0.14522499999930005,"failureMessages":[],"meta":{}},{"ancestorTitles":["IFEntity","convenience properties"],"fullName":"IFEntity convenience properties should identify rooms","status":"passed","title":"should identify rooms","duration":0.1492950000001656,"failureMessages":[],"meta":{}},{"ancestorTitles":["IFEntity","convenience properties"],"fullName":"IFEntity convenience properties should identify containers","status":"passed","title":"should identify containers","duration":0.12691499999982625,"failureMessages":[],"meta":{}},{"ancestorTitles":["IFEntity","convenience properties"],"fullName":"IFEntity convenience properties should identify takeable items","status":"passed","title":"should identify takeable items","duration":0.09025999999994383,"failureMessages":[],"meta":{}},{"ancestorTitles":["IFEntity","convenience properties"],"fullName":"IFEntity convenience properties should get name from displayName attribute first","status":"passed","title":"should get name from displayName attribute first","duration":0.14376899999933812,"failureMessages":[],"meta":{}},{"ancestorTitles":["IFEntity","convenience properties"],"fullName":"IFEntity convenience properties should get weight from attributes","status":"passed","title":"should get weight from attributes","duration":0.07319600000028004,"failureMessages":[],"meta":{}},{"ancestorTitles":["IFEntity","cloning"],"fullName":"IFEntity cloning should create deep copy with new ID","status":"passed","title":"should create deep copy with new ID","duration":0.5044050000005882,"failureMessages":[],"meta":{}},{"ancestorTitles":["IFEntity","serialization"],"fullName":"IFEntity serialization should serialize to JSON","status":"passed","title":"should serialize to JSON","duration":2.1586870000001,"failureMessages":[],"meta":{}},{"ancestorTitles":["IFEntity","serialization"],"fullName":"IFEntity serialization should deserialize from JSON","status":"passed","title":"should deserialize from JSON","duration":0.5322839999998905,"failureMessages":[],"meta":
[...]
:["VisibilityBehavior","complex scenarios"],"fullName":"VisibilityBehavior complex scenarios should handle circular containment gracefully","status":"passed","title":"should handle circular containment gracefully","duration":0.78454899999997,"failureMessages":[],"meta":{}},{"ancestorTitles":["VisibilityBehavior","edge cases"],"fullName":"VisibilityBehavior edge cases should handle missing entities gracefully","status":"passed","title":"should handle missing entities gracefully","duration":0.4890479999994568,"failureMessages":[],"meta":{}},{"ancestorTitles":["VisibilityBehavior","edge cases"],"fullName":"VisibilityBehavior edge cases should handle entities with no location","status":"passed","title":"should handle entities with no location","duration":0.15911299999970652,"failureMessages":[],"meta":{}},{"ancestorTitles":["VisibilityBehavior","edge cases"],"fullName":"VisibilityBehavior edge cases should handle max depth in containment path","status":"passed","title":"should handle max depth in containment path","duration":0.3360720000000583,"failureMessages":[],"meta":{}}],"startTime":1755159931239,"endTime":1755159931262.3362,"status":"passed","message":"","name":"/mnt/c/repotemp/sharpee/packages/world-model/tests/unit/world/visibility-behavior.test.ts"},{"assertionResults":[{"ancestorTitles":["WorldModel","initialization"],"fullName":"WorldModel initialization should create empty world model","status":"passed","title":"should create empty world model","duration":4.60748600000079,"failureMessages":[],"meta":{}},{"ancestorTitles":["WorldModel","initialization"],"fullName":"WorldModel initialization should accept configuration","status":"passed","title":"should accept configuration","duration":0.35093400000005204,"failureMessages":[],"meta":{}},{"ancestorTitles":["WorldModel","entity management"],"fullName":"WorldModel entity management should create entity with auto-generated ID","status":"passed","title":"should create entity with auto-generated ID","duration":0.781435999999303,"failureMessages":[],"meta":{}},{"ancestorTitles":["WorldModel","entity management"],"fullName":"WorldModel entity management should generate correct type-prefixed IDs","status":"passed","title":"should generate correct type-prefixed IDs","duration":0.5205299999997806,"failureMessages":[],"meta":{}},{"ancestorTitles":["WorldModel","entity management"],"fullName":"WorldModel entity management should allow multiple entities with same displayName","status":"passed","title":"should allow multiple entities with same displayName","duration":0.7128730000003998,"failureMessages":[],"meta":{}},{"ancestorTitles":["WorldModel","entity management"],"fullName":"WorldModel entity management should create entities with displayName","status":"passed","title":"should create entities with displayName","duration":0.33204900000055204,"failureMessages":[],"meta":{}},{"ancestorTitles":["WorldModel","entity management"],"fullName":"WorldModel entity management should get entity by id","status":"passed","title":"should get entity by id","duration":0.23868399999992107,"failureMessages":[],"meta":{}},{"ancestorTitles":["WorldModel","entity management"],"fullName":"WorldModel entity management should return undefined for missing entity","status":"passed","title":"should return undefined for missing entity","duration":0.1260020000008808,"failureMessages":[],"meta":{}},{"ancestorTitles":["WorldModel","entity management"],"fullName":"WorldModel entity management should check entity existence","status":"passed","title":"should check entity existence","duration":0.29812700000002224,"failureMessages":[],"meta":{}},{"ancestorTitles":["WorldModel","entity management"],"fullName":"WorldModel entity management should remove entity","status":"passed","title":"should remove entity","duration":0.26772800000071584,"failureMessages":[],"meta":{}},{"ancestorTitles":["WorldModel","entity management"],"fullName":"WorldModel entity management should return false when removing non-existent entity","status":"passed","title":"should return false when removing non-existent entity","duration":0.07886599999983446,"failureMessages":[],"meta":{}},{"ancestorTitles":["WorldModel","entity management"],"fullName":"WorldModel entity management should get all entities","status":"passed","title":"should get all entities","duration":1.44916000000012,"failureMessages":[],"meta":{}},{"ancestorTitles":["WorldModel","entity management"],"fullName":"WorldModel entity management should update entity","status":"passed","title":"should update entity","duration":0.1986429999997199,"failureMessages":[],"meta":{}},{"ancestorTitles":["WorldModel","entity management"],"fullName":"WorldModel entity management should handle updating non-existent entity","status":"passed","title":"should handle updating non-existent entity","duration":0.15356699999938428,"failureMessages":[],"meta":{}},{"ancestorTitles":["WorldModel","entity management"],"fullName":"WorldModel entity management should throw in strict mode when updating non-existent entity","status":"passed","title":"should throw in strict mode when updating non-existent entity","duration":0.5935190000000148,"failureMessages":[],"meta":{}},{"ancestorTitles":["WorldModel","entity management"],"fullName":"WorldModel entity management should store displayName in entity attributes","status":"passed","title":"should store displayName in entity attributes","duration":0.1698980000001029,"failureMessages":[],"meta":{}},{"ancestorTitles":["WorldModel","entity management"],"fullName":"WorldModel entity management should increment ID counters correctly","status":"passed","title":"should increment ID counters correctly","duration":0.12662799999998242,"failureMessages":[],"meta":{}},{"ancestorTitles":["WorldModel","entity management"],"fullName":"WorldModel entity management should handle ID counter overflow","status":"passed","title":"should handle ID counter overflow","duration":3.650856999998723,"failureMessages":[],"meta":{}},{"ancestorTitles":["WorldModel","spatial management"],"fullName":"WorldModel spatial management should get entity location","status":"passed","title":"should get entity location","duration":0.6896780000006402,"failureMessages":[],"meta":{}},{"ancestorTitles":["WorldModel","spatial management"],"fullName":"WorldModel spatial management should get container contents","status":"passed","title":"should get container contents","duration":0.6112149999989924,"failureMessages":[],"meta":{}},{"ancestorTitles":["WorldModel","spatial management"],"fullName":"WorldModel spatial management should move entity","status":"passed","title":"should move entity","duration":0.21877599999970698,"failureMessages":[],"meta":{}},{"ancestorTitles":["WorldModel","spatial management"],"fullName":"WorldModel spatial management should remove entity from world","status":"passed","title":"should remove entity from world","duration":0.13954000000012456,"failureMessages":[],"meta":{}},{"ancestorTitles":["WorldModel","spatial management"],"fullName":"WorldModel spatial management should check if move is valid","status":"passed","title":"should check if move is valid","duration":0.12181500000042433,"failureMessages":[],"meta":{}},{"ancestorTitles":["WorldModel","spatial management"],"fullName":"WorldModel spatial management should prevent moving to non-container","status":"passed","title":"should prevent moving to non-container","duration":0.07758600000124716,"failureMessages":[],"meta":{}},{"ancestorTitles":["WorldModel","spatial management"],"fullName":"WorldModel spatial management should prevent containment loops","status":"passed","title":"should prevent containment loops","duration":0.17693399999916437,"failureMessages":[],"meta":{}},{"ancestorTitles":["WorldModel","spatial management"],"fullName":"WorldModel spatial management should get containing room","status":"passed","title":"should get containing room","duration":0.15426700000170968,"failureMessages":[],"meta":{}},{"ancestorTitles":["WorldModel","spatial management"],"fullName":"WorldModel spatial management should get all contents recursively","status":"passed","title":"should get all contents recursively","duration":0.4165969999994559,"failureMessages":[],"meta":{}},{"ancestorTitles":["WorldModel","spatial management"],"fullName":"WorldModel spatial management should handle max depth limit","status":"passed","title":"should handle max depth limit","duration":0.1670670000003156,"failureMessages":[],"meta":{}},{"ancestorTitles":["WorldModel","spatial management"],"fullName":"WorldModel spatial management should work with entity IDs","status":"passed","title":"should work with entity IDs","duration":0.2488499999999476,"failureMessages":[],"meta":{}},{"ancestorTitles":["WorldModel","world state management"],"fullName":"WorldModel world state management should get and set state","status":"passed","title":"should get and set state","duration":0.18311399999947753,"failureMessages":[],"meta":{}},{"ancestorTitles":["WorldModel","world state management"],"fullName":"WorldModel world state management should get and set state values","status":"passed","title":"should get and set state values","duration":0.08364500000061525,"failureMessages":[],"meta":{}},{"ancestorTitles":["WorldModel","world state management"],"fullName":"WorldModel world state management should handle nested state values","status":"passed","title":"should handle nested state values","duration":0.08387600000060047,"failureMessages":[],"meta":{}},{"ancestorTitles":["WorldModel","query operations"],"fullName":"WorldModel query operations should find entities by trait","status":"passed","title":"should find entities by trait","duration":0.43808399999943504,"failureMessages":[],"meta":{}},{"ancestorTitles":["WorldModel","query operations"],"fullName":"WorldModel query operations should find entities by type","status":"passed","title":"should find entities by type","duration":0.25119699999959266,"failureMessages":[],"meta":{}},{"ancestorTitles":["WorldModel","query operations"],"fullName":"WorldModel query operations should find entities with predicate","status":"passed","title":"should find entities with predicate","duration":1.0208789999996952,"failureMessages":[],"meta":{}},{"ancestorTitles":["WorldModel","query operations"],"fullName":"WorldModel query operations should find all entities without filtering","status":"passed","title":"should find all entities without filtering","duration":0.37172300000020186,"failureMessages":[],"meta":{}},{"ancestorTitles":["WorldModel","visibility and scope"],"fullName":"WorldModel visibility and scope should get entities in scope","status":"passed","title":"should get entities in scope","duration":0.5668600000008155,"failureMessages":[],"meta":{}},{"ancestorTitles":["WorldModel","visibility and scope"],"fullName":"WorldModel visibility and scope should include carried items in scope","status":"passed","title":"should include carried items in scope","duration":0.16288499999973283,"failureMessages":[],"meta":{}},{"ancestorTitles":["WorldModel","visibility and scope"],"fullName":"WorldModel visibility and scope should check visibility","status":"passed","title":"should check visibility","duration":0.18091300000014598,"failureMessages":[],"meta":{}},{"ancestorTitles":["WorldModel","visibility and scope"],"fullName":"WorldModel visibility and scope should work with direct IDs for visibility","status":"passed","title":"should work with direct IDs for visibility","duration":0.08001599999988684,"failureMessages":[],"meta":{}},{"ancestorTitles":["WorldModel","relationships"],"fullName":"WorldModel relationships should add relationship","status":"passed","title":"should add relationship","duration":0.30053399999997055,"failureMessages":[],"meta":{}},{"ancestorTitles":["WorldModel","relationships"],"fullName":"WorldModel relationships should get related entities","status":"passed","title":"should get related entities","duration":0.5378299999993033,"failureMessages":[],"meta":{}},{"ancestorTitles":["WorldModel","relationships"],"fullName":"WorldModel relationships should remove relationship","status":"passed","title":"should remove relationship","duration":0.129425999999512,"failureMessages":[],"meta":{}},{"ancestorTitles":["WorldModel","relationships"],"fullName":"WorldModel relationships should handle multiple relationship types","status":"passed","title":"should handle multiple relationship types","duration":0.0850140000002284,"failureMessages":[],"meta":{}},{"ancestorTitles":["WorldModel","relationships"],"fullName":"WorldModel relationships should handle non-existent entities in non-strict mode","status":"passed","title":"should handle non-existent entities in non-strict mode","duration":0.07481100000040897,"failureMessages":[],"meta":{}},{"ancestorTitles":["WorldModel","relationships"],"fullName":"WorldModel relationships should throw in strict mode for non-existent entities","status":"passed","title":"should throw in strict mode for non-existent entities","duration":0.1464689999993425,"failureMessages":[],"meta":{}},{"ancestorTitles":["WorldModel","utility methods"],"fullName":"WorldModel utility methods should calculate total weight","status":"passed","title":"should calculate total weight","duration":0.20400899999913236,"failureMessages":[],"meta":{}},{"ancestorTitles":["WorldModel","utility methods"],"fullName":"WorldModel utility methods should detect containment loops","status":"passed","title":"should detect containment loops","duration":0.09424100000069302,"failureMessages":[],"meta":{}},{"ancestorTitles":["WorldModel","utility methods"],"fullName":"WorldModel utility methods should find path between rooms","status":"passed","title":"should find path between rooms","duration":0.31891299999915645,"failureMessages":[],"meta":{}},{"ancestorTitles":["WorldModel","utility methods"],"fullName":"WorldModel utility methods should get and set player","status":"passed","title":"should get and set player","duration":0.09276200000022072,"failureMessages":[],"meta":{}},{"ancestorTitles":["WorldModel","utility methods"],"fullName":"WorldModel utility methods should throw when setting non-existent player","status":"passed","title":"should throw when setting non-existent player","duration":0.11052200000085577,"failureMessages":[],"meta":{}},{"ancestorTitles":["WorldModel","persistence"],"fullName":"WorldModel persistence should serialize to JSON","status":"passed","title":"should serialize to JSON","duration":0.3089899999995396,"failureMessages":[],"meta":{}},{"ancestorTitles":["WorldModel","persistence"],"fullName":"WorldModel persistence should load from JSON","status":"passed","title":"should load from JSON","duration":0.503312000000733,"failureMessages":[],"meta":{}},{"ancestorTitles":["WorldModel","persistence"],"fullName":"WorldModel persistence should handle loading old saves without ID system data","status":"passed","title":"should handle loading old saves without ID system data","duration":0.24694199999976263,"failureMessages":[],"meta":{}},{"ancestorTitles":["WorldModel","persistence"],"fullName":"WorldModel persistence should clear world","status":"passed","title":"should clear world","duration":0.1575620000003255,"failureMessages":[],"meta":{}},{"ancestorTitles":["WorldModel","event sourcing"],"fullName":"WorldModel event sourcing should register and apply event handler","status":"passed","title":"should register and apply event handler","duration":0.1587340000005497,"failureMessages":[],"meta":{}},{"ancestorTitles":["WorldModel","event sourcing"],"fullName":"WorldModel event sourcing should validate events","status":"passed","title":"should validate events","duration":0.08596399999987625,"failureMessages":[],"meta":{}},{"ancestorTitles":["WorldModel","event sourcing"],"fullName":"WorldModel event sourcing should throw when applying invalid event","status":"passed","title":"should throw when applying invalid event","duration":0.12505499999861058,"failureMessages":[],"meta":{}},{"ancestorTitles":["WorldModel","event sourcing"],"fullName":"WorldModel event sourcing should preview event changes","status":"passed","title":"should preview event changes","duration":0.13395800000034797,"failureMessages":[],"meta":{}},{"ancestorTitles":["WorldModel","event sourcing"],"fullName":"WorldModel event sourcing should track event history","status":"passed","title":"should track event history","duration":0.1073789999991277,"failureMessages":[],"meta":{}},{"ancestorTitles":["WorldModel","event sourcing"],"fullName":"WorldModel event sourcing should get events since timestamp","status":"passed","title":"should get events since timestamp","duration":0.1479010000002745,"failureMessages":[],"meta":{}},{"ancestorTitles":["WorldModel","event sourcing"],"fullName":"WorldModel event sourcing should clear event history","status":"passed","title":"should clear event history","duration":0.09176399999887508,"failureMessages":[],"meta":{}},{"ancestorTitles":["WorldModel","event sourcing"],"fullName":"WorldModel event sourcing should unregister event handler","status":"passed","title":"should unregister event handler","duration":0.1274599999997008,"failureMessages":[],"meta":{}},{"ancestorTitles":["WorldModel","event sourcing"],"fullName":"WorldModel event sourcing should handle unregistered events silently","status":"passed","title":"should handle unregistered events silently","duration":0.16642099999990023,"failureMessages":[],"meta":{}},{"ancestorTitles":["WorldModel","edge cases"],"fullName":"WorldModel edge cases should handle empty world operations","status":"passed","title":"should handle empty world operations","duration":0.880736999999499,"failureMessages":[],"meta":{}},{"ancestorTitles":["WorldModel","edge cases"],"fullName":"WorldModel edge cases should handle removing entity with contents","status":"passed","title":"should handle removing entity with contents","duration":0.13574999999946158,"failureMessages":[],"meta":{}},{"ancestorTitles":["WorldModel","edge cases"],"fullName":"WorldModel edge cases should handle circular references in toJSON","status":"passed","title":"should handle circular references in toJSON","duration":0.2245439999987866,"failureMessages":[],"meta":{}}],"startTime":1755159931160,"endTime":1755159931188.2246,"status":"passed","message":"","name":"/mnt/c/repotemp/sharpee/packages/world-model/tests/unit/world/world-model.test.ts"},{"assertionResults":[{"ancestorTitles":["Container State Change Visibility"],"fullName":"Container State Change Visibility should not see medicine when cabinet is closed","status":"passed","title":"should not see medicine when cabinet is closed","duration":3.702397000000019,"failureMessages":[],"meta":{}},{"ancestorTitles":["Container State Change Visibility"],"fullName":"Container State Change Visibility should see medicine when cabinet is open","status":"passed","title":"should see medicine when cabinet is open","duration":0.6757780000007187,"failureMessages":[],"meta":{}},{"ancestorTitles":["Container State Change Visibility"],"fullName":"Container State Change Visibility should handle multiple state changes","status":"passed","title":"should handle multiple state changes","duration":0.7707300000001851,"failureMessages":[],"meta":{}},{"ancestorTitles":["Container State Change Visibility"],"fullName":"Container State Change Visibility should verify canSee works correctly","status":"passed","title":"should verify canSee works correctly","duration":0.41613000000052125,"failureMessages":[],"meta":{}},{"ancestorTitles":["Container State Change Visibility"],"fullName":"Container State Change Visibility should verify medicine is in scope regardless of cabinet state","status":"passed","title":"should verify medicine is in scope regardless of cabinet state","duration":0.6264090000004217,"failureMessages":[],"meta":{}}],"startTime":1755159952945,"endTime":1755159952951.6265,"status":"passed","message":"","name":"/mnt/c/repotemp/sharpee/packages/world-model/tests/unit/visibility/container-state-visibility.test.ts"}]}