{"numTotalTestSuites":468,"numPassedTestSuites":468,"numFailedTestSuites":0,"numPendingTestSuites":0,"numTotalTests":1137,"numPassedTests":1124,"numFailedTests":0,"numPendingTests":13,"numTodoTests":0,"snapshot":{"added":0,"failure":false,"filesAdded":0,"filesRemoved":0,"filesRemovedList":[],"filesUnmatched":0,"filesUpdated":0,"matched":0,"total":0,"unchecked":0,"uncheckedKeysByFile":[],"unmatched":0,"updated":0,"didUpdate":false},"startTime":1755567266769,"success":true,"testResults":[{"assertionResults":[{"ancestorTitles":["Debug Worn Visibility"],"fullName":"Debug Worn Visibility should debug worn item visibility","status":"passed","title":"should debug worn item visibility","duration":5.380639999999403,"failureMessages":[],"meta":{}}],"startTime":1755567293567,"endTime":1755567293572.3806,"status":"passed","message":"","name":"/mnt/c/repotemp/sharpee/packages/world-model/tests/debug-worn-visibility.test.ts"},{"assertionResults":[{"ancestorTitles":["Minimal Visibility Test"],"fullName":"Minimal Visibility Test should see items in the same room","status":"passed","title":"should see items in the same room","duration":3.589586000000054,"failureMessages":[],"meta":{}}],"startTime":1755567313112,"endTime":1755567313115.5896,"status":"passed","message":"","name":"/mnt/c/repotemp/sharpee/packages/world-model/tests/minimal-visibility.test.ts"},{"assertionResults":[{"ancestorTitles":["Darkness and Light Source Scope Rules"],"fullName":"Darkness and Light Source Scope Rules should not see objects in dark room without light","status":"passed","title":"should not see objects in dark room without light","duration":3.8921549999995477,"failureMessages":[],"meta":{}},{"ancestorTitles":["Darkness and Light Source Scope Rules"],"fullName":"Darkness and Light Source Scope Rules should see objects when carrying lit light source","status":"passed","title":"should see objects when carrying lit light source","duration":1.1477909999994154,"failureMessages":[],"meta":{}},{"ancestorTitles":["Darkness and Light Source Scope Rules"],"fullName":"Darkness and Light Source Scope Rules should not see when light source is off","status":"passed","title":"should not see when light source is off","duration":2.209092999999484,"failureMessages":[],"meta":{}},{"ancestorTitles":["Darkness and Light Source Scope Rules"],"fullName":"Darkness and Light Source Scope Rules should see when light source is turned on","status":"passed","title":"should see when light source is turned on","duration":0.5799520000000484,"failureMessages":[],"meta":{}},{"ancestorTitles":["Darkness and Light Source Scope Rules"],"fullName":"Darkness and Light Source Scope Rules should see when room has light source","status":"passed","title":"should see when room has light source","duration":0.9626640000005864,"failureMessages":[],"meta":{}},{"ancestorTitles":["Darkness and Light Source Scope Rules"],"fullName":"Darkness and Light Source Scope Rules should work normally in lit rooms","status":"passed","title":"should work normally in lit rooms","duration":0.705007000000478,"failureMessages":[],"meta":{}},{"ancestorTitles":["Darkness and Light Source Scope Rules"],"fullName":"Darkness and Light Source Scope Rules should support partial darkness with specific visibility - SKIPPED: Scope rules should not affect physical visibility","status":"skipped","title":"should support partial darkness with specific visibility - SKIPPED: Scope rules should not affect physical visibility","failureMessages":[],"meta":{}},{"ancestorTitles":["Darkness and Light Source Scope Rules"],"fullName":"Darkness and Light Source Scope Rules should handle underground darkness differently","status":"passed","title":"should handle underground darkness differently","duration":0.4652529999984836,"failureMessages":[],"meta":{}}],"startTime":1755567299969,"endTime":1755567299979.4653,"status":"passed","message":"","name":"/mnt/c/repotemp/sharpee/packages/world-model/tests/scope/darkness-light.test.ts"},{"assertionResults":[{"ancestorTitles":["Magic Sight Scope Rules"],"fullName":"Magic Sight Scope Rules should see invisible objects with true sight - SKIPPED: Magic sight should affect scope, not physical visibility","status":"skipped","title":"should see invisible objects with true sight - SKIPPED: Magic sight should affect scope, not physical visibility","failureMessages":[],"meta":{}},{"ancestorTitles":["Magic Sight Scope Rules"],"fullName":"Magic Sight Scope Rules should see through walls with x-ray vision - SKIPPED: X-ray vision should affect scope, not physical visibility","status":"skipped","title":"should see through walls with x-ray vision - SKIPPED: X-ray vision should affect scope, not physical visibility","failureMessages":[],"meta":{}},{"ancestorTitles":["Magic Sight Scope Rules"],"fullName":"Magic Sight Scope Rules should reveal concealed objects with detect magic","status":"passed","title":"should reveal concealed objects with detect magic","duration":3.4445369999994,"failureMessages":[],"meta":{}},{"ancestorTitles":["Magic Sight Scope Rules"],"fullName":"Magic Sight Scope Rules should see inside closed containers with clairvoyance - SKIPPED: Clairvoyance should affect scope, not physical visibility","status":"skipped","title":"should see inside closed containers with clairvoyance - SKIPPED: Clairvoyance should affect scope, not physical visibility","failureMessages":[],"meta":{}},{"ancestorTitles":["Magic Sight Scope Rules"],"fullName":"Magic Sight Scope Rules should have remote viewing through crystal orb","status":"passed","title":"should have remote viewing through crystal orb","duration":0.6871789999986504,"failureMessages":[],"meta":{}},{"ancestorTitles":["Magic Sight Scope Rules"],"fullName":"Magic Sight Scope Rules should combine multiple magical sight abilities - SKIPPED: Magic sight should affect scope, not physical visibility","status":"skipped","title":"should combine multiple magical sight abilities - SKIPPED: Magic sight should affect scope, not physical visibility","failureMessages":[],"meta":{}},{"ancestorTitles":["Magic Sight Scope Rules"],"fullName":"Magic Sight Scope Rules should limit magical sight by power level","status":"passed","title":"should limit magical sight by power level","duration":1.0673079999996844,"failureMessages":[],"meta":{}}],"startTime":1755567300309,"endTime":1755567300315.0674,"status":"passed","message":"","name":"/mnt/c/repotemp/sharpee/packages/world-model/tests/scope/magic-sight.test.ts"},{"assertionResults":[{"ancestorTitles":["Sound Traveling Scope Rules"],"fullName":"Sound Traveling Scope Rules should hear sounds from adjacent rooms","status":"passed","title":"should hear sounds from adjacent rooms","duration":3.1641380000000936,"failureMessages":[],"meta":{}},{"ancestorTitles":["Sound Traveling Scope Rules"],"fullName":"Sound Traveling Scope Rules should hear loud sounds from further away","status":"passed","title":"should hear loud sounds from further away","duration":0.8217899999999645,"failureMessages":[],"meta":{}},{"ancestorTitles":["Sound Traveling Scope Rules"],"fullName":"Sound Traveling Scope Rules should not hear sounds through solid barriers","status":"passed","title":"should not hear sounds through solid barriers","duration":0.8379979999999705,"failureMessages":[],"meta":{}},{"ancestorTitles":["Sound Traveling Scope Rules"],"fullName":"Sound Traveling Scope Rules should support directional sound","status":"passed","title":"should support directional sound","duration":0.3871019999996861,"failureMessages":[],"meta":{}},{"ancestorTitles":["Sound Traveling Scope Rules"],"fullName":"Sound Traveling Scope Rules should combine multiple sound rules","status":"passed","title":"should combine multiple sound rules","duration":0.507115999999769,"failureMessages":[],"meta":{}},{"ancestorTitles":["Sound Traveling Scope Rules"],"fullName":"Sound Traveling Scope Rules should filter sounds by action type","status":"passed","title":"should filter sounds by action type","duration":0.590396999999939,"failureMessages":[],"meta":{}}],"startTime":1755567307573,"endTime":1755567307579.5903,"status":"passed","message":"","name":"/mnt/c/repotemp/sharpee/packages/world-model/tests/scope/sound-traveling.test.ts"},{"assertionResults":[{"ancestorTitles":["Window Visibility Scope Rule - Fixed"],"fullName":"Window Visibility Scope Rule - Fixed should not see garden entities when window is closed","status":"passed","title":"should not see garden entities when window is closed","duration":4.363439000000653,"failureMessages":[],"meta":{}},{"ancestorTitles":["Window Visibility Scope Rule - Fixed"],"fullName":"Window Visibility Scope Rule - Fixed should see garden entities when window is open with scope rule - SKIPPED: Cross-room visibility violates architecture","status":"skipped","title":"should see garden entities when window is open with scope rule - SKIPPED: Cross-room visibility violates architecture","failureMessages":[],"meta":{}},{"ancestorTitles":["Window Visibility Scope Rule - Fixed"],"fullName":"Window Visibility Scope Rule - Fixed should not see garden when window closes again - SKIPPED: Cross-room visibility violates architecture","status":"skipped","title":"should not see garden when window closes again - SKIPPED: Cross-room visibility violates architecture","failureMessages":[],"meta":{}},{"ancestorTitles":["Window Visibility Scope Rule - Fixed"],"fullName":"Window Visibility Scope Rule - Fixed should support action-specific visibility","status":"passed","title":"should support action-specific visibility","duration":1.066248999999516,"failureMessages":[],"meta":{}},{"ancestorTitles":["Window Visibility Scope Rule - Fixed"],"fullName":"Window Visibility Scope Rule - Fixed should support dynamic entity inclusion","status":"passed","title":"should support dynamic entity inclusion","duration":1.0441380000002027,"failureMessages":[],"meta":{}},{"ancestorTitles":["Window Visibility Scope Rule - Fixed"],"fullName":"Window Visibility Scope Rule - Fixed should support scope rule removal - SKIPPED: Cross-room visibility violates architecture","status":"skipped","title":"should support scope rule removal - SKIPPED: Cross-room visibility violates architecture","failureMessages":[],"meta":{}},{"ancestorTitles":["Window Visibility Scope Rule - Fixed"],"fullName":"Window Visibility Scope Rule - Fixed should handle one-way visibility","status":"passed","title":"should handle one-way visibility","duration":0.9911679999995613,"failureMessages":[],"meta":{}}],"startTime":1755567286131,"endTime":1755567286137.9912,"status":"passed","message":"","name":"/mnt/c/repotemp/sharpee/packages/world-model/tests/scope/window-visibility-fixed.test.ts"},{"assertionResults":[{"ancestorTitles":["Window Visibility Scope Rule"],"fullName":"Window Visibility Scope Rule should not see garden entities when window is closed - SKIPPED: Test setup issue, player not properly in room","status":"skipped","title":"should not see garden entities when window is closed - SKIPPED: Test setup issue, player not properly in room","failureMessages":[],"meta":{}},{"ancestorTitles":["Window Visibility Scope Rule"],"fullName":"Window Visibility Scope Rule should include garden entities in scope when window is open with scope rule - SKIPPED: Test setup issue, player not properly in room","status":"skipped","title":"should include garden entities in scope when window is open with scope rule - SKIPPED: Test setup issue, player not properly in room","failureMessages":[],"meta":{}},{"ancestorTitles":["Window Visibility Scope Rule"],"fullName":"Window Visibility Scope Rule should not see garden when window closes again - SKIPPED: Cross-room visibility should use scope, not getVisible()","status":"skipped","title":"should not see garden when window closes again - SKIPPED: Cross-room visibility should use scope, not getVisible()","failureMessages":[],"meta":{}},{"ancestorTitles":["Window Visibility Scope Rule"],"fullName":"Window Visibility Scope Rule should support action-specific visibility","status":"passed","title":"should support action-specific visibility","duration":4.890755999999783,"failureMessages":[],"meta":{}},{"ancestorTitles":["Window Visibility Scope Rule"],"fullName":"Window Visibility Scope Rule should support dynamic entity inclusion","status":"passed","title":"should support dynamic entity inclusion","duration":1.5274650000001202,"failureMessages":[],"meta":{}},{"ancestorTitles":["Window Visibility Scope Rule"],"fullName":"Window Visibility Scope Rule should respect rule priorities when rules conflict","status":"passed","title":"should respect rule priorities when rules conflict","duration":1.0450440000004164,"failureMessages":[],"meta":{}},{"ancestorTitles":["Window Visibility Scope Rule"],"fullName":"Window Visibility Scope Rule should support scope rule removal","status":"passed","title":"should support scope rule removal","duration":1.4434469999996509,"failureMessages":[],"meta":{}}],"startTime":1755567307671,"endTime":1755567307680.4434,"status":"passed","message":"","name":"/mnt/c/repotemp/sharpee/packages/world-model/tests/scope/window-visibility.test.ts"},{"assertionResults":[{"ancestorTitles":["AuthorModel","Shared Data Store"],"fullName":"AuthorModel Shared Data Store should share entities between WorldModel and AuthorModel","status":"passed","title":"should share entities between WorldModel and AuthorModel","duration":2.1353939999999056,"failureMessages":[],"meta":{}},{"ancestorTitles":["AuthorModel","Shared Data Store"],"fullName":"AuthorModel Shared Data Store should share spatial relationships between models","status":"passed","title":"should share spatial relationships between models","duration":1.8515489999999772,"failureMessages":[],"meta":{}},{"ancestorTitles":["AuthorModel","Shared Data Store"],"fullName":"AuthorModel Shared Data Store should share state between models","status":"passed","title":"should share state between models","duration":0.34252199999991717,"failureMessages":[],"meta":{}},{"ancestorTitles":["AuthorModel","Unrestricted Movement"],"fullName":"AuthorModel Unrestricted Movement should move entities into closed containers","status":"passed","title":"should move entities into closed containers","duration":1.3340820000003077,"failureMessages":[],"meta":{}},{"ancestorTitles":["AuthorModel","Unrestricted Movement"],"fullName":"AuthorModel Unrestricted Movement should move entities into locked containers","status":"passed","title":"should move entities into locked containers","duration":0.3309690000005503,"failureMessages":[],"meta":{}},{"ancestorTitles":["AuthorModel","Unrestricted Movement"],"fullName":"AuthorModel Unrestricted Movement should bypass container trait requirement","status":"passed","title":"should bypass container trait requirement","duration":0.23919500000010885,"failureMessages":[],"meta":{}},{"ancestorTitles":["AuthorModel","Unrestricted Movement"],"fullName":"AuthorModel Unrestricted Movement should not check for loops","status":"passed","title":"should not check for loops","duration":0.20815100000072562,"failureMessages":[],"meta":{}},{"ancestorTitles":["AuthorModel","Event Recording"],"fullName":"AuthorModel Event Recording should not emit events by default","status":"passed","title":"should not emit events by default","duration":0.4490729999997711,"failureMessages":[],"meta":{}},{"ancestorTitles":["AuthorModel","Event Recording"],"fullName":"AuthorModel Event Recording should emit events when recordEvent is true","status":"passed","title":"should emit events when recordEvent is true","duration":0.6076670000002196,"failureMessages":[],"meta":{}},{"ancestorTitles":["AuthorModel","Event Recording"],"fullName":"AuthorModel Event Recording should use author: prefix for events","status":"passed","title":"should use author: prefix for events","duration":0.26962599999933445,"failureMessages":[],"meta":{}},{"ancestorTitles":["AuthorModel","Convenience Methods"],"fullName":"AuthorModel Convenience Methods should populate containers with multiple items","status":"passed","title":"should populate containers with multiple items","duration":0.6965940000000046,"failureMessages":[],"meta":{}},{"ancestorTitles":["AuthorModel","Convenience Methods"],"fullName":"AuthorModel Convenience Methods should connect rooms bidirectionally","status":"passed","title":"should connect rooms bidirectionally","duration":0.7080109999997148,"failureMessages":[],"meta":{}},{"ancestorTitles":["AuthorModel","Convenience Methods"],"fullName":"AuthorModel Convenience Methods should fill containers from specs","status":"passed","title":"should fill containers from specs","duration":0.3638179999998101,"failureMessages":[],"meta":{}},{"ancestorTitles":["AuthorModel","Convenience Methods"],"fullName":"AuthorModel Convenience Methods should setup container properties","status":"passed","title":"should setup container properties","duration":0.21772099999998318,"failureMessages":[],"meta":{}},{"ancestorTitles":["AuthorModel","Entity Management"],"fullName":"AuthorModel Entity Management should create entities with proper IDs","status":"passed","title":"should create entities with proper IDs","duration":0.27600799999981973,"failureMessages":[],"meta":{}},{"ancestorTitles":["AuthorModel","Entity Management"],"fullName":"AuthorModel Entity Management should remove entities completely","status":"passed","title":"should remove entities completely","duration":0.5725940000002083,"failureMessages":[],"meta":{}},{"ancestorTitles":["AuthorModel","Entity Management"],"fullName":"AuthorModel Entity Management should set entity properties directly","status":"passed","title":"should set entity properties directly","duration":0.19201299999986077,"failureMessages":[],"meta":{}},{"ancestorTitles":["AuthorModel","State Management"],"fullName":"AuthorModel State Management should set player without validation","status":"passed","title":"should set player without validation","duration":0.16920399999980873,"failureMessages":[],"meta":{}},{"ancestorTitles":["AuthorModel","State Management"],"fullName":"AuthorModel State Management should clear all world data","status":"passed","title":"should clear all world data","duration":0.3433469999999943,"failureMessages":[],"meta":{}},{"ancestorTitles":["AuthorModel","Real-World Usage Patterns"],"fullName":"AuthorModel Real-World Usage Patterns should handle complex world setup","status":"passed","title":"should handle complex world setup","duration":0.6224190000002636,"failureMessages":[],"meta":{}}],"startTime":1755567286517,"endTime":1755567286530.6223,"status":"passed","message":"","name":"/mnt/c/repotemp/sharpee/packages/world-model/tests/unit/author-model.test.ts"},{"assertionResults":[{"ancestorTitles":["Entity System with ID Refactor","IFEntity with new ID system"],"fullName":"Entity System with ID Refactor IFEntity with new ID system should store entity type in attributes","status":"passed","title":"should store entity type in attributes","duration":1.3584789999986242,"failureMessages":[],"meta":{}},{"ancestorTitles":["Entity System with ID Refactor","IFEntity with new ID system"],"fullName":"Entity System with ID Refactor IFEntity with new ID system should handle name property correctly","status":"passed","title":"should handle name property correctly","duration":0.9033220000001165,"failureMessages":[],"meta":{}},{"ancestorTitles":["Entity System with ID Refactor","IFEntity with new ID system"],"fullName":"Entity System with ID Refactor IFEntity with new ID system should serialize with version number","status":"passed","title":"should serialize with version number","duration":0.4245069999997213,"failureMessages":[],"meta":{}},{"ancestorTitles":["Entity System with ID Refactor","IFEntity with new ID system"],"fullName":"Entity System with ID Refactor IFEntity with new ID system should deserialize both old and new formats","status":"passed","title":"should deserialize both old and new formats","duration":0.7986289999989822,"failureMessages":[],"meta":{}},{"ancestorTitles":["Entity System with ID Refactor","Trait ID references"],"fullName":"Entity System with ID Refactor Trait ID references should use IDs in room exits","status":"passed","title":"should use IDs in room exits","duration":0.5769239999990532,"failureMessages":[],"meta":{}},{"ancestorTitles":["Entity System with ID Refactor","Trait ID references"],"fullName":"Entity System with ID Refactor Trait ID references should use IDs in door connections","status":"passed","title":"should use IDs in door connections","duration":0.35902100000021164,"failureMessages":[],"meta":{}},{"ancestorTitles":["Entity System with ID Refactor","Trait ID references"],"fullName":"Entity System with ID Refactor Trait ID references should use IDs in exit traits","status":"passed","title":"should use IDs in exit traits","duration":0.4165549999997893,"failureMessages":[],"meta":{}},{"ancestorTitles":["Entity System with ID Refactor","WorldModel persistence with entities"],"fullName":"Entity System with ID Refactor WorldModel persistence with entities should save and restore entities with proper IDs","status":"passed","title":"should save and restore entities with proper IDs","duration":0.9125780000013037,"failureMessages":[],"meta":{}},{"ancestorTitles":["Entity System with ID Refactor","Entity relationships with IDs"],"fullName":"Entity System with ID Refactor Entity relationships with IDs should use IDs for all entity relationships","status":"passed","title":"should use IDs for all entity relationships","duration":1.2698790000013105,"failureMessages":[],"meta":{}}],"startTime":1755567300330,"endTime":1755567300338.2698,"status":"passed","message":"","name":"/mnt/c/repotemp/sharpee/packages/world-model/tests/unit/entity-system-updates.test.ts"},{"assertionResults":[{"ancestorTitles":["ID Generation System","generateId"],"fullName":"ID Generation System generateId should generate sequential IDs with type prefixes","status":"passed","title":"should generate sequential IDs with type prefixes","duration":3.265849999999773,"failureMessages":[],"meta":{}},{"ancestorTitles":["ID Generation System","generateId"],"fullName":"ID Generation System generateId should throw error for unknown types","status":"passed","title":"should throw error for unknown types","duration":0.8029529999994338,"failureMessages":[],"meta":{}},{"ancestorTitles":["ID Generation System","generateId"],"fullName":"ID Generation System generateId should use object type as default","status":"passed","title":"should use object type as default","duration":0.19759900000008201,"failureMessages":[],"meta":{}},{"ancestorTitles":["ID Generation System","generateId"],"fullName":"ID Generation System generateId should handle base36 conversion correctly","status":"passed","title":"should handle base36 conversion correctly","duration":0.29854900000009366,"failureMessages":[],"meta":{}},{"ancestorTitles":["ID Generation System","entity creation and removal"],"fullName":"ID Generation System entity creation and removal should store entity name in attributes","status":"passed","title":"should store entity name in attributes","duration":0.33269800000016403,"failureMessages":[],"meta":{}},{"ancestorTitles":["ID Generation System","entity creation and removal"],"fullName":"ID Generation System entity creation and removal should allow duplicate names","status":"passed","title":"should allow duplicate names","duration":0.17959800000062387,"failureMessages":[],"meta":{}},{"ancestorTitles":["ID Generation System","entity creation and removal"],"fullName":"ID Generation System entity creation and removal should remove entities by ID","status":"passed","title":"should remove entities by ID","duration":0.18416200000046956,"failureMessages":[],"meta":{}},{"ancestorTitles":["ID Generation System","persistence"],"fullName":"ID Generation System persistence should save and restore ID system state","status":"passed","title":"should save and restore ID system state","duration":0.5423620000001392,"failureMessages":[],"meta":{}},{"ancestorTitles":["ID Generation System","entity attributes"],"fullName":"ID Generation System entity attributes should set displayName in entity attributes","status":"passed","title":"should set displayName in entity attributes","duration":0.31672600000001694,"failureMessages":[],"meta":{}}],"startTime":1755567313084,"endTime":1755567313090.5425,"status":"passed","message":"","name":"/mnt/c/repotemp/sharpee/packages/world-model/tests/unit/id-generation.test.ts"},{"assertionResults":[{"ancestorTitles":["ParsedCommand types","Token structure"],"fullName":"ParsedCommand types Token structure should support language-agnostic token representation","status":"passed","title":"should support language-agnostic token representation","duration":2.189802000000782,"failureMessages":[],"meta":{}},{"ancestorTitles":["ParsedCommand types","Token structure"],"fullName":"ParsedCommand types Token structure should support multiple parts of speech for a token","status":"passed","title":"should support multiple parts of speech for a token","duration":0.5666379999993296,"failureMessages":[],"meta":{}},{"ancestorTitles":["ParsedCommand types","Token structure"],"fullName":"ParsedCommand types Token structure should handle unknown words","status":"passed","title":"should handle unknown words","duration":0.18776299999990442,"failureMessages":[],"meta":{}},{"ancestorTitles":["ParsedCommand types","VerbPhrase structure"],"fullName":"ParsedCommand types VerbPhrase structure should represent simple verbs","status":"passed","title":"should represent simple verbs","duration":0.5237930000002962,"failureMessages":[],"meta":{}},{"ancestorTitles":["ParsedCommand types","VerbPhrase structure"],"fullName":"ParsedCommand types VerbPhrase structure should represent phrasal verbs with particles","status":"passed","title":"should represent phrasal verbs with particles","duration":0.27132499999970605,"failureMessages":[],"meta":{}},{"ancestorTitles":["ParsedCommand types","VerbPhrase structure"],"fullName":"ParsedCommand types VerbPhrase structure should represent multi-word verbs","status":"passed","title":"should represent multi-word verbs","duration":0.23328099999980623,"failureMessages":[],"meta":{}},{"ancestorTitles":["ParsedCommand types","NounPhrase structure"],"fullName":"ParsedCommand types NounPhrase structure should represent simple nouns","status":"passed","title":"should represent simple nouns","duration":0.549314000000777,"failureMessages":[],"meta":{}},{"ancestorTitles":["ParsedCommand types","NounPhrase structure"],"fullName":"ParsedCommand types NounPhrase structure should represent nouns with articles","status":"passed","title":"should represent nouns with articles","duration":0.20162900000013906,"failureMessages":[],"meta":{}},{"ancestorTitles":["ParsedCommand types","NounPhrase structure"],"fullName":"ParsedCommand types NounPhrase structure should represent complex noun phrases","status":"passed","title":"should represent complex noun phrases","duration":0.34535700000014913,"failureMessages":[],"meta":{}},{"ancestorTitles":["ParsedCommand types","NounPhrase structure"],"fullName":"ParsedCommand types NounPhrase structure should support multiple candidates","status":"passed","title":"should support multiple candidates","duration":0.2876960000003237,"failureMessages":[],"meta":{}},{"ancestorTitles":["ParsedCommand types","PrepPhrase structure"],"fullName":"ParsedCommand types PrepPhrase structure should represent preposition phrases","status":"passed","title":"should represent preposition phrases","duration":0.13721499999974185,"failureMessages":[],"meta":{}},{"ancestorTitles":["ParsedCommand types","PrepPhrase structure"],"fullName":"ParsedCommand types PrepPhrase structure should support multi-word prepositions","status":"passed","title":"should support multi-word prepositions","duration":0.09084400000028836,"failureMessages":[],"meta":{}},{"ancestorTitles":["ParsedCommand types","ParsedCommand structure"],"fullName":"ParsedCommand types ParsedCommand structure should represent a simple command","status":"passed","title":"should represent a simple command","duration":0.34394499999962136,"failureMessages":[],"meta":{}},{"ancestorTitles":["ParsedCommand types","ParsedCommand structure"],"fullName":"ParsedCommand types ParsedCommand structure should represent a transitive command","status":"passed","title":"should represent a transitive command","duration":0.16279299999951036,"failureMessages":[],"meta":{}},{"ancestorTitles":["ParsedCommand types","ParsedCommand structure"],"fullName":"ParsedCommand types ParsedCommand structure should represent a ditransitive command","status":"passed","title":"should represent a ditransitive command","duration":0.17124499999954423,"failureMessages":[],"meta":{}},{"ancestorTitles":["ParsedCommand types","ParsedCommand structure"],"fullName":"ParsedCommand types ParsedCommand structure should support extras field for additional data","status":"passed","title":"should support extras field for additional data","duration":0.11854399999992893,"failureMessages":[],"meta":{}},{"ancestorTitles":["ParsedCommand types","ParseError structure"],"fullName":"ParsedCommand types ParseError structure should represent unknown command errors","status":"passed","title":"should represent unknown command errors","duration":0.11542200000076264,"failureMessages":[],"meta":{}},{"ancestorTitles":["ParsedCommand types","ParseError structure"],"fullName":"ParsedCommand types ParseError structure should represent syntax errors with position","status":"passed","title":"should represent syntax errors with position","duration":0.09232499999961874,"failureMessages":[],"meta":{}},{"ancestorTitles":["ParsedCommand types","ParseError structure"],"fullName":"ParsedCommand types ParseError structure should represent ambiguous input errors","status":"passed","title":"should represent ambiguous input errors","duration":0.11882799999966664,"failureMessages":[],"meta":{}},{"ancestorTitles":["ParsedCommand types","Backward compatibility"],"fullName":"ParsedCommand types Backward compatibility should support legacy ParsedCommandV1 structure","status":"passed","title":"should support legacy ParsedCommandV1 structure","duration":0.16504600000007486,"failureMessages":[],"meta":{}},{"ancestorTitles":["ParsedCommand types","Backward compatibility"],"fullName":"ParsedCommand types Backward compatibility should support ParsedObjectReference","status":"passed","title":"should support ParsedObjectReference","duration":2.400539000000208,"failureMessages":[],"meta":{}},{"ancestorTitles":["ParsedCommand types","PartOfSpeech enum (to be removed)"],"fullName":"ParsedCommand types PartOfSpeech enum (to be removed) should still have PartOfSpeech enum during migration","status":"passed","title":"should still have PartOfSpeech enum during migration","duration":0.21805899999981193,"failureMessages":[],"meta":{}},{"ancestorTitles":["ParsedCommand types","PartOfSpeech enum (to be removed)"],"fullName":"ParsedCommand types PartOfSpeech enum (to be removed) should not have language-specific parts of speech","status":"passed","title":"should not have language-specific parts of speech","duration":0.6149020000002565,"failureMessages":[],"meta":{}},{"ancestorTitles":["Language-agnostic design"],"fullName":"Language-agnostic design ParsedCommand should not have language-specific fields at top level","status":"passed","title":"ParsedCommand should not have language-specific fields at top level","duration":0.7313840000006167,"failureMessages":[],"meta":{}},{"ancestorTitles":["Language-agnostic design"],"fullName":"Language-agnostic design Token structure should support language data extension","status":"passed","title":"Token structure should support language data extension","duration":0.13931400000001304,"failureMessages":[],"meta":{}},{"ancestorTitles":["Language-agnostic design"],"fullName":"Language-agnostic design Pattern names should be opaque strings","status":"passed","title":"Pattern names should be opaque strings","duration":0.16641900000013266,"failureMessages":[],"meta":{}}],"startTime":1755567273494,"endTime":1755567273506.1665,"status":"passed","message":"","name":"/mnt/c/repotemp/sharpee/packages/world-model/tests/unit/parsed-command.test.ts"},{"assertionResults":[{"ancestorTitles":["Container Hierarchies Integration Tests","Deep Nesting"],"fullName":"Container Hierarchies Integration Tests Deep Nesting should handle deeply nested containers","status":"passed","title":"should handle deeply nested containers","duration":4.241523999999117,"failureMessages":[],"meta":{}},{"ancestorTitles":["Container Hierarchies Integration Tests","Deep Nesting"],"fullName":"Container Hierarchies Integration Tests Deep Nesting should enforce maximum nesting depth","status":"passed","title":"should enforce maximum nesting depth","duration":0.5928940000012517,"failureMessages":[],"meta":{}},{"ancestorTitles":["Container Hierarchies Integration Tests","Deep Nesting"],"fullName":"Container Hierarchies Integration Tests Deep Nesting should prevent circular containment","status":"passed","title":"should prevent circular containment","duration":1.0067479999997886,"failureMessages":[],"meta":{}},{"ancestorTitles":["Container Hierarchies Integration Tests","Container Capacity and Weight"],"fullName":"Container Hierarchies Integration Tests Container Capacity and Weight should calculate total weight including contents","status":"passed","title":"should calculate total weight including contents","duration":0.5015759999987495,"failureMessages":[],"meta":{}},{"ancestorTitles":["Container Hierarchies Integration Tests","Container Capacity and Weight"],"fullName":"Container Hierarchies Integration Tests Container Capacity and Weight should handle container capacity limits","status":"passed","title":"should handle container capacity limits","duration":1.0662969999993948,"failureMessages":[],"meta":{}},{"ancestorTitles":["Container Hierarchies Integration Tests","Mixed Container Types"],"fullName":"Container Hierarchies Integration Tests Mixed Container Types should handle supporter and container combinations","status":"passed","title":"should handle supporter and container combinations","duration":1.1298590000005788,"failureMessages":[],"meta":{}},{"ancestorTitles":["Container Hierarchies Integration Tests","Mixed Container Types"],"fullName":"Container Hierarchies Integration Tests Mixed Container Types should handle furniture with both surfaces and storage","status":"passed","title":"should handle furniture with both surfaces and storage","duration":0.8266180000009626,"failureMessages":[],"meta":{}},{"ancestorTitles":["Container Hierarchies Integration Tests","Container State Changes"],"fullName":"Container Hierarchies Integration Tests Container State Changes should handle moving containers with contents","status":"passed","title":"should handle moving containers with contents","duration":0.6178970000000845,"failureMessages":[],"meta":{}},{"ancestorTitles":["Container Hierarchies Integration Tests","Container State Changes"],"fullName":"Container Hierarchies Integration Tests Container State Changes should update visibility when opening/closing containers","status":"passed","title":"should update visibility when opening/closing containers","duration":1.1350489999986166,"failureMessages":[],"meta":{}},{"ancestorTitles":["Container Hierarchies Integration Tests","Container Query Operations"],"fullName":"Container Hierarchies Integration Tests Container Query Operations should find all containers of a specific type","status":"passed","title":"should find all containers of a specific type","duration":0.4298429999998916,"failureMessages":[],"meta":{}},{"ancestorTitles":["Container Hierarchies Integration Tests","Container Query Operations"],"fullName":"Container Hierarchies Integration Tests Container Query Operations should find containers matching complex criteria","status":"passed","title":"should find containers matching complex criteria","duration":1.7771979999997711,"failureMessages":[],"meta":{}},{"ancestorTitles":["Container Hierarchies Integration Tests","Performance with Many Containers"],"fullName":"Container Hierarchies Integration Tests Performance with Many Containers should handle large numbers of containers efficiently","status":"passed","title":"should handle large numbers of containers efficiently","duration":5.323296999999002,"failureMessages":[],"meta":{}},{"ancestorTitles":["Container Hierarchies Integration Tests","Performance with Many Containers"],"fullName":"Container Hierarchies Integration Tests Performance with Many Containers should efficiently check containment loops in complex hierarchies","status":"passed","title":"should efficiently check containment loops in complex hierarchies","duration":0.3922579999998561,"failureMessages":[],"meta":{}}],"startTime":1755567278977,"endTime":1755567278996.3923,"status":"passed","message":"","name":"/mnt/c/repotemp/sharpee/packages/world-model/tests/integration/container-hierarchies.test.ts"},{"assertionResults":[{"ancestorTitles":["Door Mechanics Integration Tests","Basic Door Functionality"],"fullName":"Door Mechanics Integration Tests Basic Door Functionality should create doors connecting two rooms","status":"passed","title":"should create doors connecting two rooms","duration":2.9354290000010224,"failureMessages":[],"meta":{}},{"ancestorTitles":["Door Mechanics Integration Tests","Basic Door Functionality"],"fullName":"Door Mechanics Integration Tests Basic Door Functionality should synchronize door state between rooms","status":"passed","title":"should synchronize door state between rooms","duration":0.7530449999994744,"failureMessages":[],"meta":{}},{"ancestorTitles":["Door Mechanics Integration Tests","Lockable Doors"],"fullName":"Door Mechanics Integration Tests Lockable Doors should prevent opening locked doors","status":"passed","title":"should prevent opening locked doors","duration":0.9315569999998843,"failureMessages":[],"meta":{}},{"ancestorTitles":["Door Mechanics Integration Tests","Lockable Doors"],"fullName":"Door Mechanics Integration Tests Lockable Doors should unlock doors with correct key","status":"passed","title":"should unlock doors with correct key","duration":1.157112999999299,"failureMessages":[],"meta":{}},{"ancestorTitles":["Door Mechanics Integration Tests","Lockable Doors"],"fullName":"Door Mechanics Integration Tests Lockable Doors should handle multiple locked doors","status":"passed","title":"should handle multiple locked doors","duration":1.1122899999991205,"failureMessages":[],"meta":{}},{"ancestorTitles":["Door Mechanics Integration Tests","Complex Door Scenarios"],"fullName":"Door Mechanics Integration Tests Complex Door Scenarios should handle secret doors","status":"passed","title":"should handle secret doors","duration":2.1885890000012296,"failureMessages":[],"meta":{}},{"ancestorTitles":["Door Mechanics Integration Tests","Complex Door Scenarios"],"fullName":"Door Mechanics Integration Tests Complex Door Scenarios should handle one-way doors","status":"passed","title":"should handle one-way doors","duration":0.6329449999993813,"failureMessages":[],"meta":{}},{"ancestorTitles":["Door Mechanics Integration Tests","Complex Door Scenarios"],"fullName":"Door Mechanics Integration Tests Complex Door Scenarios should handle automatic closing doors","status":"passed","title":"should handle automatic closing doors","duration":0.21190700000079232,"failureMessages":[],"meta":{}},{"ancestorTitles":["Door Mechanics Integration Tests","Door State and Visibility"],"fullName":"Door Mechanics Integration Tests Door State and Visibility should affect visibility through doors","status":"passed","title":"should affect visibility through doors","duration":1.16502600000058,"failureMessages":[],"meta":{}},{"ancestorTitles":["Door Mechanics Integration Tests","Door State and Visibility"],"fullName":"Door Mechanics Integration Tests Door State and Visibility should handle doors with windows","status":"passed","title":"should handle doors with windows","duration":0.466867999999522,"failureMessages":[],"meta":{}},{"ancestorTitles":["Door Mechanics Integration Tests","Multi-Door Connections"],"fullName":"Door Mechanics Integration Tests Multi-Door Connections should handle rooms with multiple doors","status":"passed","title":"should handle rooms with multiple doors","duration":1.3824309999999969,"failureMessages":[],"meta":{}},{"ancestorTitles":["Door Mechanics Integration Tests","Multi-Door Connections"],"fullName":"Door Mechanics Integration Tests Multi-Door Connections should handle double doors","status":"passed","title":"should handle double doors","duration":0.33736300000055053,"failureMessages":[],"meta":{}},{"ancestorTitles":["Door Mechanics Integration Tests","Door Events and Behaviors"],"fullName":"Door Mechanics Integration Tests Door Events and Behaviors should track door usage","status":"passed","title":"should track door usage","duration":0.25378400000045076,"failureMessages":[],"meta":{}},{"ancestorTitles":["Door Mechanics Integration Tests","Door Events and Behaviors"],"fullName":"Door Mechanics Integration Tests Door Events and Behaviors should handle door with special requirements","status":"passed","title":"should handle door with special requirements","duration":0.2824749999999767,"failureMessages":[],"meta":{}},{"ancestorTitles":["Door Mechanics Integration Tests","Performance with Many Doors"],"fullName":"Door Mechanics Integration Tests Performance with Many Doors should handle buildings with many doors efficiently","status":"passed","title":"should handle buildings with many doors efficiently","duration":0.704635000000053,"failureMessages":[],"meta":{}}],"startTime":1755567283090,"endTime":1755567283105.7046,"status":"passed","message":"","name":"/mnt/c/repotemp/sharpee/packages/world-model/tests/integration/door-mechanics.test.ts"},{"assertionResults":[{"ancestorTitles":["Room and Actor as Containers","Rooms as containers"],"fullName":"Room and Actor as Containers Rooms as containers should allow items to be placed in rooms without ContainerTrait","status":"passed","title":"should allow items to be placed in rooms without ContainerTrait","duration":5.325894000000517,"failureMessages":[],"meta":{}},{"ancestorTitles":["Room and Actor as Containers","Rooms as containers"],"fullName":"Room and Actor as Containers Rooms as containers should respect room capacity limits","status":"passed","title":"should respect room capacity limits","duration":0.3918809999995574,"failureMessages":[],"meta":{}},{"ancestorTitles":["Room and Actor as Containers","Rooms as containers"],"fullName":"Room and Actor as Containers Rooms as containers should handle nested containers in rooms","status":"passed","title":"should handle nested containers in rooms","duration":0.8505889999996725,"failureMessages":[],"meta":{}},{"ancestorTitles":["Room and Actor as Containers","Actors as containers"],"fullName":"Room and Actor as Containers Actors as containers should allow actors to carry items without ContainerTrait","status":"passed","title":"should allow actors to carry items without ContainerTrait","duration":0.965596999999434,"failureMessages":[],"meta":{}},{"ancestorTitles":["Room and Actor as Containers","Actors as containers"],"fullName":"Room and Actor as Containers Actors as containers should handle actor inventory limits","status":"passed","title":"should handle actor inventory limits","duration":0.6414609999992535,"failureMessages":[],"meta":{}},{"ancestorTitles":["Room and Actor as Containers","Actors as containers"],"fullName":"Room and Actor as Containers Actors as containers should prevent actors from being placed inside other actors","status":"passed","title":"should prevent actors from being placed inside other actors","duration":0.9409290000003239,"failureMessages":[],"meta":{}},{"ancestorTitles":["Room and Actor as Containers","Container type detection"],"fullName":"Room and Actor as Containers Container type detection should correctly identify all container-capable entities","status":"passed","title":"should correctly identify all container-capable entities","duration":0.4080599999997503,"failureMessages":[],"meta":{}}],"startTime":1755567307138,"endTime":1755567307148.408,"status":"passed","message":"","name":"/mnt/c/repotemp/sharpee/packages/world-model/tests/integration/room-actor-containers.test.ts"},{"assertionResults":[{"ancestorTitles":["Room Navigation Integration Tests","Basic Room Connections"],"fullName":"Room Navigation Integration Tests Basic Room Connections should connect rooms with simple exits","status":"passed","title":"should connect rooms with simple exits","duration":2.5777069999985542,"failureMessages":[],"meta":{}},{"ancestorTitles":["Room Navigation Integration Tests","Basic Room Connections"],"fullName":"Room Navigation Integration Tests Basic Room Connections should find paths between connected rooms","status":"passed","title":"should find paths between connected rooms","duration":1.310300000001007,"failureMessages":[],"meta":{}},{"ancestorTitles":["Room Navigation Integration Tests","Rooms with Door Entities"],"fullName":"Room Navigation Integration Tests Rooms with Door Entities should navigate through open doors","status":"passed","title":"should navigate through open doors","duration":1.0829979999998613,"failureMessages":[],"meta":{}},{"ancestorTitles":["Room Navigation Integration Tests","Rooms with Door Entities"],"fullName":"Room Navigation Integration Tests Rooms with Door Entities should handle closed doors","status":"passed","title":"should handle closed doors","duration":0.49890099999902304,"failureMessages":[],"meta":{}},{"ancestorTitles":["Room Navigation Integration Tests","Rooms with Door Entities"],"fullName":"Room Navigation Integration Tests Rooms with Door Entities should handle locked doors","status":"passed","title":"should handle locked doors","duration":0.9688280000009399,"failureMessages":[],"meta":{}},{"ancestorTitles":["Room Navigation Integration Tests","Rooms with Door Entities"],"fullName":"Room Navigation Integration Tests Rooms with Door Entities should find alternative paths when doors are blocked","status":"passed","title":"should find alternative paths when doors are blocked","duration":0.8801849999999831,"failureMessages":[],"meta":{}},{"ancestorTitles":["Room Navigation Integration Tests","Complex Multi-Level Navigation"],"fullName":"Room Navigation Integration Tests Complex Multi-Level Navigation should handle buildings with multiple floors","status":"passed","title":"should handle buildings with multiple floors","duration":0.5213829999993322,"failureMessages":[],"meta":{}},{"ancestorTitles":["Room Navigation Integration Tests","Complex Multi-Level Navigation"],"fullName":"Room Navigation Integration Tests Complex Multi-Level Navigation should handle one-way passages","status":"passed","title":"should handle one-way passages","duration":0.38406599999871105,"failureMessages":[],"meta":{}},{"ancestorTitles":["Room Navigation Integration Tests","Room Properties and Navigation"],"fullName":"Room Navigation Integration Tests Room Properties and Navigation should track first visits to rooms","status":"passed","title":"should track first visits to rooms","duration":1.3112610000007408,"failureMessages":[],"meta":{}},{"ancestorTitles":["Room Navigation Integration Tests","Room Properties and Navigation"],"fullName":"Room Navigation Integration Tests Room Properties and Navigation should handle dark rooms and navigation","status":"passed","title":"should handle dark rooms and navigation","duration":1.1884050000007846,"failureMessages":[],"meta":{}},{"ancestorTitles":["Room Navigation Integration Tests","Special Exit Types"],"fullName":"Room Navigation Integration Tests Special Exit Types should handle exit entities","status":"passed","title":"should handle exit entities","duration":0.42023599999993166,"failureMessages":[],"meta":{}},{"ancestorTitles":["Room Navigation Integration Tests","Special Exit Types"],"fullName":"Room Navigation Integration Tests Special Exit Types should handle entry points","status":"passed","title":"should handle entry points","duration":0.2826580000000831,"failureMessages":[],"meta":{}},{"ancestorTitles":["Room Navigation Integration Tests","Performance and Edge Cases"],"fullName":"Room Navigation Integration Tests Performance and Edge Cases should handle large mazes efficiently","status":"passed","title":"should handle large mazes efficiently","duration":2.0858250000001135,"failureMessages":[],"meta":{}},{"ancestorTitles":["Room Navigation Integration Tests","Performance and Edge Cases"],"fullName":"Room Navigation Integration Tests Performance and Edge Cases should handle disconnected room groups","status":"passed","title":"should handle disconnected room groups","duration":0.3166700000001583,"failureMessages":[],"meta":{}}],"startTime":1755567300740,"endTime":1755567300756.3167,"status":"passed","message":"","name":"/mnt/c/repotemp/sharpee/packages/world-model/tests/integration/room-navigation.test.ts"},{"assertionResults":[{"ancestorTitles":["Trait Combinations Integration Tests","Container + Openable + Lockable"],"fullName":"Trait Combinations Integration Tests Container + Openable + Lockable should not see contents of locked closed container","status":"passed","title":"should not see contents of locked closed container","duration":4.142829000000347,"failureMessages":[],"meta":{}},{"ancestorTitles":["Trait Combinations Integration Tests","Container + Openable + Lockable"],"fullName":"Trait Combinations Integration Tests Container + Openable + Lockable should not open locked container","status":"passed","title":"should not open locked container","duration":0.40061900000000605,"failureMessages":[],"meta":{}},{"ancestorTitles":["Trait Combinations Integration Tests","Container + Openable + Lockable"],"fullName":"Trait Combinations Integration Tests Container + Openable + Lockable should see contents after unlocking and opening","status":"passed","title":"should see contents after unlocking and opening","duration":0.45550700000057986,"failureMessages":[],"meta":{}},{"ancestorTitles":["Trait Combinations Integration Tests","Container + Openable + Lockable"],"fullName":"Trait Combinations Integration Tests Container + Openable + Lockable should handle nested locked containers","status":"passed","title":"should handle nested locked containers","duration":0.41886000000158674,"failureMessages":[],"meta":{}},{"ancestorTitles":["Trait Combinations Integration Tests","Supporter + Container + Scenery"],"fullName":"Trait Combinations Integration Tests Supporter + Container + Scenery should see items on supporter but not in closed container","status":"passed","title":"should see items on supporter but not in closed container","duration":0.8066670000007434,"failureMessages":[],"meta":{}},{"ancestorTitles":["Trait Combinations Integration Tests","Supporter + Container + Scenery"],"fullName":"Trait Combinations Integration Tests Supporter + Container + Scenery should handle complex containment hierarchy","status":"passed","title":"should handle complex containment hierarchy","duration":0.9839490000013029,"failureMessages":[],"meta":{}},{"ancestorTitles":["Trait Combinations Integration Tests","Supporter + Container + Scenery"],"fullName":"Trait Combinations Integration Tests Supporter + Container + Scenery should include all scenery regardless of visibility","status":"passed","title":"should include all scenery regardless of visibility","duration":0.9183179999999993,"failureMessages":[],"meta":{}},{"ancestorTitles":["Trait Combinations Integration Tests","Actor + Wearable + Container"],"fullName":"Trait Combinations Integration Tests Actor + Wearable + Container should handle wearing items with containers","status":"passed","title":"should handle wearing items with containers","duration":0.872455999999147,"failureMessages":[],"meta":{}},{"ancestorTitles":["Trait Combinations Integration Tests","Actor + Wearable + Container"],"fullName":"Trait Combinations Integration Tests Actor + Wearable + Container should exclude worn items when specified","status":"passed","title":"should exclude worn items when specified","duration":0.5972430000001623,"failureMessages":[],"meta":{}},{"ancestorTitles":["Trait Combinations Integration Tests","Actor + Wearable + Container"],"fullName":"Trait Combinations Integration Tests Actor + Wearable + Container should track complex worn item hierarchies","status":"passed","title":"should track complex worn item hierarchies","duration":0.5035960000004707,"failureMessages":[],"meta":{}},{"ancestorTitles":["Trait Combinations Integration Tests","Door + Room + Light Source"],"fullName":"Trait Combinations Integration Tests Door + Room + Light Source should navigate through doors between rooms","status":"passed","title":"should navigate through doors between rooms","duration":1.8644399999993766,"failureMessages":[],"meta":{}},{"ancestorTitles":["Trait Combinations Integration Tests","Door + Room + Light Source"],"fullName":"Trait Combinations Integration Tests Door + Room + Light Source should see in lit rooms but not dark rooms","status":"passed","title":"should see in lit rooms but not dark rooms","duration":0.5210449999995035,"failureMessages":[],"meta":{}},{"ancestorTitles":["Trait Combinations Integration Tests","Door + Room + Light Source"],"fullName":"Trait Combinations Integration Tests Door + Room + Light Source should handle door state synchronization","status":"passed","title":"should handle door state synchronization","duration":0.23112199999923178,"failureMessages":[],"meta":{}},{"ancestorTitles":["Trait Combinations Integration Tests","Edible + Container + Actor"],"fullName":"Trait Combinations Integration Tests Edible + Container + Actor should track edible items in containers","status":"passed","title":"should track edible items in containers","duration":0.9523489999992307,"failureMessages":[],"meta":{}},{"ancestorTitles":["Trait Combinations Integration Tests","Edible + Container + Actor"],"fullName":"Trait Combinations Integration Tests Edible + Container + Actor should handle consuming items from container","status":"passed","title":"should handle consuming items from container","duration":0.7025859999994282,"failureMessages":[],"meta":{}},{"ancestorTitles":["Trait Combinations Integration Tests","Complex Multi-Trait Scenarios"],"fullName":"Trait Combinations Integration Tests Complex Multi-Trait Scenarios should handle readable items in locked containers on supporters","status":"passed","title":"should handle readable items in locked containers on supporters","duration":0.8744860000006156,"failureMessages":[],"meta":{}},{"ancestorTitles":["Trait Combinations Integration Tests","Complex Multi-Trait Scenarios"],"fullName":"Trait Combinations Integration Tests Complex Multi-Trait Scenarios should handle switchable light sources affecting room visibility","status":"passed","title":"should handle switchable light sources affecting room visibility","duration":1.1340040000013687,"failureMessages":[],"meta":{}}],"startTime":1755567279524,"endTime":1755567279541.134,"status":"passed","message":"","name":"/mnt/c/repotemp/sharpee/packages/world-model/tests/integration/trait-combinations.test.ts"},{"assertionResults":[{"ancestorTitles":["Visibility Chains Integration Tests","Container Visibility Chains"],"fullName":"Visibility Chains Integration Tests Container Visibility Chains should see through open containers","status":"passed","title":"should see through open containers","duration":5.850996999999552,"failureMessages":[],"meta":{}},{"ancestorTitles":["Visibility Chains Integration Tests","Container Visibility Chains"],"fullName":"Visibility Chains Integration Tests Container Visibility Chains should not see into closed containers","status":"passed","title":"should not see into closed containers","duration":1.2241400000002614,"failureMessages":[],"meta":{}},{"ancestorTitles":["Visibility Chains Integration Tests","Container Visibility Chains"],"fullName":"Visibility Chains Integration Tests Container Visibility Chains should handle mixed open/closed container chains","status":"passed","title":"should handle mixed open/closed container chains","duration":0.8685210000003281,"failureMessages":[],"meta":{}},{"ancestorTitles":["Visibility Chains Integration Tests","Supporter Visibility"],"fullName":"Visibility Chains Integration Tests Supporter Visibility should see items on supporters","status":"passed","title":"should see items on supporters","duration":0.7773340000003373,"failureMessages":[],"meta":{}},{"ancestorTitles":["Visibility Chains Integration Tests","Supporter Visibility"],"fullName":"Visibility Chains Integration Tests Supporter Visibility should see through containers on supporters","status":"passed","title":"should see through containers on supporters","duration":0.6701190000003407,"failureMessages":[],"meta":{}},{"ancestorTitles":["Visibility Chains Integration Tests","Room and Light Visibility"],"fullName":"Visibility Chains Integration Tests Room and Light Visibility should not see in dark rooms","status":"passed","title":"should not see in dark rooms","duration":0.4487840000001597,"failureMessages":[],"meta":{}},{"ancestorTitles":["Visibility Chains Integration Tests","Room and Light Visibility"],"fullName":"Visibility Chains Integration Tests Room and Light Visibility should see with carried light source","status":"passed","title":"should see with carried light source","duration":0.4295189999993454,"failureMessages":[],"meta":{}},{"ancestorTitles":["Visibility Chains Integration Tests","Room and Light Visibility"],"fullName":"Visibility Chains Integration Tests Room and Light Visibility should see with light source in room","status":"passed","title":"should see with light source in room","duration":0.1717239999998128,"failureMessages":[],"meta":{}},{"ancestorTitles":["Visibility Chains Integration Tests","Room and Light Visibility"],"fullName":"Visibility Chains Integration Tests Room and Light Visibility should handle light in containers","status":"passed","title":"should handle light in containers","duration":0.6308869999993476,"failureMessages":[],"meta":{}},{"ancestorTitles":["Visibility Chains Integration Tests","Actor Visibility"],"fullName":"Visibility Chains Integration Tests Actor Visibility should see items carried by actors","status":"passed","title":"should see items carried by actors","duration":0.6970089999995253,"failureMessages":[],"meta":{}},{"ancestorTitles":["Visibility Chains Integration Tests","Actor Visibility"],"fullName":"Visibility Chains Integration Tests Actor Visibility should see worn items on actors","status":"passed","title":"should see worn items on actors","duration":0.6570780000001832,"failureMessages":[],"meta":{}},{"ancestorTitles":["Visibility Chains Integration Tests","Actor Visibility"],"fullName":"Visibility Chains Integration Tests Actor Visibility should not see items in closed containers carried by actors","status":"passed","title":"should not see items in closed containers carried by actors","duration":0.45016600000053586,"failureMessages":[],"meta":{}},{"ancestorTitles":["Visibility Chains Integration Tests","Scenery Visibility"],"fullName":"Visibility Chains Integration Tests Scenery Visibility should see visible scenery","status":"passed","title":"should see visible scenery","duration":0.45100900000034017,"failureMessages":[],"meta":{}},{"ancestorTitles":["Visibility Chains Integration Tests","Scenery Visibility"],"fullName":"Visibility Chains Integration Tests Scenery Visibility should not see invisible scenery","status":"passed","title":"should not see invisible scenery","duration":1.1757590000015625,"failureMessages":[],"meta":{}},{"ancestorTitles":["Visibility Chains Integration Tests","Scenery Visibility"],"fullName":"Visibility Chains Integration Tests Scenery Visibility should see contents of visible scenery containers","status":"passed","title":"should see contents of visible scenery containers","duration":0.744552999998632,"failureMessages":[],"meta":{}},{"ancestorTitles":["Visibility Chains Integration Tests","Complex Visibility Scenarios"],"fullName":"Visibility Chains Integration Tests Complex Visibility Scenarios should handle deep visibility chains","status":"passed","title":"should handle deep visibility chains","duration":0.7412490000006073,"failureMessages":[],"meta":{}},{"ancestorTitles":["Visibility Chains Integration Tests","Complex Visibility Scenarios"],"fullName":"Visibility Chains Integration Tests Complex Visibility Scenarios should handle multiple visibility blockers","status":"passed","title":"should handle multiple visibility blockers","duration":1.8764719999999215,"failureMessages":[],"meta":{}},{"ancestorTitles":["Visibility Chains Integration Tests","Complex Visibility Scenarios"],"fullName":"Visibility Chains Integration Tests Complex Visibility Scenarios should handle visibility with movement","status":"passed","title":"should handle visibility with movement","duration":0.6226429999987886,"failureMessages":[],"meta":{}},{"ancestorTitles":["Visibility Chains Integration Tests","Scope and In-Scope Items"],"fullName":"Visibility Chains Integration Tests Scope and In-Scope Items should get all items in scope","status":"passed","title":"should get all items in scope","duration":1.4659279999996215,"failureMessages":[],"meta":{}},{"ancestorTitles":["Visibility Chains Integration Tests","Scope and In-Scope Items"],"fullName":"Visibility Chains Integration Tests Scope and In-Scope Items should handle scope in dark rooms with light","status":"passed","title":"should handle scope in dark rooms with light","duration":0.9755569999997533,"failureMessages":[],"meta":{}},{"ancestorTitles":["Visibility Chains Integration Tests","Performance Tests"],"fullName":"Visibility Chains Integration Tests Performance Tests should handle large visibility calculations efficiently","status":"passed","title":"should handle large visibility calculations efficiently","duration":4.3790960000005725,"failureMessages":[],"meta":{}},{"ancestorTitles":["Visibility Chains Integration Tests","Performance Tests"],"fullName":"Visibility Chains Integration Tests Performance Tests should cache visibility calculations","status":"passed","title":"should cache visibility calculations","duration":1.2888440000006085,"failureMessages":[],"meta":{}}],"startTime":1755567279211,"endTime":1755567279239.2888,"status":"passed","message":"","name":"/mnt/c/repotemp/sharpee/packages/world-model/tests/integration/visibility-chains.test.ts"},{"assertionResults":[{"ancestorTitles":["Wearable and Clothing Integration Tests","Basic Wearable Behavior"],"fullName":"Wearable and Clothing Integration Tests Basic Wearable Behavior should wear and remove simple items","status":"passed","title":"should wear and remove simple items","duration":3.543853000001036,"failureMessages":[],"meta":{}},{"ancestorTitles":["Wearable and Clothing Integration Tests","Basic Wearable Behavior"],"fullName":"Wearable and Clothing Integration Tests Basic Wearable Behavior should prevent wearing already worn items","status":"passed","title":"should prevent wearing already worn items","duration":0.5375430000003689,"failureMessages":[],"meta":{}},{"ancestorTitles":["Wearable and Clothing Integration Tests","Basic Wearable Behavior"],"fullName":"Wearable and Clothing Integration Tests Basic Wearable Behavior should track multiple worn items","status":"passed","title":"should track multiple worn items","duration":0.7058899999992718,"failureMessages":[],"meta":{}},{"ancestorTitles":["Wearable and Clothing Integration Tests","Clothing with Pockets"],"fullName":"Wearable and Clothing Integration Tests Clothing with Pockets should create functional clothing with pockets","status":"passed","title":"should create functional clothing with pockets","duration":2.6814699999995355,"failureMessages":[],"meta":{}},{"ancestorTitles":["Wearable and Clothing Integration Tests","Clothing with Pockets"],"fullName":"Wearable and Clothing Integration Tests Clothing with Pockets should maintain pocket contents when wearing clothing","status":"passed","title":"should maintain pocket contents when wearing clothing","duration":2.074703000000227,"failureMessages":[],"meta":{}},{"ancestorTitles":["Wearable and Clothing Integration Tests","Clothing with Pockets"],"fullName":"Wearable and Clothing Integration Tests Clothing with Pockets should handle items in pockets visibility - SKIPPED: Complex visibility scenario needs review","status":"skipped","title":"should handle items in pockets visibility - SKIPPED: Complex visibility scenario needs review","failureMessages":[],"meta":{}},{"ancestorTitles":["Wearable and Clothing Integration Tests","Layered Clothing"],"fullName":"Wearable and Clothing Integration Tests Layered Clothing should support multiple layers of clothing","status":"passed","title":"should support multiple layers of clothing","duration":1.4291819999998552,"failureMessages":[],"meta":{}},{"ancestorTitles":["Wearable and Clothing Integration Tests","Layered Clothing"],"fullName":"Wearable and Clothing Integration Tests Layered Clothing should handle mixed clothing and accessories","status":"passed","title":"should handle mixed clothing and accessories","duration":1.0789960000001884,"failureMessages":[],"meta":{}},{"ancestorTitles":["Wearable and Clothing Integration Tests","Complex Pocket Hierarchies"],"fullName":"Wearable and Clothing Integration Tests Complex Pocket Hierarchies should handle nested containers in pockets","status":"passed","title":"should handle nested containers in pockets","duration":1.4853249999996478,"failureMessages":[],"meta":{}},{"ancestorTitles":["Wearable and Clothing Integration Tests","Complex Pocket Hierarchies"],"fullName":"Wearable and Clothing Integration Tests Complex Pocket Hierarchies should handle pocket access when clothing is in container","status":"passed","title":"should handle pocket access when clothing is in container","duration":1.7869449999998324,"failureMessages":[],"meta":{}},{"ancestorTitles":["Wearable and Clothing Integration Tests","Special Clothing Properties"],"fullName":"Wearable and Clothing Integration Tests Special Clothing Properties should handle clothing that blocks slots","status":"passed","title":"should handle clothing that blocks slots","duration":0.4745249999996304,"failureMessages":[],"meta":{}},{"ancestorTitles":["Wearable and Clothing Integration Tests","Special Clothing Properties"],"fullName":"Wearable and Clothing Integration Tests Special Clothing Properties should handle non-removable clothing","status":"passed","title":"should handle non-removable clothing","duration":0.1839909999998781,"failureMessages":[],"meta":{}},{"ancestorTitles":["Wearable and Clothing Integration Tests","Special Clothing Properties"],"fullName":"Wearable and Clothing Integration Tests Special Clothing Properties should track clothing condition","status":"passed","title":"should track clothing condition","duration":0.16800999999941268,"failureMessages":[],"meta":{}},{"ancestorTitles":["Wearable and Clothing Integration Tests","Performance with Many Wearables"],"fullName":"Wearable and Clothing Integration Tests Performance with Many Wearables should handle actors with many worn items efficiently","status":"passed","title":"should handle actors with many worn items efficiently","duration":0.32885300000089046,"failureMessages":[],"meta":{}},{"ancestorTitles":["Wearable and Clothing Integration Tests","Performance with Many Wearables"],"fullName":"Wearable and Clothing Integration Tests Performance with Many Wearables should efficiently filter worn vs carried items","status":"passed","title":"should efficiently filter worn vs carried items","duration":1.779000000000451,"failureMessages":[],"meta":{}}],"startTime":1755567278971,"endTime":1755567278990.779,"status":"passed","message":"","name":"/mnt/c/repotemp/sharpee/packages/world-model/tests/integration/wearable-clothing.test.ts"},{"assertionResults":[{"ancestorTitles":["Behavior","trait requirements"],"fullName":"Behavior trait requirements should validate entity has required traits","status":"passed","title":"should validate entity has required traits","duration":1.5334720000000743,"failureMessages":[],"meta":{}},{"ancestorTitles":["Behavior","trait requirements"],"fullName":"Behavior trait requirements should get list of missing traits","status":"passed","title":"should get list of missing traits","duration":0.828178000000662,"failureMessages":[],"meta":{}},{"ancestorTitles":["Behavior","trait requirements"],"fullName":"Behavior trait requirements should work with behaviors having no requirements","status":"passed","title":"should work with behaviors having no requirements","duration":0.21168200000010984,"failureMessages":[],"meta":{}},{"ancestorTitles":["Behavior","require helper"],"fullName":"Behavior require helper should return trait when present","status":"passed","title":"should return trait when present","duration":0.7849720000003799,"failureMessages":[],"meta":{}},{"ancestorTitles":["Behavior","require helper"],"fullName":"Behavior require helper should throw error when required trait is missing","status":"passed","title":"should throw error when required trait is missing","duration":0.29214500000034604,"failureMessages":[],"meta":{}},{"ancestorTitles":["Behavior","optional helper"],"fullName":"Behavior optional helper should return trait when present","status":"passed","title":"should return trait when present","duration":0.28935200000069017,"failureMessages":[],"meta":{}},{"ancestorTitles":["Behavior","optional helper"],"fullName":"Behavior optional helper should return undefined when trait is missing","status":"passed","title":"should return undefined when trait is missing","duration":0.23107900000013615,"failureMessages":[],"meta":{}},{"ancestorTitles":["Behavior","behavior patterns"],"fullName":"Behavior behavior patterns should support behaviors that check state","status":"passed","title":"should support behaviors that check state","duration":0.1958200000008219,"failureMessages":[],"meta":{}},{"ancestorTitles":["Behavior","behavior patterns"],"fullName":"Behavior behavior patterns should support behaviors with no requirements","status":"passed","title":"should support behaviors with no requirements","duration":0.273246000000654,"failureMessages":[],"meta":{}},{"ancestorTitles":["Behavior","inheritance"],"fullName":"Behavior inheritance should support behavior inheritance","status":"passed","title":"should support behavior inheritance","duration":0.5962790000003224,"failureMessages":[],"meta":{}},{"ancestorTitles":["Behavior","error messages"],"fullName":"Behavior error messages should provide clear error messages for missing traits","status":"passed","title":"should provide clear error messages for missing traits","duration":0.9670390000001134,"failureMessages":[],"meta":{}},{"ancestorTitles":["Behavior","static nature"],"fullName":"Behavior static nature should not require instantiation","status":"passed","title":"should not require instantiation","duration":0.4588180000000648,"failureMessages":[],"meta":{}}],"startTime":1755567306569,"endTime":1755567306576.4587,"status":"passed","message":"","name":"/mnt/c/repotemp/sharpee/packages/world-model/tests/unit/behaviors/behavior.test.ts"},{"assertionResults":[{"ancestorTitles":["EntityStore","basic operations"],"fullName":"EntityStore basic operations should add and retrieve entities","status":"passed","title":"should add and retrieve entities","duration":1.3293889999995372,"failureMessages":[],"meta":{}},{"ancestorTitles":["EntityStore","basic operations"],"fullName":"EntityStore basic operations should return undefined for non-existent entities","status":"passed","title":"should return undefined for non-existent entities","duration":0.2528039999997418,"failureMessages":[],"meta":{}},{"ancestorTitles":["EntityStore","basic operations"],"fullName":"EntityStore basic operations should remove entities and clear traits","status":"passed","title":"should remove entities and clear traits","duration":0.8566090000003896,"failureMessages":[],"meta":{}},{"ancestorTitles":["EntityStore","basic operations"],"fullName":"EntityStore basic operations should clear all entities","status":"passed","title":"should clear all entities","duration":0.45387399999981426,"failureMessages":[],"meta":{}},{"ancestorTitles":["EntityStore","querying"],"fullName":"EntityStore querying should get all entities","status":"passed","title":"should get all entities","duration":1.3153629999997065,"failureMessages":[],"meta":{}},{"ancestorTitles":["EntityStore","querying"],"fullName":"EntityStore querying should get entities by type","status":"passed","title":"should get entities by type","duration":0.6143390000006548,"failureMessages":[],"meta":{}},{"ancestorTitles":["EntityStore","querying"],"fullName":"EntityStore querying should find entities with specific trait","status":"passed","title":"should find entities with specific trait","duration":0.6386080000002039,"failureMessages":[],"meta":{}},{"ancestorTitles":["EntityStore","querying"],"fullName":"EntityStore querying should find entities with all specified traits","status":"passed","title":"should find entities with all specified traits","duration":0.39616500000011,"failureMessages":[],"meta":{}},{"ancestorTitles":["EntityStore","querying"],"fullName":"EntityStore querying should find entities with any specified traits","status":"passed","title":"should find entities with any specified traits","duration":0.593695999999909,"failureMessages":[],"meta":{}},{"ancestorTitles":["EntityStore","iteration"],"fullName":"EntityStore iteration should be iterable","status":"passed","title":"should be iterable","duration":0.4533190000001923,"failureMessages":[],"meta":{}},{"ancestorTitles":["EntityStore","serialization"],"fullName":"EntityStore serialization should serialize to JSON","status":"passed","title":"should serialize to JSON","duration":1.344742000000224,"failureMessages":[],"meta":{}},{"ancestorTitles":["EntityStore","serialization"],"fullName":"EntityStore serialization should deserialize from JSON","status":"passed","title":"should deserialize from JSON","duration":0.4519159999999829,"failureMessages":[],"meta":{}},{"ancestorTitles":["EntityStore","size property"],"fullName":"EntityStore size property should reflect number of entities","status":"passed","title":"should reflect number of entities","duration":0.21833200000037323,"failureMessages":[],"meta":{}},{"ancestorTitles":["EntityStore","edge cases"],"fullName":"EntityStore edge cases should handle removing non-existent entity","status":"passed","title":"should handle removing non-existent entity","duration":0.2967800000005809,"failureMessages":[],"meta":{}},{"ancestorTitles":["EntityStore","edge cases"],"fullName":"EntityStore edge cases should handle duplicate adds gracefully","status":"passed","title":"should handle duplicate adds gracefully","duration":0.11408999999912339,"failureMessages":[],"meta":{}},{"ancestorTitles":["EntityStore","edge cases"],"fullName":"EntityStore edge cases should work with empty store","status":"passed","title":"should work with empty store","duration":0.39651800000046933,"failureMessages":[],"meta":{}}],"startTime":1755567295228,"endTime":1755567295239.3965,"status":"passed","message":"","name":"/mnt/c/repotemp/sharpee/packages/world-model/tests/unit/entities/entity-store.test.ts"},{"assertionResults":[{"ancestorTitles":["IFEntity","constructor"],"fullName":"IFEntity constructor should create entity with id and type","status":"passed","title":"should create entity with id and type","duration":1.7268539999995483,"failureMessages":[],"meta":{}},{"ancestorTitles":["IFEntity","constructor"],"fullName":"IFEntity constructor should accept creation params","status":"passed","title":"should accept creation params","duration":0.5142910000004122,"failureMessages":[],"meta":{}},{"ancestorTitles":["IFEntity","traits"],"fullName":"IFEntity traits should add trait","status":"passed","title":"should add trait","duration":0.28202199999941513,"failureMessages":[],"meta":{}},{"ancestorTitles":["IFEntity","traits"],"fullName":"IFEntity traits should remove trait","status":"passed","title":"should remove trait","duration":0.2343799999998737,"failureMessages":[],"meta":{}},{"ancestorTitles":["IFEntity","traits"],"fullName":"IFEntity traits should replace existing trait of same type","status":"passed","title":"should replace existing trait of same type","duration":0.7125269999996817,"failureMessages":[],"meta":{}},{"ancestorTitles":["IFEntity","traits"],"fullName":"IFEntity traits should check multiple traits with hasAll","status":"passed","title":"should check multiple traits with hasAll","duration":0.2474050000000716,"failureMessages":[],"meta":{}},{"ancestorTitles":["IFEntity","traits"],"fullName":"IFEntity traits should check multiple traits with hasAny","status":"passed","title":"should check multiple traits with hasAny","duration":0.14612399999987247,"failureMessages":[],"meta":{}},{"ancestorTitles":["IFEntity","traits"],"fullName":"IFEntity traits should get all traits","status":"passed","title":"should get all traits","duration":0.785174000000552,"failureMessages":[],"meta":{}},{"ancestorTitles":["IFEntity","traits"],"fullName":"IFEntity traits should get all trait types","status":"passed","title":"should get all trait types","duration":0.4271470000003319,"failureMessages":[],"meta":{}},{"ancestorTitles":["IFEntity","traits"],"fullName":"IFEntity traits should clear all traits","status":"passed","title":"should clear all traits","duration":0.1999500000001717,"failureMessages":[],"meta":{}},{"ancestorTitles":["IFEntity","traits"],"fullName":"IFEntity traits should support trait aliases (getTrait, hasTrait)","status":"passed","title":"should support trait aliases (getTrait, hasTrait)","duration":0.1441450000002078,"failureMessages":[],"meta":{}},{"ancestorTitles":["IFEntity","convenience properties"],"fullName":"IFEntity convenience properties should identify rooms","status":"passed","title":"should identify rooms","duration":0.16329399999995076,"failureMessages":[],"meta":{}},{"ancestorTitles":["IFEntity","convenience properties"],"fullName":"IFEntity convenience properties should identify containers","status":"passed","title":"should identify containers","duration":0.16000799999983428,"failureMessages":[],"meta":{}},{"ancestorTitles":["IFEntity","convenience properties"],"fullName":"IFEntity convenience properties should identify takeable items","status":"passed","title":"should identify takeable items","duration":0.10187899999982619,"failureMessages":[],"meta":{}},{"ancestorTitles":["IFEntity","convenience properties"],"fullName":"IFEntity convenience properties should get name from displayName attribute first","status":"passed","title":"should get name from displayName attribute first","duration":0.15136700000039127,"failureMessages":[],"meta":{}},{"ancestorTitles":["IFEntity","convenience properties"],"fullName":"IFEntity convenience properties should get weight from attributes","status":"passed","title":"should get weight from attributes","duration":0.07365500000014435,"failureMessages":[],"meta":{}},{"ancestorTitles":["IFEntity","cloning"],"fullName":"IFEntity cloning should create deep copy with new ID","status":"passed","title":"should create deep copy with new ID","duration":0.47844699999950535,"failureMessages":[],"meta":{}},{"ancestorTitles":["IFEntity","serialization"],"fullName":"IFEntity serialization should serialize to JSON","status":"passed","title":"should serialize to JSON","duration":2.2064570000002277,"failureMessages":[],"meta":{}},{"ancestorTitles":["IFEntity","serialization"],"fullName":"IFEntity serialization should deserialize from JSON","status":"passed","title":"should deserialize from JSON","duration":0.3402559999994992,"failureMessages":[],"meta
[...]
leTrait","edge cases"],"fullName":"SwitchableTrait edge cases should handle device with no auto-off","status":"passed","title":"should handle device with no auto-off","duration":0.4142250000004424,"failureMessages":[],"meta":{}},{"ancestorTitles":["SwitchableTrait","edge cases"],"fullName":"SwitchableTrait edge cases should maintain type constant","status":"passed","title":"should maintain type constant","duration":0.4595019999997021,"failureMessages":[],"meta":{}}],"startTime":1755567313111,"endTime":1755567313118.4595,"status":"passed","message":"","name":"/mnt/c/repotemp/sharpee/packages/world-model/tests/unit/traits/switchable.test.ts"},{"assertionResults":[{"ancestorTitles":["Trait Combinations","PUSHABLE + BUTTON + SWITCHABLE"],"fullName":"Trait Combinations PUSHABLE + BUTTON + SWITCHABLE should create a functional light switch","status":"passed","title":"should create a functional light switch","duration":3.3635709999998653,"failureMessages":[],"meta":{}},{"ancestorTitles":["Trait Combinations","PUSHABLE + BUTTON + SWITCHABLE"],"fullName":"Trait Combinations PUSHABLE + BUTTON + SWITCHABLE should create an elevator call button","status":"passed","title":"should create an elevator call button","duration":0.6682980000005045,"failureMessages":[],"meta":{}},{"ancestorTitles":["Trait Combinations","TURNABLE + DIAL/VALVE"],"fullName":"Trait Combinations TURNABLE + DIAL/VALVE should create a safe combination dial","status":"passed","title":"should create a safe combination dial","duration":0.6242870000005496,"failureMessages":[],"meta":{}},{"ancestorTitles":["Trait Combinations","TURNABLE + DIAL/VALVE"],"fullName":"Trait Combinations TURNABLE + DIAL/VALVE should create a water valve","status":"passed","title":"should create a water valve","duration":0.44542400000136695,"failureMessages":[],"meta":{}},{"ancestorTitles":["Trait Combinations","MOVEABLE_SCENERY + PUSHABLE/PULLABLE"],"fullName":"Trait Combinations MOVEABLE_SCENERY + PUSHABLE/PULLABLE should create a heavy boulder that can be pushed","status":"passed","title":"should create a heavy boulder that can be pushed","duration":1.0341239999997924,"failureMessages":[],"meta":{}},{"ancestorTitles":["Trait Combinations","MOVEABLE_SCENERY + PUSHABLE/PULLABLE"],"fullName":"Trait Combinations MOVEABLE_SCENERY + PUSHABLE/PULLABLE should create a crate that can be pushed and pulled","status":"passed","title":"should create a crate that can be pushed and pulled","duration":0.6813430000001972,"failureMessages":[],"meta":{}},{"ancestorTitles":["Trait Combinations","FRAGILE + BREAKABLE"],"fullName":"Trait Combinations FRAGILE + BREAKABLE should create a reinforced glass window","status":"passed","title":"should create a reinforced glass window","duration":0.62371499999972,"failureMessages":[],"meta":{}},{"ancestorTitles":["Trait Combinations","Complex combinations"],"fullName":"Trait Combinations Complex combinations should create an emergency alarm system","status":"passed","title":"should create an emergency alarm system","duration":4.219283999998879,"failureMessages":[],"meta":{}},{"ancestorTitles":["Trait Combinations","Complex combinations"],"fullName":"Trait Combinations Complex combinations should create a complex control panel","status":"passed","title":"should create a complex control panel","duration":1.2382959999995364,"failureMessages":[],"meta":{}},{"ancestorTitles":["Trait Combinations","Edge case combinations"],"fullName":"Trait Combinations Edge case combinations should handle entities with many traits","status":"passed","title":"should handle entities with many traits","duration":0.661880999999994,"failureMessages":[],"meta":{}},{"ancestorTitles":["Trait Combinations","Edge case combinations"],"fullName":"Trait Combinations Edge case combinations should handle trait updates","status":"passed","title":"should handle trait updates","duration":0.13832299999921815,"failureMessages":[],"meta":{}}],"startTime":1755567289981,"endTime":1755567289995.6619,"status":"passed","message":"","name":"/mnt/c/repotemp/sharpee/packages/world-model/tests/unit/traits/trait-combinations.test.ts"},{"assertionResults":[{"ancestorTitles":["TurnableTrait","initialization"],"fullName":"TurnableTrait initialization should create trait with default values","status":"passed","title":"should create trait with default values","duration":5.5831200000002354,"failureMessages":[],"meta":{}},{"ancestorTitles":["TurnableTrait","initialization"],"fullName":"TurnableTrait initialization should create trait with provided data","status":"passed","title":"should create trait with provided data","duration":1.7187540000004446,"failureMessages":[],"meta":{}},{"ancestorTitles":["TurnableTrait","initialization"],"fullName":"TurnableTrait initialization should handle all turn types","status":"passed","title":"should handle all turn types","duration":0.6383280000000013,"failureMessages":[],"meta":{}},{"ancestorTitles":["TurnableTrait","settings management"],"fullName":"TurnableTrait settings management should handle string settings","status":"passed","title":"should handle string settings","duration":0.5412569999998595,"failureMessages":[],"meta":{}},{"ancestorTitles":["TurnableTrait","settings management"],"fullName":"TurnableTrait settings management should handle numeric settings","status":"passed","title":"should handle numeric settings","duration":1.0614590000004682,"failureMessages":[],"meta":{}},{"ancestorTitles":["TurnableTrait","settings management"],"fullName":"TurnableTrait settings management should default current setting to first in array","status":"passed","title":"should default current setting to first in array","duration":0.37667899999996735,"failureMessages":[],"meta":{}},{"ancestorTitles":["TurnableTrait","settings management"],"fullName":"TurnableTrait settings management should handle numeric ranges","status":"passed","title":"should handle numeric ranges","duration":0.3507559999998193,"failureMessages":[],"meta":{}},{"ancestorTitles":["TurnableTrait","turn tracking"],"fullName":"TurnableTrait turn tracking should track turns made","status":"passed","title":"should track turns made","duration":0.7707970000001296,"failureMessages":[],"meta":{}},{"ancestorTitles":["TurnableTrait","turn tracking"],"fullName":"TurnableTrait turn tracking should track turn direction","status":"passed","title":"should track turn direction","duration":1.1466719999998531,"failureMessages":[],"meta":{}},{"ancestorTitles":["TurnableTrait","entity integration"],"fullName":"TurnableTrait entity integration should attach to entity correctly","status":"passed","title":"should attach to entity correctly","duration":3.229051000000254,"failureMessages":[],"meta":{}},{"ancestorTitles":["TurnableTrait","entity integration"],"fullName":"TurnableTrait entity integration should work with multiple turnable objects","status":"passed","title":"should work with multiple turnable objects","duration":0.9590610000004745,"failureMessages":[],"meta":{}},{"ancestorTitles":["TurnableTrait","turn type behaviors"],"fullName":"TurnableTrait turn type behaviors should handle dial configuration","status":"passed","title":"should handle dial configuration","duration":2.281042999999954,"failureMessages":[],"meta":{}},{"ancestorTitles":["TurnableTrait","turn type behaviors"],"fullName":"TurnableTrait turn type behaviors should handle wheel configuration","status":"passed","title":"should handle wheel configuration","duration":0.811467000000448,"failureMessages":[],"meta":{}},{"ancestorTitles":["TurnableTrait","turn type behaviors"],"fullName":"TurnableTrait turn type behaviors should handle crank configuration","status":"passed","title":"should handle crank configuration","duration":0.5655309999992824,"failureMessages":[],"meta":{}},{"ancestorTitles":["TurnableTrait","turn type behaviors"],"fullName":"TurnableTrait turn type behaviors should handle valve configuration","status":"passed","title":"should handle valve configuration","duration":0.4314650000005713,"failureMessages":[],"meta":{}},{"ancestorTitles":["TurnableTrait","special properties"],"fullName":"TurnableTrait special properties should handle spring-loaded behavior","status":"passed","title":"should handle spring-loaded behavior","duration":0.514737000000423,"failureMessages":[],"meta":{}},{"ancestorTitles":["TurnableTrait","special properties"],"fullName":"TurnableTrait special properties should handle jammed state","status":"passed","title":"should handle jammed state","duration":0.7220950000000812,"failureMessages":[],"meta":{}},{"ancestorTitles":["TurnableTrait","special properties"],"fullName":"TurnableTrait special properties should handle unidirectional turning","status":"passed","title":"should handle unidirectional turning","duration":0.5463260000005903,"failureMessages":[],"meta":{}},{"ancestorTitles":["TurnableTrait","special effects"],"fullName":"TurnableTrait special effects should store custom effect events","status":"passed","title":"should store custom effect events","duration":0.4850909999995565,"failureMessages":[],"meta":{}},{"ancestorTitles":["TurnableTrait","special effects"],"fullName":"TurnableTrait special effects should handle partial effects","status":"passed","title":"should handle partial effects","duration":0.3684750000002168,"failureMessages":[],"meta":{}},{"ancestorTitles":["TurnableTrait","edge cases"],"fullName":"TurnableTrait edge cases should handle empty options object","status":"passed","title":"should handle empty options object","duration":0.344824000000699,"failureMessages":[],"meta":{}},{"ancestorTitles":["TurnableTrait","edge cases"],"fullName":"TurnableTrait edge cases should handle undefined options","status":"passed","title":"should handle undefined options","duration":0.36886999999933323,"failureMessages":[],"meta":{}},{"ancestorTitles":["TurnableTrait","edge cases"],"fullName":"TurnableTrait edge cases should maintain type constant","status":"passed","title":"should maintain type constant","duration":0.2564920000004349,"failureMessages":[],"meta":{}},{"ancestorTitles":["TurnableTrait","edge cases"],"fullName":"TurnableTrait edge cases should handle complex configurations","status":"passed","title":"should handle complex configurations","duration":0.4846209999996063,"failureMessages":[],"meta":{}}],"startTime":1755567307227,"endTime":1755567307253.4846,"status":"passed","message":"","name":"/mnt/c/repotemp/sharpee/packages/world-model/tests/unit/traits/turnable.test.ts"},{"assertionResults":[{"ancestorTitles":["WearableTrait","initialization"],"fullName":"WearableTrait initialization should create trait with default values","status":"passed","title":"should create trait with default values","duration":3.940397000000303,"failureMessages":[],"meta":{}},{"ancestorTitles":["WearableTrait","initialization"],"fullName":"WearableTrait initialization should create trait with provided data","status":"passed","title":"should create trait with provided data","duration":0.720408000000134,"failureMessages":[],"meta":{}},{"ancestorTitles":["WearableTrait","initialization"],"fullName":"WearableTrait initialization should handle partial initialization","status":"passed","title":"should handle partial initialization","duration":0.2894959999994171,"failureMessages":[],"meta":{}},{"ancestorTitles":["WearableTrait","initialization"],"fullName":"WearableTrait initialization should handle empty blocksSlots array","status":"passed","title":"should handle empty blocksSlots array","duration":0.2669289999994362,"failureMessages":[],"meta":{}},{"ancestorTitles":["WearableTrait","slot management"],"fullName":"WearableTrait slot management should support various body slots","status":"passed","title":"should support various body slots","duration":0.4452430000001186,"failureMessages":[],"meta":{}},{"ancestorTitles":["WearableTrait","slot management"],"fullName":"WearableTrait slot management should handle custom slot names","status":"passed","title":"should handle custom slot names","duration":0.1868000000004031,"failureMessages":[],"meta":{}},{"ancestorTitles":["WearableTrait","slot management"],"fullName":"WearableTrait slot management should block multiple slots","status":"passed","title":"should block multiple slots","duration":0.9072350000005827,"failureMessages":[],"meta":{}},{"ancestorTitles":["WearableTrait","layering system"],"fullName":"WearableTrait layering system should support different layers","status":"passed","title":"should support different layers","duration":0.2852710000006482,"failureMessages":[],"meta":{}},{"ancestorTitles":["WearableTrait","layering system"],"fullName":"WearableTrait layering system should handle wearableOver property","status":"passed","title":"should handle wearableOver property","duration":0.4345920000005208,"failureMessages":[],"meta":{}},{"ancestorTitles":["WearableTrait","worn state"],"fullName":"WearableTrait worn state should track worn status","status":"passed","title":"should track worn status","duration":0.2552639999994426,"failureMessages":[],"meta":{}},{"ancestorTitles":["WearableTrait","worn state"],"fullName":"WearableTrait worn state should handle different wearers","status":"passed","title":"should handle different wearers","duration":0.1519880000005287,"failureMessages":[],"meta":{}},{"ancestorTitles":["WearableTrait","worn state"],"fullName":"WearableTrait worn state should clear wornBy when not worn","status":"passed","title":"should clear wornBy when not worn","duration":0.08899599999949714,"failureMessages":[],"meta":{}},{"ancestorTitles":["WearableTrait","messages"],"fullName":"WearableTrait messages should store custom wear and remove messages","status":"passed","title":"should store custom wear and remove messages","duration":0.08734999999978754,"failureMessages":[],"meta":{}},{"ancestorTitles":["WearableTrait","messages"],"fullName":"WearableTrait messages should allow undefined messages","status":"passed","title":"should allow undefined messages","duration":0.0744829999994181,"failureMessages":[],"meta":{}},{"ancestorTitles":["WearableTrait","messages"],"fullName":"WearableTrait messages should allow only wear message","status":"passed","title":"should allow only wear message","duration":0.08974200000011479,"failureMessages":[],"meta":{}},{"ancestorTitles":["WearableTrait","physical properties"],"fullName":"WearableTrait physical properties should handle weight and bulk","status":"passed","title":"should handle weight and bulk","duration":0.21629699999994045,"failureMessages":[],"meta":{}},{"ancestorTitles":["WearableTrait","physical properties"],"fullName":"WearableTrait physical properties should handle zero weight items","status":"passed","title":"should handle zero weight items","duration":0.21649999999954161,"failureMessages":[],"meta":{}},{"ancestorTitles":["WearableTrait","physical properties"],"fullName":"WearableTrait physical properties should handle fractional values","status":"passed","title":"should handle fractional values","duration":0.32264200000008714,"failureMessages":[],"meta":{}},{"ancestorTitles":["WearableTrait","entity integration"],"fullName":"WearableTrait entity integration should attach to entity correctly","status":"passed","title":"should attach to entity correctly","duration":0.4867629999998826,"failureMessages":[],"meta":{}},{"ancestorTitles":["WearableTrait","entity integration"],"fullName":"WearableTrait entity integration should create various wearable items","status":"passed","title":"should create various wearable items","duration":0.2602679999999964,"failureMessages":[],"meta":{}},{"ancestorTitles":["WearableTrait","entity integration"],"fullName":"WearableTrait entity integration should work with actor wearing items","status":"passed","title":"should work with actor wearing items","duration":0.23697400000037305,"failureMessages":[],"meta":{}},{"ancestorTitles":["WearableTrait","complex wearable scenarios"],"fullName":"WearableTrait complex wearable scenarios should handle layered armor system","status":"passed","title":"should handle layered armor system","duration":0.23698200000035285,"failureMessages":[],"meta":{}},{"ancestorTitles":["WearableTrait","complex wearable scenarios"],"fullName":"WearableTrait complex wearable scenarios should handle jewelry with multiple items per slot","status":"passed","title":"should handle jewelry with multiple items per slot","duration":0.11818600000060542,"failureMessages":[],"meta":{}},{"ancestorTitles":["WearableTrait","complex wearable scenarios"],"fullName":"WearableTrait complex wearable scenarios should handle outfit sets","status":"passed","title":"should handle outfit sets","duration":0.11554299999988871,"failureMessages":[],"meta":{}},{"ancestorTitles":["WearableTrait","edge cases"],"fullName":"WearableTrait edge cases should handle empty options object","status":"passed","title":"should handle empty options object","duration":0.1982929999994667,"failureMessages":[],"meta":{}},{"ancestorTitles":["WearableTrait","edge cases"],"fullName":"WearableTrait edge cases should handle undefined as parameter","status":"passed","title":"should handle undefined as parameter","duration":0.11222300000008545,"failureMessages":[],"meta":{}},{"ancestorTitles":["WearableTrait","edge cases"],"fullName":"WearableTrait edge cases should maintain type constant","status":"passed","title":"should maintain type constant","duration":0.09312499999941792,"failureMessages":[],"meta":{}},{"ancestorTitles":["WearableTrait","edge cases"],"fullName":"WearableTrait edge cases should handle boolean false values correctly","status":"passed","title":"should handle boolean false values correctly","duration":0.06874799999968673,"failureMessages":[],"meta":{}},{"ancestorTitles":["WearableTrait","edge cases"],"fullName":"WearableTrait edge cases should handle zero and negative values","status":"passed","title":"should handle zero and negative values","duration":0.12526299999990442,"failureMessages":[],"meta":{}},{"ancestorTitles":["WearableTrait","edge cases"],"fullName":"WearableTrait edge cases should preserve array reference for blocksSlots","status":"passed","title":"should preserve array reference for blocksSlots","duration":0.13908300000002782,"failureMessages":[],"meta":{}}],"startTime":1755567300022,"endTime":1755567300034.1982,"status":"passed","message":"","name":"/mnt/c/repotemp/sharpee/packages/world-model/tests/unit/traits/wearable.test.ts"},{"assertionResults":[{"ancestorTitles":["Container State Change Visibility"],"fullName":"Container State Change Visibility should not see medicine when cabinet is closed","status":"passed","title":"should not see medicine when cabinet is closed","duration":4.912190999999439,"failureMessages":[],"meta":{}},{"ancestorTitles":["Container State Change Visibility"],"fullName":"Container State Change Visibility should see medicine when cabinet is open","status":"passed","title":"should see medicine when cabinet is open","duration":0.6692329999996218,"failureMessages":[],"meta":{}},{"ancestorTitles":["Container State Change Visibility"],"fullName":"Container State Change Visibility should handle multiple state changes","status":"passed","title":"should handle multiple state changes","duration":0.7945260000005874,"failureMessages":[],"meta":{}},{"ancestorTitles":["Container State Change Visibility"],"fullName":"Container State Change Visibility should verify canSee works correctly","status":"passed","title":"should verify canSee works correctly","duration":0.5256799999997384,"failureMessages":[],"meta":{}},{"ancestorTitles":["Container State Change Visibility"],"fullName":"Container State Change Visibility should verify medicine is in scope regardless of cabinet state","status":"passed","title":"should verify medicine is in scope regardless of cabinet state","duration":0.8768839999993361,"failureMessages":[],"meta":{}}],"startTime":1755567313123,"endTime":1755567313130.877,"status":"passed","message":"","name":"/mnt/c/repotemp/sharpee/packages/world-model/tests/unit/visibility/container-state-visibility.test.ts"}]}