{"numTotalTestSuites":468,"numPassedTestSuites":468,"numFailedTestSuites":0,"numPendingTestSuites":0,"numTotalTests":1137,"numPassedTests":1124,"numFailedTests":0,"numPendingTests":13,"numTodoTests":0,"snapshot":{"added":0,"failure":false,"filesAdded":0,"filesRemoved":0,"filesRemovedList":[],"filesUnmatched":0,"filesUpdated":0,"matched":0,"total":0,"unchecked":0,"uncheckedKeysByFile":[],"unmatched":0,"updated":0,"didUpdate":false},"startTime":1755574223361,"success":true,"testResults":[{"assertionResults":[{"ancestorTitles":["Debug Worn Visibility"],"fullName":"Debug Worn Visibility should debug worn item visibility","status":"passed","title":"should debug worn item visibility","duration":4.572957999998835,"failureMessages":[],"meta":{}}],"startTime":1755574266680,"endTime":1755574266684.573,"status":"passed","message":"","name":"/mnt/c/repotemp/sharpee/packages/world-model/tests/debug-worn-visibility.test.ts"},{"assertionResults":[{"ancestorTitles":["Minimal Visibility Test"],"fullName":"Minimal Visibility Test should see items in the same room","status":"passed","title":"should see items in the same room","duration":3.931305999999495,"failureMessages":[],"meta":{}}],"startTime":1755574272146,"endTime":1755574272149.9314,"status":"passed","message":"","name":"/mnt/c/repotemp/sharpee/packages/world-model/tests/minimal-visibility.test.ts"},{"assertionResults":[{"ancestorTitles":["Container Hierarchies Integration Tests","Deep Nesting"],"fullName":"Container Hierarchies Integration Tests Deep Nesting should handle deeply nested containers","status":"passed","title":"should handle deeply nested containers","duration":6.289033999999447,"failureMessages":[],"meta":{}},{"ancestorTitles":["Container Hierarchies Integration Tests","Deep Nesting"],"fullName":"Container Hierarchies Integration Tests Deep Nesting should enforce maximum nesting depth","status":"passed","title":"should enforce maximum nesting depth","duration":0.5880190000007133,"failureMessages":[],"meta":{}},{"ancestorTitles":["Container Hierarchies Integration Tests","Deep Nesting"],"fullName":"Container Hierarchies Integration Tests Deep Nesting should prevent circular containment","status":"passed","title":"should prevent circular containment","duration":0.7702210000006744,"failureMessages":[],"meta":{}},{"ancestorTitles":["Container Hierarchies Integration Tests","Container Capacity and Weight"],"fullName":"Container Hierarchies Integration Tests Container Capacity and Weight should calculate total weight including contents","status":"passed","title":"should calculate total weight including contents","duration":0.31806700000015553,"failureMessages":[],"meta":{}},{"ancestorTitles":["Container Hierarchies Integration Tests","Container Capacity and Weight"],"fullName":"Container Hierarchies Integration Tests Container Capacity and Weight should handle container capacity limits","status":"passed","title":"should handle container capacity limits","duration":0.6999180000002525,"failureMessages":[],"meta":{}},{"ancestorTitles":["Container Hierarchies Integration Tests","Mixed Container Types"],"fullName":"Container Hierarchies Integration Tests Mixed Container Types should handle supporter and container combinations","status":"passed","title":"should handle supporter and container combinations","duration":0.7257250000002387,"failureMessages":[],"meta":{}},{"ancestorTitles":["Container Hierarchies Integration Tests","Mixed Container Types"],"fullName":"Container Hierarchies Integration Tests Mixed Container Types should handle furniture with both surfaces and storage","status":"passed","title":"should handle furniture with both surfaces and storage","duration":0.5383619999993243,"failureMessages":[],"meta":{}},{"ancestorTitles":["Container Hierarchies Integration Tests","Container State Changes"],"fullName":"Container Hierarchies Integration Tests Container State Changes should handle moving containers with contents","status":"passed","title":"should handle moving containers with contents","duration":0.33732099999906495,"failureMessages":[],"meta":{}},{"ancestorTitles":["Container Hierarchies Integration Tests","Container State Changes"],"fullName":"Container Hierarchies Integration Tests Container State Changes should update visibility when opening/closing containers","status":"passed","title":"should update visibility when opening/closing containers","duration":0.8488899999993009,"failureMessages":[],"meta":{}},{"ancestorTitles":["Container Hierarchies Integration Tests","Container Query Operations"],"fullName":"Container Hierarchies Integration Tests Container Query Operations should find all containers of a specific type","status":"passed","title":"should find all containers of a specific type","duration":0.47407600000042294,"failureMessages":[],"meta":{}},{"ancestorTitles":["Container Hierarchies Integration Tests","Container Query Operations"],"fullName":"Container Hierarchies Integration Tests Container Query Operations should find containers matching complex criteria","status":"passed","title":"should find containers matching complex criteria","duration":0.808257999999114,"failureMessages":[],"meta":{}},{"ancestorTitles":["Container Hierarchies Integration Tests","Performance with Many Containers"],"fullName":"Container Hierarchies Integration Tests Performance with Many Containers should handle large numbers of containers efficiently","status":"passed","title":"should handle large numbers of containers efficiently","duration":4.01680800000031,"failureMessages":[],"meta":{}},{"ancestorTitles":["Container Hierarchies Integration Tests","Performance with Many Containers"],"fullName":"Container Hierarchies Integration Tests Performance with Many Containers should efficiently check containment loops in complex hierarchies","status":"passed","title":"should efficiently check containment loops in complex hierarchies","duration":0.3903390000014042,"failureMessages":[],"meta":{}}],"startTime":1755574235473,"endTime":1755574235490.3904,"status":"passed","message":"","name":"/mnt/c/repotemp/sharpee/packages/world-model/tests/integration/container-hierarchies.test.ts"},{"assertionResults":[{"ancestorTitles":["Door Mechanics Integration Tests","Basic Door Functionality"],"fullName":"Door Mechanics Integration Tests Basic Door Functionality should create doors connecting two rooms","status":"passed","title":"should create doors connecting two rooms","duration":2.148873000000094,"failureMessages":[],"meta":{}},{"ancestorTitles":["Door Mechanics Integration Tests","Basic Door Functionality"],"fullName":"Door Mechanics Integration Tests Basic Door Functionality should synchronize door state between rooms","status":"passed","title":"should synchronize door state between rooms","duration":1.0034599999999045,"failureMessages":[],"meta":{}},{"ancestorTitles":["Door Mechanics Integration Tests","Lockable Doors"],"fullName":"Door Mechanics Integration Tests Lockable Doors should prevent opening locked doors","status":"passed","title":"should prevent opening locked doors","duration":0.5754010000000562,"failureMessages":[],"meta":{}},{"ancestorTitles":["Door Mechanics Integration Tests","Lockable Doors"],"fullName":"Door Mechanics Integration Tests Lockable Doors should unlock doors with correct key","status":"passed","title":"should unlock doors with correct key","duration":0.9305060000006051,"failureMessages":[],"meta":{}},{"ancestorTitles":["Door Mechanics Integration Tests","Lockable Doors"],"fullName":"Door Mechanics Integration Tests Lockable Doors should handle multiple locked doors","status":"passed","title":"should handle multiple locked doors","duration":0.5549609999998211,"failureMessages":[],"meta":{}},{"ancestorTitles":["Door Mechanics Integration Tests","Complex Door Scenarios"],"fullName":"Door Mechanics Integration Tests Complex Door Scenarios should handle secret doors","status":"passed","title":"should handle secret doors","duration":0.912438999999722,"failureMessages":[],"meta":{}},{"ancestorTitles":["Door Mechanics Integration Tests","Complex Door Scenarios"],"fullName":"Door Mechanics Integration Tests Complex Door Scenarios should handle one-way doors","status":"passed","title":"should handle one-way doors","duration":0.26710300000013376,"failureMessages":[],"meta":{}},{"ancestorTitles":["Door Mechanics Integration Tests","Complex Door Scenarios"],"fullName":"Door Mechanics Integration Tests Complex Door Scenarios should handle automatic closing doors","status":"passed","title":"should handle automatic closing doors","duration":0.2547709999998915,"failureMessages":[],"meta":{}},{"ancestorTitles":["Door Mechanics Integration Tests","Door State and Visibility"],"fullName":"Door Mechanics Integration Tests Door State and Visibility should affect visibility through doors","status":"passed","title":"should affect visibility through doors","duration":0.5319420000014361,"failureMessages":[],"meta":{}},{"ancestorTitles":["Door Mechanics Integration Tests","Door State and Visibility"],"fullName":"Door Mechanics Integration Tests Door State and Visibility should handle doors with windows","status":"passed","title":"should handle doors with windows","duration":0.20478300000104355,"failureMessages":[],"meta":{}},{"ancestorTitles":["Door Mechanics Integration Tests","Multi-Door Connections"],"fullName":"Door Mechanics Integration Tests Multi-Door Connections should handle rooms with multiple doors","status":"passed","title":"should handle rooms with multiple doors","duration":1.130578999998761,"failureMessages":[],"meta":{}},{"ancestorTitles":["Door Mechanics Integration Tests","Multi-Door Connections"],"fullName":"Door Mechanics Integration Tests Multi-Door Connections should handle double doors","status":"passed","title":"should handle double doors","duration":0.24245999999948253,"failureMessages":[],"meta":{}},{"ancestorTitles":["Door Mechanics Integration Tests","Door Events and Behaviors"],"fullName":"Door Mechanics Integration Tests Door Events and Behaviors should track door usage","status":"passed","title":"should track door usage","duration":0.18774699999994482,"failureMessages":[],"meta":{}},{"ancestorTitles":["Door Mechanics Integration Tests","Door Events and Behaviors"],"fullName":"Door Mechanics Integration Tests Door Events and Behaviors should handle door with special requirements","status":"passed","title":"should handle door with special requirements","duration":0.19120599999951082,"failureMessages":[],"meta":{}},{"ancestorTitles":["Door Mechanics Integration Tests","Performance with Many Doors"],"fullName":"Door Mechanics Integration Tests Performance with Many Doors should handle buildings with many doors efficiently","status":"passed","title":"should handle buildings with many doors efficiently","duration":0.5755480000007083,"failureMessages":[],"meta":{}}],"startTime":1755574235755,"endTime":1755574235765.5754,"status":"passed","message":"","name":"/mnt/c/repotemp/sharpee/packages/world-model/tests/integration/door-mechanics.test.ts"},{"assertionResults":[{"ancestorTitles":["Room and Actor as Containers","Rooms as containers"],"fullName":"Room and Actor as Containers Rooms as containers should allow items to be placed in rooms without ContainerTrait","status":"passed","title":"should allow items to be placed in rooms without ContainerTrait","duration":3.818427000000156,"failureMessages":[],"meta":{}},{"ancestorTitles":["Room and Actor as Containers","Rooms as containers"],"fullName":"Room and Actor as Containers Rooms as containers should respect room capacity limits","status":"passed","title":"should respect room capacity limits","duration":0.39426499999990483,"failureMessages":[],"meta":{}},{"ancestorTitles":["Room and Actor as Containers","Rooms as containers"],"fullName":"Room and Actor as Containers Rooms as containers should handle nested containers in rooms","status":"passed","title":"should handle nested containers in rooms","duration":0.8671350000004168,"failureMessages":[],"meta":{}},{"ancestorTitles":["Room and Actor as Containers","Actors as containers"],"fullName":"Room and Actor as Containers Actors as containers should allow actors to carry items without ContainerTrait","status":"passed","title":"should allow actors to carry items without ContainerTrait","duration":0.8323069999996733,"failureMessages":[],"meta":{}},{"ancestorTitles":["Room and Actor as Containers","Actors as containers"],"fullName":"Room and Actor as Containers Actors as containers should handle actor inventory limits","status":"passed","title":"should handle actor inventory limits","duration":0.4101119999995717,"failureMessages":[],"meta":{}},{"ancestorTitles":["Room and Actor as Containers","Actors as containers"],"fullName":"Room and Actor as Containers Actors as containers should prevent actors from being placed inside other actors","status":"passed","title":"should prevent actors from being placed inside other actors","duration":0.7440980000001218,"failureMessages":[],"meta":{}},{"ancestorTitles":["Room and Actor as Containers","Container type detection"],"fullName":"Room and Actor as Containers Container type detection should correctly identify all container-capable entities","status":"passed","title":"should correctly identify all container-capable entities","duration":0.4004500000000917,"failureMessages":[],"meta":{}}],"startTime":1755574250748,"endTime":1755574250756.4004,"status":"passed","message":"","name":"/mnt/c/repotemp/sharpee/packages/world-model/tests/integration/room-actor-containers.test.ts"},{"assertionResults":[{"ancestorTitles":["Room Navigation Integration Tests","Basic Room Connections"],"fullName":"Room Navigation Integration Tests Basic Room Connections should connect rooms with simple exits","status":"passed","title":"should connect rooms with simple exits","duration":2.333204999999907,"failureMessages":[],"meta":{}},{"ancestorTitles":["Room Navigation Integration Tests","Basic Room Connections"],"fullName":"Room Navigation Integration Tests Basic Room Connections should find paths between connected rooms","status":"passed","title":"should find paths between connected rooms","duration":1.3562990000000354,"failureMessages":[],"meta":{}},{"ancestorTitles":["Room Navigation Integration Tests","Rooms with Door Entities"],"fullName":"Room Navigation Integration Tests Rooms with Door Entities should navigate through open doors","status":"passed","title":"should navigate through open doors","duration":1.1273009999995338,"failureMessages":[],"meta":{}},{"ancestorTitles":["Room Navigation Integration Tests","Rooms with Door Entities"],"fullName":"Room Navigation Integration Tests Rooms with Door Entities should handle closed doors","status":"passed","title":"should handle closed doors","duration":0.4007820000006177,"failureMessages":[],"meta":{}},{"ancestorTitles":["Room Navigation Integration Tests","Rooms with Door Entities"],"fullName":"Room Navigation Integration Tests Rooms with Door Entities should handle locked doors","status":"passed","title":"should handle locked doors","duration":0.6455800000003364,"failureMessages":[],"meta":{}},{"ancestorTitles":["Room Navigation Integration Tests","Rooms with Door Entities"],"fullName":"Room Navigation Integration Tests Rooms with Door Entities should find alternative paths when doors are blocked","status":"passed","title":"should find alternative paths when doors are blocked","duration":0.47777099999984785,"failureMessages":[],"meta":{}},{"ancestorTitles":["Room Navigation Integration Tests","Complex Multi-Level Navigation"],"fullName":"Room Navigation Integration Tests Complex Multi-Level Navigation should handle buildings with multiple floors","status":"passed","title":"should handle buildings with multiple floors","duration":0.36054500000045664,"failureMessages":[],"meta":{}},{"ancestorTitles":["Room Navigation Integration Tests","Complex Multi-Level Navigation"],"fullName":"Room Navigation Integration Tests Complex Multi-Level Navigation should handle one-way passages","status":"passed","title":"should handle one-way passages","duration":0.22314300000016374,"failureMessages":[],"meta":{}},{"ancestorTitles":["Room Navigation Integration Tests","Room Properties and Navigation"],"fullName":"Room Navigation Integration Tests Room Properties and Navigation should track first visits to rooms","status":"passed","title":"should track first visits to rooms","duration":0.46628899999996065,"failureMessages":[],"meta":{}},{"ancestorTitles":["Room Navigation Integration Tests","Room Properties and Navigation"],"fullName":"Room Navigation Integration Tests Room Properties and Navigation should handle dark rooms and navigation","status":"passed","title":"should handle dark rooms and navigation","duration":0.5666499999997541,"failureMessages":[],"meta":{}},{"ancestorTitles":["Room Navigation Integration Tests","Special Exit Types"],"fullName":"Room Navigation Integration Tests Special Exit Types should handle exit entities","status":"passed","title":"should handle exit entities","duration":0.23351700000057463,"failureMessages":[],"meta":{}},{"ancestorTitles":["Room Navigation Integration Tests","Special Exit Types"],"fullName":"Room Navigation Integration Tests Special Exit Types should handle entry points","status":"passed","title":"should handle entry points","duration":0.2011160000001837,"failureMessages":[],"meta":{}},{"ancestorTitles":["Room Navigation Integration Tests","Performance and Edge Cases"],"fullName":"Room Navigation Integration Tests Performance and Edge Cases should handle large mazes efficiently","status":"passed","title":"should handle large mazes efficiently","duration":1.1519820000003165,"failureMessages":[],"meta":{}},{"ancestorTitles":["Room Navigation Integration Tests","Performance and Edge Cases"],"fullName":"Room Navigation Integration Tests Performance and Edge Cases should handle disconnected room groups","status":"passed","title":"should handle disconnected room groups","duration":0.3757319999995161,"failureMessages":[],"meta":{}}],"startTime":1755574257532,"endTime":1755574257542.3757,"status":"passed","message":"","name":"/mnt/c/repotemp/sharpee/packages/world-model/tests/integration/room-navigation.test.ts"},{"assertionResults":[{"ancestorTitles":["Trait Combinations Integration Tests","Container + Openable + Lockable"],"fullName":"Trait Combinations Integration Tests Container + Openable + Lockable should not see contents of locked closed container","status":"passed","title":"should not see contents of locked closed container","duration":4.085008000000016,"failureMessages":[],"meta":{}},{"ancestorTitles":["Trait Combinations Integration Tests","Container + Openable + Lockable"],"fullName":"Trait Combinations Integration Tests Container + Openable + Lockable should not open locked container","status":"passed","title":"should not open locked container","duration":0.498978999999963,"failureMessages":[],"meta":{}},{"ancestorTitles":["Trait Combinations Integration Tests","Container + Openable + Lockable"],"fullName":"Trait Combinations Integration Tests Container + Openable + Lockable should see contents after unlocking and opening","status":"passed","title":"should see contents after unlocking and opening","duration":0.7395990000004531,"failureMessages":[],"meta":{}},{"ancestorTitles":["Trait Combinations Integration Tests","Container + Openable + Lockable"],"fullName":"Trait Combinations Integration Tests Container + Openable + Lockable should handle nested locked containers","status":"passed","title":"should handle nested locked containers","duration":0.6009770000000572,"failureMessages":[],"meta":{}},{"ancestorTitles":["Trait Combinations Integration Tests","Supporter + Container + Scenery"],"fullName":"Trait Combinations Integration Tests Supporter + Container + Scenery should see items on supporter but not in closed container","status":"passed","title":"should see items on supporter but not in closed container","duration":0.9260429999994813,"failureMessages":[],"meta":{}},{"ancestorTitles":["Trait Combinations Integration Tests","Supporter + Container + Scenery"],"fullName":"Trait Combinations Integration Tests Supporter + Container + Scenery should handle complex containment hierarchy","status":"passed","title":"should handle complex containment hierarchy","duration":1.3945279999988998,"failureMessages":[],"meta":{}},{"ancestorTitles":["Trait Combinations Integration Tests","Supporter + Container + Scenery"],"fullName":"Trait Combinations Integration Tests Supporter + Container + Scenery should include all scenery regardless of visibility","status":"passed","title":"should include all scenery regardless of visibility","duration":0.6002500000013242,"failureMessages":[],"meta":{}},{"ancestorTitles":["Trait Combinations Integration Tests","Actor + Wearable + Container"],"fullName":"Trait Combinations Integration Tests Actor + Wearable + Container should handle wearing items with containers","status":"passed","title":"should handle wearing items with containers","duration":0.592953999999736,"failureMessages":[],"meta":{}},{"ancestorTitles":["Trait Combinations Integration Tests","Actor + Wearable + Container"],"fullName":"Trait Combinations Integration Tests Actor + Wearable + Container should exclude worn items when specified","status":"passed","title":"should exclude worn items when specified","duration":0.6214839999993274,"failureMessages":[],"meta":{}},{"ancestorTitles":["Trait Combinations Integration Tests","Actor + Wearable + Container"],"fullName":"Trait Combinations Integration Tests Actor + Wearable + Container should track complex worn item hierarchies","status":"passed","title":"should track complex worn item hierarchies","duration":0.5452390000009473,"failureMessages":[],"meta":{}},{"ancestorTitles":["Trait Combinations Integration Tests","Door + Room + Light Source"],"fullName":"Trait Combinations Integration Tests Door + Room + Light Source should navigate through doors between rooms","status":"passed","title":"should navigate through doors between rooms","duration":1.040288000000146,"failureMessages":[],"meta":{}},{"ancestorTitles":["Trait Combinations Integration Tests","Door + Room + Light Source"],"fullName":"Trait Combinations Integration Tests Door + Room + Light Source should see in lit rooms but not dark rooms","status":"passed","title":"should see in lit rooms but not dark rooms","duration":0.3696440000003349,"failureMessages":[],"meta":{}},{"ancestorTitles":["Trait Combinations Integration Tests","Door + Room + Light Source"],"fullName":"Trait Combinations Integration Tests Door + Room + Light Source should handle door state synchronization","status":"passed","title":"should handle door state synchronization","duration":0.18247100000007777,"failureMessages":[],"meta":{}},{"ancestorTitles":["Trait Combinations Integration Tests","Edible + Container + Actor"],"fullName":"Trait Combinations Integration Tests Edible + Container + Actor should track edible items in containers","status":"passed","title":"should track edible items in containers","duration":0.37955800000054296,"failureMessages":[],"meta":{}},{"ancestorTitles":["Trait Combinations Integration Tests","Edible + Container + Actor"],"fullName":"Trait Combinations Integration Tests Edible + Container + Actor should handle consuming items from container","status":"passed","title":"should handle consuming items from container","duration":0.19932499999958964,"failureMessages":[],"meta":{}},{"ancestorTitles":["Trait Combinations Integration Tests","Complex Multi-Trait Scenarios"],"fullName":"Trait Combinations Integration Tests Complex Multi-Trait Scenarios should handle readable items in locked containers on supporters","status":"passed","title":"should handle readable items in locked containers on supporters","duration":0.48473100000046543,"failureMessages":[],"meta":{}},{"ancestorTitles":["Trait Combinations Integration Tests","Complex Multi-Trait Scenarios"],"fullName":"Trait Combinations Integration Tests Complex Multi-Trait Scenarios should handle switchable light sources affecting room visibility","status":"passed","title":"should handle switchable light sources affecting room visibility","duration":1.1145909999995638,"failureMessages":[],"meta":{}}],"startTime":1755574236035,"endTime":1755574236050.1145,"status":"passed","message":"","name":"/mnt/c/repotemp/sharpee/packages/world-model/tests/integration/trait-combinations.test.ts"},{"assertionResults":[{"ancestorTitles":["Visibility Chains Integration Tests","Container Visibility Chains"],"fullName":"Visibility Chains Integration Tests Container Visibility Chains should see through open containers","status":"passed","title":"should see through open containers","duration":3.91674200000125,"failureMessages":[],"meta":{}},{"ancestorTitles":["Visibility Chains Integration Tests","Container Visibility Chains"],"fullName":"Visibility Chains Integration Tests Container Visibility Chains should not see into closed containers","status":"passed","title":"should not see into closed containers","duration":1.4309219999995548,"failureMessages":[],"meta":{}},{"ancestorTitles":["Visibility Chains Integration Tests","Container Visibility Chains"],"fullName":"Visibility Chains Integration Tests Container Visibility Chains should handle mixed open/closed container chains","status":"passed","title":"should handle mixed open/closed container chains","duration":0.8428969999986293,"failureMessages":[],"meta":{}},{"ancestorTitles":["Visibility Chains Integration Tests","Supporter Visibility"],"fullName":"Visibility Chains Integration Tests Supporter Visibility should see items on supporters","status":"passed","title":"should see items on supporters","duration":0.9834979999995994,"failureMessages":[],"meta":{}},{"ancestorTitles":["Visibility Chains Integration Tests","Supporter Visibility"],"fullName":"Visibility Chains Integration Tests Supporter Visibility should see through containers on supporters","status":"passed","title":"should see through containers on supporters","duration":0.7617210000007617,"failureMessages":[],"meta":{}},{"ancestorTitles":["Visibility Chains Integration Tests","Room and Light Visibility"],"fullName":"Visibility Chains Integration Tests Room and Light Visibility should not see in dark rooms","status":"passed","title":"should not see in dark rooms","duration":1.2602870000009716,"failureMessages":[],"meta":{}},{"ancestorTitles":["Visibility Chains Integration Tests","Room and Light Visibility"],"fullName":"Visibility Chains Integration Tests Room and Light Visibility should see with carried light source","status":"passed","title":"should see with carried light source","duration":1.495257999999012,"failureMessages":[],"meta":{}},{"ancestorTitles":["Visibility Chains Integration Tests","Room and Light Visibility"],"fullName":"Visibility Chains Integration Tests Room and Light Visibility should see with light source in room","status":"passed","title":"should see with light source in room","duration":0.25622699999985343,"failureMessages":[],"meta":{}},{"ancestorTitles":["Visibility Chains Integration Tests","Room and Light Visibility"],"fullName":"Visibility Chains Integration Tests Room and Light Visibility should handle light in containers","status":"passed","title":"should handle light in containers","duration":0.77237199999945,"failureMessages":[],"meta":{}},{"ancestorTitles":["Visibility Chains Integration Tests","Actor Visibility"],"fullName":"Visibility Chains Integration Tests Actor Visibility should see items carried by actors","status":"passed","title":"should see items carried by actors","duration":0.42827000000033877,"failureMessages":[],"meta":{}},{"ancestorTitles":["Visibility Chains Integration Tests","Actor Visibility"],"fullName":"Visibility Chains Integration Tests Actor Visibility should see worn items on actors","status":"passed","title":"should see worn items on actors","duration":0.8324630000006437,"failureMessages":[],"meta":{}},{"ancestorTitles":["Visibility Chains Integration Tests","Actor Visibility"],"fullName":"Visibility Chains Integration Tests Actor Visibility should not see items in closed containers carried by actors","status":"passed","title":"should not see items in closed containers carried by actors","duration":0.31342099999892525,"failureMessages":[],"meta":{}},{"ancestorTitles":["Visibility Chains Integration Tests","Scenery Visibility"],"fullName":"Visibility Chains Integration Tests Scenery Visibility should see visible scenery","status":"passed","title":"should see visible scenery","duration":0.23679400000037276,"failureMessages":[],"meta":{}},{"ancestorTitles":["Visibility Chains Integration Tests","Scenery Visibility"],"fullName":"Visibility Chains Integration Tests Scenery Visibility should not see invisible scenery","status":"passed","title":"should not see invisible scenery","duration":0.13482400000066264,"failureMessages":[],"meta":{}},{"ancestorTitles":["Visibility Chains Integration Tests","Scenery Visibility"],"fullName":"Visibility Chains Integration Tests Scenery Visibility should see contents of visible scenery containers","status":"passed","title":"should see contents of visible scenery containers","duration":0.1434319999989384,"failureMessages":[],"meta":{}},{"ancestorTitles":["Visibility Chains Integration Tests","Complex Visibility Scenarios"],"fullName":"Visibility Chains Integration Tests Complex Visibility Scenarios should handle deep visibility chains","status":"passed","title":"should handle deep visibility chains","duration":0.24520899999879475,"failureMessages":[],"meta":{}},{"ancestorTitles":["Visibility Chains Integration Tests","Complex Visibility Scenarios"],"fullName":"Visibility Chains Integration Tests Complex Visibility Scenarios should handle multiple visibility blockers","status":"passed","title":"should handle multiple visibility blockers","duration":0.4180390000001353,"failureMessages":[],"meta":{}},{"ancestorTitles":["Visibility Chains Integration Tests","Complex Visibility Scenarios"],"fullName":"Visibility Chains Integration Tests Complex Visibility Scenarios should handle visibility with movement","status":"passed","title":"should handle visibility with movement","duration":0.1828590000004624,"failureMessages":[],"meta":{}},{"ancestorTitles":["Visibility Chains Integration Tests","Scope and In-Scope Items"],"fullName":"Visibility Chains Integration Tests Scope and In-Scope Items should get all items in scope","status":"passed","title":"should get all items in scope","duration":0.6574579999996786,"failureMessages":[],"meta":{}},{"ancestorTitles":["Visibility Chains Integration Tests","Scope and In-Scope Items"],"fullName":"Visibility Chains Integration Tests Scope and In-Scope Items should handle scope in dark rooms with light","status":"passed","title":"should handle scope in dark rooms with light","duration":0.27569100000073377,"failureMessages":[],"meta":{}},{"ancestorTitles":["Visibility Chains Integration Tests","Performance Tests"],"fullName":"Visibility Chains Integration Tests Performance Tests should handle large visibility calculations efficiently","status":"passed","title":"should handle large visibility calculations efficiently","duration":3.1056420000004437,"failureMessages":[],"meta":{}},{"ancestorTitles":["Visibility Chains Integration Tests","Performance Tests"],"fullName":"Visibility Chains Integration Tests Performance Tests should cache visibility calculations","status":"passed","title":"should cache visibility calculations","duration":1.26587599999948,"failureMessages":[],"meta":{}}],"startTime":1755574235696,"endTime":1755574235717.2659,"status":"passed","message":"","name":"/mnt/c/repotemp/sharpee/packages/world-model/tests/integration/visibility-chains.test.ts"},{"assertionResults":[{"ancestorTitles":["Wearable and Clothing Integration Tests","Basic Wearable Behavior"],"fullName":"Wearable and Clothing Integration Tests Basic Wearable Behavior should wear and remove simple items","status":"passed","title":"should wear and remove simple items","duration":2.512942999999723,"failureMessages":[],"meta":{}},{"ancestorTitles":["Wearable and Clothing Integration Tests","Basic Wearable Behavior"],"fullName":"Wearable and Clothing Integration Tests Basic Wearable Behavior should prevent wearing already worn items","status":"passed","title":"should prevent wearing already worn items","duration":0.646534999999858,"failureMessages":[],"meta":{}},{"ancestorTitles":["Wearable and Clothing Integration Tests","Basic Wearable Behavior"],"fullName":"Wearable and Clothing Integration Tests Basic Wearable Behavior should track multiple worn items","status":"passed","title":"should track multiple worn items","duration":0.49413300000014715,"failureMessages":[],"meta":{}},{"ancestorTitles":["Wearable and Clothing Integration Tests","Clothing with Pockets"],"fullName":"Wearable and Clothing Integration Tests Clothing with Pockets should create functional clothing with pockets","status":"passed","title":"should create functional clothing with pockets","duration":3.933467999999266,"failureMessages":[],"meta":{}},{"ancestorTitles":["Wearable and Clothing Integration Tests","Clothing with Pockets"],"fullName":"Wearable and Clothing Integration Tests Clothing with Pockets should maintain pocket contents when wearing clothing","status":"passed","title":"should maintain pocket contents when wearing clothing","duration":1.2374669999990147,"failureMessages":[],"meta":{}},{"ancestorTitles":["Wearable and Clothing Integration Tests","Clothing with Pockets"],"fullName":"Wearable and Clothing Integration Tests Clothing with Pockets should handle items in pockets visibility - SKIPPED: Complex visibility scenario needs review","status":"skipped","title":"should handle items in pockets visibility - SKIPPED: Complex visibility scenario needs review","failureMessages":[],"meta":{}},{"ancestorTitles":["Wearable and Clothing Integration Tests","Layered Clothing"],"fullName":"Wearable and Clothing Integration Tests Layered Clothing should support multiple layers of clothing","status":"passed","title":"should support multiple layers of clothing","duration":0.47650400000020454,"failureMessages":[],"meta":{}},{"ancestorTitles":["Wearable and Clothing Integration Tests","Layered Clothing"],"fullName":"Wearable and Clothing Integration Tests Layered Clothing should handle mixed clothing and accessories","status":"passed","title":"should handle mixed clothing and accessories","duration":0.7764619999998104,"failureMessages":[],"meta":{}},{"ancestorTitles":["Wearable and Clothing Integration Tests","Complex Pocket Hierarchies"],"fullName":"Wearable and Clothing Integration Tests Complex Pocket Hierarchies should handle nested containers in pockets","status":"passed","title":"should handle nested containers in pockets","duration":1.3702650000013818,"failureMessages":[],"meta":{}},{"ancestorTitles":["Wearable and Clothing Integration Tests","Complex Pocket Hierarchies"],"fullName":"Wearable and Clothing Integration Tests Complex Pocket Hierarchies should handle pocket access when clothing is in container","status":"passed","title":"should handle pocket access when clothing is in container","duration":0.9625309999992169,"failureMessages":[],"meta":{}},{"ancestorTitles":["Wearable and Clothing Integration Tests","Special Clothing Properties"],"fullName":"Wearable and Clothing Integration Tests Special Clothing Properties should handle clothing that blocks slots","status":"passed","title":"should handle clothing that blocks slots","duration":0.5013089999993099,"failureMessages":[],"meta":{}},{"ancestorTitles":["Wearable and Clothing Integration Tests","Special Clothing Properties"],"fullName":"Wearable and Clothing Integration Tests Special Clothing Properties should handle non-removable clothing","status":"passed","title":"should handle non-removable clothing","duration":0.19492499999978463,"failureMessages":[],"meta":{}},{"ancestorTitles":["Wearable and Clothing Integration Tests","Special Clothing Properties"],"fullName":"Wearable and Clothing Integration Tests Special Clothing Properties should track clothing condition","status":"passed","title":"should track clothing condition","duration":0.16200199999912002,"failureMessages":[],"meta":{}},{"ancestorTitles":["Wearable and Clothing Integration Tests","Performance with Many Wearables"],"fullName":"Wearable and Clothing Integration Tests Performance with Many Wearables should handle actors with many worn items efficiently","status":"passed","title":"should handle actors with many worn items efficiently","duration":0.35965700000087963,"failureMessages":[],"meta":{}},{"ancestorTitles":["Wearable and Clothing Integration Tests","Performance with Many Wearables"],"fullName":"Wearable and Clothing Integration Tests Performance with Many Wearables should efficiently filter worn vs carried items","status":"passed","title":"should efficiently filter worn vs carried items","duration":1.9568409999992582,"failureMessages":[],"meta":{}}],"startTime":1755574235462,"endTime":1755574235477.9568,"status":"passed","message":"","name":"/mnt/c/repotemp/sharpee/packages/world-model/tests/integration/wearable-clothing.test.ts"},{"assertionResults":[{"ancestorTitles":["Darkness and Light Source Scope Rules"],"fullName":"Darkness and Light Source Scope Rules should not see objects in dark room without light","status":"passed","title":"should not see objects in dark room without light","duration":5.502141000000847,"failureMessages":[],"meta":{}},{"ancestorTitles":["Darkness and Light Source Scope Rules"],"fullName":"Darkness and Light Source Scope Rules should see objects when carrying lit light source","status":"passed","title":"should see objects when carrying lit light source","duration":1.047563000000082,"failureMessages":[],"meta":{}},{"ancestorTitles":["Darkness and Light Source Scope Rules"],"fullName":"Darkness and Light Source Scope Rules should not see when light source is off","status":"passed","title":"should not see when light source is off","duration":1.7785380000004807,"failureMessages":[],"meta":{}},{"ancestorTitles":["Darkness and Light Source Scope Rules"],"fullName":"Darkness and Light Source Scope Rules should see when light source is turned on","status":"passed","title":"should see when light source is turned on","duration":0.40807499999937136,"failureMessages":[],"meta":{}},{"ancestorTitles":["Darkness and Light Source Scope Rules"],"fullName":"Darkness and Light Source Scope Rules should see when room has light source","status":"passed","title":"should see when room has light source","duration":1.4537899999995716,"failureMessages":[],"meta":{}},{"ancestorTitles":["Darkness and Light Source Scope Rules"],"fullName":"Darkness and Light Source Scope Rules should work normally in lit rooms","status":"passed","title":"should work normally in lit rooms","duration":0.3599739999990561,"failureMessages":[],"meta":{}},{"ancestorTitles":["Darkness and Light Source Scope Rules"],"fullName":"Darkness and Light Source Scope Rules should support partial darkness with specific visibility - SKIPPED: Scope rules should not affect physical visibility","status":"skipped","title":"should support partial darkness with specific visibility - SKIPPED: Scope rules should not affect physical visibility","failureMessages":[],"meta":{}},{"ancestorTitles":["Darkness and Light Source Scope Rules"],"fullName":"Darkness and Light Source Scope Rules should handle underground darkness differently","status":"passed","title":"should handle underground darkness differently","duration":0.32912900000155787,"failureMessages":[],"meta":{}}],"startTime":1755574240534,"endTime":1755574240544.4539,"status":"passed","message":"","name":"/mnt/c/repotemp/sharpee/packages/world-model/tests/scope/darkness-light.test.ts"},{"assertionResults":[{"ancestorTitles":["Magic Sight Scope Rules"],"fullName":"Magic Sight Scope Rules should see invisible objects with true sight - SKIPPED: Magic sight should affect scope, not physical visibility","status":"skipped","title":"should see invisible objects with true sight - SKIPPED: Magic sight should affect scope, not physical visibility","failureMessages":[],"meta":{}},{"ancestorTitles":["Magic Sight Scope Rules"],"fullName":"Magic Sight Scope Rules should see through walls with x-ray vision - SKIPPED: X-ray vision should affect scope, not physical visibility","status":"skipped","title":"should see through walls with x-ray vision - SKIPPED: X-ray vision should affect scope, not physical visibility","failureMessages":[],"meta":{}},{"ancestorTitles":["Magic Sight Scope Rules"],"fullName":"Magic Sight Scope Rules should reveal concealed objects with detect magic","status":"passed","title":"should reveal concealed objects with detect magic","duration":4.327321000000666,"failureMessages":[],"meta":{}},{"ancestorTitles":["Magic Sight Scope Rules"],"fullName":"Magic Sight Scope Rules should see inside closed containers with clairvoyance - SKIPPED: Clairvoyance should affect scope, not physical visibility","status":"skipped","title":"should see inside closed containers with clairvoyance - SKIPPED: Clairvoyance should affect scope, not physical visibility","failureMessages":[],"meta":{}},{"ancestorTitles":["Magic Sight Scope Rules"],"fullName":"Magic Sight Scope Rules should have remote viewing through crystal orb","status":"passed","title":"should have remote viewing through crystal orb","duration":0.8111009999993257,"failureMessages":[],"meta":{}},{"ancestorTitles":["Magic Sight Scope Rules"],"fullName":"Magic Sight Scope Rules should combine multiple magical sight abilities - SKIPPED: Magic sight should affect scope, not physical visibility","status":"skipped","title":"should combine multiple magical sight abilities - SKIPPED: Magic sight should affect scope, not physical visibility","failureMessages":[],"meta":{}},{"ancestorTitles":["Magic Sight Scope Rules"],"fullName":"Magic Sight Scope Rules should limit magical sight by power level","status":"passed","title":"should limit magical sight by power level","duration":1.2586670000000595,"failureMessages":[],"meta":{}}],"startTime":1755574272090,"endTime":1755574272096.2588,"status":"passed","message":"","name":"/mnt/c/repotemp/sharpee/packages/world-model/tests/scope/magic-sight.test.ts"},{"assertionResults":[{"ancestorTitles":["Sound Traveling Scope Rules"],"fullName":"Sound Traveling Scope Rules should hear sounds from adjacent rooms","status":"passed","title":"should hear sounds from adjacent rooms","duration":3.4920869999996285,"failureMessages":[],"meta":{}},{"ancestorTitles":["Sound Traveling Scope Rules"],"fullName":"Sound Traveling Scope Rules should hear loud sounds from further away","status":"passed","title":"should hear loud sounds from further away","duration":0.7226940000000468,"failureMessages":[],"meta":{}},{"ancestorTitles":["Sound Traveling Scope Rules"],"fullName":"Sound Traveling Scope Rules should not hear sounds through solid barriers","status":"passed","title":"should not hear sounds through solid barriers","duration":0.9717270000001008,"failureMessages":[],"meta":{}},{"ancestorTitles":["Sound Traveling Scope Rules"],"fullName":"Sound Traveling Scope Rules should support directional sound","status":"passed","title":"should support directional sound","duration":0.39115900000069814,"failureMessages":[],"meta":{}},{"ancestorTitles":["Sound Traveling Scope Rules"],"fullName":"Sound Traveling Scope Rules should combine multiple sound rules","status":"passed","title":"should combine multiple sound rules","duration":0.49058700000023236,"failureMessages":[],"meta":{}},{"ancestorTitles":["Sound Traveling Scope Rules"],"fullName":"Sound Traveling Scope Rules should filter sounds by action type","status":"passed","title":"should filter sounds by action type","duration":1.1485800000000381,"failureMessages":[],"meta":{}}],"startTime":1755574251005,"endTime":1755574251012.1487,"status":"passed","message":"","name":"/mnt/c/repotemp/sharpee/packages/world-model/tests/scope/sound-traveling.test.ts"},{"assertionResults":[{"ancestorTitles":["Window Visibility Scope Rule - Fixed"],"fullName":"Window Visibility Scope Rule - Fixed should not see garden entities when window is closed","status":"passed","title":"should not see garden entities when window is closed","duration":4.317743999999948,"failureMessages":[],"meta":{}},{"ancestorTitles":["Window Visibility Scope Rule - Fixed"],"fullName":"Window Visibility Scope Rule - Fixed should see garden entities when window is open with scope rule - SKIPPED: Cross-room visibility violates architecture","status":"skipped","title":"should see garden entities when window is open with scope rule - SKIPPED: Cross-room visibility violates architecture","failureMessages":[],"meta":{}},{"ancestorTitles":["Window Visibility Scope Rule - Fixed"],"fullName":"Window Visibility Scope Rule - Fixed should not see garden when window closes again - SKIPPED: Cross-room visibility violates architecture","status":"skipped","title":"should not see garden when window closes again - SKIPPED: Cross-room visibility violates architecture","failureMessages":[],"meta":{}},{"ancestorTitles":["Window Visibility Scope Rule - Fixed"],"fullName":"Window Visibility Scope Rule - Fixed should support action-specific visibility","status":"passed","title":"should support action-specific visibility","duration":1.3424699999995937,"failureMessages":[],"meta":{}},{"ancestorTitles":["Window Visibility Scope Rule - Fixed"],"fullName":"Window Visibility Scope Rule - Fixed should support dynamic entity inclusion","status":"passed","title":"should support dynamic entity inclusion","duration":1.852985000001354,"failureMessages":[],"meta":{}},{"ancestorTitles":["Window Visibility Scope Rule - Fixed"],"fullName":"Window Visibility Scope Rule - Fixed should support scope rule removal - SKIPPED: Cross-room visibility violates architecture","status":"skipped","title":"should support scope rule removal - SKIPPED: Cross-room visibility violates architecture","failureMessages":[],"meta":{}},{"ancestorTitles":["Window Visibility Scope Rule - Fixed"],"fullName":"Window Visibility Scope Rule - Fixed should handle one-way visibility","status":"passed","title":"should handle one-way visibility","duration":1.0876330000010057,"failureMessages":[],"meta":{}}],"startTime":1755574272651,"endTime":1755574272659.0876,"status":"passed","message":"","name":"/mnt/c/repotemp/sharpee/packages/world-model/tests/scope/window-visibility-fixed.test.ts"},{"assertionResults":[{"ancestorTitles":["Window Visibility Scope Rule"],"fullName":"Window Visibility Scope Rule should not see garden entities when window is closed - SKIPPED: Test setup issue, player not properly in room","status":"skipped","title":"should not see garden entities when window is closed - SKIPPED: Test setup issue, player not properly in room","failureMessages":[],"meta":{}},{"ancestorTitles":["Window Visibility Scope Rule"],"fullName":"Window Visibility Scope Rule should include garden entities in scope when window is open with scope rule - SKIPPED: Test setup issue, player not properly in room","status":"skipped","title":"should include garden entities in scope when window is open with scope rule - SKIPPED: Test setup issue, player not properly in room","failureMessages":[],"meta":{}},{"ancestorTitles":["Window Visibility Scope Rule"],"fullName":"Window Visibility Scope Rule should not see garden when window closes again - SKIPPED: Cross-room visibility should use scope, not getVisible()","status":"skipped","title":"should not see garden when window closes again - SKIPPED: Cross-room visibility should use scope, not getVisible()","failureMessages":[],"meta":{}},{"ancestorTitles":["Window Visibility Scope Rule"],"fullName":"Window Visibility Scope Rule should support action-specific visibility","status":"passed","title":"should support action-specific visibility","duration":4.431919999999991,"failureMessages":[],"meta":{}},{"ancestorTitles":["Window Visibility Scope Rule"],"fullName":"Window Visibility Scope Rule should support dynamic entity inclusion","status":"passed","title":"should support dynamic entity inclusion","duration":1.2369130000006407,"failureMessages":[],"meta":{}},{"ancestorTitles":["Window Visibility Scope Rule"],"fullName":"Window Visibility Scope Rule should respect rule priorities when rules conflict","status":"passed","title":"should respect rule priorities when rules conflict","duration":1.0863319999998566,"failureMessages":[],"meta":{}},{"ancestorTitles":["Window Visibility Scope Rule"],"fullName":"Window Visibility Scope Rule should support scope rule removal","status":"passed","title":"should support scope rule removal","duration":1.4831219999996392,"failureMessages":[],"meta":{}}],"startTime":1755574251000,"endTime":1755574251008.4832,"status":"passed","message":"","name":"/mnt/c/repotemp/sharpee/packages/world-model/tests/scope/window-visibility.test.ts"},{"assertionResults":[{"ancestorTitles":["AuthorModel","Shared Data Store"],"fullName":"AuthorModel Shared Data Store should share entities between WorldModel and AuthorModel","status":"passed","title":"should share entities between WorldModel and AuthorModel","duration":1.6667340000003605,"failureMessages":[],"meta":{}},{"ancestorTitles":["AuthorModel","Shared Data Store"],"fullName":"AuthorModel Shared Data Store should share spatial relationships between models","status":"passed","title":"should share spatial relationships between models","duration":1.376100999999835,"failureMessages":[],"meta":{}},{"ancestorTitles":["AuthorModel","Shared Data Store"],"fullName":"AuthorModel Shared Data Store should share state between models","status":"passed","title":"should share state between models","duration":0.34801899999911257,"failureMessages":[],"meta":{}},{"ancestorTitles":["AuthorModel","Unrestricted Movement"],"fullName":"AuthorModel Unrestricted Movement should move entities into closed containers","status":"passed","title":"should move entities into closed containers","duration":0.68199900000036,"failureMessages":[],"meta":{}},{"ancestorTitles":["AuthorModel","Unrestricted Movement"],"fullName":"AuthorModel Unrestricted Movement should move entities into locked containers","status":"passed","title":"should move entities into locked containers","duration":0.40312399999857007,"failureMessages":[],"meta":{}},{"ancestorTitles":["AuthorModel","Unrestricted Movement"],"fullName":"AuthorModel Unrestricted Movement should bypass container trait requirement","status":"passed","title":"should bypass container trait requirement","duration":0.2756390000013198,"failureMessages":[],"meta":{}},{"ancestorTitles":["AuthorModel","Unrestricted Movement"],"fullName":"AuthorModel Unrestricted Movement should not check for loops","status":"passed","title":"should not check for loops","duration":0.20656600000074832,"failureMessages":[],"meta":{}},{"ancestorTitles":["AuthorModel","Event Recording"],"fullName":"AuthorModel Event Recording should not emit events by default","status":"passed","title":"should not emit events by default","duration":0.5702849999997852,"failureMessages":[],"meta":{}},{"ancestorTitles":["AuthorModel","Event Recording"],"fullName":"AuthorModel Event Recording should emit events when recordEvent is true","status":"passed","title":"should emit events when recordEvent is true","duration":0.6724470000008296,"failureMessages":[],"meta":{}},{"ancestorTitles":["AuthorModel","Event Recording"],"fullName":"AuthorModel Event Recording should use author: prefix for events","status":"passed","title":"should use author: prefix for events","duration":0.4558770000003278,"failureMessages":[],"meta":{}},{"ancestorTitles":["AuthorModel","Convenience Methods"],"fullName":"AuthorModel Convenience Methods should populate containers with multiple items","status":"passed","title":"should populate containers with multiple items","duration":0.9431569999997009,"failureMessages":[],"meta":{}},{"ancestorTitles":["AuthorModel","Convenience Methods"],"fullName":"AuthorModel Convenience Methods should connect rooms bidirectionally","status":"passed","title":"should connect rooms bidirectionally","duration":1.499377000000095,"failureMessages":[],"meta":{}},{"ancestorTitles":["AuthorModel","Convenience Methods"],"fullName":"AuthorModel Convenience Methods should fill containers from specs","status":"passed","title":"should fill containers from specs","duration":0.43728200000077777,"failureMessages":[],"meta":{}},{"ancestorTitles":["AuthorModel","Convenience Methods"],"fullName":"AuthorModel Convenience Methods should setup container properties","status":"passed","title":"should setup container properties","duration":1.8639730000013515,"failureMessages":[],"meta":{}},{"ancestorTitles":["AuthorModel","Entity Management"],"fullName":"AuthorModel Entity Management should create entities with proper IDs","status":"passed","title":"should create entities with proper IDs","duration":0.29975200000080804,"failureMessages":[],"meta":{}},{"ancestorTitles":["AuthorModel","Entity Management"],"fullName":"AuthorModel Entity Management should remove entities completely","status":"passed","title":"should remove entities completely","duration":0.41741600000023027,"failureMessages":[],"meta":{}},{"ancestorTitles":["AuthorModel","Entity Management"],"fullName":"AuthorModel Entity Management should set entity properties directly","status":"passed","title":"should set entity properties directly","duration":0.669517000000269,"failureMessages":[],"meta":{}},{"ancestorTitles":["AuthorModel","State Management"],"fullName":"AuthorModel State Management should set player without validation","status":"passed","title":"should set player without validation","duration":0.18490100000053644,"failureMessages":[],"meta":{}},{"ancestorTitles":["AuthorModel","State Management"],"fullName":"AuthorModel State Management should clear all world data","status":"passed","title":"should clear all world data","duration":0.25678399999924295,"failureMessages":[],"meta":{}},{"ancestorTitles":["AuthorModel","Real-World Usage Patterns"],"fullName":"AuthorModel Real-World Usage Patterns should handle complex world setup","status":"passed","title":"should handle complex world setup","duration":0.6058920000014041,"failureMessages":[],"meta":{}}],"startTime":1755574235365,"endTime":1755574235380.606,"status":"passed","message":"","name":"/mnt/c/repotemp/sharpee/packages/world-model/tests/unit/author-model.test.ts"},{"assertionResults":[{"ancestorTitles":["Entity System with ID Refactor","IFEntity with new ID system"],"fullName":"Entity System with ID Refactor IFEntity with new ID system should store entity type in attributes","status":"passed","title":"should store entity type in attributes","duration":1.5962339999987307,"failureMessages":[],"meta":{}},{"ancestorTitles":["Entity System with ID Refactor","IFEntity with new ID system"],"fullName":"Entity System with ID Refactor IFEntity with new ID system should handle name property correctly","status":"passed","title":"should handle name property correctly","duration":0.27210999999988417,"failureMessages":[],"meta":{}},{"ancestorTitles":["Entity System with ID Refactor","IFEntity with new ID system"],"fullName":"Entity System with ID Refactor IFEntity with new ID system should serialize with version number","status":"passed","title":"should serialize with version number","duration":0.28732099999979255,"failureMessages":[],"meta":{}},{"ancestorTitles":["Entity System with ID Refactor","IFEntity with new ID system"],"fullName":"Entity System with ID Refactor IFEntity with new ID system should deserialize both old and new formats","status":"passed","title":"should deserialize both old and new formats","duration":0.3621029999994789,"failureMessages":[],"meta":{}},{"ancestorTitles":["Entity System with ID Refactor","Trait ID references"],"fullName":"Entity System with ID Refactor Trait ID references should use IDs in room exits","status":"passed","title":"should use IDs in room exits","duration":0.4701600000007602,"failureMessages":[],"meta":{}},{"ancestorTitles":["Entity System with ID Refactor","Trait ID references"],"fullName":"Entity System with ID Refactor Trait ID references should use IDs in door connections","status":"passed","title":"should use IDs in door connections","duration":0.6916049999999814,"failureMessages":[],"meta":{}},{"ancestorTitles":["Entity System with ID Refactor","Trait ID references"],"fullName":"Entity System with ID Refactor Trait ID references should use IDs in exit traits","status":"passed","title":"should use IDs in exit traits","duration":0.5607230000005075,"failureMessages":[],"meta":{}},{"ancestorTitles":["Entity System with ID Refactor","WorldModel persistence with entities"],"fullName":"Entity System with ID Refactor WorldModel persistence with entities should save and restore entities with proper IDs","status":"passed","title":"should save and restore entities with proper IDs","duration":0.9912019999992481,"failureMessages":[],"meta":{}},{"ancestorTitles":["Entity System with ID Refactor","Entity relationships with IDs"],"fullName":"Entity System with ID Refactor Entity relationships with IDs should use IDs for all entity relationships","status":"passed","title":"should use IDs for all entity relationships","duration":1.5913560000008147,"failureMessages":[],"meta":{}}],"startTime":1755574249136,"endTime":1755574249143.5913,"status":"passed","message":"","name":"/mnt/c/repotemp/sharpee/packages/world-model/tests/unit/entity-system-updates.test.ts"},{"assertionResults":[{"ancestorTitles":["ID Generation System","generateId"],"fullName":"ID Generation System generateId should generate sequential IDs with type prefixes","status":"passed","title":"should generate sequential IDs with type prefixes","duration":1.951495999999679,"failureMessages":[],"meta":{}},{"ancestorTitles":["ID Generation System","generateId"],"fullName":"ID Generation System generateId should throw error for unknown types","status":"passed","title":"should throw error for unknown types","duration":0.7444569999997839,"failureMessages":[],"meta":{}},{"ancestorTitles":["ID Generation System","generateId"],"fullName":"ID Generation System generateId should use object type as default","status":"passed","title":"should use object type as default","duration":0.19751999999971304,"failureMessages":[],"meta":{}},{"ancestorTitles":["ID Generation System","generateId"],"fullName":"ID Generation System generateId should handle base36 conversion correctly","status":"passed","title":"should handle base36 conversion correctly","duration":0.3326869999991686,"failureMessages":[],"meta":{}},{"ancestorTitles":["ID Generation System","entity creation and removal"],"fullName":"ID Generation System entity creation and removal should store entity name in attributes","status":"passed","title":"should store entity name in attributes","duration":0.3543310000004567,"failureMessages":[],"meta":{}},{"ancestorTitles":["ID Generation System","entity creation and removal"],"fullName":"ID Generation System entity creation and removal should allow duplicate names","status":"passed","title":"should allow duplicate names","duration":0.20458899999994173,"failureMessages":[],"meta":{}},{"ancestorTitles":["ID Generation System","entity creation and removal"],"fullName":"ID Generation System entity creation and removal should remove entities by ID","status":"passed","title":"should remove entities by ID","duration":0.4147210000000996,"failureMessages":[],"meta":{}},{"ancestorTitles":["ID Generation System","persistence"],"fullName":"ID Generation System persistence should save and restore ID system state","status":"passed","title":"should save and restore ID system state","duration":0.6110630000002857,"failureMessages":[],"meta":{}},{"ancestorTitles":["ID Generation System","entity attributes"],"fullName":"ID Generation System entity attributes should set displayName in entity attributes","status":"passed","title":"should set displayName in entity attributes","duration":0.21526300000004994,"failureMessages":[],"meta":{}}],"startTime":1755574264488,"endTime":1755574264494.2153,"status":"passed","message":"","name":"/mnt/c/repotemp/sharpee/packages/world-model/tests/unit/id-generation.test.ts"},{"assertionResults":[{"ancestorTitles":["ParsedCommand types","Token structure"],"fullName":"ParsedCommand types Token structure should support language-agnostic token representation","status":"passed","title":"should support language-agnostic token representation","duration":2.1084380000002056,"failureMessages":[],"meta":{}},{"ancestorTitles":["ParsedCommand types","Token structure"],"fullName":"ParsedCommand types Token structure should support multiple parts of speech for a token","status":"passed","title":"should support multiple parts of speech for a token","duration":0.4878119999993942,"failureMessages":[],"meta":{}},{"ancestorTitles":["ParsedCommand types","Token structure"],"fullName":"ParsedCommand types Token structure should handle unknown words","status":"passed","title":"should handle unknown words","duration":0.23050299999977142,"failureMessages":[],"meta":{}},{"ancestorTitles":["ParsedCommand types","VerbPhrase structure"],"fullName":"ParsedCommand types VerbPhrase structure should represent simple verbs","status":"passed","title":"should represent simple verbs","duration":0.5807620000005045,"failureMessages":[],"meta":{}},{"ancestorTitles":["ParsedCommand types","VerbPhrase structure"],"fullName":"ParsedCommand types VerbPhrase structure should represent phrasal verbs with particles","status":"passed","title":"should represent phrasal verbs with particles","duration":0.22474899999997433,"failureMessages":[],"meta":{}},{"ancestorTitles":["ParsedCommand types","VerbPhrase structure"],"fullName":"ParsedCommand types VerbPhrase structure should represent multi-word verbs","status":"passed","title":"should represent multi-word verbs","duration":0.19157799999993586,"failureMessages":[],"meta":{}},{"ancestorTitles":["ParsedCommand types","NounPhrase structure"],"fullName":"ParsedCommand types NounPhrase structure should represent simple nouns","status":"passed","title":"should represent simple nouns","duration":0.4267840000002252,"failureMessages":[],"meta":{}},{"ancestorTitles":["ParsedCommand types","NounPhrase structure"],"fullName":"ParsedCommand types NounPhrase structure should represent nouns with articles","status":"passed","title":"should represent nouns with articles","duration":0.13913699999920937,"failureMessages":[],"meta":{}},{"ancestorTitles":["ParsedCommand types","NounPhrase structure"],"fullName":"ParsedCommand types NounPhrase structure should represent complex noun phrases","status":"passed","title":"should represent complex noun phrases","duration":0.2726839999995718,"failureMessages":[],"meta":{}},{"ancestorTitles":["ParsedCommand types","NounPhrase structure"],"fullName":"ParsedCommand types NounPhrase structure should support multiple candidates","status":"passed","title":"should support multiple candidates","duration":0.2677219999995941,"failureMessages":[],"meta":{}},{"ancestorTitles":["ParsedCommand types","PrepPhrase structure"],"fullName":"ParsedCommand types PrepPhrase structure should represent preposition phrases","status":"passed","title":"should represent preposition phrases","duration":0.1557570000004489,"failureMessages":[],"meta":{}},{"ancestorTitles":["ParsedCommand types","PrepPhrase structure"],"fullName":"ParsedCommand types PrepPhrase structure should support multi-word prepositions","status":"passed","title":"should support multi-word prepositions","duration":0.07924300000013318,"failureMessages":[],"meta":{}},{"ancestorTitles":["ParsedCommand types","ParsedCommand structure"],"fullName":"ParsedCommand types ParsedCommand structure should represent a simple command","status":"passed","title":"should represent a simple command","duration":0.2560849999999846,"failureMessages":[],"meta":{}},{"ancestorTitles":["ParsedCommand types","ParsedCommand structure"],"fullName":"ParsedCommand types ParsedCommand structure should represent a transitive command","status":"passed","title":"should represent a transitive command","duration":0.17527100000006612,"failureMessages":[],"meta":{}},{"ancestorTitles":["ParsedCommand types","ParsedCommand structure"],"fullName":"ParsedCommand types ParsedCommand structure should represent a ditransitive command","status":"passed","title":"should represent a ditransitive command","duration":0.1302510000004986,"failureMessages":[],"meta":{}},{"ancestorTitles":["ParsedCommand types","ParsedCommand structure"],"fullName":"ParsedCommand types ParsedCommand structure should support extras field for additional data","status":"passed","title":"should support extras field for additional data","duration":0.10168900000007852,"failureMessages":[],"meta":{}},{"ancestorTitles":["ParsedCommand types","ParseError structure"],"fullName":"ParsedCommand types ParseError structure should represent unknown command errors","status":"passed","title":"should represent unknown command errors","duration":0.09232700000029581,"failureMessages":[],"meta":{}},{"ancestorTitles":["ParsedCommand types","ParseError structure"],"fullName":"ParsedCommand types ParseError structure should represent syntax errors with position","status":"passed","title":"should represent syntax errors with position","duration":0.05621599999994942,"failureMessages":[],"meta":{}},{"ancestorTitles":["ParsedCommand types","ParseError structure"],"fullName":"ParsedCommand types ParseError structure should represent ambiguous input errors","status":"passed","title":"should represent ambiguous input errors","duration":0.0875450000003184,"failureMessages":[],"meta":{}},{"ancestorTitles":["ParsedCommand types","Backward compatibility"],"fullName":"ParsedCommand types Backward compatibility should support legacy ParsedCommandV1 structure","status":"passed","title":"should support legacy ParsedCommandV1 structure","duration":0.1460349999997561,"failureMessages":[],"meta":{}},{"ancestorTitles":["ParsedCommand types","Backward compatibility"],"fullName":"ParsedCommand types Backward compatibility should support ParsedObjectReference","status":"passed","title":"should support ParsedObjectReference","duration":0.24525199999970937,"failureMessages":[],"meta":{}},{"ancestorTitles":["ParsedCommand types","PartOfSpeech enum (to be removed)"],"fullName":"ParsedCommand types PartOfSpeech enum (to be removed) should still have PartOfSpeech enum during migration","status":"passed","title":"should still have PartOfSpeech enum during migration","duration":0.153798000000279,"failureMessages":[],"meta":{}},{"ancestorTitles":["ParsedCommand types","PartOfSpeech enum (to be removed)"],"fullName":"ParsedCommand types PartOfSpeech enum (to be removed) should not have language-specific parts of speech","status":"passed","title":"should not have language-specific parts of speech","duration":0.38018300000021554,"failureMessages":[],"meta":{}},{"ancestorTitles":["Language-agnostic design"],"fullName":"Language-agnostic design ParsedCommand should not have language-specific fields at top level","status":"passed","title":"ParsedCommand should not have language-specific fields at top level","duration":0.6289310000001933,"failureMessages":[],"meta":{}},{"ancestorTitles":["Language-agnostic design"],"fullName":"Language-agnostic design Token structure should support language data extension","status":"passed","title":"Token structure should support language data extension","duration":0.2217400000008638,"failureMessages":[],"meta":{}},{"ancestorTitles":["Language-agnostic design"],"fullName":"Language-agnostic design Pattern names should be opaque strings","status":"passed","title":"Pattern names should be opaque strings","duration":0.20264700000006997,"failureMessages":[],"meta":{}}],"startTime":1755574229787,"endTime":1755574229797.2217,"status":"passed","message":"","name":"/mnt/c/repotemp/sharpee/packages/world-model/tests/unit/parsed-command.test.ts"},{"assertionResults":[{"ancestorTitles":["EntityStore","basic operations"],"fullName":"EntityStore basic operations should add and retrieve entities","status":"passed","title":"should add and retrieve entities","duration":2.6245609999996304,"failureMessages":[],"meta":{}},{"ancestorTitles":["EntityStore","basic operations"],"fullName":"EntityStore basic operations should return undefined for non-existent entities","status":"passed","title":"should return undefined for non-existent entities","duration":0.3446540000004461,"failureMessages":[],"meta":{}},{"ancestorTitles":["EntityStore","basic operations"],"fullName":"EntityStore basic operations should remove entities and clear traits","status":"passed","title":"should remove entities and clear traits","duration":1.1505630000001474,"failureMessages":[],"meta":{}},{"ancestorTitles":["EntityStore","basic operations"],"fullName":"EntityStore basic operations should clear all entities","status":"passed","title":"should clear all entities","duration":0.5250969999997324,"failureMessages":[],"meta":{}},{"ancestorTitles":["EntityStore","querying"],"fullName":"EntityStore querying should get all entities","status":"passed","title":"should get all entities","duration":1.4633890000004612,"failureMessages":[],"meta":{}},{"ancestorTitles":["EntityStore","querying"],"fullName":"EntityStore querying should get entities by type","status":"passed","title":"should get entities by type","duration":0.665685000000849,"failureMessages":[],"meta":{}},{"ancestorTitles":["EntityStore","querying"],"fullName":"EntityStore querying should find entities with specific trait","status":"passed","title":"should find entities with specific trait","duration":1.330655000000661,"failureMessages":[],"meta":{}},{"ancestorTitles":["EntityStore","querying"],"fullName":"EntityStore querying should find entities with all specified traits","status":"passed","title":"should find entities with all specified traits","duration":1.0486590000000433,"failureMessages":[],"meta":{}},{"ancestorTitles":["EntityStore","querying"],"fullName":"EntityStore querying should find entities with any specified traits","status":"passed","title":"should find entities with any specified traits","duration":0.7777710000000297,"failureMessages":[],"meta":{}},{"ancestorTitles":["EntityStore","iteration"],"fullName":"EntityStore iteration should be iterable","status":"passed","title":"should be iterable","duration":0.47595499999988533,"failureMessages":[],"meta":{}},{"ancestorTitles":["EntityStore","serialization"],"fullName":"EntityStore serialization should serialize to JSON","status":"passed","title":"should serialize to JSON","duration":1.0664129999995566,"failureMessages":[],"meta":{}},{"ancestorTitles":["EntityStore","serialization"],"fullName":"EntityStore serialization should deserialize from JSON","status":"passed","title":"should deserialize from JSON","duration":0.34748899999976857,"failureMessages":[],"meta":{}},{"ancestorTitles":["EntityStore","size property"],"fullName":"EntityStore size property should reflect number of entities","status":"passed","title":"should reflect number of entities","duration":1.1881069999999454,"failureMessages":[],"meta":{}},{"ancestorTitles":["EntityStore","edge cases"],"fullName":"EntityStore edge cases should handle removing non-existent entity","status":"passed","title":"should handle removing non-existent entity","duration":0.18127199999980803,"failureMessages":[],"meta":{}},{"ancestorTitles":["EntityStore","edge cases"],"fullName":"EntityStore edge cases should handle duplicate adds gracefully","status":"passed","title":"should handle duplicate adds gracefully","duration":0.11923999999999069,"failureMessages":[],"meta":{}},{"ancestorTitles":["EntityStore","edge cases"],"fullName":"EntityStore edge cases should work with empty store","status":"passed","title":"should work with empty store","duration":0.3563430000003791,"failureMessages":[],"meta":{}}],"startTime":1755574243027,"endTime":1755574243041.3564,"status":"passed","message":"","name":"/mnt/c/repotemp/sharpee/packages/world-model/tests/unit/entities/entity-store.test.ts"},{"assertionResults":[{"ancestorTitles":["IFEntity","constructor"],"fullName":"IFEntity constructor should create entity with id and type","status":"passed","title":"should create entity with id and type","duration":1.9015389999995023,"failureMessages":[],"meta":{}},{"ancestorTitles":["IFEntity","constructor"],"fullName":"IFEntity constructor should accept creation params","status":"passed","title":"should accept creation params","duration":0.35507199999938166,"failureMessages":[],"meta":{}},{"ancestorTitles":["IFEntity","traits"],"fullName":"IFEntity traits should add trait","status":"passed","title":"should add trait","duration":0.2814250000001266,"failureMessages":[],"meta":{}},{"ancestorTitles":["IFEntity","traits"],"fullName":"IFEntity traits should remove trait","status":"passed","title":"should remove trait","duration":0.21947399999953632,"failureMessages":[],"meta":{}},{"ancestorTitles":["IFEntity","traits"],"fullName":"IFEntity traits should replace existing trait of same type","status":"passed","title":"should replace existing trait of same type","duration":0.7627940000002127,"failureMessages":[],"meta":{}},{"ancestorTitles":["IFEntity","traits"],"fullName":"IFEntity traits should check multiple traits with hasAll","status":"passed","title":"should check multiple traits with hasAll","duration":0.2612600000002203,"failureMessages":[],"meta":{}},{"ancestorTitles":["IFEntity","traits"],"fullName":"IFEntity traits should check multiple traits with hasAny","status":"passed","title":"should check multiple traits with hasAny","duration":0.16520299999956478,"failureMessages":[],"meta":{}},{"ancestorTitles":["IFEntity","traits"],"fullName":"IFEntity traits should get all traits","status":"passed","title":"should get all traits","duration":0.9121879999993325,"failureMessages":[],"meta":{}},{"ancestorTitles":["IFEntity","traits"],"fullName":"IFEntity traits should get all trait types","status":"passed","title":"should get all trait types","duration":0.47945700000036595,"failureMessages":[],"meta":{}},{"ancestorTitles":["IFEntity","traits"],"fullName":"IFEntity traits should clear all traits","status":"passed","title":"should clear all traits","duration":0.2443860000003042,"failureMessages":[],"meta":{}},{"ancestorTitles":["IFEntity","traits"],"fullName":"IFEntity traits should support trait aliases (getTrait, hasTrait)","status":"passed","title":"should support trait aliases (getTrait, hasTrait)","duration":0.39147400000001653,"failureMessages":[],"meta":{}},{"ancestorTitles":["IFEntity","convenience properties"],"fullName":"IFEntity convenience properties should identify rooms","status":"passed","title":"should identify rooms","duration":0.18002900000010413,"failureMessages":[],"meta":{}},{"ancestorTitles":["IFEntity","convenience properties"],"fullName":"IFEntity convenience properties should identify containers","status":"passed","title":"should identify containers","duration":0.13981200000034733,"failureMessages":[],"meta":{}},{"ancestorTitles":["IFEntity","convenience properties"],"fullName":"IFEntity convenience properties should identify takeable items","status":"passed","title":"should identify takeable items","duration":0.0841679999994085,"failureMessages":[],"meta":{}},{"ancestorTitles":["IFEntity","convenience properties"],"fullName":"IFEntity convenience properties should get name from displayName attribute first","status":"passed","title":"should get name from displayName attribute first","duration":0.1454940000003262,"failureMessages":[],"meta":{}},{"ancestorTitles":["IFEntity","convenience properties"],"fullName":"IFEntity convenience properties should get weight from attributes","status":"passed","title":"should get weight from attributes","duration":0.0671039999997447,"failureMessages":[],"meta":{}},{"ancestorTitles":["IFEntity","cloning"],"fullName":"IFEntity cloning should create deep copy with new ID","status":"passed","title":"should create deep copy with new ID","duration":0.46267900000020745,"failureMessages":[],"meta":{}},{"ancestorTitles":["IFEntity","serialization"],"fullName":"IFEntity serialization should serialize to JSON","status":"passed","title":"should serialize to JSON","duration":1.6460099999994782,"failureMessages":[],"meta":{}},{"ancestorTitles":["IFEntity","serialization"],"fullName":"IFEntity serialization should deserialize from JSON","status":"passed","title":"should deserialize from JSON","duration":0.31608700000015233,"failureMessages":[],"meta":{}},{"ancestorTitles":["IFEntity","openable/lockable properties"],"fullName":"IFEntity openable/lockable properties should detect openable trait","status":"passed","title":"should detect openable trait","duration":0.12740299999950366,"failureMessages":[],"meta":{}},{"ancestorTitles":["IFEntity","openable/lockable properties"],"fullName":"IFEntity openable/lockable properties should detect lockable trait","status":"passed","title":"should detect lockable trait","duration":0.11087899999984074,"failureMessages":[],"meta":{}},{"ancestorTitles":["IFEntity","light source properties"],"fullName":"IFEntity light source properties should detect light provision","status":"passed","title":"should detect light provision","duration":0.10821300000043266,"failureMessages":[],"meta":{}},{"ancestorTitles":["IFEntity","switchable properties"],"fullName":"IFEntity switchable properties should detect switchable state","status":"passed","title":"should detect switchable state","duration":0.1405880000002071,"failureMessages":[],"meta":{}},{"ancestorTitles":["IFEntity","actor properties"],"fullName":"IFEntity actor properties should detect actors and players","status":"passed","title":"should detect actors and players","duration":0.12115800000083254,"failureMessages":[],"meta":{}},{"ancestorTitles":["IFEntity","error handling"],"fullName":"IFEntity error handling should throw error for invalid traits","status":"passed","title":"should throw error for invalid traits","duration":0.48702999999932217,"failureMessages":[],"meta":{}}],"startTime":1755574230376,"endTime":1755574230387.487,"status":"passed","message":"","name":"/mnt/c/repotemp/sharpee/packages/world-model/tests/unit/entities/if-entity.test.ts"},{"assertionResults":[{"ancestorTitles":["Behavior","trait requirements"],"fullName":"Behavior trait requirements should validate entity has required traits","status":"passed","title":"should validate entity has required traits","duration":1.7080189999996946,"failureMessages":[],"meta":{}},{"ancestorTitles":["Behavior","trait requirements"],"fullName":"Behavior trait requirements should get list of missing traits","status":"passed","title":"should get list of missing traits","duration":0.8866119999993316,"failureMessages":[],"meta":{}},{"ancestorTitles":["Behavior","trait requirements"],"fullName":"Behavior trait requirements should work with behaviors having no requirements","status":"passed","title":"should work with behaviors having no requirements","duration":0.2092720000000554,"failureMessages":[],"meta":{}},{"ancestorTitles":["Behavior","require helper"],"fullName":"Behavior require helper should return trait when present","status":"passed","title":"should return trait when present","duration":0.8501450000003388,"failureMessages":[],"meta":{}},{"ancestorTitles":["Behavior","require helper"],"fullName":"Behavior require helper should throw error when required trait is missing","status":"passed","title":"should throw error when required trait is missing","duration":0.2989500000003318,"failureMessages":[],"meta":{}},{"ancestorTitles":["Behavior","optional helper"],"fullName":"Behavior optional helper should return trait when present","status":"passed","title":"should return trait when present","duration":0.2727070000000822,"failureMessages":[],"meta":{}},{"ancestorTitles":["Behavior",
[...]
havior","complex scenarios"],"fullName":"VisibilityBehavior complex scenarios should handle circular containment gracefully","status":"passed","title":"should handle circular containment gracefully","duration":0.937060999998721,"failureMessages":[],"meta":{}},{"ancestorTitles":["VisibilityBehavior","edge cases"],"fullName":"VisibilityBehavior edge cases should handle missing entities gracefully","status":"passed","title":"should handle missing entities gracefully","duration":0.308193000000756,"failureMessages":[],"meta":{}},{"ancestorTitles":["VisibilityBehavior","edge cases"],"fullName":"VisibilityBehavior edge cases should handle entities with no location","status":"passed","title":"should handle entities with no location","duration":0.28362399999969057,"failureMessages":[],"meta":{}},{"ancestorTitles":["VisibilityBehavior","edge cases"],"fullName":"VisibilityBehavior edge cases should handle max depth in containment path","status":"passed","title":"should handle max depth in containment path","duration":0.3814800000000105,"failureMessages":[],"meta":{}}],"startTime":1755574235367,"endTime":1755574235384.3816,"status":"passed","message":"","name":"/mnt/c/repotemp/sharpee/packages/world-model/tests/unit/world/visibility-behavior.test.ts"},{"assertionResults":[{"ancestorTitles":["WorldModel","initialization"],"fullName":"WorldModel initialization should create empty world model","status":"passed","title":"should create empty world model","duration":2.4677630000005593,"failureMessages":[],"meta":{}},{"ancestorTitles":["WorldModel","initialization"],"fullName":"WorldModel initialization should accept configuration","status":"passed","title":"should accept configuration","duration":0.1950909999995929,"failureMessages":[],"meta":{}},{"ancestorTitles":["WorldModel","entity management"],"fullName":"WorldModel entity management should create entity with auto-generated ID","status":"passed","title":"should create entity with auto-generated ID","duration":0.43876300000010815,"failureMessages":[],"meta":{}},{"ancestorTitles":["WorldModel","entity management"],"fullName":"WorldModel entity management should generate correct type-prefixed IDs","status":"passed","title":"should generate correct type-prefixed IDs","duration":0.30229899999903864,"failureMessages":[],"meta":{}},{"ancestorTitles":["WorldModel","entity management"],"fullName":"WorldModel entity management should allow multiple entities with same displayName","status":"passed","title":"should allow multiple entities with same displayName","duration":0.289413999998942,"failureMessages":[],"meta":{}},{"ancestorTitles":["WorldModel","entity management"],"fullName":"WorldModel entity management should create entities with displayName","status":"passed","title":"should create entities with displayName","duration":0.17144700000062585,"failureMessages":[],"meta":{}},{"ancestorTitles":["WorldModel","entity management"],"fullName":"WorldModel entity management should get entity by id","status":"passed","title":"should get entity by id","duration":0.16448700000000827,"failureMessages":[],"meta":{}},{"ancestorTitles":["WorldModel","entity management"],"fullName":"WorldModel entity management should return undefined for missing entity","status":"passed","title":"should return undefined for missing entity","duration":0.1246770000016113,"failureMessages":[],"meta":{}},{"ancestorTitles":["WorldModel","entity management"],"fullName":"WorldModel entity management should check entity existence","status":"passed","title":"should check entity existence","duration":0.23552899999958754,"failureMessages":[],"meta":{}},{"ancestorTitles":["WorldModel","entity management"],"fullName":"WorldModel entity management should remove entity","status":"passed","title":"should remove entity","duration":0.1644560000004276,"failureMessages":[],"meta":{}},{"ancestorTitles":["WorldModel","entity management"],"fullName":"WorldModel entity management should return false when removing non-existent entity","status":"passed","title":"should return false when removing non-existent entity","duration":0.8624670000008337,"failureMessages":[],"meta":{}},{"ancestorTitles":["WorldModel","entity management"],"fullName":"WorldModel entity management should get all entities","status":"passed","title":"should get all entities","duration":1.0384290000001783,"failureMessages":[],"meta":{}},{"ancestorTitles":["WorldModel","entity management"],"fullName":"WorldModel entity management should update entity","status":"passed","title":"should update entity","duration":0.17000699999880453,"failureMessages":[],"meta":{}},{"ancestorTitles":["WorldModel","entity management"],"fullName":"WorldModel entity management should handle updating non-existent entity","status":"passed","title":"should handle updating non-existent entity","duration":0.06199000000015076,"failureMessages":[],"meta":{}},{"ancestorTitles":["WorldModel","entity management"],"fullName":"WorldModel entity management should throw in strict mode when updating non-existent entity","status":"passed","title":"should throw in strict mode when updating non-existent entity","duration":0.4322359999987384,"failureMessages":[],"meta":{}},{"ancestorTitles":["WorldModel","entity management"],"fullName":"WorldModel entity management should store displayName in entity attributes","status":"passed","title":"should store displayName in entity attributes","duration":0.14247599999907834,"failureMessages":[],"meta":{}},{"ancestorTitles":["WorldModel","entity management"],"fullName":"WorldModel entity management should increment ID counters correctly","status":"passed","title":"should increment ID counters correctly","duration":0.07750800000030722,"failureMessages":[],"meta":{}},{"ancestorTitles":["WorldModel","entity management"],"fullName":"WorldModel entity management should handle ID counter overflow","status":"passed","title":"should handle ID counter overflow","duration":1.0672100000010687,"failureMessages":[],"meta":{}},{"ancestorTitles":["WorldModel","spatial management"],"fullName":"WorldModel spatial management should get entity location","status":"passed","title":"should get entity location","duration":1.1129739999996673,"failureMessages":[],"meta":{}},{"ancestorTitles":["WorldModel","spatial management"],"fullName":"WorldModel spatial management should get container contents","status":"passed","title":"should get container contents","duration":0.48365800000101444,"failureMessages":[],"meta":{}},{"ancestorTitles":["WorldModel","spatial management"],"fullName":"WorldModel spatial management should move entity","status":"passed","title":"should move entity","duration":0.17827300000135438,"failureMessages":[],"meta":{}},{"ancestorTitles":["WorldModel","spatial management"],"fullName":"WorldModel spatial management should remove entity from world","status":"passed","title":"should remove entity from world","duration":0.1070659999986674,"failureMessages":[],"meta":{}},{"ancestorTitles":["WorldModel","spatial management"],"fullName":"WorldModel spatial management should check if move is valid","status":"passed","title":"should check if move is valid","duration":0.10042000000066764,"failureMessages":[],"meta":{}},{"ancestorTitles":["WorldModel","spatial management"],"fullName":"WorldModel spatial management should prevent moving to non-container","status":"passed","title":"should prevent moving to non-container","duration":0.055291000000579515,"failureMessages":[],"meta":{}},{"ancestorTitles":["WorldModel","spatial management"],"fullName":"WorldModel spatial management should prevent containment loops","status":"passed","title":"should prevent containment loops","duration":0.14053700000113167,"failureMessages":[],"meta":{}},{"ancestorTitles":["WorldModel","spatial management"],"fullName":"WorldModel spatial management should get containing room","status":"passed","title":"should get containing room","duration":0.1323210000009567,"failureMessages":[],"meta":{}},{"ancestorTitles":["WorldModel","spatial management"],"fullName":"WorldModel spatial management should get all contents recursively","status":"passed","title":"should get all contents recursively","duration":0.37669500000083644,"failureMessages":[],"meta":{}},{"ancestorTitles":["WorldModel","spatial management"],"fullName":"WorldModel spatial management should handle max depth limit","status":"passed","title":"should handle max depth limit","duration":0.21735400000034133,"failureMessages":[],"meta":{}},{"ancestorTitles":["WorldModel","spatial management"],"fullName":"WorldModel spatial management should work with entity IDs","status":"passed","title":"should work with entity IDs","duration":0.2082750000008673,"failureMessages":[],"meta":{}},{"ancestorTitles":["WorldModel","world state management"],"fullName":"WorldModel world state management should get and set state","status":"passed","title":"should get and set state","duration":0.18717699999979232,"failureMessages":[],"meta":{}},{"ancestorTitles":["WorldModel","world state management"],"fullName":"WorldModel world state management should get and set state values","status":"passed","title":"should get and set state values","duration":0.10061700000005658,"failureMessages":[],"meta":{}},{"ancestorTitles":["WorldModel","world state management"],"fullName":"WorldModel world state management should handle nested state values","status":"passed","title":"should handle nested state values","duration":0.06837500000074215,"failureMessages":[],"meta":{}},{"ancestorTitles":["WorldModel","query operations"],"fullName":"WorldModel query operations should find entities by trait","status":"passed","title":"should find entities by trait","duration":0.3286840000000666,"failureMessages":[],"meta":{}},{"ancestorTitles":["WorldModel","query operations"],"fullName":"WorldModel query operations should find entities by type","status":"passed","title":"should find entities by type","duration":0.20083300000078452,"failureMessages":[],"meta":{}},{"ancestorTitles":["WorldModel","query operations"],"fullName":"WorldModel query operations should find entities with predicate","status":"passed","title":"should find entities with predicate","duration":0.11364999999932479,"failureMessages":[],"meta":{}},{"ancestorTitles":["WorldModel","query operations"],"fullName":"WorldModel query operations should find all entities without filtering","status":"passed","title":"should find all entities without filtering","duration":0.24915599999985716,"failureMessages":[],"meta":{}},{"ancestorTitles":["WorldModel","visibility and scope"],"fullName":"WorldModel visibility and scope should get entities in scope","status":"passed","title":"should get entities in scope","duration":0.6412799999998242,"failureMessages":[],"meta":{}},{"ancestorTitles":["WorldModel","visibility and scope"],"fullName":"WorldModel visibility and scope should include carried items in scope","status":"passed","title":"should include carried items in scope","duration":0.1801049999994575,"failureMessages":[],"meta":{}},{"ancestorTitles":["WorldModel","visibility and scope"],"fullName":"WorldModel visibility and scope should check visibility","status":"passed","title":"should check visibility","duration":0.19134099999973841,"failureMessages":[],"meta":{}},{"ancestorTitles":["WorldModel","visibility and scope"],"fullName":"WorldModel visibility and scope should work with direct IDs for visibility","status":"passed","title":"should work with direct IDs for visibility","duration":0.09220900000036636,"failureMessages":[],"meta":{}},{"ancestorTitles":["WorldModel","relationships"],"fullName":"WorldModel relationships should add relationship","status":"passed","title":"should add relationship","duration":0.15562499999941792,"failureMessages":[],"meta":{}},{"ancestorTitles":["WorldModel","relationships"],"fullName":"WorldModel relationships should get related entities","status":"passed","title":"should get related entities","duration":0.23652100000072096,"failureMessages":[],"meta":{}},{"ancestorTitles":["WorldModel","relationships"],"fullName":"WorldModel relationships should remove relationship","status":"passed","title":"should remove relationship","duration":0.1660539999993489,"failureMessages":[],"meta":{}},{"ancestorTitles":["WorldModel","relationships"],"fullName":"WorldModel relationships should handle multiple relationship types","status":"passed","title":"should handle multiple relationship types","duration":0.12770700000146462,"failureMessages":[],"meta":{}},{"ancestorTitles":["WorldModel","relationships"],"fullName":"WorldModel relationships should handle non-existent entities in non-strict mode","status":"passed","title":"should handle non-existent entities in non-strict mode","duration":0.10141000000112399,"failureMessages":[],"meta":{}},{"ancestorTitles":["WorldModel","relationships"],"fullName":"WorldModel relationships should throw in strict mode for non-existent entities","status":"passed","title":"should throw in strict mode for non-existent entities","duration":0.6760709999998653,"failureMessages":[],"meta":{}},{"ancestorTitles":["WorldModel","utility methods"],"fullName":"WorldModel utility methods should calculate total weight","status":"passed","title":"should calculate total weight","duration":0.27647799999976996,"failureMessages":[],"meta":{}},{"ancestorTitles":["WorldModel","utility methods"],"fullName":"WorldModel utility methods should detect containment loops","status":"passed","title":"should detect containment loops","duration":0.11493499999960477,"failureMessages":[],"meta":{}},{"ancestorTitles":["WorldModel","utility methods"],"fullName":"WorldModel utility methods should find path between rooms","status":"passed","title":"should find path between rooms","duration":0.323499999998603,"failureMessages":[],"meta":{}},{"ancestorTitles":["WorldModel","utility methods"],"fullName":"WorldModel utility methods should get and set player","status":"passed","title":"should get and set player","duration":0.10423199999968347,"failureMessages":[],"meta":{}},{"ancestorTitles":["WorldModel","utility methods"],"fullName":"WorldModel utility methods should throw when setting non-existent player","status":"passed","title":"should throw when setting non-existent player","duration":0.1244669999996404,"failureMessages":[],"meta":{}},{"ancestorTitles":["WorldModel","persistence"],"fullName":"WorldModel persistence should serialize to JSON","status":"passed","title":"should serialize to JSON","duration":0.32053499999892665,"failureMessages":[],"meta":{}},{"ancestorTitles":["WorldModel","persistence"],"fullName":"WorldModel persistence should load from JSON","status":"passed","title":"should load from JSON","duration":0.5857880000003206,"failureMessages":[],"meta":{}},{"ancestorTitles":["WorldModel","persistence"],"fullName":"WorldModel persistence should handle loading old saves without ID system data","status":"passed","title":"should handle loading old saves without ID system data","duration":0.26334200000019337,"failureMessages":[],"meta":{}},{"ancestorTitles":["WorldModel","persistence"],"fullName":"WorldModel persistence should clear world","status":"passed","title":"should clear world","duration":0.17364400000042224,"failureMessages":[],"meta":{}},{"ancestorTitles":["WorldModel","event sourcing"],"fullName":"WorldModel event sourcing should register and apply event handler","status":"passed","title":"should register and apply event handler","duration":0.17186500000025262,"failureMessages":[],"meta":{}},{"ancestorTitles":["WorldModel","event sourcing"],"fullName":"WorldModel event sourcing should validate events","status":"passed","title":"should validate events","duration":0.10527499999989232,"failureMessages":[],"meta":{}},{"ancestorTitles":["WorldModel","event sourcing"],"fullName":"WorldModel event sourcing should throw when applying invalid event","status":"passed","title":"should throw when applying invalid event","duration":0.1339399999997113,"failureMessages":[],"meta":{}},{"ancestorTitles":["WorldModel","event sourcing"],"fullName":"WorldModel event sourcing should preview event changes","status":"passed","title":"should preview event changes","duration":0.17171400000006543,"failureMessages":[],"meta":{}},{"ancestorTitles":["WorldModel","event sourcing"],"fullName":"WorldModel event sourcing should track event history","status":"passed","title":"should track event history","duration":0.1260550000006333,"failureMessages":[],"meta":{}},{"ancestorTitles":["WorldModel","event sourcing"],"fullName":"WorldModel event sourcing should get events since timestamp","status":"passed","title":"should get events since timestamp","duration":0.11490800000137824,"failureMessages":[],"meta":{}},{"ancestorTitles":["WorldModel","event sourcing"],"fullName":"WorldModel event sourcing should clear event history","status":"passed","title":"should clear event history","duration":0.09920799999963492,"failureMessages":[],"meta":{}},{"ancestorTitles":["WorldModel","event sourcing"],"fullName":"WorldModel event sourcing should unregister event handler","status":"passed","title":"should unregister event handler","duration":0.14017400000011548,"failureMessages":[],"meta":{}},{"ancestorTitles":["WorldModel","event sourcing"],"fullName":"WorldModel event sourcing should handle unregistered events silently","status":"passed","title":"should handle unregistered events silently","duration":0.21023999999852094,"failureMessages":[],"meta":{}},{"ancestorTitles":["WorldModel","edge cases"],"fullName":"WorldModel edge cases should handle empty world operations","status":"passed","title":"should handle empty world operations","duration":0.969307999999728,"failureMessages":[],"meta":{}},{"ancestorTitles":["WorldModel","edge cases"],"fullName":"WorldModel edge cases should handle removing entity with contents","status":"passed","title":"should handle removing entity with contents","duration":0.15536799999972573,"failureMessages":[],"meta":{}},{"ancestorTitles":["WorldModel","edge cases"],"fullName":"WorldModel edge cases should handle circular references in toJSON","status":"passed","title":"should handle circular references in toJSON","duration":0.24764200000026904,"failureMessages":[],"meta":{}}],"startTime":1755574235281,"endTime":1755574235302.2476,"status":"passed","message":"","name":"/mnt/c/repotemp/sharpee/packages/world-model/tests/unit/world/world-model.test.ts"},{"assertionResults":[{"ancestorTitles":["Container State Change Visibility"],"fullName":"Container State Change Visibility should not see medicine when cabinet is closed","status":"passed","title":"should not see medicine when cabinet is closed","duration":2.8492910000004485,"failureMessages":[],"meta":{}},{"ancestorTitles":["Container State Change Visibility"],"fullName":"Container State Change Visibility should see medicine when cabinet is open","status":"passed","title":"should see medicine when cabinet is open","duration":0.49879300000065996,"failureMessages":[],"meta":{}},{"ancestorTitles":["Container State Change Visibility"],"fullName":"Container State Change Visibility should handle multiple state changes","status":"passed","title":"should handle multiple state changes","duration":0.4631329999992886,"failureMessages":[],"meta":{}},{"ancestorTitles":["Container State Change Visibility"],"fullName":"Container State Change Visibility should verify canSee works correctly","status":"passed","title":"should verify canSee works correctly","duration":0.37942500000008295,"failureMessages":[],"meta":{}},{"ancestorTitles":["Container State Change Visibility"],"fullName":"Container State Change Visibility should verify medicine is in scope regardless of cabinet state","status":"passed","title":"should verify medicine is in scope regardless of cabinet state","duration":0.7724140000000261,"failureMessages":[],"meta":{}}],"startTime":1755574257388,"endTime":1755574257393.7725,"status":"passed","message":"","name":"/mnt/c/repotemp/sharpee/packages/world-model/tests/unit/visibility/container-state-visibility.test.ts"}]}