{"numTotalTestSuites":468,"numPassedTestSuites":468,"numFailedTestSuites":0,"numPendingTestSuites":0,"numTotalTests":1137,"numPassedTests":1124,"numFailedTests":0,"numPendingTests":13,"numTodoTests":0,"snapshot":{"added":0,"failure":false,"filesAdded":0,"filesRemoved":0,"filesRemovedList":[],"filesUnmatched":0,"filesUpdated":0,"matched":0,"total":0,"unchecked":0,"uncheckedKeysByFile":[],"unmatched":0,"updated":0,"didUpdate":false},"startTime":1756182821203,"success":true,"testResults":[{"assertionResults":[{"ancestorTitles":["Debug Worn Visibility"],"fullName":"Debug Worn Visibility should debug worn item visibility","status":"passed","title":"should debug worn item visibility","duration":3.1624320000000807,"failureMessages":[],"meta":{}}],"startTime":1756182892481,"endTime":1756182892484.1624,"status":"passed","message":"","name":"/mnt/c/repotemp/sharpee/packages/world-model/tests/debug-worn-visibility.test.ts"},{"assertionResults":[{"ancestorTitles":["Minimal Visibility Test"],"fullName":"Minimal Visibility Test should see items in the same room","status":"passed","title":"should see items in the same room","duration":5.571540000000823,"failureMessages":[],"meta":{}}],"startTime":1756182885975,"endTime":1756182885980.5715,"status":"passed","message":"","name":"/mnt/c/repotemp/sharpee/packages/world-model/tests/minimal-visibility.test.ts"},{"assertionResults":[{"ancestorTitles":["AuthorModel","Shared Data Store"],"fullName":"AuthorModel Shared Data Store should share entities between WorldModel and AuthorModel","status":"passed","title":"should share entities between WorldModel and AuthorModel","duration":1.7266859999999724,"failureMessages":[],"meta":{}},{"ancestorTitles":["AuthorModel","Shared Data Store"],"fullName":"AuthorModel Shared Data Store should share spatial relationships between models","status":"passed","title":"should share spatial relationships between models","duration":1.9021219999995083,"failureMessages":[],"meta":{}},{"ancestorTitles":["AuthorModel","Shared Data Store"],"fullName":"AuthorModel Shared Data Store should share state between models","status":"passed","title":"should share state between models","duration":0.5354210000004969,"failureMessages":[],"meta":{}},{"ancestorTitles":["AuthorModel","Unrestricted Movement"],"fullName":"AuthorModel Unrestricted Movement should move entities into closed containers","status":"passed","title":"should move entities into closed containers","duration":0.7945319999998901,"failureMessages":[],"meta":{}},{"ancestorTitles":["AuthorModel","Unrestricted Movement"],"fullName":"AuthorModel Unrestricted Movement should move entities into locked containers","status":"passed","title":"should move entities into locked containers","duration":0.5430369999994582,"failureMessages":[],"meta":{}},{"ancestorTitles":["AuthorModel","Unrestricted Movement"],"fullName":"AuthorModel Unrestricted Movement should bypass container trait requirement","status":"passed","title":"should bypass container trait requirement","duration":0.33993999999984226,"failureMessages":[],"meta":{}},{"ancestorTitles":["AuthorModel","Unrestricted Movement"],"fullName":"AuthorModel Unrestricted Movement should not check for loops","status":"passed","title":"should not check for loops","duration":0.21143400000073598,"failureMessages":[],"meta":{}},{"ancestorTitles":["AuthorModel","Event Recording"],"fullName":"AuthorModel Event Recording should not emit events by default","status":"passed","title":"should not emit events by default","duration":0.6234829999993963,"failureMessages":[],"meta":{}},{"ancestorTitles":["AuthorModel","Event Recording"],"fullName":"AuthorModel Event Recording should emit events when recordEvent is true","status":"passed","title":"should emit events when recordEvent is true","duration":0.7088000000003376,"failureMessages":[],"meta":{}},{"ancestorTitles":["AuthorModel","Event Recording"],"fullName":"AuthorModel Event Recording should use author: prefix for events","status":"passed","title":"should use author: prefix for events","duration":0.36649599999873317,"failureMessages":[],"meta":{}},{"ancestorTitles":["AuthorModel","Convenience Methods"],"fullName":"AuthorModel Convenience Methods should populate containers with multiple items","status":"passed","title":"should populate containers with multiple items","duration":0.6033499999994092,"failureMessages":[],"meta":{}},{"ancestorTitles":["AuthorModel","Convenience Methods"],"fullName":"AuthorModel Convenience Methods should connect rooms bidirectionally","status":"passed","title":"should connect rooms bidirectionally","duration":0.5997819999993226,"failureMessages":[],"meta":{}},{"ancestorTitles":["AuthorModel","Convenience Methods"],"fullName":"AuthorModel Convenience Methods should fill containers from specs","status":"passed","title":"should fill containers from specs","duration":0.42699399999946763,"failureMessages":[],"meta":{}},{"ancestorTitles":["AuthorModel","Convenience Methods"],"fullName":"AuthorModel Convenience Methods should setup container properties","status":"passed","title":"should setup container properties","duration":0.1982349999998405,"failureMessages":[],"meta":{}},{"ancestorTitles":["AuthorModel","Entity Management"],"fullName":"AuthorModel Entity Management should create entities with proper IDs","status":"passed","title":"should create entities with proper IDs","duration":0.20183600000018487,"failureMessages":[],"meta":{}},{"ancestorTitles":["AuthorModel","Entity Management"],"fullName":"AuthorModel Entity Management should remove entities completely","status":"passed","title":"should remove entities completely","duration":0.6038810000009107,"failureMessages":[],"meta":{}},{"ancestorTitles":["AuthorModel","Entity Management"],"fullName":"AuthorModel Entity Management should set entity properties directly","status":"passed","title":"should set entity properties directly","duration":0.19384099999842874,"failureMessages":[],"meta":{}},{"ancestorTitles":["AuthorModel","State Management"],"fullName":"AuthorModel State Management should set player without validation","status":"passed","title":"should set player without validation","duration":0.15708200000153738,"failureMessages":[],"meta":{}},{"ancestorTitles":["AuthorModel","State Management"],"fullName":"AuthorModel State Management should clear all world data","status":"passed","title":"should clear all world data","duration":0.2600430000002234,"failureMessages":[],"meta":{}},{"ancestorTitles":["AuthorModel","Real-World Usage Patterns"],"fullName":"AuthorModel Real-World Usage Patterns should handle complex world setup","status":"passed","title":"should handle complex world setup","duration":0.5770869999996648,"failureMessages":[],"meta":{}}],"startTime":1756182852690,"endTime":1756182852702.5771,"status":"passed","message":"","name":"/mnt/c/repotemp/sharpee/packages/world-model/tests/unit/author-model.test.ts"},{"assertionResults":[{"ancestorTitles":["Entity System with ID Refactor","IFEntity with new ID system"],"fullName":"Entity System with ID Refactor IFEntity with new ID system should store entity type in attributes","status":"passed","title":"should store entity type in attributes","duration":2.9667030000000523,"failureMessages":[],"meta":{}},{"ancestorTitles":["Entity System with ID Refactor","IFEntity with new ID system"],"fullName":"Entity System with ID Refactor IFEntity with new ID system should handle name property correctly","status":"passed","title":"should handle name property correctly","duration":0.6903930000007676,"failureMessages":[],"meta":{}},{"ancestorTitles":["Entity System with ID Refactor","IFEntity with new ID system"],"fullName":"Entity System with ID Refactor IFEntity with new ID system should serialize with version number","status":"passed","title":"should serialize with version number","duration":0.7252220000009402,"failureMessages":[],"meta":{}},{"ancestorTitles":["Entity System with ID Refactor","IFEntity with new ID system"],"fullName":"Entity System with ID Refactor IFEntity with new ID system should deserialize both old and new formats","status":"passed","title":"should deserialize both old and new formats","duration":0.8575940000009723,"failureMessages":[],"meta":{}},{"ancestorTitles":["Entity System with ID Refactor","Trait ID references"],"fullName":"Entity System with ID Refactor Trait ID references should use IDs in room exits","status":"passed","title":"should use IDs in room exits","duration":1.141948999998931,"failureMessages":[],"meta":{}},{"ancestorTitles":["Entity System with ID Refactor","Trait ID references"],"fullName":"Entity System with ID Refactor Trait ID references should use IDs in door connections","status":"passed","title":"should use IDs in door connections","duration":0.9847239999999147,"failureMessages":[],"meta":{}},{"ancestorTitles":["Entity System with ID Refactor","Trait ID references"],"fullName":"Entity System with ID Refactor Trait ID references should use IDs in exit traits","status":"passed","title":"should use IDs in exit traits","duration":0.9055010000010952,"failureMessages":[],"meta":{}},{"ancestorTitles":["Entity System with ID Refactor","WorldModel persistence with entities"],"fullName":"Entity System with ID Refactor WorldModel persistence with entities should save and restore entities with proper IDs","status":"passed","title":"should save and restore entities with proper IDs","duration":2.3494940000000497,"failureMessages":[],"meta":{}},{"ancestorTitles":["Entity System with ID Refactor","Entity relationships with IDs"],"fullName":"Entity System with ID Refactor Entity relationships with IDs should use IDs for all entity relationships","status":"passed","title":"should use IDs for all entity relationships","duration":5.674965000000157,"failureMessages":[],"meta":{}}],"startTime":1756182884569,"endTime":1756182884586.675,"status":"passed","message":"","name":"/mnt/c/repotemp/sharpee/packages/world-model/tests/unit/entity-system-updates.test.ts"},{"assertionResults":[{"ancestorTitles":["ID Generation System","generateId"],"fullName":"ID Generation System generateId should generate sequential IDs with type prefixes","status":"passed","title":"should generate sequential IDs with type prefixes","duration":4.271154000000024,"failureMessages":[],"meta":{}},{"ancestorTitles":["ID Generation System","generateId"],"fullName":"ID Generation System generateId should throw error for unknown types","status":"passed","title":"should throw error for unknown types","duration":1.808005000000776,"failureMessages":[],"meta":{}},{"ancestorTitles":["ID Generation System","generateId"],"fullName":"ID Generation System generateId should use object type as default","status":"passed","title":"should use object type as default","duration":1.6270909999984724,"failureMessages":[],"meta":{}},{"ancestorTitles":["ID Generation System","generateId"],"fullName":"ID Generation System generateId should handle base36 conversion correctly","status":"passed","title":"should handle base36 conversion correctly","duration":0.9140609999994922,"failureMessages":[],"meta":{}},{"ancestorTitles":["ID Generation System","entity creation and removal"],"fullName":"ID Generation System entity creation and removal should store entity name in attributes","status":"passed","title":"should store entity name in attributes","duration":0.9753059999984544,"failureMessages":[],"meta":{}},{"ancestorTitles":["ID Generation System","entity creation and removal"],"fullName":"ID Generation System entity creation and removal should allow duplicate names","status":"passed","title":"should allow duplicate names","duration":0.71871099999953,"failureMessages":[],"meta":{}},{"ancestorTitles":["ID Generation System","entity creation and removal"],"fullName":"ID Generation System entity creation and removal should remove entities by ID","status":"passed","title":"should remove entities by ID","duration":1.4689739999994345,"failureMessages":[],"meta":{}},{"ancestorTitles":["ID Generation System","persistence"],"fullName":"ID Generation System persistence should save and restore ID system state","status":"passed","title":"should save and restore ID system state","duration":2.6270910000002914,"failureMessages":[],"meta":{}},{"ancestorTitles":["ID Generation System","entity attributes"],"fullName":"ID Generation System entity attributes should set displayName in entity attributes","status":"passed","title":"should set displayName in entity attributes","duration":0.6676550000011048,"failureMessages":[],"meta":{}}],"startTime":1756182884643,"endTime":1756182884659.6677,"status":"passed","message":"","name":"/mnt/c/repotemp/sharpee/packages/world-model/tests/unit/id-generation.test.ts"},{"assertionResults":[{"ancestorTitles":["ParsedCommand types","Token structure"],"fullName":"ParsedCommand types Token structure should support language-agnostic token representation","status":"passed","title":"should support language-agnostic token representation","duration":2.882783000000927,"failureMessages":[],"meta":{}},{"ancestorTitles":["ParsedCommand types","Token structure"],"fullName":"ParsedCommand types Token structure should support multiple parts of speech for a token","status":"passed","title":"should support multiple parts of speech for a token","duration":1.0814919999993435,"failureMessages":[],"meta":{}},{"ancestorTitles":["ParsedCommand types","Token structure"],"fullName":"ParsedCommand types Token structure should handle unknown words","status":"passed","title":"should handle unknown words","duration":0.24113199999919743,"failureMessages":[],"meta":{}},{"ancestorTitles":["ParsedCommand types","VerbPhrase structure"],"fullName":"ParsedCommand types VerbPhrase structure should represent simple verbs","status":"passed","title":"should represent simple verbs","duration":0.6669669999992038,"failureMessages":[],"meta":{}},{"ancestorTitles":["ParsedCommand types","VerbPhrase structure"],"fullName":"ParsedCommand types VerbPhrase structure should represent phrasal verbs with particles","status":"passed","title":"should represent phrasal verbs with particles","duration":0.3087310000009893,"failureMessages":[],"meta":{}},{"ancestorTitles":["ParsedCommand types","VerbPhrase structure"],"fullName":"ParsedCommand types VerbPhrase structure should represent multi-word verbs","status":"passed","title":"should represent multi-word verbs","duration":0.2550250000003871,"failureMessages":[],"meta":{}},{"ancestorTitles":["ParsedCommand types","NounPhrase structure"],"fullName":"ParsedCommand types NounPhrase structure should represent simple nouns","status":"passed","title":"should represent simple nouns","duration":1.6823770000009972,"failureMessages":[],"meta":{}},{"ancestorTitles":["ParsedCommand types","NounPhrase structure"],"fullName":"ParsedCommand types NounPhrase structure should represent nouns with articles","status":"passed","title":"should represent nouns with articles","duration":0.26571700000022247,"failureMessages":[],"meta":{}},{"ancestorTitles":["ParsedCommand types","NounPhrase structure"],"fullName":"ParsedCommand types NounPhrase structure should represent complex noun phrases","status":"passed","title":"should represent complex noun phrases","duration":0.44901299999946787,"failureMessages":[],"meta":{}},{"ancestorTitles":["ParsedCommand types","NounPhrase structure"],"fullName":"ParsedCommand types NounPhrase structure should support multiple candidates","status":"passed","title":"should support multiple candidates","duration":0.31184100000064063,"failureMessages":[],"meta":{}},{"ancestorTitles":["ParsedCommand types","PrepPhrase structure"],"fullName":"ParsedCommand types PrepPhrase structure should represent preposition phrases","status":"passed","title":"should represent preposition phrases","duration":0.20147200000064913,"failureMessages":[],"meta":{}},{"ancestorTitles":["ParsedCommand types","PrepPhrase structure"],"fullName":"ParsedCommand types PrepPhrase structure should support multi-word prepositions","status":"passed","title":"should support multi-word prepositions","duration":0.10411000000021886,"failureMessages":[],"meta":{}},{"ancestorTitles":["ParsedCommand types","ParsedCommand structure"],"fullName":"ParsedCommand types ParsedCommand structure should represent a simple command","status":"passed","title":"should represent a simple command","duration":0.3634719999990921,"failureMessages":[],"meta":{}},{"ancestorTitles":["ParsedCommand types","ParsedCommand structure"],"fullName":"ParsedCommand types ParsedCommand structure should represent a transitive command","status":"passed","title":"should represent a transitive command","duration":0.20959699999912118,"failureMessages":[],"meta":{}},{"ancestorTitles":["ParsedCommand types","ParsedCommand structure"],"fullName":"ParsedCommand types ParsedCommand structure should represent a ditransitive command","status":"passed","title":"should represent a ditransitive command","duration":0.16891899999973248,"failureMessages":[],"meta":{}},{"ancestorTitles":["ParsedCommand types","ParsedCommand structure"],"fullName":"ParsedCommand types ParsedCommand structure should support extras field for additional data","status":"passed","title":"should support extras field for additional data","duration":0.12678699999923992,"failureMessages":[],"meta":{}},{"ancestorTitles":["ParsedCommand types","ParseError structure"],"fullName":"ParsedCommand types ParseError structure should represent unknown command errors","status":"passed","title":"should represent unknown command errors","duration":0.16189599999961501,"failureMessages":[],"meta":{}},{"ancestorTitles":["ParsedCommand types","ParseError structure"],"fullName":"ParsedCommand types ParseError structure should represent syntax errors with position","status":"passed","title":"should represent syntax errors with position","duration":0.10045100000024831,"failureMessages":[],"meta":{}},{"ancestorTitles":["ParsedCommand types","ParseError structure"],"fullName":"ParsedCommand types ParseError structure should represent ambiguous input errors","status":"passed","title":"should represent ambiguous input errors","duration":0.11747999999897729,"failureMessages":[],"meta":{}},{"ancestorTitles":["ParsedCommand types","Backward compatibility"],"fullName":"ParsedCommand types Backward compatibility should support legacy ParsedCommandV1 structure","status":"passed","title":"should support legacy ParsedCommandV1 structure","duration":0.15233900000021094,"failureMessages":[],"meta":{}},{"ancestorTitles":["ParsedCommand types","Backward compatibility"],"fullName":"ParsedCommand types Backward compatibility should support ParsedObjectReference","status":"passed","title":"should support ParsedObjectReference","duration":0.22067499999866413,"failureMessages":[],"meta":{}},{"ancestorTitles":["ParsedCommand types","PartOfSpeech enum (to be removed)"],"fullName":"ParsedCommand types PartOfSpeech enum (to be removed) should still have PartOfSpeech enum during migration","status":"passed","title":"should still have PartOfSpeech enum during migration","duration":0.21462099999916973,"failureMessages":[],"meta":{}},{"ancestorTitles":["ParsedCommand types","PartOfSpeech enum (to be removed)"],"fullName":"ParsedCommand types PartOfSpeech enum (to be removed) should not have language-specific parts of speech","status":"passed","title":"should not have language-specific parts of speech","duration":0.4699799999998504,"failureMessages":[],"meta":{}},{"ancestorTitles":["Language-agnostic design"],"fullName":"Language-agnostic design ParsedCommand should not have language-specific fields at top level","status":"passed","title":"ParsedCommand should not have language-specific fields at top level","duration":1.5043010000008508,"failureMessages":[],"meta":{}},{"ancestorTitles":["Language-agnostic design"],"fullName":"Language-agnostic design Token structure should support language data extension","status":"passed","title":"Token structure should support language data extension","duration":0.2600160000001779,"failureMessages":[],"meta":{}},{"ancestorTitles":["Language-agnostic design"],"fullName":"Language-agnostic design Pattern names should be opaque strings","status":"passed","title":"Pattern names should be opaque strings","duration":0.296675999999934,"failureMessages":[],"meta":{}}],"startTime":1756182862894,"endTime":1756182862908.2966,"status":"passed","message":"","name":"/mnt/c/repotemp/sharpee/packages/world-model/tests/unit/parsed-command.test.ts"},{"assertionResults":[{"ancestorTitles":["Darkness and Light Source Scope Rules"],"fullName":"Darkness and Light Source Scope Rules should not see objects in dark room without light","status":"passed","title":"should not see objects in dark room without light","duration":3.758735000001252,"failureMessages":[],"meta":{}},{"ancestorTitles":["Darkness and Light Source Scope Rules"],"fullName":"Darkness and Light Source Scope Rules should see objects when carrying lit light source","status":"passed","title":"should see objects when carrying lit light source","duration":0.8972450000001118,"failureMessages":[],"meta":{}},{"ancestorTitles":["Darkness and Light Source Scope Rules"],"fullName":"Darkness and Light Source Scope Rules should not see when light source is off","status":"passed","title":"should not see when light source is off","duration":2.6335109999999986,"failureMessages":[],"meta":{}},{"ancestorTitles":["Darkness and Light Source Scope Rules"],"fullName":"Darkness and Light Source Scope Rules should see when light source is turned on","status":"passed","title":"should see when light source is turned on","duration":1.3616110000002664,"failureMessages":[],"meta":{}},{"ancestorTitles":["Darkness and Light Source Scope Rules"],"fullName":"Darkness and Light Source Scope Rules should see when room has light source","status":"passed","title":"should see when room has light source","duration":1.1222870000001421,"failureMessages":[],"meta":{}},{"ancestorTitles":["Darkness and Light Source Scope Rules"],"fullName":"Darkness and Light Source Scope Rules should work normally in lit rooms","status":"passed","title":"should work normally in lit rooms","duration":0.39248399999996764,"failureMessages":[],"meta":{}},{"ancestorTitles":["Darkness and Light Source Scope Rules"],"fullName":"Darkness and Light Source Scope Rules should support partial darkness with specific visibility - SKIPPED: Scope rules should not affect physical visibility","status":"skipped","title":"should support partial darkness with specific visibility - SKIPPED: Scope rules should not affect physical visibility","failureMessages":[],"meta":{}},{"ancestorTitles":["Darkness and Light Source Scope Rules"],"fullName":"Darkness and Light Source Scope Rules should handle underground darkness differently","status":"passed","title":"should handle underground darkness differently","duration":0.31576700000005076,"failureMessages":[],"meta":{}}],"startTime":1756182853888,"endTime":1756182853898.3926,"status":"passed","message":"","name":"/mnt/c/repotemp/sharpee/packages/world-model/tests/scope/darkness-light.test.ts"},{"assertionResults":[{"ancestorTitles":["Magic Sight Scope Rules"],"fullName":"Magic Sight Scope Rules should see invisible objects with true sight - SKIPPED: Magic sight should affect scope, not physical visibility","status":"skipped","title":"should see invisible objects with true sight - SKIPPED: Magic sight should affect scope, not physical visibility","failureMessages":[],"meta":{}},{"ancestorTitles":["Magic Sight Scope Rules"],"fullName":"Magic Sight Scope Rules should see through walls with x-ray vision - SKIPPED: X-ray vision should affect scope, not physical visibility","status":"skipped","title":"should see through walls with x-ray vision - SKIPPED: X-ray vision should affect scope, not physical visibility","failureMessages":[],"meta":{}},{"ancestorTitles":["Magic Sight Scope Rules"],"fullName":"Magic Sight Scope Rules should reveal concealed objects with detect magic","status":"passed","title":"should reveal concealed objects with detect magic","duration":10.271778000000268,"failureMessages":[],"meta":{}},{"ancestorTitles":["Magic Sight Scope Rules"],"fullName":"Magic Sight Scope Rules should see inside closed containers with clairvoyance - SKIPPED: Clairvoyance should affect scope, not physical visibility","status":"skipped","title":"should see inside closed containers with clairvoyance - SKIPPED: Clairvoyance should affect scope, not physical visibility","failureMessages":[],"meta":{}},{"ancestorTitles":["Magic Sight Scope Rules"],"fullName":"Magic Sight Scope Rules should have remote viewing through crystal orb","status":"passed","title":"should have remote viewing through crystal orb","duration":2.7938890000004903,"failureMessages":[],"meta":{}},{"ancestorTitles":["Magic Sight Scope Rules"],"fullName":"Magic Sight Scope Rules should combine multiple magical sight abilities - SKIPPED: Magic sight should affect scope, not physical visibility","status":"skipped","title":"should combine multiple magical sight abilities - SKIPPED: Magic sight should affect scope, not physical visibility","failureMessages":[],"meta":{}},{"ancestorTitles":["Magic Sight Scope Rules"],"fullName":"Magic Sight Scope Rules should limit magical sight by power level","status":"passed","title":"should limit magical sight by power level","duration":1.6911519999994198,"failureMessages":[],"meta":{}}],"startTime":1756182884759,"endTime":1756182884774.6912,"status":"passed","message":"","name":"/mnt/c/repotemp/sharpee/packages/world-model/tests/scope/magic-sight.test.ts"},{"assertionResults":[{"ancestorTitles":["Sound Traveling Scope Rules"],"fullName":"Sound Traveling Scope Rules should hear sounds from adjacent rooms","status":"passed","title":"should hear sounds from adjacent rooms","duration":5.483009999999922,"failureMessages":[],"meta":{}},{"ancestorTitles":["Sound Traveling Scope Rules"],"fullName":"Sound Traveling Scope Rules should hear loud sounds from further away","status":"passed","title":"should hear loud sounds from further away","duration":0.8841110000012122,"failureMessages":[],"meta":{}},{"ancestorTitles":["Sound Traveling Scope Rules"],"fullName":"Sound Traveling Scope Rules should not hear sounds through solid barriers","status":"passed","title":"should not hear sounds through solid barriers","duration":0.9824379999990924,"failureMessages":[],"meta":{}},{"ancestorTitles":["Sound Traveling Scope Rules"],"fullName":"Sound Traveling Scope Rules should support directional sound","status":"passed","title":"should support directional sound","duration":1.302372000000105,"failureMessages":[],"meta":{}},{"ancestorTitles":["Sound Traveling Scope Rules"],"fullName":"Sound Traveling Scope Rules should combine multiple sound rules","status":"passed","title":"should combine multiple sound rules","duration":0.6643000000003667,"failureMessages":[],"meta":{}},{"ancestorTitles":["Sound Traveling Scope Rules"],"fullName":"Sound Traveling Scope Rules should filter sounds by action type","status":"passed","title":"should filter sounds by action type","duration":0.7038229999998293,"failureMessages":[],"meta":{}}],"startTime":1756182864507,"endTime":1756182864517.7039,"status":"passed","message":"","name":"/mnt/c/repotemp/sharpee/packages/world-model/tests/scope/sound-traveling.test.ts"},{"assertionResults":[{"ancestorTitles":["Window Visibility Scope Rule - Fixed"],"fullName":"Window Visibility Scope Rule - Fixed should not see garden entities when window is closed","status":"passed","title":"should not see garden entities when window is closed","duration":4.788097999999081,"failureMessages":[],"meta":{}},{"ancestorTitles":["Window Visibility Scope Rule - Fixed"],"fullName":"Window Visibility Scope Rule - Fixed should see garden entities when window is open with scope rule - SKIPPED: Cross-room visibility violates architecture","status":"skipped","title":"should see garden entities when window is open with scope rule - SKIPPED: Cross-room visibility violates architecture","failureMessages":[],"meta":{}},{"ancestorTitles":["Window Visibility Scope Rule - Fixed"],"fullName":"Window Visibility Scope Rule - Fixed should not see garden when window closes again - SKIPPED: Cross-room visibility violates architecture","status":"skipped","title":"should not see garden when window closes again - SKIPPED: Cross-room visibility violates architecture","failureMessages":[],"meta":{}},{"ancestorTitles":["Window Visibility Scope Rule - Fixed"],"fullName":"Window Visibility Scope Rule - Fixed should support action-specific visibility","status":"passed","title":"should support action-specific visibility","duration":1.4111030000003666,"failureMessages":[],"meta":{}},{"ancestorTitles":["Window Visibility Scope Rule - Fixed"],"fullName":"Window Visibility Scope Rule - Fixed should support dynamic entity inclusion","status":"passed","title":"should support dynamic entity inclusion","duration":1.4836549999999988,"failureMessages":[],"meta":{}},{"ancestorTitles":["Window Visibility Scope Rule - Fixed"],"fullName":"Window Visibility Scope Rule - Fixed should support scope rule removal - SKIPPED: Cross-room visibility violates architecture","status":"skipped","title":"should support scope rule removal - SKIPPED: Cross-room visibility violates architecture","failureMessages":[],"meta":{}},{"ancestorTitles":["Window Visibility Scope Rule - Fixed"],"fullName":"Window Visibility Scope Rule - Fixed should handle one-way visibility","status":"passed","title":"should handle one-way visibility","duration":1.1164259999986825,"failureMessages":[],"meta":{}}],"startTime":1756182885083,"endTime":1756182885092.1165,"status":"passed","message":"","name":"/mnt/c/repotemp/sharpee/packages/world-model/tests/scope/window-visibility-fixed.test.ts"},{"assertionResults":[{"ancestorTitles":["Window Visibility Scope Rule"],"fullName":"Window Visibility Scope Rule should not see garden entities when window is closed - SKIPPED: Test setup issue, player not properly in room","status":"skipped","title":"should not see garden entities when window is closed - SKIPPED: Test setup issue, player not properly in room","failureMessages":[],"meta":{}},{"ancestorTitles":["Window Visibility Scope Rule"],"fullName":"Window Visibility Scope Rule should include garden entities in scope when window is open with scope rule - SKIPPED: Test setup issue, player not properly in room","status":"skipped","title":"should include garden entities in scope when window is open with scope rule - SKIPPED: Test setup issue, player not properly in room","failureMessages":[],"meta":{}},{"ancestorTitles":["Window Visibility Scope Rule"],"fullName":"Window Visibility Scope Rule should not see garden when window closes again - SKIPPED: Cross-room visibility should use scope, not getVisible()","status":"skipped","title":"should not see garden when window closes again - SKIPPED: Cross-room visibility should use scope, not getVisible()","failureMessages":[],"meta":{}},{"ancestorTitles":["Window Visibility Scope Rule"],"fullName":"Window Visibility Scope Rule should support action-specific visibility","status":"passed","title":"should support action-specific visibility","duration":12.914375000000291,"failureMessages":[],"meta":{}},{"ancestorTitles":["Window Visibility Scope Rule"],"fullName":"Window Visibility Scope Rule should support dynamic entity inclusion","status":"passed","title":"should support dynamic entity inclusion","duration":3.498907999999574,"failureMessages":[],"meta":{}},{"ancestorTitles":["Window Visibility Scope Rule"],"fullName":"Window Visibility Scope Rule should respect rule priorities when rules conflict","status":"passed","title":"should respect rule priorities when rules conflict","duration":3.3907079999989946,"failureMessages":[],"meta":{}},{"ancestorTitles":["Window Visibility Scope Rule"],"fullName":"Window Visibility Scope Rule should support scope rule removal","status":"passed","title":"should support scope rule removal","duration":8.452652999998463,"failureMessages":[],"meta":{}}],"startTime":1756182875804,"endTime":1756182875832.4526,"status":"passed","message":"","name":"/mnt/c/repotemp/sharpee/packages/world-model/tests/scope/window-visibility.test.ts"},{"assertionResults":[{"ancestorTitles":["Container Hierarchies Integration Tests","Deep Nesting"],"fullName":"Container Hierarchies Integration Tests Deep Nesting should handle deeply nested containers","status":"passed","title":"should handle deeply nested containers","duration":4.748921999998856,"failureMessages":[],"meta":{}},{"ancestorTitles":["Container Hierarchies Integration Tests","Deep Nesting"],"fullName":"Container Hierarchies Integration Tests Deep Nesting should enforce maximum nesting depth","status":"passed","title":"should enforce maximum nesting depth","duration":0.7784509999983129,"failureMessages":[],"meta":{}},{"ancestorTitles":["Container Hierarchies Integration Tests","Deep Nesting"],"fullName":"Container Hierarchies Integration Tests Deep Nesting should prevent circular containment","status":"passed","title":"should prevent circular containment","duration":0.28795399999944493,"failureMessages":[],"meta":{}},{"ancestorTitles":["Container Hierarchies Integration Tests","Container Capacity and Weight"],"fullName":"Container Hierarchies Integration Tests Container Capacity and Weight should calculate total weight including contents","status":"passed","title":"should calculate total weight including contents","duration":0.27972800000134157,"failureMessages":[],"meta":{}},{"ancestorTitles":["Container Hierarchies Integration Tests","Container Capacity and Weight"],"fullName":"Container Hierarchies Integration Tests Container Capacity and Weight should handle container capacity limits","status":"passed","title":"should handle container capacity limits","duration":0.637748000001011,"failureMessages":[],"meta":{}},{"ancestorTitles":["Container Hierarchies Integration Tests","Mixed Container Types"],"fullName":"Container Hierarchies Integration Tests Mixed Container Types should handle supporter and container combinations","status":"passed","title":"should handle supporter and container combinations","duration":0.7219759999970847,"failureMessages":[],"meta":{}},{"ancestorTitles":["Container Hierarchies Integration Tests","Mixed Container Types"],"fullName":"Container Hierarchies Integration Tests Mixed Container Types should handle furniture with both surfaces and storage","status":"passed","title":"should handle furniture with both surfaces and storage","duration":1.1388569999980973,"failureMessages":[],"meta":{}},{"ancestorTitles":["Container Hierarchies Integration Tests","Container State Changes"],"fullName":"Container Hierarchies Integration Tests Container State Changes should handle moving containers with contents","status":"passed","title":"should handle moving containers with contents","duration":0.38212099999873317,"failureMessages":[],"meta":{}},{"ancestorTitles":["Container Hierarchies Integration Tests","Container State Changes"],"fullName":"Container Hierarchies Integration Tests Container State Changes should update visibility when opening/closing containers","status":"passed","title":"should update visibility when opening/closing containers","duration":0.9999210000023595,"failureMessages":[],"meta":{}},{"ancestorTitles":["Container Hierarchies Integration Tests","Container Query Operations"],"fullName":"Container Hierarchies Integration Tests Container Query Operations should find all containers of a specific type","status":"passed","title":"should find all containers of a specific type","duration":0.4101940000000468,"failureMessages":[],"meta":{}},{"ancestorTitles":["Container Hierarchies Integration Tests","Container Query Operations"],"fullName":"Container Hierarchies Integration Tests Container Query Operations should find containers matching complex criteria","status":"passed","title":"should find containers matching complex criteria","duration":0.30457100000057835,"failureMessages":[],"meta":{}},{"ancestorTitles":["Container Hierarchies Integration Tests","Performance with Many Containers"],"fullName":"Container Hierarchies Integration Tests Performance with Many Containers should handle large numbers of containers efficiently","status":"passed","title":"should handle large numbers of containers efficiently","duration":4.130091999999422,"failureMessages":[],"meta":{}},{"ancestorTitles":["Container Hierarchies Integration Tests","Performance with Many Containers"],"fullName":"Container Hierarchies Integration Tests Performance with Many Containers should efficiently check containment loops in complex hierarchies","status":"passed","title":"should efficiently check containment loops in complex hierarchies","duration":0.4075920000032056,"failureMessages":[],"meta":{}}],"startTime":1756182842163,"endTime":1756182842179.4075,"status":"passed","message":"","name":"/mnt/c/repotemp/sharpee/packages/world-model/tests/integration/container-hierarchies.test.ts"},{"assertionResults":[{"ancestorTitles":["Door Mechanics Integration Tests","Basic Door Functionality"],"fullName":"Door Mechanics Integration Tests Basic Door Functionality should create doors connecting two rooms","status":"passed","title":"should create doors connecting two rooms","duration":2.80890300000101,"failureMessages":[],"meta":{}},{"ancestorTitles":["Door Mechanics Integration Tests","Basic Door Functionality"],"fullName":"Door Mechanics Integration Tests Basic Door Functionality should synchronize door state between rooms","status":"passed","title":"should synchronize door state between rooms","duration":0.6113359999999375,"failureMessages":[],"meta":{}},{"ancestorTitles":["Door Mechanics Integration Tests","Lockable Doors"],"fullName":"Door Mechanics Integration Tests Lockable Doors should prevent opening locked doors","status":"passed","title":"should prevent opening locked doors","duration":0.9566870000016934,"failureMessages":[],"meta":{}},{"ancestorTitles":["Door Mechanics Integration Tests","Lockable Doors"],"fullName":"Door Mechanics Integration Tests Lockable Doors should unlock doors with correct key","status":"passed","title":"should unlock doors with correct key","duration":0.42257400000016787,"failureMessages":[],"meta":{}},{"ancestorTitles":["Door Mechanics Integration Tests","Lockable Doors"],"fullName":"Door Mechanics Integration Tests Lockable Doors should handle multiple locked doors","status":"passed","title":"should handle multiple locked doors","duration":0.5945700000011129,"failureMessages":[],"meta":{}},{"ancestorTitles":["Door Mechanics Integration Tests","Complex Door Scenarios"],"fullName":"Door Mechanics Integration Tests Complex Door Scenarios should handle secret doors","status":"passed","title":"should handle secret doors","duration":1.1520559999989928,"failureMessages":[],"meta":{}},{"ancestorTitles":["Door Mechanics Integration Tests","Complex Door Scenarios"],"fullName":"Door Mechanics Integration Tests Complex Door Scenarios should handle one-way doors","status":"passed","title":"should handle one-way doors","duration":0.30455499999879976,"failureMessages":[],"meta":{}},{"ancestorTitles":["Door Mechanics Integration Tests","Complex Door Scenarios"],"fullName":"Door Mechanics Integration Tests Complex Door Scenarios should handle automatic closing doors","status":"passed","title":"should handle automatic closing doors","duration":0.17400500000076136,"failureMessages":[],"meta":{}},{"ancestorTitles":["Door Mechanics Integration Tests","Door State and Visibility"],"fullName":"Door Mechanics Integration Tests Door State and Visibility should affect visibility through doors","status":"passed","title":"should affect visibility through doors","duration":0.56855700000051,"failureMessages":[],"meta":{}},{"ancestorTitles":["Door Mechanics Integration Tests","Door State and Visibility"],"fullName":"Door Mechanics Integration Tests Door State and Visibility should handle doors with windows","status":"passed","title":"should handle doors with windows","duration":0.19786600000043109,"failureMessages":[],"meta":{}},{"ancestorTitles":["Door Mechanics Integration Tests","Multi-Door Connections"],"fullName":"Door Mechanics Integration Tests Multi-Door Connections should handle rooms with multiple doors","status":"passed","title":"should handle rooms with multiple doors","duration":1.278903000000355,"failureMessages":[],"meta":{}},{"ancestorTitles":["Door Mechanics Integration Tests","Multi-Door Connections"],"fullName":"Door Mechanics Integration Tests Multi-Door Connections should handle double doors","status":"passed","title":"should handle double doors","duration":0.40624400000160676,"failureMessages":[],"meta":{}},{"ancestorTitles":["Door Mechanics Integration Tests","Door Events and Behaviors"],"fullName":"Door Mechanics Integration Tests Door Events and Behaviors should track door usage","status":"passed","title":"should track door usage","duration":0.18908900000133144,"failureMessages":[],"meta":{}},{"ancestorTitles":["Door Mechanics Integration Tests","Door Events and Behaviors"],"fullName":"Door Mechanics Integration Tests Door Events and Behaviors should handle door with special requirements","status":"passed","title":"should handle door with special requirements","duration":0.2286500000009255,"failureMessages":[],"meta":{}},{"ancestorTitles":["Door Mechanics Integration Tests","Performance with Many Doors"],"fullName":"Door Mechanics Integration Tests Performance with Many Doors should handle buildings with many doors efficiently","status":"passed","title":"should handle buildings with many doors efficiently","duration":0.7389139999995677,"failureMessages":[],"meta":{}}],"startTime":1756182852571,"endTime":1756182852582.739,"status":"passed","message":"","name":"/mnt/c/repotemp/sharpee/packages/world-model/tests/integration/door-mechanics.test.ts"},{"assertionResults":[{"ancestorTitles":["Room and Actor as Containers","Rooms as containers"],"fullName":"Room and Actor as Containers Rooms as containers should allow items to be placed in rooms without ContainerTrait","status":"passed","title":"should allow items to be placed in rooms without ContainerTrait","duration":7.634614000000511,"failureMessages":[],"meta":{}},{"ancestorTitles":["Room and Actor as Containers","Rooms as containers"],"fullName":"Room and Actor as Containers Rooms as containers should respect room capacity limits","status":"passed","title":"should respect room capacity limits","duration":0.4680580000003829,"failureMessages":[],"meta":{}},{"ancestorTitles":["Room and Actor as Containers","Rooms as containers"],"fullName":"Room and Actor as Containers Rooms as containers should handle nested containers in rooms","status":"passed","title":"should handle nested containers in rooms","duration":1.0495410000003176,"failureMessages":[],"meta":{}},{"ancestorTitles":["Room and Actor as Containers","Actors as containers"],"fullName":"Room and Actor as Containers Actors as containers should allow actors to carry items without ContainerTrait","status":"passed","title":"should allow actors to carry items without ContainerTrait","duration":0.9603319999987434,"failureMessages":[],"meta":{}},{"ancestorTitles":["Room and Actor as Containers","Actors as containers"],"fullName":"Room and Actor as Containers Actors as containers should handle actor inventory limits","status":"passed","title":"should handle actor inventory limits","duration":0.6180929999991349,"failureMessages":[],"meta":{}},{"ancestorTitles":["Room and Actor as Containers","Actors as containers"],"fullName":"Room and Actor as Containers Actors as containers should prevent actors from being placed inside other actors","status":"passed","title":"should prevent actors from being placed inside other actors","duration":1.0488170000007813,"failureMessages":[],"meta":{}},{"ancestorTitles":["Room and Actor as Containers","Container type detection"],"fullName":"Room and Actor as Containers Container type detection should correctly identify all container-capable entities","status":"passed","title":"should correctly identify all container-capable entities","duration":0.4808629999988625,"failureMessages":[],"meta":{}}],"startTime":1756182875804,"endTime":1756182875817.481,"status":"passed","message":"","name":"/mnt/c/repotemp/sharpee/packages/world-model/tests/integration/room-actor-containers.test.ts"},{"assertionResults":[{"ancestorTitles":["Room Navigation Integration Tests","Basic Room Connections"],"fullName":"Room Navigation Integration Tests Basic Room Connections should connect rooms with simple exits","status":"passed","title":"should connect rooms with simple exits","duration":1.779352999999901,"failureMessages":[],"meta":{}},{"ancestorTitles":["Room Navigation Integration Tests","Basic Room Connections"],"fullName":"Room Navigation Integration Tests Basic Room Connections should find paths between connected rooms","status":"passed","title":"should find paths between connected rooms","duration":1.3569179999994958,"failureMessages":[],"meta":{}},{"ancestorTitles":["Room Navigation Integration Tests","Rooms with Door Entities"],"fullName":"Room Navigation Integration Tests Rooms with Door Entities should navigate through open doors","status":"passed","title":"should navigate through open doors","duration":1.8662880000010773,"failureMessages":[],"meta":{}},{"ancestorTitles":["Room Navigation Integration Tests","Rooms with Door Entities"],"fullName":"Room Navigation Integration Tests Rooms with Door Entities should handle closed doors","status":"passed","title":"should handle closed doors","duration":0.6074370000005729,"failureMessages":[],"meta":{}},{"ancestorTitles":["Room Navigation Integration Tests","Rooms with Door Entities"],"fullName":"Room Navigation Integration Tests Rooms with Door Entities should handle locked doors","status":"passed","title":"should handle locked doors","duration":0.9759429999994609,"failureMessages":[],"meta":{}},{"ancestorTitles":["Room Navigation Integration Tests","Rooms with Door Entities"],"fullName":"Room Navigation Integration Tests Rooms with Door Entities should find alternative paths when doors are blocked","status":"passed","title":"should find alternative paths when doors are blocked","duration":0.6861970000009023,"failureMessages":[],"meta":{}},{"ancestorTitles":["Room Navigation Integration Tests","Complex Multi-Level Navigation"],"fullName":"Room Navigation Integration Tests Complex Multi-Level Navigation should handle buildings with multiple floors","status":"passed","title":"should handle buildings with multiple floors","duration":0.405706999999893,"failureMessages":[],"meta":{}},{"ancestorTitles":["Room Navigation Integration Tests","Complex Multi-Level Navigation"],"fullName":"Room Navigation Integration Tests Complex Multi-Level Navigation should handle one-way passages","status":"passed","title":"should handle one-way passages","duration":0.1830680000002758,"failureMessages":[],"meta":{}},{"ancestorTitles":["Room Navigation Integration Tests","Room Properties and Navigation"],"fullName":"Room Navigation Integration Tests Room Properties and Navigation should track first visits to rooms","status":"passed","title":"should track first visits to rooms","duration":0.39720500000112224,"failureMessages":[],"meta":{}},{"ancestorTitles":["Room Navigation Integration Tests","Room Properties and Navigation"],"fullName":"Room Navigation Integration Tests Room Properties and Navigation should handle dark rooms and navigation","status":"passed","title":"should handle dark rooms and navigation","duration":0.8346160000000964,"failureMessages":[],"meta":{}},{"ancestorTitles":["Room Navigation Integration Tests","Special Exit Types"],"fullName":"Room Navigation Integration Tests Special Exit Types should handle exit entities","status":"passed","title":"should handle exit entities","duration":0.5636089999989053,"failureMessages":[],"meta":{}},{"ancestorTitles":["Room Navigation Integration Tests","Special Exit Types"],"fullName":"Room Navigation Integration Tests Special Exit Types should handle entry points","status":"passed","title":"should handle entry points","duration":0.30069600000024366,"failureMessages":[],"meta":{}},{"ancestorTitles":["Room Navigation Integration Tests","Performance and Edge Cases"],"fullName":"Room Navigation Integration Tests Performance and Edge Cases should handle large mazes efficiently","status":"passed","title":"should handle large mazes efficiently","duration":1.2060600000004342,"failureMessages":[],"meta":{}},{"ancestorTitles":["Room Navigation Integration Tests","Performance and Edge Cases"],"fullName":"Room Navigation Integration Tests Performance and Edge Cases should handle disconnected room groups","status":"passed","title":"should handle disconnected room groups","duration":0.4885970000013913,"failureMessages":[],"meta":{}}],"startTime":1756182883801,"endTime":1756182883813.4885,"status":"passed","message":"","name":"/mnt/c/repotemp/sharpee/packages/world-model/tests/integration/room-navigation.test.ts"},{"assertionResults":[{"ancestorTitles":["Trait Combinations Integration Tests","Container + Openable + Lockable"],"fullName":"Trait Combinations Integration Tests Container + Openable + Lockable should not see contents of locked closed container","status":"passed","title":"should not see contents of locked closed container","duration":6.945679000000382,"failureMessages":[],"meta":{}},{"ancestorTitles":["Trait Combinations Integration Tests","Container + Openable + Lockable"],"fullName":"Trait Combinations Integration Tests Container + Openable + Lockable should not open locked container","status":"passed","title":"should not open locked container","duration":0.8015919999998005,"failureMessages":[],"meta":{}},{"ancestorTitles":["Trait Combinations Integration Tests","Container + Openable + Lockable"],"fullName":"Trait Combinations Integration Tests Container + Openable + Lockable should see contents after unlocking and opening","status":"passed","title":"should see contents after unlocking and opening","duration":0.587561000000278,"failureMessages":[],"meta":{}},{"ancestorTitles":["Trait Combinations Integration Tests","Container + Openable + Lockable"],"fullName":"Trait Combinations Integration Tests Container + Openable + Lockable should handle nested locked containers","status":"passed","title":"should handle nested locked containers","duration":1.2123050000009243,"failureMessages":[],"meta":{}},{"ancestorTitles":["Trait Combinations Integration Tests","Supporter + Container + Scenery"],"fullName":"Trait Combinations Integration Tests Supporter + Container + Scenery should see items on supporter but not in closed container","status":"passed","title":"should see items on supporter but not in closed container","duration":0.7695690000000468,"failureMessages":[],"meta":{}},{"ancestorTitles":["Trait Combinations Integration Tests","Supporter + Container + Scenery"],"fullName":"Trait Combinations Integration Tests Supporter + Container + Scenery should handle complex containment hierarchy","status":"passed","title":"should handle complex containment hierarchy","duration":0.61846499999956,"failureMessages":[],"meta":{}},{"ancestorTitles":["Trait Combinations Integration Tests","Supporter + Container + Scenery"],"fullName":"Trait Combinations Integration Tests Supporter + Container + Scenery should include all scenery regardless of visibility","status":"passed","title":"should include all scenery regardless of visibility","duration":1.1192850000006729,"failureMessages":[],"meta":{}},{"ancestorTitles":["Trait Combinations Integration Tests","Actor + Wearable + Container"],"fullName":"Trait Combinations Integration Tests Actor + Wearable + Container should handle wearing items with containers","status":"passed","title":"should handle wearing items with containers","duration":0.6035889999984647,"failureMessages":[],"meta":{}},{"ancestorTitles":["Trait Combinations Integration Tests","Actor + Wearable + Container"],"fullName":"Trait Combinations Integration Tests Actor + Wearable + Container should exclude worn items when specified","status":"passed","title":"should exclude worn items when specified","duration":0.5387449999980163,"failureMessages":[],"meta":{}},{"ancestorTitles":["Trait Combinations Integration Tests","Actor + Wearable + Container"],"fullName":"Trait Combinations Integration Tests Actor + Wearable + Container should track complex worn item hierarchies","status":"passed","title":"should track complex worn item hierarchies","duration":0.5992310000001453,"failureMessages":[],"meta":{}},{"ancestorTitles":["Trait Combinations Integration Tests","Door + Room + Light Source"],"fullName":"Trait Combinations Integration Tests Door + Room + Light Source should navigate through doors between rooms","status":"passed","title":"should navigate through doors between rooms","duration":1.0019570000004023,"failureMessages":[],"meta":{}},{"ancestorTitles":["Trait Combinations Integration Tests","Door + Room + Light Source"],"fullName":"Trait Combinations Integration Tests Door + Room + Light Source should see in lit rooms but not dark rooms","status":"passed","title":"should see in lit rooms but not dark rooms","duration":0.9782090000007884,"failureMessages":[],"meta":{}},{"ancestorTitles":["Trait Combinations Integration Tests","Door + Room + Light Source"],"fullName":"Trait Combinations Integration Tests Door + Room + Light Source should handle door state synchronization","status":"passed","title":"should handle door state synchronization","duration":0.29769800000212854,"failureMessages":[],"meta":{}},{"ancestorTitles":["Trait Combinations Integration Tests","Edible + Container + Actor"],"fullName":"Trait Combinations Integration Tests Edible + Container + Actor should track edible items in containers","status":"passed","title":"should track edible items in containers","duration":0.3946959999993851,"failureMessages":[],"meta":{}},{"ancestorTitles":["Trait Combinations Integration Tests","Edible + Container + Actor"],"fullName":"Trait Combinations Integration Tests Edible + Container + Actor should handle consuming items from container","status":"passed","title":"should handle consuming items from container","duration":0.212255999998888,"failureMessages":[],"meta":{}},{"ancestorTitles":["Trait Combinations Integration Tests","Complex Multi-Trait Scenarios"],"fullName":"Trait Combinations Integration Tests Complex Multi-Trait Scenarios should handle readable items in locked containers on supporters","status":"passed","title":"should handle readable items in locked containers on supporters","duration":0.4934609999982058,"failureMessages":[],"meta":{}},{"ancestorTitles":["Trait Combinations Integration Tests","Complex Multi-Trait Scenarios"],"fullName":"Trait Combinations Integration Tests Complex Multi-Trait Scenarios should handle switchable light sources affecting room visibility","status":"passed","title":"should handle switchable light sources affecting room visibility","duration":0.2890589999988151,"failureMessages":[],"meta":{}}],"startTime":1756182843772,"endTime":1756182843790.4934,"status":"passed","message":"","name":"/mnt/c/repotemp/sharpee/packages/world-model/tests/integration/trait-combinations.test.ts"},{"assertionResults":[{"ancestorTitles":["Visibility Chains Integration Tests","Container Visibility Chains"],"fullName":"Visibility Chains Integration Tests Container Visibility Chains should see through open containers","status":"passed","title":"should see through open containers","duration":4.022086000000854,"failureMessages":[],"meta":{}},{"ancestorTitles":["Visibility Chains Integration Tests","Container Visibility Chains"],"fullName":"Visibility Chains Integration Tests Container Visibility Chains should not see into closed containers","status":"passed","title":"should not see into closed containers","duration":0.7918480000007548,"failureMessages":[],"meta":{}},{"ancestorTitles":["Visibility Chains Integration Tests","Container Visibility Chains"],"fullName":"Visibility Chains Integration Tests Container Visibility Chains should handle mixed open/closed container chains","status":"passed","title":"should handle mixed open/closed container chains","duration":0.42641999999978,"failureMessages":[],"meta":{}},{"ancestorTitles":["Visibility Chains Integration Tests","Supporter Visibility"],"fullName":"Visibility Chains Integration Tests Supporter Visibility should see items on supporters","status":"passed","title":"should see items on supporters","duration":0.7890449999995326,"failureMessages":[],"meta":{}},{"ancestorTitles":["Visibility Chains Integration Tests","Supporter Visibility"],"fullName":"Visibility Chains Integration Tests Supporter Visibility should see through containers on supporters","status":"passed","title":"should see through containers on supporters","duration":0.9615229999999428,"failureMessages":[],"meta":{}},{"ancestorTitles":["Visibility Chains Integration Tests","Room and Light Visibility"],"fullName":"Visibility Chains Integration Tests Room and Light Visibility should not see in dark rooms","status":"passed","title":"should not see in dark rooms","duration":0.4103140000006533,"failureMessages":[],"meta":{}},{"ancestorTitles":["Visibility Chains Integration Tests","Room and Light Visibility"],"fullName":"Visibility Chains Integration Tests Room and Light Visibility should see with carried light source","status":"passed","title":"should see with carried light source","duration":0.39504699999997683,"failureMessages":[],"meta":{}},{"ancestorTitles":["Visibility Chains Integration Tests","Room and Light Visibility"],"fullName":"Visibility Chains Integration Tests Room and Light Visibility should see with light source in room","status":"passed","title":"should see with light source in room","duration":0.206159999999727,"failureMessages":[],"meta":{}},{"ancestorTitles":["Visibility Chains Integration Tests","Room and Light Visibility"],"fullName":"Visibility Chains Integration Tests Room and Light Visibility should handle light in containers","status":"passed","title":"should handle light in containers","duration":0.5068080000000919,"failureMessages":[],"meta":{}},{"ancestorTitles":["Visibility Chains Integration Tests","Actor Visibility"],"fullName":"Visibility Chains Integration Tests Actor Visibility should see items carried by actors","status":"passed","title":"should see items carried by actors","duration":0.40341000000080385,"failureMessages":[],"meta":{}},{"ancestorTitles":["Visibility Chains Integration Tests","Actor Visibility"],"fullName":"Visibility Chains Integration Tests Actor Visibility should see worn items on actors","status":"passed","title":"should see worn items on actors","duration":0.34591100000034203,"failureMessages":[],"meta":{}},{"ancestorTitles":["Visibility Chains Integration Tests","Actor Visibility"],"fullName":"Visibility Chains Integration Tests Actor Visibility should not see items in closed containers carried by actors","status":"passed","title":"should not see items in closed containers carried by actors","duration":0.2660009999999602,"failureMessages":[],"meta":{}},{"ancestorTitles":["Visibility Chains Integration Tests","Scenery Visibility"],"fullName":"Visibility Chains Integration Tests Scenery Visibility should see visible scenery","status":"passed","title":"should see visible scenery","duration":0.3132270000005519,"failureMessages":[],"meta":{}},{"ancestorTitles":["Visibility Chains Integration Tests","Scenery Visibility"],"fullName":"Visibility Chains Integration Tests Scenery Visibility should not see invisible scenery","status":"passed","title":"should not see invisible scenery","duration":0.25194399999963935,"failureMessages":[],"meta":{}},{"ancestorTitles":["Visibility Chains Integration Tests","Scenery Visibility"],"fullName":"Visibility Chains Integration Tests Scenery Visibility should see contents of visible scenery containers","status":"passed","title":"should see contents of visible scenery containers","duration":0.21404299999994691,"failureMessages":[],"meta":{}},{"ancestorTitles":["Visibility Chains Integration Tests","Complex Visibility Scenarios"],"fullName":"Visibility Chains Integration Tests Complex Visibility Scenarios should handle deep visibility chains","status":"passed","title":"should handle deep visibility chains","duration":0.3280290000002424,"failureMessages":[],"meta":{}},{"ancestorTitles":["Visibility Chains Integration Tests","Complex Visibility Scenarios"],"fullName":"Visibility Chains Integration Tests Complex Visibility Scenarios should handle multiple visibility blockers","status":"passed","title":"should handle multiple visibility blockers","duration":0.5451319999992847,"failureMessages":[],"meta":{}},{"ancestorTitles":["Visibility Chains Integration Tests","Complex Visibility Scenarios"],"fullName":"Visibility Chains Integration Tests Complex Visibility Scenarios should handle visibility with movement","status":"passed","title":"should handle visibility with movement","duration":0.29701099999874714,"failureMessages":[],"meta":{}},{"ancestorTitles":["Visibility Chains Integration Tests","Scope and In-Scope Items"],"fullName":"Visibility Chains Integration Tests Scope and In-Scope Items should get all items in scope","status":"passed","title":"should get all items in scope","duration":0.9130509999995411,"failureMessages":[],"meta":{}},{"ancestorTitles":["Visibility Chains Integration Tests","Scope and In-Scope Items"],"fullName":"Visibility Chains Integration Tests Scope and In-Scope Items should handle scope in dark rooms with light","status":"passed","title":"should handle scope in dark rooms with light","duration":0.5037169999995967,"failureMessages":[],"meta":{}},{"ancestorTitles":["Visibility Chains Integration Tests","Performance Tests"],"fullName":"Visibility Chains Integration Tests Performance Tests should handle large visibility calculations efficiently","status":"passed","title":"should handle large visibility calculations efficiently","duration":2.154834999999366,"failureMessages":[],"meta":{}},{"ancestorTitles":["Visibility Chains Integration Tests","Performance Tests"],"fullName":"Visibility Chains Integration Tests Performance Tests should cache visibility calculations","status":"passed","title":"should cache visibility calculations","duration":0.8135519999996177,"failureMessages":[],"meta":{}}],"startTime":1756182852670,"endTime":1756182852687.8135,"status":"passed","message":"","name":"/mnt/c/repotemp/sharpee/packages/world-model/tests/integration/visibility-chains.test.ts"},{"assertionResults":[{"ancestorTitles":["Wearable and Clothing Integration Tests","Basic Wearable Behavior"],"fullName":"Wearable and Clothing Integration Tests Basic Wearable Behavior should wear and remove simple items","status":"passed","title":"should wear and remove simple items","duration":3.418615000002319,"failureMessages":[],"meta":{}},{"ancestorTitles":["Wearable and Clothing Integration Tests","Basic Wearable Behavior"],"fullName":"Wearable and Clothing Integration Tests Basic Wearable Behavior should prevent wearing already worn items","status":"passed","title":"should prevent wearing already worn items","duration":0.38298800000120536,"failureMessages":[],"meta":{}},{"ancestorTitles":["Wearable and Clothing Integration Tests","Basic Wearable Behavior"],"fullName":"Wearable and Clothing Integration Tests Basic Wearable Behavior should track multiple worn items","status":"passed","title":"should track multiple worn items","duration":1.0817510000015318,"failureMessages":[],"meta":{}},{"ancestorTitles":["Wearable and Clothing Integration Tests","Clothing with Pockets"],"fullName":"Wearable and Clothing Integration Tests Clothing with Pockets should create functional clothing with pockets","status":"passed","title":"should create functional clothing with pockets","duration":2.0795500000022002,"failureMessages":[],"meta":{}},{"ancestorTitles":["Wearable and Clothing Integration Tests","Clothing with Pockets"],"fullName":"Wearable and Clothing Integration Tests Clothing with Pockets should maintain pocket contents when wearing clothing","status":"passed","title":"should maintain pocket contents when wearing clothing","duration":1.0569419999992533,"failureMessages":[],"meta":{}},{"ancestorTitles":["Wearable and Clothing Integration Tests","Clothing with Pockets"],"fullName":"Wearable and Clothing Integration Tests Clothing with Pockets should handle items in pockets visibility - SKIPPED: Complex visibility scenario needs review","status":"skipped","title":"should handle items in pockets visibility - SKIPPED: Complex visibility scenario needs review","failureMessages":[],"meta":{}},{"ancestorTitles":["Wearable and Clothing Integration Tests","Layered Clothing"],"fullName":"Wearable and Clothing Integration Tests Layered Clothing should support multiple layers of clothing","status":"passed","title":"should support multiple layers of clothing","duration":0.3777319999971951,"failureMessages":[],"meta":{}},{"ancestorTitles":["Wearable and Clothing Integration Tests","Layered Clothing"],"fullName":"Wearable and Clothing Integration Tests Layered Clothing should handle mixed clothing and accessories","status":"passed","title":"should handle mixed clothing and accessories","duration":0.6100020000012591,"failureMessages":[],"meta":{}},{"ancestorTitles":["Wearable and Clothing Integration Tests","Complex Pocket Hierarchies"],"fullName":"Wearable and Clothing Integration Tests Complex Pocket Hierarchies should handle nested containers in pockets","status":"passed","title":"should handle nested containers in pockets","duration":0.476740999998583,"failureMessages":[],"meta":{}},{"ancestorTitles":["Wearable and Clothing Integration Tests","Complex Pocket Hierarchies"],"fullName":"Wearable and Clothing Integration Tests Complex Pocket Hierarchies should handle pocket access when clothing is in container","status":"passed","title":"should handle pocket access when clothing is in container","duration":1.0197379999990517,"failureMessages":[],"meta":{}},{"ancestorTitles":["Wearable and Clothing Integration Tests","Special Clothing Properties"],"fullName":"Wearable and Clothing Integration Tests Special Clothing Properties should handle clothing that blocks slots","status":"passed","title":"should handle clothing that blocks slots","duration":0.90023199999996,"failureMessages":[],"meta":{}},{"ancestorTitles":["Wearable and Clothing Integration Tests","Special Clothing Properties"],"fullName":"Wearable and Clothing Integration Tests Special Clothing Properties should handle non-removable clothing","status":"passed","title":"should handle non-removable clothing","duration":0.1569390000004205,"failureMessages":[],"meta":{}},{"ancestorTitles":["Wearable and Clothing Integration Tests","Special Clothing Properties"],"fullName":"Wearable and Clothing Integration Tests Special Clothing Properties should track clothing condition","status":"passed","title":"should track clothing condition","duration":0.12764699999752338,"failureMessages":[],"meta":{}},{"ancestorTitles":["Wearable and Clothing Integration Tests","Performance with Many Wearables"],"fullName":"Wearable and Clothing Integration Tests Performance with Many Wearables should handle actors with many worn items efficiently","status":"passed","title":"should handle actors with many worn items efficiently","duration":0.3541159999986121,"failureMessages":[],"meta":{}},{"ancestorTitles":["Wearable and Clothing Integration Tests","Performance with Many Wearables"],"fullName":"Wearable and Clothing Integration Tests Performance with Many Wearables should efficiently filter worn vs carried items","status":"passed","title":"should efficiently filter worn vs carried items","duration":4.932956999997259,"failureMessages":[],"meta":{}}],"startTime":1756182841665,"endTime":1756182841682.9329,"status":"passed","message":"","name":"/mnt/c/repotemp/sharpee/packages/world-model/tests/integration/wearable-clothing.test.ts"},{"assertionResults":[{"ancestorTitles":["EntityStore","basic operations"],"fullName":"EntityStore basic operations should add and retrieve entities","status":"passed","title":"should add and retrieve entities","duration":1.6558189999996102,"failureMessages":[],"meta":{}},{"ancestorTitles":["EntityStore","basic operations"],"fullName":"EntityStore basic operations should return undefined for non-existent entities","status":"passed","title":"should return undefined for non-existent entities","duration":0.35455199999887554,"failureMessages":[],"meta":{}},{"ancestorTitles":["EntityStore","basic operations"],"fullName":"EntityStore basic operations should remove entities and clear traits","status":"passed","title":"should remove entities and clear traits","duration":0.876510000000053,"failureMessages":[],"meta":{}},{"ancestorTitles":["EntityStore","basic operations"],"fullName":"EntityStore basic operations should clear all entities","status":"passed","title":"should clear all entities","duration":1.7873529999997118,"failureMessages":[],"meta":{}},{"ancestorTitles":["EntityStore","querying"],"fullName":"EntityStore querying should get all entities","status":"passed","title":"should get all entities","duration":1.701771000000008,"failureMessages":[],"meta":{}},{"ancestorTitles":["EntityStore","querying"],"fullName":"EntityStore querying should get entities by type","status":"passed","title":"should get entities by type","duration":0.5440610000005108,"failureMessages":[],"meta":{}},{"ancestorTitles":["EntityStore","querying"],"fullName":"EntityStore querying should find entities with specific trait","status":"passed","title":"should find entities with specific trait","duration":0.7207230000003619,"failureMessages":[],"meta":{}},{"ancestorTitles":["EntityStore","querying"],"fullName":"EntityStore querying should find entities with all specified traits","status":"passed","title":"should find entities with all specified traits","duration":0.49249800000143296,"failureMessages":[],"meta":{}},{"ancestorTitles":["EntityStore","querying"],"fullName":"EntityStore querying should find entities with any specified traits","status":"passed","title":"should find entities with any specified traits","duration":0.5689619999993738,"failureMessages":[],"meta":{}},{"ancestorTitles":["EntityStore","iteration"],"fullName":"EntityStore iteration should be iterable","status":"passed","title":"should be iterable","duration":0.999297000000297,"failureMessages":[],"meta":{}},{"ancestorTitles":["EntityStore","serialization"],"fullName":"EntityStore serialization should serialize to JSON","status":"passed","title":"should serialize to JSON","duration":1.683004999998957,"failureMessages":[],"meta":{}},{"ancestorTitles":["EntityStore","serialization"],"fullName":"EntityStore serialization should deserialize from JSON","status":"passed","title":"should deserialize from JSON","duration":0.4653200000011566,"failureMessages":[],"meta":{}},{"ancestorTitles":["EntityStore","size property"],"fullName":"EntityStore size property should reflect number of entities","status":"passed","title":"should reflect number of entities","duration":0.39241600000059407,"failureMessages":[],"meta":{}},{"ancestorTitles":["EntityStore","edge cases"],"fullName":"EntityStore edge cases should handle removing non-existent entity","status":"passed","title":"should handle removing non-existent entity","duration":0.4557170000007318,"failureMessages":[],"meta":{}},{"ancestorTitles":["EntityStore","edge cases"],"fullName":"EntityStore edge cases should handle duplicate adds gracefully","status":"passed","title":"should handle duplicate adds gracefully","duration":0.6517189999995026,"failureMessages":[],"meta":{}},{"ancestorTitles":["EntityStore","edge cases"],"fullName":"EntityStore edge cases should work with empty store","status":"passed","title":"should work with empty store","duration":0.7162699999989854,"failureMessages":[],"meta":{}}],"startTime":1756182874839,"endTime":1756182874853.7163,"status":"passed","message":"","name":"/mnt/c/repotemp/sharpee/packages/world-model/tests/unit/entities/entity-store.test.ts"},{"assertionResults":[{"ancestorTitles":["IFEntity","constructor"],"fullName":"IFEntity constructor should create entity with id and type","status":"passed","title":"should create entity with id and type","duration":2.5814399999999296,"failureMessages":[],"meta":{}},{"ancestorTitles":["IFEntity","constructor"],"fullName":"IFEntity constructor should accept creation params","status":"passed","title":"should accept creation params","duration":0.5540289999989909,"failureMessages":[],"meta":{}},{"ancestorTitles":["IFEntity","traits"],"fullName":"IFEntity traits should add trait","status":"passed","title":"should add trait","duration":0.38620199999968463,"failureMessages":[],"meta":{}},{"ancestorTitles":["IFEntity","traits"],"fullName":"IFEntity traits should remove trait","status":"passed","title":"should remove trait","duration":0.30106200000045646,"failureMessages":[],"meta":{}},{"ancestorTitles":["IFEntity","traits"],"fullName":"IFEntity traits should warn and ignore when adding duplicate trait","status":"passed","title":"should warn and ignore when adding duplicate trait","duration":2.661934999998266,"failureMessages":[],"meta":{}},{"ancestorTitles":["IFEntity","traits"],"fullName":"IFEntity traits should check multiple traits with hasAll","status":"passed","title":"should check multiple traits with hasAll","duration":0.33986600000025646,"failureMessages":[],"meta":{}},{"ancestorTitles":["IFEntity","traits"],"fullName":"IFEntity traits should check multiple traits with hasAny","status":"passed","title":"should check multiple traits with hasAny","duration":0.1670270000013261,"failureMessages":[],"meta":{}},{"ancestorTitles":["IFEntity","traits"],"fullName":"IFEntity traits should get all traits","status":"passed","title":"should get all traits","duration":0.8694770000001881,"failureMessages":[],"meta":{}},{"ancestorTitles":["IFEntity","traits"],"fullName":"IFEntity traits should get all trait types","status":"passed","title":"should get all trait types","duration":0.38364999999976135,"failureMessages":[],"meta":{}},{"ancestorTitles":["IFEntity","traits"],"fullName":"IFEntity traits should clear all traits","status":"passed","title":"should clear all traits","duration":0.3326550000001589,"failureMessages":[],"meta":{}},{"ancestorTitles":["IFEntity","traits"],"fullName":"IFEntity traits should support trait aliases (getTrait, hasTrait)","status":"passed","title":"should support trait aliases (getTrait, hasTrait)","duration":0.31435899999996764,"failureMessages":[],"meta":{}},{"ancestorTitles":["IFEntity","convenience properties"],"fullName":"IFEntity convenience properties should identify rooms","status":"passed","title":"should identify rooms","duration":0.25732500000049185,"failureMessages":[],"meta":{}},{"ancestorTitles":["IFEntity","convenience properties"],"fullName":"IFEntity convenience properties should identify containers","status":"passed","title":"should identify containers","duration":0.27912300000025425,"failureMessages":[],"meta":{}},{"ancestorTitles":["IFEntity","convenience properties"],"fullName":"IFEntity convenience properties should identify takeable items","status":"passed","title":"should identify takeable items","duration":0.15185899999960384,"failureMessages":[],"meta":{}},{"ancestorTitles":["IFEntity","convenience properties"],"fullName":"IFEntity convenience properties should get name from displayName attribute first","status":"passed","title":"should get name from displayName attribute first","duration":0.45509599999968486,"failureMessages":[],"meta":{}},{"ancestorTitles":["IFEntity","convenience properties"],"fullName":"IFEntity convenience properties should get weight from attributes","status":"passed","title":"should get weight from attributes","duration":0.23729899999852933,"failureMessages":[],"meta":{}},{"ancestorTitles":["IFEntity","cloning"],"fullName":"IFEntity cloning should create deep copy with new ID","status":"passed","title":"should create deep copy with new ID","duration":1.0145639999991545,"failureMessages":[],"meta":{}},{"ancestorTitles":["IFEntity","serialization"],"fullName":"IFEntity serialization should serialize to JSON","status":"passed","title":"should serialize to JSON","duration":0.8914699999986624,"failureMessages":[],"meta":{}},{"ancestorTitles":["IFEntity","serialization"],"fullName":"IFEntity serialization should deserialize from JSON","status":"passed","title":"should deserialize from JSON","duration":0.4270269999997254,"failureMessages":[],"meta":{}},{"ancestorTitles":["IFEntity","openable/lockable properties"],"fullName":"IFEntity openable/lockable properties should detect openable trait","status":"passed","title":"should detect openable trait","duration":0.20769599999948696,"failureMessages":[],"meta":{}},{"ancestorTitles":["IFEntity","openable/lockable properties"],"fullName":"IFEntity openable/lockable properties should detect lockable trait","status":"passed","title":"should detect lockable trait","duration":0.1512910000001284,"failureMessages":[],"meta":{}},{"ancestorTitles":["IFEntity","light source properties"],"fullName":"IFEntity light source properties should detect light provision","status":"passed","title":"should detect light provision","duration":0.21159199999965494,"failureMessages":[],"meta":{}},{"ancestorTitles":["IFEntity","switchable properties"],"fullName":"IFEntity switchable properties should detect switchable state","status":"passed","title":"should detect switchable state","duration":0.15250000000014552,"failureMessages":[],"meta":{}},{"ancestorTitles":["IFEntity","actor properties"],"fullName":"IFEntity actor properties should detect actors and players","status":"passed","title":"should detect actors and players","duration":0.146377000000939,"failureMessages":[],"meta":{}},{"ancestorTitles":["IFEntity","error handling"],"fullName":"IFEntity error handling should throw error for invalid traits","status":"passed","title":"should throw error for invalid traits","duration":0.8759919999993144,"failureMessages":[],"meta":{}}],"startTime":1756182862815,"endTime":1756182862831.876,"status":"passed","message":"","name":"/mnt/c/repotemp/sharpee/packages/world-model/tests/unit/entities/if-entity.test.ts"},{"assertionResults":[{"ancestorTitles":["Behavior","trait requirements"],"fullName":"Behavior trait requirements should validate entity has required traits","status":"passed","title":"should validate entity has required traits","duration":1.831242000000202,"failureMessages":[],"meta":{}},{"ancestorTitles":["Behavior","trait requirements"],"fullName":"Behavior trait requirements should get list of missing traits","status":"passed","title":"should get list of missing traits","duration":1.0412059999998746,"failureMessages":[],"meta":{}},{"ancestorTitles":["Behavior","trait requirements"],"fullName":"Behavior trait requirements should work with behaviors having no requirements","status":"passed","title":"should work with behaviors having no requirements","duration":0.2513599999983853,"failureMessages":[],"meta":{}},{"ancestorTitles":["Behavior","require helper"],"fullName":"Behavior require helper should return trait when present","status":"passed","title":"should return trait when present","duration":1.325023000001238,"failureMessages":[],"meta":{}},{"ancestorTitles":["Behavior","require helper"],"fullName":"Behavior require helper should throw error when required trait is missing","status":"passed","title":"should throw error when required trait is missing","duration":0.37274100000104227,"failureMessages":[],"meta":{}},{"ancestorTitles":["Behavior","optional helper"],"fullName":"Behavior optional helper should return trait when present","status":"passed","title":"should return trait when present","duration":0.3651609999997163,"failureMessages":[],"meta":{}},{"ancestorTitles":["Behavior","optional
[...]
isibilityBehavior","complex scenarios"],"fullName":"VisibilityBehavior complex scenarios should handle circular containment gracefully","status":"passed","title":"should handle circular containment gracefully","duration":0.5679110000000946,"failureMessages":[],"meta":{}},{"ancestorTitles":["VisibilityBehavior","edge cases"],"fullName":"VisibilityBehavior edge cases should handle missing entities gracefully","status":"passed","title":"should handle missing entities gracefully","duration":0.19329800000014075,"failureMessages":[],"meta":{}},{"ancestorTitles":["VisibilityBehavior","edge cases"],"fullName":"VisibilityBehavior edge cases should handle entities with no location","status":"passed","title":"should handle entities with no location","duration":0.14110100000107195,"failureMessages":[],"meta":{}},{"ancestorTitles":["VisibilityBehavior","edge cases"],"fullName":"VisibilityBehavior edge cases should handle max depth in containment path","status":"passed","title":"should handle max depth in containment path","duration":0.30653499999971245,"failureMessages":[],"meta":{}}],"startTime":1756182852663,"endTime":1756182852678.3066,"status":"passed","message":"","name":"/mnt/c/repotemp/sharpee/packages/world-model/tests/unit/world/visibility-behavior.test.ts"},{"assertionResults":[{"ancestorTitles":["WorldModel","initialization"],"fullName":"WorldModel initialization should create empty world model","status":"passed","title":"should create empty world model","duration":2.0649929999999586,"failureMessages":[],"meta":{}},{"ancestorTitles":["WorldModel","initialization"],"fullName":"WorldModel initialization should accept configuration","status":"passed","title":"should accept configuration","duration":0.21681700000044657,"failureMessages":[],"meta":{}},{"ancestorTitles":["WorldModel","entity management"],"fullName":"WorldModel entity management should create entity with auto-generated ID","status":"passed","title":"should create entity with auto-generated ID","duration":0.4444939999993949,"failureMessages":[],"meta":{}},{"ancestorTitles":["WorldModel","entity management"],"fullName":"WorldModel entity management should generate correct type-prefixed IDs","status":"passed","title":"should generate correct type-prefixed IDs","duration":0.30453599999964354,"failureMessages":[],"meta":{}},{"ancestorTitles":["WorldModel","entity management"],"fullName":"WorldModel entity management should allow multiple entities with same displayName","status":"passed","title":"should allow multiple entities with same displayName","duration":0.41822899999897345,"failureMessages":[],"meta":{}},{"ancestorTitles":["WorldModel","entity management"],"fullName":"WorldModel entity management should create entities with displayName","status":"passed","title":"should create entities with displayName","duration":0.1946109999989858,"failureMessages":[],"meta":{}},{"ancestorTitles":["WorldModel","entity management"],"fullName":"WorldModel entity management should get entity by id","status":"passed","title":"should get entity by id","duration":0.2511709999998857,"failureMessages":[],"meta":{}},{"ancestorTitles":["WorldModel","entity management"],"fullName":"WorldModel entity management should return undefined for missing entity","status":"passed","title":"should return undefined for missing entity","duration":0.16677699999854667,"failureMessages":[],"meta":{}},{"ancestorTitles":["WorldModel","entity management"],"fullName":"WorldModel entity management should check entity existence","status":"passed","title":"should check entity existence","duration":0.7843710000015562,"failureMessages":[],"meta":{}},{"ancestorTitles":["WorldModel","entity management"],"fullName":"WorldModel entity management should remove entity","status":"passed","title":"should remove entity","duration":0.41221199999927194,"failureMessages":[],"meta":{}},{"ancestorTitles":["WorldModel","entity management"],"fullName":"WorldModel entity management should return false when removing non-existent entity","status":"passed","title":"should return false when removing non-existent entity","duration":0.10679399999935413,"failureMessages":[],"meta":{}},{"ancestorTitles":["WorldModel","entity management"],"fullName":"WorldModel entity management should get all entities","status":"passed","title":"should get all entities","duration":1.2000850000003993,"failureMessages":[],"meta":{}},{"ancestorTitles":["WorldModel","entity management"],"fullName":"WorldModel entity management should update entity","status":"passed","title":"should update entity","duration":0.34250600000086706,"failureMessages":[],"meta":{}},{"ancestorTitles":["WorldModel","entity management"],"fullName":"WorldModel entity management should handle updating non-existent entity","status":"passed","title":"should handle updating non-existent entity","duration":0.09502200000133598,"failureMessages":[],"meta":{}},{"ancestorTitles":["WorldModel","entity management"],"fullName":"WorldModel entity management should throw in strict mode when updating non-existent entity","status":"passed","title":"should throw in strict mode when updating non-existent entity","duration":0.5189509999981965,"failureMessages":[],"meta":{}},{"ancestorTitles":["WorldModel","entity management"],"fullName":"WorldModel entity management should store displayName in entity attributes","status":"passed","title":"should store displayName in entity attributes","duration":0.17643500000122003,"failureMessages":[],"meta":{}},{"ancestorTitles":["WorldModel","entity management"],"fullName":"WorldModel entity management should increment ID counters correctly","status":"passed","title":"should increment ID counters correctly","duration":0.08623700000316603,"failureMessages":[],"meta":{}},{"ancestorTitles":["WorldModel","entity management"],"fullName":"WorldModel entity management should handle ID counter overflow","status":"passed","title":"should handle ID counter overflow","duration":3.605673999998544,"failureMessages":[],"meta":{}},{"ancestorTitles":["WorldModel","spatial management"],"fullName":"WorldModel spatial management should get entity location","status":"passed","title":"should get entity location","duration":0.617262000003393,"failureMessages":[],"meta":{}},{"ancestorTitles":["WorldModel","spatial management"],"fullName":"WorldModel spatial management should get container contents","status":"passed","title":"should get container contents","duration":0.6022889999985637,"failureMessages":[],"meta":{}},{"ancestorTitles":["WorldModel","spatial management"],"fullName":"WorldModel spatial management should move entity","status":"passed","title":"should move entity","duration":0.30011600000216276,"failureMessages":[],"meta":{}},{"ancestorTitles":["WorldModel","spatial management"],"fullName":"WorldModel spatial management should remove entity from world","status":"passed","title":"should remove entity from world","duration":0.17333099999814294,"failureMessages":[],"meta":{}},{"ancestorTitles":["WorldModel","spatial management"],"fullName":"WorldModel spatial management should check if move is valid","status":"passed","title":"should check if move is valid","duration":0.1450860000004468,"failureMessages":[],"meta":{}},{"ancestorTitles":["WorldModel","spatial management"],"fullName":"WorldModel spatial management should prevent moving to non-container","status":"passed","title":"should prevent moving to non-container","duration":0.10579499999948894,"failureMessages":[],"meta":{}},{"ancestorTitles":["WorldModel","spatial management"],"fullName":"WorldModel spatial management should prevent containment loops","status":"passed","title":"should prevent containment loops","duration":0.2961139999970328,"failureMessages":[],"meta":{}},{"ancestorTitles":["WorldModel","spatial management"],"fullName":"WorldModel spatial management should get containing room","status":"passed","title":"should get containing room","duration":0.25000200000067707,"failureMessages":[],"meta":{}},{"ancestorTitles":["WorldModel","spatial management"],"fullName":"WorldModel spatial management should get all contents recursively","status":"passed","title":"should get all contents recursively","duration":0.5466009999981907,"failureMessages":[],"meta":{}},{"ancestorTitles":["WorldModel","spatial management"],"fullName":"WorldModel spatial management should handle max depth limit","status":"passed","title":"should handle max depth limit","duration":0.41055300000152783,"failureMessages":[],"meta":{}},{"ancestorTitles":["WorldModel","spatial management"],"fullName":"WorldModel spatial management should work with entity IDs","status":"passed","title":"should work with entity IDs","duration":0.4141380000000936,"failureMessages":[],"meta":{}},{"ancestorTitles":["WorldModel","world state management"],"fullName":"WorldModel world state management should get and set state","status":"passed","title":"should get and set state","duration":0.7348569999994652,"failureMessages":[],"meta":{}},{"ancestorTitles":["WorldModel","world state management"],"fullName":"WorldModel world state management should get and set state values","status":"passed","title":"should get and set state values","duration":0.19472999999925378,"failureMessages":[],"meta":{}},{"ancestorTitles":["WorldModel","world state management"],"fullName":"WorldModel world state management should handle nested state values","status":"passed","title":"should handle nested state values","duration":0.10737000000153785,"failureMessages":[],"meta":{}},{"ancestorTitles":["WorldModel","query operations"],"fullName":"WorldModel query operations should find entities by trait","status":"passed","title":"should find entities by trait","duration":0.6484440000022005,"failureMessages":[],"meta":{}},{"ancestorTitles":["WorldModel","query operations"],"fullName":"WorldModel query operations should find entities by type","status":"passed","title":"should find entities by type","duration":0.9600749999990512,"failureMessages":[],"meta":{}},{"ancestorTitles":["WorldModel","query operations"],"fullName":"WorldModel query operations should find entities with predicate","status":"passed","title":"should find entities with predicate","duration":0.45753700000204844,"failureMessages":[],"meta":{}},{"ancestorTitles":["WorldModel","query operations"],"fullName":"WorldModel query operations should find all entities without filtering","status":"passed","title":"should find all entities without filtering","duration":0.7144980000011856,"failureMessages":[],"meta":{}},{"ancestorTitles":["WorldModel","visibility and scope"],"fullName":"WorldModel visibility and scope should get entities in scope","status":"passed","title":"should get entities in scope","duration":1.8152419999969425,"failureMessages":[],"meta":{}},{"ancestorTitles":["WorldModel","visibility and scope"],"fullName":"WorldModel visibility and scope should include carried items in scope","status":"passed","title":"should include carried items in scope","duration":0.3794210000014573,"failureMessages":[],"meta":{}},{"ancestorTitles":["WorldModel","visibility and scope"],"fullName":"WorldModel visibility and scope should check visibility","status":"passed","title":"should check visibility","duration":0.44511400000192225,"failureMessages":[],"meta":{}},{"ancestorTitles":["WorldModel","visibility and scope"],"fullName":"WorldModel visibility and scope should work with direct IDs for visibility","status":"passed","title":"should work with direct IDs for visibility","duration":0.41741800000090734,"failureMessages":[],"meta":{}},{"ancestorTitles":["WorldModel","relationships"],"fullName":"WorldModel relationships should add relationship","status":"passed","title":"should add relationship","duration":0.37797800000043935,"failureMessages":[],"meta":{}},{"ancestorTitles":["WorldModel","relationships"],"fullName":"WorldModel relationships should get related entities","status":"passed","title":"should get related entities","duration":0.6068350000023202,"failureMessages":[],"meta":{}},{"ancestorTitles":["WorldModel","relationships"],"fullName":"WorldModel relationships should remove relationship","status":"passed","title":"should remove relationship","duration":0.1811569999990752,"failureMessages":[],"meta":{}},{"ancestorTitles":["WorldModel","relationships"],"fullName":"WorldModel relationships should handle multiple relationship types","status":"passed","title":"should handle multiple relationship types","duration":0.19921500000054948,"failureMessages":[],"meta":{}},{"ancestorTitles":["WorldModel","relationships"],"fullName":"WorldModel relationships should handle non-existent entities in non-strict mode","status":"passed","title":"should handle non-existent entities in non-strict mode","duration":0.16220699999757926,"failureMessages":[],"meta":{}},{"ancestorTitles":["WorldModel","relationships"],"fullName":"WorldModel relationships should throw in strict mode for non-existent entities","status":"passed","title":"should throw in strict mode for non-existent entities","duration":0.23493299999972805,"failureMessages":[],"meta":{}},{"ancestorTitles":["WorldModel","utility methods"],"fullName":"WorldModel utility methods should calculate total weight","status":"passed","title":"should calculate total weight","duration":0.2793469999996887,"failureMessages":[],"meta":{}},{"ancestorTitles":["WorldModel","utility methods"],"fullName":"WorldModel utility methods should detect containment loops","status":"passed","title":"should detect containment loops","duration":0.17739000000074157,"failureMessages":[],"meta":{}},{"ancestorTitles":["WorldModel","utility methods"],"fullName":"WorldModel utility methods should find path between rooms","status":"passed","title":"should find path between rooms","duration":0.4207360000000335,"failureMessages":[],"meta":{}},{"ancestorTitles":["WorldModel","utility methods"],"fullName":"WorldModel utility methods should get and set player","status":"passed","title":"should get and set player","duration":0.0968029999967257,"failureMessages":[],"meta":{}},{"ancestorTitles":["WorldModel","utility methods"],"fullName":"WorldModel utility methods should throw when setting non-existent player","status":"passed","title":"should throw when setting non-existent player","duration":0.13746000000173808,"failureMessages":[],"meta":{}},{"ancestorTitles":["WorldModel","persistence"],"fullName":"WorldModel persistence should serialize to JSON","status":"passed","title":"should serialize to JSON","duration":0.3399839999983669,"failureMessages":[],"meta":{}},{"ancestorTitles":["WorldModel","persistence"],"fullName":"WorldModel persistence should load from JSON","status":"passed","title":"should load from JSON","duration":0.5970310000011523,"failureMessages":[],"meta":{}},{"ancestorTitles":["WorldModel","persistence"],"fullName":"WorldModel persistence should handle loading old saves without ID system data","status":"passed","title":"should handle loading old saves without ID system data","duration":0.30927900000097,"failureMessages":[],"meta":{}},{"ancestorTitles":["WorldModel","persistence"],"fullName":"WorldModel persistence should clear world","status":"passed","title":"should clear world","duration":0.230093999998644,"failureMessages":[],"meta":{}},{"ancestorTitles":["WorldModel","event sourcing"],"fullName":"WorldModel event sourcing should register and apply event handler","status":"passed","title":"should register and apply event handler","duration":0.17978600000060396,"failureMessages":[],"meta":{}},{"ancestorTitles":["WorldModel","event sourcing"],"fullName":"WorldModel event sourcing should validate events","status":"passed","title":"should validate events","duration":0.11377599999832455,"failureMessages":[],"meta":{}},{"ancestorTitles":["WorldModel","event sourcing"],"fullName":"WorldModel event sourcing should throw when applying invalid event","status":"passed","title":"should throw when applying invalid event","duration":0.18291700000190758,"failureMessages":[],"meta":{}},{"ancestorTitles":["WorldModel","event sourcing"],"fullName":"WorldModel event sourcing should preview event changes","status":"passed","title":"should preview event changes","duration":0.17989299999680952,"failureMessages":[],"meta":{}},{"ancestorTitles":["WorldModel","event sourcing"],"fullName":"WorldModel event sourcing should track event history","status":"passed","title":"should track event history","duration":0.11638399999719695,"failureMessages":[],"meta":{}},{"ancestorTitles":["WorldModel","event sourcing"],"fullName":"WorldModel event sourcing should get events since timestamp","status":"passed","title":"should get events since timestamp","duration":0.10310500000196043,"failureMessages":[],"meta":{}},{"ancestorTitles":["WorldModel","event sourcing"],"fullName":"WorldModel event sourcing should clear event history","status":"passed","title":"should clear event history","duration":0.10047399999893969,"failureMessages":[],"meta":{}},{"ancestorTitles":["WorldModel","event sourcing"],"fullName":"WorldModel event sourcing should unregister event handler","status":"passed","title":"should unregister event handler","duration":0.16360599999825354,"failureMessages":[],"meta":{}},{"ancestorTitles":["WorldModel","event sourcing"],"fullName":"WorldModel event sourcing should handle unregistered events silently","status":"passed","title":"should handle unregistered events silently","duration":0.18821800000296207,"failureMessages":[],"meta":{}},{"ancestorTitles":["WorldModel","edge cases"],"fullName":"WorldModel edge cases should handle empty world operations","status":"passed","title":"should handle empty world operations","duration":1.0622520000033546,"failureMessages":[],"meta":{}},{"ancestorTitles":["WorldModel","edge cases"],"fullName":"WorldModel edge cases should handle removing entity with contents","status":"passed","title":"should handle removing entity with contents","duration":0.15336500000194064,"failureMessages":[],"meta":{}},{"ancestorTitles":["WorldModel","edge cases"],"fullName":"WorldModel edge cases should handle circular references in toJSON","status":"passed","title":"should handle circular references in toJSON","duration":0.22838499999852502,"failureMessages":[],"meta":{}}],"startTime":1756182841466,"endTime":1756182841497.2283,"status":"passed","message":"","name":"/mnt/c/repotemp/sharpee/packages/world-model/tests/unit/world/world-model.test.ts"},{"assertionResults":[{"ancestorTitles":["Container State Change Visibility"],"fullName":"Container State Change Visibility should not see medicine when cabinet is closed","status":"passed","title":"should not see medicine when cabinet is closed","duration":5.631783999999243,"failureMessages":[],"meta":{}},{"ancestorTitles":["Container State Change Visibility"],"fullName":"Container State Change Visibility should see medicine when cabinet is open","status":"passed","title":"should see medicine when cabinet is open","duration":1.5613849999990634,"failureMessages":[],"meta":{}},{"ancestorTitles":["Container State Change Visibility"],"fullName":"Container State Change Visibility should handle multiple state changes","status":"passed","title":"should handle multiple state changes","duration":3.2820389999997133,"failureMessages":[],"meta":{}},{"ancestorTitles":["Container State Change Visibility"],"fullName":"Container State Change Visibility should verify canSee works correctly","status":"passed","title":"should verify canSee works correctly","duration":2.681092999999237,"failureMessages":[],"meta":{}},{"ancestorTitles":["Container State Change Visibility"],"fullName":"Container State Change Visibility should verify medicine is in scope regardless of cabinet state","status":"passed","title":"should verify medicine is in scope regardless of cabinet state","duration":2.80663099999947,"failureMessages":[],"meta":{}}],"startTime":1756182884571,"endTime":1756182884587.8066,"status":"passed","message":"","name":"/mnt/c/repotemp/sharpee/packages/world-model/tests/unit/visibility/container-state-visibility.test.ts"}]}