{"numTotalTestSuites":441,"numPassedTestSuites":441,"numFailedTestSuites":0,"numPendingTestSuites":0,"numTotalTests":999,"numPassedTests":909,"numFailedTests":0,"numPendingTests":90,"numTodoTests":0,"snapshot":{"added":0,"failure":false,"filesAdded":0,"filesRemoved":0,"filesRemovedList":[],"filesUnmatched":0,"filesUpdated":0,"matched":0,"total":0,"unchecked":0,"uncheckedKeysByFile":[],"unmatched":0,"updated":0,"didUpdate":false},"startTime":1755120862511,"success":true,"testResults":[{"assertionResults":[{"ancestorTitles":["Scope Debug"],"fullName":"Scope Debug should handle closed containers","status":"passed","title":"should handle closed containers","duration":3.0933130000003075,"failureMessages":[],"meta":{}}],"startTime":1755120952899,"endTime":1755120952902.0933,"status":"passed","message":"","name":"/mnt/c/repotemp/sharpee/packages/stdlib/tests/scope-debug.test.ts"},{"assertionResults":[{"ancestorTitles":["Scope Integration Tests","REACHABLE scope validation"],"fullName":"Scope Integration Tests REACHABLE scope validation should fail when trying to take an object that is not reachable","status":"passed","title":"should fail when trying to take an object that is not reachable","duration":6.7579530000002705,"failureMessages":[],"meta":{}},{"ancestorTitles":["Scope Integration Tests","REACHABLE scope validation"],"fullName":"Scope Integration Tests REACHABLE scope validation should succeed when object is reachable","status":"passed","title":"should succeed when object is reachable","duration":1.1122990000003483,"failureMessages":[],"meta":{}},{"ancestorTitles":["Scope Integration Tests","CARRIED scope validation"],"fullName":"Scope Integration Tests CARRIED scope validation should fail when trying to throw something not carried","status":"passed","title":"should fail when trying to throw something not carried","duration":0.8096670000004451,"failureMessages":[],"meta":{}},{"ancestorTitles":["Scope Integration Tests","CARRIED scope validation"],"fullName":"Scope Integration Tests CARRIED scope validation should succeed when object is carried","status":"passed","title":"should succeed when object is carried","duration":0.7801220000001194,"failureMessages":[],"meta":{}},{"ancestorTitles":["Scope Integration Tests","AUDIBLE scope validation"],"fullName":"Scope Integration Tests AUDIBLE scope validation should succeed when listening to something audible from another room","status":"passed","title":"should succeed when listening to something audible from another room","duration":1.722208000000137,"failureMessages":[],"meta":{}},{"ancestorTitles":["Scope Integration Tests","DETECTABLE scope validation"],"fullName":"Scope Integration Tests DETECTABLE scope validation should succeed when smelling something smelly from another room","status":"passed","title":"should succeed when smelling something smelly from another room","duration":0.8827369999999064,"failureMessages":[],"meta":{}},{"ancestorTitles":["Scope Integration Tests","DETECTABLE scope validation"],"fullName":"Scope Integration Tests DETECTABLE scope validation should fail when smelling something behind closed door","status":"passed","title":"should fail when smelling something behind closed door","duration":0.36992800000007264,"failureMessages":[],"meta":{}},{"ancestorTitles":["Scope Integration Tests","Scope info in ValidatedCommand"],"fullName":"Scope Integration Tests Scope info in ValidatedCommand should include scope info in validated command","status":"passed","title":"should include scope info in validated command","duration":0.7149440000002869,"failureMessages":[],"meta":{}}],"startTime":1755120932480,"endTime":1755120932493.7148,"status":"passed","message":"","name":"/mnt/c/repotemp/sharpee/packages/stdlib/tests/scope-integration.test.ts"},{"assertionResults":[{"ancestorTitles":["Basic Scope Validation"],"fullName":"Basic Scope Validation should validate a simple command","status":"passed","title":"should validate a simple command","duration":2.115187999999762,"failureMessages":[],"meta":{}}],"startTime":1755120955956,"endTime":1755120955958.1152,"status":"passed","message":"","name":"/mnt/c/repotemp/sharpee/packages/stdlib/tests/scope-validation-basic.test.ts"},{"assertionResults":[{"ancestorTitles":["World Model Debug"],"fullName":"World Model Debug should properly track entity locations","status":"passed","title":"should properly track entity locations","duration":3.7511070000000473,"failureMessages":[],"meta":{}},{"ancestorTitles":["World Model Debug"],"fullName":"World Model Debug should track nested locations","status":"passed","title":"should track nested locations","duration":0.5668319999995219,"failureMessages":[],"meta":{}}],"startTime":1755120952829,"endTime":1755120952832.7512,"status":"passed","message":"","name":"/mnt/c/repotemp/sharpee/packages/stdlib/tests/world-model-debug.test.ts"},{"assertionResults":[{"ancestorTitles":["Platform Event Actions","Saving Action"],"fullName":"Platform Event Actions Saving Action should emit platform save requested event","status":"skipped","title":"should emit platform save requested event","failureMessages":[],"meta":{}},{"ancestorTitles":["Platform Event Actions","Saving Action"],"fullName":"Platform Event Actions Saving Action should include save context with metadata","status":"skipped","title":"should include save context with metadata","failureMessages":[],"meta":{}},{"ancestorTitles":["Platform Event Actions","Saving Action"],"fullName":"Platform Event Actions Saving Action should validate save name","status":"skipped","title":"should validate save name","failureMessages":[],"meta":{}},{"ancestorTitles":["Platform Event Actions","Saving Action"],"fullName":"Platform Event Actions Saving Action should respect save restrictions","status":"skipped","title":"should respect save restrictions","failureMessages":[],"meta":{}},{"ancestorTitles":["Platform Event Actions","Saving Action"],"fullName":"Platform Event Actions Saving Action should handle quick saves","status":"skipped","title":"should handle quick saves","failureMessages":[],"meta":{}},{"ancestorTitles":["Platform Event Actions","Saving Action"],"fullName":"Platform Event Actions Saving Action should emit save requested notification event","status":"skipped","title":"should emit save requested notification event","failureMessages":[],"meta":{}},{"ancestorTitles":["Platform Event Actions","Restoring Action"],"fullName":"Platform Event Actions Restoring Action should emit platform restore requested event","status":"skipped","title":"should emit platform restore requested event","failureMessages":[],"meta":{}},{"ancestorTitles":["Platform Event Actions","Restoring Action"],"fullName":"Platform Event Actions Restoring Action should include available saves in context","status":"skipped","title":"should include available saves in context","failureMessages":[],"meta":{}},{"ancestorTitles":["Platform Event Actions","Restoring Action"],"fullName":"Platform Event Actions Restoring Action should handle no saves available","status":"skipped","title":"should handle no saves available","failureMessages":[],"meta":{}},{"ancestorTitles":["Platform Event Actions","Restoring Action"],"fullName":"Platform Event Actions Restoring Action should respect restore restrictions","status":"skipped","title":"should respect restore restrictions","failureMessages":[],"meta":{}},{"ancestorTitles":["Platform Event Actions","Restoring Action"],"fullName":"Platform Event Actions Restoring Action should identify last save","status":"skipped","title":"should identify last save","failureMessages":[],"meta":{}},{"ancestorTitles":["Platform Event Actions","Quitting Action"],"fullName":"Platform Event Actions Quitting Action should emit platform quit requested event","status":"skipped","title":"should emit platform quit requested event","failureMessages":[],"meta":{}},{"ancestorTitles":["Platform Event Actions","Quitting Action"],"fullName":"Platform Event Actions Quitting Action should include game state in quit context","status":"skipped","title":"should include game state in quit context","failureMessages":[],"meta":{}},{"ancestorTitles":["Platform Event Actions","Quitting Action"],"fullName":"Platform Event Actions Quitting Action should detect unsaved changes","status":"skipped","title":"should detect unsaved changes","failureMessages":[],"meta":{}},{"ancestorTitles":["Platform Event Actions","Quitting Action"],"fullName":"Platform Event Actions Quitting Action should handle force quit","status":"skipped","title":"should handle force quit","failureMessages":[],"meta":{}},{"ancestorTitles":["Platform Event Actions","Quitting Action"],"fullName":"Platform Event Actions Quitting Action should include game statistics","status":"skipped","title":"should include game statistics","failureMessages":[],"meta":{}},{"ancestorTitles":["Platform Event Actions","Restarting Action"],"fullName":"Platform Event Actions Restarting Action should emit platform restart requested event","status":"skipped","title":"should emit platform restart requested event","failureMessages":[],"meta":{}},{"ancestorTitles":["Platform Event Actions","Restarting Action"],"fullName":"Platform Event Actions Restarting Action should include current progress in context","status":"skipped","title":"should include current progress in context","failureMessages":[],"meta":{}},{"ancestorTitles":["Platform Event Actions","Restarting Action"],"fullName":"Platform Event Actions Restarting Action should determine confirmation requirements","status":"skipped","title":"should determine confirmation requirements","failureMessages":[],"meta":{}},{"ancestorTitles":["Platform Event Actions","Restarting Action"],"fullName":"Platform Event Actions Restarting Action should handle force restart","status":"skipped","title":"should handle force restart","failureMessages":[],"meta":{}},{"ancestorTitles":["Platform Event Actions","Restarting Action"],"fullName":"Platform Event Actions Restarting Action should emit restart requested notification","status":"skipped","title":"should emit restart requested notification","failureMessages":[],"meta":{}},{"ancestorTitles":["Platform Event Actions","Restarting Action"],"fullName":"Platform Event Actions Restarting Action should provide hint for significant progress","status":"skipped","title":"should provide hint for significant progress","failureMessages":[],"meta":{}}],"startTime":1755120862511,"endTime":1755120862511,"status":"passed","message":"","name":"/mnt/c/repotemp/sharpee/packages/stdlib/tests/actions/platform-actions.test.ts"},{"assertionResults":[{"ancestorTitles":["Platform Query Handlers","QuitQueryHandler","canHandle"],"fullName":"Platform Query Handlers QuitQueryHandler canHandle should handle quit confirmation queries","status":"passed","title":"should handle quit confirmation queries","duration":2.5784499999999753,"failureMessages":[],"meta":{}},{"ancestorTitles":["Platform Query Handlers","QuitQueryHandler","canHandle"],"fullName":"Platform Query Handlers QuitQueryHandler canHandle should handle quit with unsaved changes queries","status":"passed","title":"should handle quit with unsaved changes queries","duration":0.49890700000014476,"failureMessages":[],"meta":{}},{"ancestorTitles":["Platform Query Handlers","QuitQueryHandler","canHandle"],"fullName":"Platform Query Handlers QuitQueryHandler canHandle should not handle non-quit queries","status":"passed","title":"should not handle non-quit queries","duration":0.3399229999995441,"failureMessages":[],"meta":{}},{"ancestorTitles":["Platform Query Handlers","QuitQueryHandler","handleResponse"],"fullName":"Platform Query Handlers QuitQueryHandler handleResponse should emit quit requested event for quit option","status":"passed","title":"should emit quit requested event for quit option","duration":2.566188000000693,"failureMessages":[],"meta":{}},{"ancestorTitles":["Platform Query Handlers","QuitQueryHandler","handleResponse"],"fullName":"Platform Query Handlers QuitQueryHandler handleResponse should handle save and quit option","status":"passed","title":"should handle save and quit option","duration":0.9154409999991913,"failureMessages":[],"meta":{}},{"ancestorTitles":["Platform Query Handlers","QuitQueryHandler","handleResponse"],"fullName":"Platform Query Handlers QuitQueryHandler handleResponse should emit quit cancelled for cancel option","status":"passed","title":"should emit quit cancelled for cancel option","duration":0.7911690000000817,"failureMessages":[],"meta":{}},{"ancestorTitles":["Platform Query Handlers","QuitQueryHandler","handleResponse"],"fullName":"Platform Query Handlers QuitQueryHandler handleResponse should handle yes/no responses","status":"passed","title":"should handle yes/no responses","duration":0.6608229999992545,"failureMessages":[],"meta":{}},{"ancestorTitles":["Platform Query Handlers","QuitQueryHandler","handleTimeout"],"fullName":"Platform Query Handlers QuitQueryHandler handleTimeout should emit quit cancelled on timeout","status":"passed","title":"should emit quit cancelled on timeout","duration":0.8566950000003999,"failureMessages":[],"meta":{}},{"ancestorTitles":["Platform Query Handlers","QuitQueryHandler","handleCancel"],"fullName":"Platform Query Handlers QuitQueryHandler handleCancel should emit quit cancelled on cancellation","status":"passed","title":"should emit quit cancelled on cancellation","duration":3.4385119999997187,"failureMessages":[],"meta":{}},{"ancestorTitles":["Platform Query Handlers","RestartQueryHandler","canHandle"],"fullName":"Platform Query Handlers RestartQueryHandler canHandle should handle restart confirmation queries","status":"passed","title":"should handle restart confirmation queries","duration":0.6322940000000017,"failureMessages":[],"meta":{}},{"ancestorTitles":["Platform Query Handlers","RestartQueryHandler","canHandle"],"fullName":"Platform Query Handlers RestartQueryHandler canHandle should handle restart with unsaved changes queries","status":"passed","title":"should handle restart with unsaved changes queries","duration":0.6076459999994768,"failureMessages":[],"meta":{}},{"ancestorTitles":["Platform Query Handlers","RestartQueryHandler","canHandle"],"fullName":"Platform Query Handlers RestartQueryHandler canHandle should not handle non-restart queries","status":"passed","title":"should not handle non-restart queries","duration":0.7725869999994757,"failureMessages":[],"meta":{}},{"ancestorTitles":["Platform Query Handlers","RestartQueryHandler","handleResponse"],"fullName":"Platform Query Handlers RestartQueryHandler handleResponse should emit restart requested event for restart option","status":"passed","title":"should emit restart requested event for restart option","duration":2.093380999999681,"failureMessages":[],"meta":{}},{"ancestorTitles":["Platform Query Handlers","RestartQueryHandler","handleResponse"],"fullName":"Platform Query Handlers RestartQueryHandler handleResponse should handle save and restart option","status":"passed","title":"should handle save and restart option","duration":0.9572890000008556,"failureMessages":[],"meta":{}},{"ancestorTitles":["Platform Query Handlers","RestartQueryHandler","handleResponse"],"fullName":"Platform Query Handlers RestartQueryHandler handleResponse should emit restart cancelled for cancel option","status":"passed","title":"should emit restart cancelled for cancel option","duration":0.6205270000000382,"failureMessages":[],"meta":{}},{"ancestorTitles":["Platform Query Handlers","RestartQueryHandler","handleTimeout"],"fullName":"Platform Query Handlers RestartQueryHandler handleTimeout should emit restart cancelled on timeout","status":"passed","title":"should emit restart cancelled on timeout","duration":0.5080120000002353,"failureMessages":[],"meta":{}},{"ancestorTitles":["Platform Query Handlers","RestartQueryHandler","handleCancel"],"fullName":"Platform Query Handlers RestartQueryHandler handleCancel should emit restart cancelled on cancellation","status":"passed","title":"should emit restart cancelled on cancellation","duration":0.7752190000001065,"failureMessages":[],"meta":{}}],"startTime":1755120939050,"endTime":1755120939072.7751,"status":"passed","message":"","name":"/mnt/c/repotemp/sharpee/packages/stdlib/tests/query-handlers/platform-handlers.test.ts"},{"assertionResults":[{"ancestorTitles":["Action Integration Test Pattern","Command to Action Flow"],"fullName":"Action Integration Test Pattern Command to Action Flow should resolve action from verb using language provider","status":"passed","title":"should resolve action from verb using language provider","duration":2.8515470000002097,"failureMessages":[],"meta":{}},{"ancestorTitles":["Action Integration Test Pattern","Command to Action Flow"],"fullName":"Action Integration Test Pattern Command to Action Flow should resolve action from alias","status":"passed","title":"should resolve action from alias","duration":0.32794099999955506,"failureMessages":[],"meta":{}},{"ancestorTitles":["Action Integration Test Pattern","Command to Action Flow"],"fullName":"Action Integration Test Pattern Command to Action Flow should validate and execute action","status":"passed","title":"should validate and execute action","duration":1.0103369999997085,"failureMessages":[],"meta":{}},{"ancestorTitles":["Action Integration Test Pattern","Message Resolution Flow"],"fullName":"Action Integration Test Pattern Message Resolution Flow should resolve messages through language provider","status":"passed","title":"should resolve messages through language provider","duration":0.6644219999998313,"failureMessages":[],"meta":{}},{"ancestorTitles":["Action Integration Test Pattern","Pattern-based Action Discovery"],"fullName":"Action Integration Test Pattern Pattern-based Action Discovery should find actions by pattern through language provider","status":"passed","title":"should find actions by pattern through language provider","duration":1.076695000001564,"failureMessages":[],"meta":{}},{"ancestorTitles":["Testing Complex Actions with Dependencies"],"fullName":"Testing Complex Actions with Dependencies example: action that checks preconditions","status":"passed","title":"example: action that checks preconditions","duration":0.7731749999984459,"failureMessages":[],"meta":{}}],"startTime":1755120953560,"endTime":1755120953567.7732,"status":"passed","message":"","name":"/mnt/c/repotemp/sharpee/packages/stdlib/tests/integration/action-language-integration.test.ts"},{"assertionResults":[{"ancestorTitles":["Container visibility and knowledge"],"fullName":"Container visibility and knowledge actor cannot see ball in closed box","status":"passed","title":"actor cannot see ball in closed box","duration":14.307542999998986,"failureMessages":[],"meta":{}},{"ancestorTitles":["Container visibility and knowledge"],"fullName":"Container visibility and knowledge actor can examine box when in same room","status":"passed","title":"actor can examine box when in same room","duration":6.942551000000094,"failureMessages":[],"meta":{}},{"ancestorTitles":["Container visibility and knowledge"],"fullName":"Container visibility and knowledge actor cannot take ball that they do not know about","status":"passed","title":"actor cannot take ball that they do not know about","duration":2.727368000001661,"failureMessages":[],"meta":{}},{"ancestorTitles":["Container visibility and knowledge"],"fullName":"Container visibility and knowledge actor can take ball after opening box","status":"passed","title":"actor can take ball after opening box","duration":1.7951799999991636,"failureMessages":[],"meta":{}},{"ancestorTitles":["Container visibility and knowledge"],"fullName":"Container visibility and knowledge full scenario: move, examine, try take, open, take","status":"passed","title":"full scenario: move, examine, try take, open, take","duration":10.440413999998782,"failureMessages":[],"meta":{}}],"startTime":1755120924570,"endTime":1755120924606.4404,"status":"passed","message":"","name":"/mnt/c/repotemp/sharpee/packages/stdlib/tests/integration/container-visibility-knowledge.test.ts"},{"assertionResults":[{"ancestorTitles":["Meta-Commands Integration","Registration"],"fullName":"Meta-Commands Integration Registration should auto-register meta-actions","status":"passed","title":"should auto-register meta-actions","duration":2.0297739999987243,"failureMessages":[],"meta":{}},{"ancestorTitles":["Meta-Commands Integration","Registration"],"fullName":"Meta-Commands Integration Registration should not register regular actions","status":"passed","title":"should not register regular actions","duration":0.25872199999867007,"failureMessages":[],"meta":{}},{"ancestorTitles":["Meta-Commands Integration","Registration"],"fullName":"Meta-Commands Integration Registration should include meta-action in getAll()","status":"passed","title":"should include meta-action in getAll()","duration":0.7621750000016618,"failureMessages":[],"meta":{}},{"ancestorTitles":["Meta-Commands Integration","Standard meta-commands"],"fullName":"Meta-Commands Integration Standard meta-commands should recognize SAVE as meta","status":"passed","title":"should recognize SAVE as meta","duration":0.16701800000009825,"failureMessages":[],"meta":{}},{"ancestorTitles":["Meta-Commands Integration","Standard meta-commands"],"fullName":"Meta-Commands Integration Standard meta-commands should recognize RESTORE as meta","status":"passed","title":"should recognize RESTORE as meta","duration":0.1764789999997447,"failureMessages":[],"meta":{}},{"ancestorTitles":["Meta-Commands Integration","Standard meta-commands"],"fullName":"Meta-Commands Integration Standard meta-commands should recognize QUIT as meta","status":"passed","title":"should recognize QUIT as meta","duration":0.19816499999978987,"failureMessages":[],"meta":{}},{"ancestorTitles":["Meta-Commands Integration","Standard meta-commands"],"fullName":"Meta-Commands Integration Standard meta-commands should recognize SCORE as meta","status":"passed","title":"should recognize SCORE as meta","duration":0.09351900000001478,"failureMessages":[],"meta":{}},{"ancestorTitles":["Meta-Commands Integration","Standard meta-commands"],"fullName":"Meta-Commands Integration Standard meta-commands should recognize HELP as meta","status":"passed","title":"should recognize HELP as meta","duration":0.0544690000006085,"failureMessages":[],"meta":{}},{"ancestorTitles":["Meta-Commands Integration","Standard meta-commands"],"fullName":"Meta-Commands Integration Standard meta-commands should recognize AGAIN as meta","status":"passed","title":"should recognize AGAIN as meta","duration":0.17447399999946356,"failureMessages":[],"meta":{}},{"ancestorTitles":["Meta-Commands Integration","Author commands"],"fullName":"Meta-Commands Integration Author commands should recognize author.parser_events as meta","status":"skipped","title":"should recognize author.parser_events as meta","failureMessages":[],"meta":{}},{"ancestorTitles":["Meta-Commands Integration","Author commands"],"fullName":"Meta-Commands Integration Author commands should recognize author.validation_events as meta","status":"skipped","title":"should recognize author.validation_events as meta","failureMessages":[],"meta":{}},{"ancestorTitles":["Meta-Commands Integration","Author commands"],"fullName":"Meta-Commands Integration Author commands should recognize author.system_events as meta","status":"skipped","title":"should recognize author.system_events as meta","failureMessages":[],"meta":{}},{"ancestorTitles":["Meta-Commands Integration","Author commands"],"fullName":"Meta-Commands Integration Author commands should recognize author.trace as meta","status":"passed","title":"should recognize author.trace as meta","duration":8.281465999998545,"failureMessages":[],"meta":{}},{"ancestorTitles":["Meta-Commands Integration","Non-meta commands"],"fullName":"Meta-Commands Integration Non-meta commands should not recognize TAKE as meta","status":"passed","title":"should not recognize TAKE as meta","duration":0.21287300000039977,"failureMessages":[],"meta":{}},{"ancestorTitles":["Meta-Commands Integration","Non-meta commands"],"fullName":"Meta-Commands Integration Non-meta commands should not recognize DROP as meta","status":"passed","title":"should not recognize DROP as meta","duration":0.08090500000071188,"failureMessages":[],"meta":{}},{"ancestorTitles":["Meta-Commands Integration","Non-meta commands"],"fullName":"Meta-Commands Integration Non-meta commands should not recognize LOOK as meta","status":"passed","title":"should not recognize LOOK as meta","duration":0.0817139999999199,"failureMessages":[],"meta":{}},{"ancestorTitles":["Meta-Commands Integration","Non-meta commands"],"fullName":"Meta-Commands Integration Non-meta commands should not recognize GO as meta","status":"passed","title":"should not recognize GO as meta","duration":0.05750400000033551,"failureMessages":[],"meta":{}},{"ancestorTitles":["Meta-Commands Integration","Custom command detection"],"fullName":"Meta-Commands Integration Custom command detection should detect custom meta-commands","status":"passed","title":"should detect custom meta-commands","duration":0.2972150000005058,"failureMessages":[],"meta":{}},{"ancestorTitles":["Meta-Commands Integration","Custom command detection"],"fullName":"Meta-Commands Integration Custom command detection should not have custom commands after reset","status":"passed","title":"should not have custom commands after reset","duration":0.224620999999388,"failureMessages":[],"meta":{}}],"startTime":1755120943365,"endTime":1755120943379.2246,"status":"passed","message":"","name":"/mnt/c/repotemp/sharpee/packages/stdlib/tests/integration/meta-commands.test.ts"},{"assertionResults":[{"ancestorTitles":["Entity alias resolution"],"fullName":"Entity alias resolution should find entity by its primary name","status":"passed","title":"should find entity by its primary name","duration":5.456764999998995,"failureMessages":[],"meta":{}},{"ancestorTitles":["Entity alias resolution"],"fullName":"Entity alias resolution should find entity by alias \"hook\"","status":"passed","title":"should find entity by alias \"hook\"","duration":1.9057009999996808,"failureMessages":[],"meta":{}},{"ancestorTitles":["Entity alias resolution"],"fullName":"Entity alias resolution should find entity by alias \"peg\"","status":"passed","title":"should find entity by alias \"peg\"","duration":1.3171930000007706,"failureMessages":[],"meta":{}},{"ancestorTitles":["Entity alias resolution"],"fullName":"Entity alias resolution should find entity as indirect object for PUT action","status":"passed","title":"should find entity as indirect object for PUT action","duration":1.2243390000003274,"failureMessages":[],"meta":{}},{"ancestorTitles":["Entity alias resolution"],"fullName":"Entity alias resolution should handle entities with same aliases in different locations","status":"passed","title":"should handle entities with same aliases in different locations","duration":1.3583739999994577,"failureMessages":[],"meta":{}}],"startTime":1755120926453,"endTime":1755120926464.3584,"status":"passed","message":"","name":"/mnt/c/repotemp/sharpee/packages/stdlib/tests/validation/entity-alias-resolution.test.ts"},{"assertionResults":[{"ancestorTitles":["AGAIN Action","basic functionality"],"fullName":"AGAIN Action basic functionality should have correct action ID","status":"passed","title":"should have correct action ID","duration":2.0024739999989833,"failureMessages":[],"meta":{}},{"ancestorTitles":["AGAIN Action","basic functionality"],"fullName":"AGAIN Action basic functionality should define required messages","status":"passed","title":"should define required messages","duration":1.1363130000008823,"failureMessages":[],"meta":{}},{"ancestorTitles":["AGAIN Action","basic functionality"],"fullName":"AGAIN Action basic functionality should be in meta group","status":"passed","title":"should be in meta group","duration":0.1884989999998652,"failureMessages":[],"meta":{}},{"ancestorTitles":["AGAIN Action","execute"],"fullName":"AGAIN Action execute should fail when no command history exists","status":"passed","title":"should fail when no command history exists","duration":1.5959550000006857,"failureMessages":[],"meta":{}},{"ancestorTitles":["AGAIN Action","execute"],"fullName":"AGAIN Action execute should fail when command history is empty","status":"passed","title":"should fail when command history is empty","duration":1.0928449999992154,"failureMessages":[],"meta":{}},{"ancestorTitles":["AGAIN Action","execute"],"fullName":"AGAIN Action execute should repeat TAKING command","status":"passed","title":"should repeat TAKING command","duration":3.6093149999996967,"failureMessages":[],"meta":{}},{"ancestorTitles":["AGAIN Action","execute"],"fullName":"AGAIN Action execute should repeat GOING command","status":"passed","title":"should repeat GOING command","duration":0.9925970000003872,"failureMessages":[],"meta":{}},{"ancestorTitles":["AGAIN Action","execute"],"fullName":"AGAIN Action execute should repeat EXAMINING command","status":"passed","title":"should repeat EXAMINING command","duration":0.6998119999989285,"failureMessages":[],"meta":{}},{"ancestorTitles":["AGAIN Action","execute"],"fullName":"AGAIN Action execute should not repeat AGAIN itself","status":"passed","title":"should not repeat AGAIN itself","duration":1.1493259999988368,"failureMessages":[],"meta":{}},{"ancestorTitles":["AGAIN Action","execute"],"fullName":"AGAIN Action execute should not repeat SAVING command","status":"passed","title":"should not repeat SAVING command","duration":2.0223929999992833,"failureMessages":[],"meta":{}},{"ancestorTitles":["AGAIN Action","execute"],"fullName":"AGAIN Action execute should not repeat RESTORING command","status":"passed","title":"should not repeat RESTORING command","duration":0.8975919999993494,"failureMessages":[],"meta":{}},{"ancestorTitles":["AGAIN Action","execute"],"fullName":"AGAIN Action execute should not repeat QUITTING command","status":"passed","title":"should not repeat QUITTING command","duration":0.8341340000006312,"failureMessages":[],"meta":{}},{"ancestorTitles":["AGAIN Action","execute"],"fullName":"AGAIN Action execute should not repeat RESTARTING command","status":"passed","title":"should not repeat RESTARTING command","duration":0.5849099999995815,"failureMessages":[],"meta":{}},{"ancestorTitles":["AGAIN Action","execute"],"fullName":"AGAIN Action execute should not repeat VERSION command","status":"passed","title":"should not repeat VERSION command","duration":0.4377870000007533,"failureMessages":[],"meta":{}},{"ancestorTitles":["AGAIN Action","execute"],"fullName":"AGAIN Action execute should not repeat VERIFYING command","status":"passed","title":"should not repeat VERIFYING command","duration":0.44108199999936915,"failureMessages":[],"meta":{}},{"ancestorTitles":["AGAIN Action","execute"],"fullName":"AGAIN Action execute should repeat the most recent command when multiple exist","status":"passed","title":"should repeat the most recent command when multiple exist","duration":0.3628769999995711,"failureMessages":[],"meta":{}},{"ancestorTitles":["AGAIN Action","execute"],"fullName":"AGAIN Action execute should handle complex commands with all parts","status":"passed","title":"should handle complex commands with all parts","duration":0.3343380000005709,"failureMessages":[],"meta":{}}],"startTime":1755120924759,"endTime":1755120924777.4412,"status":"passed","message":"","name":"/mnt/c/repotemp/sharpee/packages/stdlib/tests/actions/standard/again.test.ts"},{"assertionResults":[{"ancestorTitles":["attackingAction (Golden Pattern)","Action Metadata"],"fullName":"attackingAction (Golden Pattern) Action Metadata should have correct ID","status":"passed","title":"should have correct ID","duration":2.1128340000004755,"failureMessages":[],"meta":{}},{"ancestorTitles":["attackingAction (Golden Pattern)","Action Metadata"],"fullName":"attackingAction (Golden Pattern) Action Metadata should declare required messages","status":"passed","title":"should declare required messages","duration":8.015985,"failureMessages":[],"meta":{}},{"ancestorTitles":["attackingAction (Golden Pattern)","Action Metadata"],"fullName":"attackingAction (Golden Pattern) Action Metadata should belong to interaction group","status":"passed","title":"should belong to interaction group","duration":0.8208089999998265,"failureMessages":[],"meta":{}},{"ancestorTitles":["attackingAction (Golden Pattern)","Precondition Checks"],"fullName":"attackingAction (Golden Pattern) Precondition Checks should fail when no target specified","status":"passed","title":"should fail when no target specified","duration":4.664231000000655,"failureMessages":[],"meta":{}},{"ancestorTitles":["attackingAction (Golden Pattern)","Precondition Checks"],"fullName":"attackingAction (Golden Pattern) Precondition Checks should fail when target is not visible","status":"skipped","title":"should fail when target is not visible","failureMessages":[],"meta":{}},{"ancestorTitles":["attackingAction (Golden Pattern)","Precondition Checks"],"fullName":"attackingAction (Golden Pattern) Precondition Checks should fail when target is not reachable","status":"skipped","title":"should fail when target is not reachable","failureMessages":[],"meta":{}},{"ancestorTitles":["attackingAction (Golden Pattern)","Precondition Checks"],"fullName":"attackingAction (Golden Pattern) Precondition Checks should prevent attacking self","status":"passed","title":"should prevent attacking self","duration":0.9878670000007332,"failureMessages":[],"meta":{}},{"ancestorTitles":["attackingAction (Golden Pattern)","Precondition Checks"],"fullName":"attackingAction (Golden Pattern) Precondition Checks should require holding weapon","status":"skipped","title":"should require holding weapon","failureMessages":[],"meta":{}},{"ancestorTitles":["attackingAction (Golden Pattern)","Precondition Checks"],"fullName":"attackingAction (Golden Pattern) Precondition Checks should block violence in peaceful games","status":"passed","title":"should block violence in peaceful games","duration":0.6904260000001159,"failureMessages":[],"meta":{}},{"ancestorTitles":["attackingAction (Golden Pattern)","Unarmed Attacks on Actors"],"fullName":"attackingAction (Golden Pattern) Unarmed Attacks on Actors should perform basic unarmed attack","status":"skipped","title":"should perform basic unarmed attack","failureMessages":[],"meta":{}},{"ancestorTitles":["attackingAction (Golden Pattern)","Unarmed Attacks on Actors"],"fullName":"attackingAction (Golden Pattern) Unarmed Attacks on Actors should handle punch verb","status":"skipped","title":"should handle punch verb","failureMessages":[],"meta":{}},{"ancestorTitles":["attackingAction (Golden Pattern)","Unarmed Attacks on Actors"],"fullName":"attackingAction (Golden Pattern) Unarmed Attacks on Actors should handle kick verb","status":"skipped","title":"should handle kick verb","failureMessages":[],"meta":{}},{"ancestorTitles":["attackingAction (Golden Pattern)","Armed Attacks"],"fullName":"attackingAction (Golden Pattern) Armed Attacks should attack with held weapon","status":"skipped","title":"should attack with held weapon","failureMessages":[],"meta":{}},{"ancestorTitles":["attackingAction (Golden Pattern)","Armed Attacks"],"fullName":"attackingAction (Golden Pattern) Armed Attacks should use hit_with for hit verb","status":"skipped","title":"should use hit_with for hit verb","failureMessages":[],"meta":{}},{"ancestorTitles":["attackingAction (Golden Pattern)","Attacking Objects with FRAGILE trait"],"fullName":"attackingAction (Golden Pattern) Attacking Objects with FRAGILE trait should prevent attacking indestructible scenery","status":"skipped","title":"should prevent attacking indestructible scenery","failureMessages":[],"meta":{}},{"ancestorTitles":["attackingAction (Golden Pattern)","Attacking Objects with FRAGILE trait"],"fullName":"attackingAction (Golden Pattern) Attacking Objects with FRAGILE trait should break fragile glass objects","status":"skipped","title":"should break fragile glass objects","failureMessages":[],"meta":{}},{"ancestorTitles":["attackingAction (Golden Pattern)","Attacking Objects with FRAGILE trait"],"fullName":"attackingAction (Golden Pattern) Attacking Objects with FRAGILE trait should use break verb with fragile objects","status":"skipped","title":"should use break verb with fragile objects","failureMessages":[],"meta":{}},{"ancestorTitles":["attackingAction (Golden Pattern)","Attacking Objects with FRAGILE trait"],"fullName":"attackingAction (Golden Pattern) Attacking Objects with FRAGILE trait should handle fragile objects with custom break messages","status":"skipped","title":"should handle fragile objects with custom break messages","failureMessages":[],"meta":{}},{"ancestorTitles":["attackingAction (Golden Pattern)","Attacking Objects with FRAGILE trait"],"fullName":"attackingAction (Golden Pattern) Attacking Objects with FRAGILE trait should handle fragile objects that trigger events when broken","status":"skipped","title":"should handle fragile objects that trigger events when broken","failureMessages":[],"meta":{}},{"ancestorTitles":["attackingAction (Golden Pattern)","Attacking Objects with BREAKABLE trait"],"fullName":"attackingAction (Golden Pattern) Attacking Objects with BREAKABLE trait should reject breaking non-fragile/non-breakable objects","status":"skipped","title":"should reject breaking non-fragile/non-breakable objects","failureMessages":[],"meta":{}},{"ancestorTitles":["attackingAction (Golden Pattern)","Attacking Objects with BREAKABLE trait"],"fullName":"attackingAction (Golden Pattern) Attacking Objects with BREAKABLE trait should require specific tool for breakable objects","status":"skipped","title":"should require specific tool for breakable objects","failureMessages":[],"meta":{}},{"ancestorTitles":["attackingAction (Golden Pattern)","Attacking Objects with BREAKABLE trait"],"fullName":"attackingAction (Golden Pattern) Attacking Objects with BREAKABLE trait should check strength requirements","status":"passed","title":"should check strength requirements","duration":0.5433720000000903,"failureMessages":[],"meta":{}},{"ancestorTitles":["attackingAction (Golden Pattern)","Attacking Objects with BREAKABLE trait"],"fullName":"attackingAction (Golden Pattern) Attacking Objects with BREAKABLE trait should handle partial breaking with multiple hits","status":"skipped","title":"should handle partial breaking with multiple hits","failureMessages":[],"meta":{}},{"ancestorTitles":["attackingAction (Golden Pattern)","Attacking Objects with BREAKABLE trait"],"fullName":"attackingAction (Golden Pattern) Attacking Objects with BREAKABLE trait should break objects after enough hits","status":"skipped","title":"should break objects after enough hits","failureMessages":[],"meta":{}},{"ancestorTitles":["attackingAction (Golden Pattern)","Attacking regular objects"],"fullName":"attackingAction (Golden Pattern) Attacking regular objects should attack non-fragile objects without breaking","status":"skipped","title":"should attack non-fragile objects without breaking","failureMessages":[],"meta":{}},{"ancestorTitles":["attackingAction (Golden Pattern)","NPC Reactions"],"fullName":"attackingAction (Golden Pattern) NPC Reactions should generate random NPC reactions","status":"passed","title":"should generate random NPC reactions","duration":0.7257929999996122,"failureMessages":[],"meta":{}},{"ancestorTitles":["attackingAction (Golden Pattern)","Event Structure Validation"],"fullName":"attackingAction (Golden Pattern) Event Structure Validation should include proper entities in all events","status":"skipped","title":"should include proper entities in all events","failureMessages":[],"meta":{}},{"ancestorTitles":["Testing Pattern Examples for Attacking"],"fullName":"Testing Pattern Examples for Attacking pattern: combat verbs","status":"passed","title":"pattern: combat verbs","duration":0.9245829999999842,"failureMessages":[],"meta":{}},{"ancestorTitles":["Testing Pattern Examples for Attacking"],"fullName":"Testing Pattern Examples for Attacking pattern: fragile materials","status":"passed","title":"pattern: fragile materials","duration":0.636171000000104,"failureMessages":[],"meta":{}},{"ancestorTitles":["Testing Pattern Examples for Attacking"],"fullName":"Testing Pattern Examples for Attacking pattern: destruction verbs","status":"passed","title":"pattern: destruction verbs","duration":0.4980550000000221,"failureMessages":[],"meta":{}},{"ancestorTitles":["Testing Pattern Examples for Attacking"],"fullName":"Testing Pattern Examples for Attacking pattern: NPC reactions","status":"passed","title":"pattern: NPC reactions","duration":0.4253390000003492,"failureMessages":[],"meta":{}},{"ancestorTitles":["Testing Pattern Examples for Attacking"],"fullName":"Testing Pattern Examples for Attacking pattern: peaceful alternatives","status":"passed","title":"pattern: peaceful alternatives","duration":0.35267599999951926,"failureMessages":[],"meta":{}},{"ancestorTitles":["Testing Pattern Examples for Attacking"],"fullName":"Testing Pattern Examples for Attacking pattern: breakable properties","status":"passed","title":"pattern: breakable properties","duration":0.451944999999796,"failureMessages":[],"meta":{}}],"startTime":1755120940194,"endTime":1755120940218.452,"status":"passed","message":"","name":"/mnt/c/repotemp/sharpee/packages/stdlib/tests/unit/actions/attacking-golden.test.ts"},{"assertionResults":[{"ancestorTitles":["climbingAction (Golden Pattern)","Action Metadata"],"fullName":"climbingAction (Golden Pattern) Action Metadata should have correct ID","status":"passed","title":"should have correct ID","duration":2.0127939999983937,"failureMessages":[],"meta":{}},{"ancestorTitles":["climbingAction (Golden Pattern)","Action Metadata"],"fullName":"climbingAction (Golden Pattern) Action Metadata should declare required messages","status":"passed","title":"should declare required messages","duration":2.791263999999501,"failureMessages":[],"meta":{}},{"ancestorTitles":["climbingAction (Golden Pattern)","Action Metadata"],"fullName":"climbingAction (Golden Pattern) Action Metadata should belong to movement group","status":"passed","title":"should belong to movement group","duration":0.3492949999999837,"failureMessages":[],"meta":{}},{"ancestorTitles":["climbingAction (Golden Pattern)","Precondition Checks"],"fullName":"climbingAction (Golden Pattern) Precondition Checks should fail when no target or direction specified","status":"passed","title":"should fail when no target or direction specified","duration":2.858704000000216,"failureMessages":[],"meta":{}},{"ancestorTitles":["climbingAction (Golden Pattern)","Precondition Checks"],"fullName":"climbingAction (Golden Pattern) Precondition Checks should fail when object is not climbable","status":"passed","title":"should fail when object is not climbable","duration":1.5292370000006485,"failureMessages":[],"meta":{}},{"ancestorTitles":["climbingAction (Golden Pattern)","Precondition Checks"],"fullName":"climbingAction (Golden Pattern) Precondition Checks should fail when already on target","status":"passed","title":"should fail when already on target","duration":1.258531999999832,"failureMessages":[],"meta":{}},{"ancestorTitles":["climbingAction (Golden Pattern)","Precondition Checks"],"fullName":"climbingAction (Golden Pattern) Precondition Checks should fail for invalid directions","status":"passed","title":"should fail for invalid directions","duration":1.0673409999999421,"failureMessages":[],"meta":{}},{"ancestorTitles":["climbingAction (Golden Pattern)","Precondition Checks"],"fullName":"climbingAction (Golden Pattern) Precondition Checks should fail when no exit in climb direction","status":"passed","title":"should fail when no exit in climb direction","duration":1.7801569999992353,"failureMessages":[],"meta":{}},{"ancestorTitles":["climbingAction (Golden Pattern)","Precondition Checks"],"fullName":"climbingAction (Golden Pattern) Precondition Checks should fail when not in a room for directional climbing","status":"passed","title":"should fail when not in a room for directional climbing","duration":2.238398999999845,"failureMessages":[],"meta":{}},{"ancestorTitles":["climbingAction (Golden Pattern)","Successful Climbing"],"fullName":"climbingAction (Golden Pattern) Successful Climbing should climb up when exit exists","status":"passed","title":"should climb up when exit exists","duration":2.7613079999991896,"failureMessages":[],"meta":{}},{"ancestorTitles":["climbingAction (Golden Pattern)","Successful Climbing"],"fullName":"climbingAction (Golden Pattern) Successful Climbing should climb down when exit exists","status":"passed","title":"should climb down when exit exists","duration":0.6908000000003085,"failureMessages":[],"meta":{}},{"ancestorTitles":["climbingAction (Golden Pattern)","Successful Climbing"],"fullName":"climbingAction (Golden Pattern) Successful Climbing should climb onto enterable supporter","status":"passed","title":"should climb onto enterable supporter","duration":1.1554309999992256,"failureMessages":[],"meta":{}},{"ancestorTitles":["climbingAction (Golden Pattern)","Successful Climbing"],"fullName":"climbingAction (Golden Pattern) Successful Climbing should climb object with ENTRY trait","status":"passed","title":"should climb object with ENTRY trait","duration":0.7260589999987133,"failureMessages":[],"meta":{}},{"ancestorTitles":["climbingAction (Golden Pattern)","Successful Climbing"],"fullName":"climbingAction (Golden Pattern) Successful Climbing should handle direction normalization","status":"passed","title":"should handle direction normalization","duration":0.3031190000001516,"failureMessages":[],"meta":{}},{"ancestorTitles":["climbingAction (Golden Pattern)","Event Structure Validation"],"fullName":"climbingAction (Golden Pattern) Event Structure Validation should include proper entities in all events","status":"passed","title":"should include proper entities in all events","duration":0.5349810000006983,"failureMessages":[],"meta":{}},{"ancestorTitles":["Testing Pattern Examples for Climbing"],"fullName":"Testing Pattern Examples for Climbing pattern: multi-level climbing","status":"passed","title":"pattern: multi-level climbing","duration":0.4837499999994179,"failureMessages":[],"meta":{}},{"ancestorTitles":["Testing Pattern Examples for Climbing"],"fullName":"Testing Pattern Examples for Climbing pattern: climbable objects vs movement","status":"passed","title":"pattern: climbable objects vs movement","duration":0.3757500000010623,"failureMessages":[],"meta":{}}],"startTime":1755120941743,"endTime":1755120941768.3757,"status":"passed","message":"","name":"/mnt/c/repotemp/sharpee/packages/stdlib/tests/unit/actions/climbing-golden.test.ts"},{"assertionResults":[{"ancestorTitles":["closingAction (Golden Pattern)","Action Metadata"],"fullName":"closingAction (Golden Pattern) Action Metadata should have correct ID","status":"passed","title":"should have correct ID","duration":1.8021719999997003,"failureMessages":[],"meta":{}},{"ancestorTitles":["closingAction (Golden Pattern)","Action Metadata"],"fullName":"closingAction (Golden Pattern) Action Metadata should declare required messages","status":"passed","title":"should declare required messages","duration":1.6042230000002746,"failureMessages":[],"meta":{}},{"ancestorTitles":["closingAction (Golden Pattern)","Action Metadata"],"fullName":"closingAction (Golden Pattern) Action Metadata should belong to container_manipulation group","status":"passed","title":"should belong to container_manipulation group","duration":0.3039010000002236,"failureMessages":[],"meta":{}},{"ancestorTitles":["closingAction (Golden Pattern)","Precondition Checks"],"fullName":"closingAction (Golden Pattern) Precondition Checks should fail when no target specified","status":"passed","title":"should fail when no target specified","duration":9.154202000000623,"failureMessages":[],"meta":{}},{"ancestorTitles":["closingAction (Golden Pattern)","Precondition Checks"],"fullName":"closingAction (Golden Pattern) Precondition Checks should fail when target is not closable","status":"passed","title":"should fail when target is not closable","duration":1.0503459999999905,"failureMessages":[],"meta":{}},{"ancestorTitles":["closingAction (Golden Pattern)","Precondition Checks"],"fullName":"closingAction (Golden Pattern) Precondition Checks should fail when already closed","status":"passed","title":"should fail when already closed","duration":1.5410010000005059,"failureMessages":[],"meta":{}},{"ancestorTitles":["closingAction (Golden Pattern)","Successful Closing"],"fullName":"closingAction (Golden Pattern) Successful Closing should close an open container","status":"passed","title":"should close an open container","duration":1.3162300000003597,"failureMessages":[],"meta":{}},{"ancestorTitles":["closingAction (Golden Pattern)","Successful Closing"],"fullName":"closingAction (Golden Pattern) Successful Closing should include container contents in event","status":"passed","title":"should include container contents in event","duration":1.5585300000002462,"failureMessages":[],"meta":{}},{"ancestorTitles":["closingAction (Golden Pattern)","Successful Closing"],"fullName":"closingAction (Golden Pattern) Successful Closing should handle closing a door","status":"passed","title":"should handle closing a door","duration":0.9651340000000346,"failureMessages":[],"meta":{}},{"ancestorTitles":["closingAction (Golden Pattern)","Special Cases"],"fullName":"closingAction (Golden Pattern) Special Cases should handle close requirements","status":"passed","title":"should handle close requirements","duration":0.7356769999996686,"failureMessages":[],"meta":{}},{"ancestorTitles":["closingAction (Golden Pattern)","Event Structure Validation"],"fullName":"closingAction (Golden Pattern) Event Structure Validation should include proper entities in all events","status":"passed","title":"should include proper entities in all events","duration":0.6284780000005412,"failureMessages":[],"meta":{}},{"ancestorTitles":["Testing Pattern Examples"],"fullName":"Testing Pattern Examples pattern: testing container with various states","status":"passed","title":"pattern: testing container with various states","duration":0.25469499999962864,"failureMessages":[],"meta":{}},{"ancestorTitles":["Testing Pattern Examples"],"fullName":"Testing Pattern Examples pattern: testing close requirements","status":"passed","title":"pattern: testing close requirements","duration":0.2896660000005795,"failureMessages":[],"meta":{}}],"startTime":1755120940096,"endTime":1755120940119.2896,"status":"passed","message":"","name":"/mnt/c/repotemp/sharpee/packages/stdlib/tests/unit/actions/closing-golden.test.ts"},{"assertionResults":[{"ancestorTitles":["drinkingAction (Golden Pattern)","Action Metadata"],"fullName":"drinkingAction (Golden Pattern) Action Metadata should have correct ID","status":"passed","title":"should have correct ID","duration":1.659960000004503,"failureMessages":[],"meta":{}},{"ancestorTitles":["drinkingAction (Golden Pattern)","Action Metadata"],"fullName":"drinkingAction (Golden Pattern) Action Metadata should declare required messages","status":"passed","title":"should declare required messages","duration":1.9644259999986389,"failureMessages":[],"meta":{}},{"ancestorTitles":["drinkingAction (Golden Pattern)","Action Metadata"],"fullName":"drinkingAction (Golden Pattern) Action Metadata should belong to interaction group","status":"passed","title":"should belong to interaction group","duration":0.21768899999733549,"failureMessages":[],"meta":{}},{"ancestorTitles":["drinkingAction (Golden Pattern)","Precondition Checks"],"fullName":"drinkingAction (Golden Pattern) Precondition Checks should fail when no item specified","status":"passed","title":"should fail when no item specified","duration":2.888774999999441,"failureMessages":[],"meta":{}},{"ancestorTitles":["drinkingAction (Golden Pattern)","Precondition Checks"],"fullName":"drinkingAction (Golden Pattern) Precondition Checks should fail when item is not drinkable","status":"passed","title":"should fail when item is not drinkable","duration":4.798583000003418,"failureMessages":[],"meta":{}},{"ancestorTitles":["drinkingAction (Golden Pattern)","Precondition Checks"],"fullName":"drinkingAction (Golden Pattern) Precondition Checks should fail when drink is already consumed","status":"passed","title":"should fail when drink is already consumed","duration":0.8999230000044918,"failureMessages":[],"meta":{}},{"ancestorTitles":["drinkingAction (Golden Pattern)","Precondition Checks"],"fullName":"drinkingAction (Golden Pattern) Precondition Checks should fail when container is closed","status":"passed","title":"should fail when container is closed","duration":0.7834819999989122,"failureMessages":[],"meta":{}},{"ancestorTitles":["drinkingAction (Golden Pattern)","Successful Drinking"],"fullName":"drinkingAction (Golden Pattern) Successful Drinking should drink item from inventory","status":"passed","title":"should drink item from inventory","duration":2.066621000005398,"failureMessages":[],"meta":{}},{"ancestorTitles":["drinkingAction (Golden Pattern)","Successful Drinking"],"fullName":"drinkingAction (Golden Pattern) Successful Drinking should implicitly take and drink item from room","status":"passed","title":"should implicitly take and drink item from room","duration":1.1343589999960386,"failureMessages":[],"meta":{}},{"ancestorTitles":["drinkingAction (Golden Pattern)","Successful Drinking"],"fullName":"drinkingAction (Golden Pattern) Successful Drinking should handle drink with portions","status":"passed","title":"should handle drink with portions","duration":0.6859089999998105,"failureMessages":[],"meta":{}},{"ancestorTitles":["drinkingAction (Golden Pattern)","Successful Drinking"],"fullName":"drinkingAction (Golden Pattern) Successful Drinking should handle drinking last portion","status":"passed","title":"should handle drinking last portion","duration":0.5029819999981555,"failureMessages":[],"meta":{}},{"ancestorTitles":["drinkingAction (Golden Pattern)","Successful Drinking"],"fullName":"drinkingAction (Golden Pattern) Successful Drinking should handle refreshing drink","status":"passed","title":"should handle refreshing drink","duration":0.6538650000002235,"failureMessages":[],"meta":{}},{"ancestorTitles":["drinkingAction (Golden Pattern)","Successful Drinking"],"fullName":"drinkingAction (Golden Pattern) Successful Drinking should handle bitter drink","status":"passed","title":"should handle bitter drink","duration":0.5024859999975888,"failureMessages":[],"meta":{}},{"ancestorTitles":["drinkingAction (Golden Pattern)","Successful Drinking"],"fullName":"drinkingAction (Golden Pattern) Successful Drinking should handle sweet drink","status":"passed","title":"should handle sweet drink","duration":0.38552099999651546,"failureMessages":[],"meta":{}},{"ancestorTitles":["drinkingAction (Golden Pattern)","Successful Drinking"],"fullName":"drinkingAction (Golden Pattern) Successful Drinking should handle strong/alcoholic drink","status":"passed","title":"should handle strong/alcoholic drink","duration":0.4073190000053728,"failureMessages":[],"meta":{}},{"ancestorTitles":["drinkingAction (Golden Pattern)","Successful Drinking"],"fullName":"drinkingAction (Golden Pattern) Successful Drinking should handle magical drink","status":"passed","title":"should handle magical drink","duration":0.8185460000022431,"failureMessages":[],"meta":{}},{"ancestorTitles":["drinkingAction (Golden Pattern)","Successful Drinking"],"fullName":"drinkingAction (Golden Pattern) Successful Drinking should handle healing drink","status":"passed","title":"should handle healing drink","duration":0.4199619999999413,"failureMessages":[],"meta":{}},{"ancestorTitles":["drinkingAction (Golden Pattern)","Successful Drinking"],"fullName":"drinkingAction (Golden Pattern) Successful Drinking should handle thirst-quenching drink","status":"passed","title":"should handle thirst-quenching drink","duration":0.342253000002529,"failureMessages":[],"meta":{}},{"ancestorTitles":["drinkingAction (Golden Pattern)","Successful Drinking"],"fullName":"drinkingAction (Golden Pattern) Successful Drinking should handle non-thirst-quenching drink","status":"passed","title":"should handle non-thirst-quenching drink","duration":0.28470999999990454,"failureMessages":[],"meta":{}},{"ancestorTitles":["drinkingAction (Golden Pattern)","Successful Drinking"],"fullName":"drinkingAction (Golden Pattern) Successful Drinking should handle drinking from container","status":"passed","title":"should handle drinking from container","duration":0.4268190000002505,"failureMessages":[],"meta":{}},{"ancestorTitles":["drinkingAction (Golden Pattern)","Successful Drinking"],"fullName":"drinkingAction (Golden Pattern) Successful Drinking should handle emptying container","status":"passed","title":"should handle emptying container","duration":0.9896220000009635,"failureMessages":[],"meta":{}},{"ancestorTitles":["drinkingAction (Golden Pattern)","Successful Drinking"],"fullName":"drinkingAction (Golden Pattern) Successful Drinking should handle container without tracked amount","status":"passed","title":"should handle container without tracked amount","duration":0.3879979999983334,"failureMessages":[],"meta":{}},{"ancestorTitles":["drinkingAction (Golden Pattern)","Successful Drinking"],"fullName":"drinkingAction (Golden Pattern) Successful Drinking should handle drink with nutrition value","status":"passed","title":"should handle drink with nutrition value","duration":0.32238199999846984,"failureMessages":[],"meta":{}},{"ancestorTitles":["drinkingAction (Golden Pattern)","Verb Variations"],"fullName":"drinkingAction (Golden Pattern) Verb Variations should handle sip verb","status":"passed","title":"should handle sip verb","duration":8.133934000004956,"failureMessages":[],"meta":{}},{"ancestorTitles":["drinkingAction (Golden Pattern)","Verb Variations"],"fullName":"drinkingAction (Golden Pattern) Verb Variations should handle quaff verb","status":"passed","title":"should handle quaff verb","duration":0.8213620000024093,"failureMessages":[],"meta":{}},{"ancestorTitles":["drinkingAction (Golden Pattern)","Verb Variations"],"fullName":"drinkingAction (Golden Pattern) Verb Variations should handle swallow/gulp verb","status":"passed","title":"should handle swallow/gulp verb","duration":1.5787599999966915,"failureMessages":[],"meta":{}},{"ancestorTitles":["drinkingAction (Golden Pattern)","Event Structure Validation"],"fullName":"drinkingAction (Golden Pattern) Event Structure Validation should include proper entities in all events","status":"passed","title":"should include proper entities in all events","duration":0.6409290000010515,"failureMessages":[],"meta":{}},{"ancestorTitles":["Testing Pattern Examples for Drinking"],"fullName":"Testing Pattern Examples for Drinking pattern: complex beverage system with multiple properties","status":"passed","title":"pattern: complex beverage system with multiple properties","duration":0.6301309999980731,"failureMessages":[],"meta":{}},{"ancestorTitles":["Testing Pattern Examples for Drinking"],"fullName":"Testing Pattern Examples for Drinking pattern: container liquid system","status":"passed","title":"pattern: container liquid system","duration":0.6992989999998827,"failureMessages":[],"meta":{}},{"ancestorTitles":["Testing Pattern Examples for Drinking"],"fullName":"Testing Pattern Examples for Drinking pattern: drink effects spectrum","status":"passed","title":"pattern: drink effects spectrum","duration":0.5529910000041127,"failureMessages":[],"meta":{}},{"ancestorTitles":["Testing Pattern Examples for Drinking"],"fullName":"Testing Pattern Examples for Drinking pattern: beverage taste spectrum","status":"passed","title":"pattern: beverage taste spectrum","duration":1.4014920000045095,"failureMessages":[],"meta":{}}],"startTime":1755120914847,"endTime":1755120914886.4016,"status":"passed","message":"","name":"/mnt/c/repotemp/sharpee/packages/stdlib/tests/unit/actions/drinking-golden.test.ts"},{"assertionResults":[{"ancestorTitles":["droppingAction (Golden Pattern)","Action Metadata"],"fullName":"droppingAction (Golden Pattern) Action Metadata should have correct ID","status":"passed","title":"should have correct ID","duration":1.0050370000008115,"failureMessages":[],"meta":{}},{"ancestorTitles":["droppingAction (Golden Pattern)","Action Metadata"],"fullName":"droppingAction (Golden Pattern) Action Metadata should declare required messages","status":"passed","title":"should declare required messages","duration":1.0022970000009082,"failureMessages":[],"meta":{}},{"ancestorTitles":["droppingAction (Golden Pattern)","Action Metadata"],"fullName":"droppingAction (Golden Pattern) Action Metadata should belong to object_manipulation group","status":"passed","title":"should belong to object_manipulation group","duration":0.08943099999851256,"failureMessages":[],"meta":{}},{"ancestorTitles":["droppingAction (Golden Pattern)","Precondition Checks"],"fullName":"droppingAction (Golden Pattern) Precondition Checks should fail when no target specified","status":"passed","title":"should fail when no target specified","duration":1.6077729999997246,"failureMessages":[],"meta":{}},{"ancestorTitles":["droppingAction (Golden Pattern)","Precondition Checks"],"fullName":"droppingAction (Golden Pattern) Precondition Checks should fail when not holding the item","status":"passed","title":"should fail when not holding the item","duration":0.46011600000019826,"failureMessages":[],"meta":{}},{"ancestorTitles":["droppingAction (Golden Pattern)","Precondition Checks"],"fullName":"droppingAction (Golden Pattern) Precondition Checks should fail when item is still worn","status":"passed","title":"should fail when item is still worn","duration":0.38278600000012375,"failureMessages":[],"meta":{}},{"ancestorTitles":["droppingAction (Golden Pattern)","Container Checks"],"fullName":"droppingAction (Golden Pattern) Container Checks should allow dropping inside a closed container","status":"skipped","title":"should allow dropping inside a closed container","failureMessages":[],"meta":{}},{"ancestorTitles":["droppingAction (Golden Pattern)","Container Checks"],"fullName":"droppingAction (Golden Pattern) Container Checks should fail when container is full","status":"passed","title":"should fail when container is full","duration":0.6169049999989511,"failureMessages":[],"meta":{}},{"ancestorTitles":["droppingAction (Golden Pattern)","Successful Dropping"],"fullName":"droppingAction (Golden Pattern) Successful Dropping should drop item in room","status":"passed","title":"should drop item in room","duration":0.5557349999999133,"failureMessages":[],"meta":{}},{"ancestorTitles":["droppingAction (Golden Pattern)","Successful Dropping"],"fullName":"droppingAction (Golden Pattern) Successful Dropping should drop item in open container","status":"passed","title":"should drop item in open container","duration":0.4825970000001689,"failureMessages":[],"meta":{}},{"ancestorTitles":["droppingAction (Golden Pattern)","Successful Dropping"],"fullName":"droppingAction (Golden Pattern) Successful Dropping should drop item on supporter","status":"passed","title":"should drop item on supporter","duration":0.37898800000039046,"failureMessages":[],"meta":{}},{"ancestorTitles":["droppingAction (Golden Pattern)","Message Variations"],"fullName":"droppingAction (Golden Pattern) Message Variations should use careful message for glass items","status":"passed","title":"should use careful message for glass items","duration":0.18785199999911129,"failureMessages":[],"meta":{}},{"ancestorTitles":["droppingAction (Golden Pattern)","Message Variations"],"fullName":"droppingAction (Golden Pattern) Message Variations should use careless message for discard verb","status":"passed","title":"should use careless message for discard verb","duration":0.27166200000101526,"failureMessages":[],"meta":{}},{"ancestorTitles":["droppingAction (Golden Pattern)","Event Structure Validation"],"fullName":"droppingAction (Golden Pattern) Event Structure Validation should include proper entities in all events","status":"passed","title":"should include proper entities in all events","duration":0.3495810000003985,"failureMessages":[],"meta":{}},{"ancestorTitles":["Dropping Action Edge Cases"],"fullName":"Dropping Action Edge Cases should handle dropping in container without capacity limits","status":"passed","title":"should handle dropping in container without capacity limits","duration":1.0746409999992466,"failureMessages":[],"meta":{}},{"ancestorTitles":["Dropping Action Edge Cases"],"fullName":"Dropping Action Edge Cases should handle dropping worn item that is not actually worn","status":"passed","title":"should handle dropping worn item that is not actually worn","duration":0.3480939999990369,"failureMessages":[],"meta":{}},{"ancestorTitles":["Dropping Action Edge Cases"],"fullName":"Dropping Action Edge Cases should handle edge case of player dropping item while not in a room","status":"skipped","title":"should handle edge case of player dropping item while not in a room","failureMessages":[],"meta":{}}],"startTime":1755120935720,"endTime":1755120935729.3481,"status":"passed","message":"","name":"/mnt/c/repotemp/sharpee/packages/stdlib/tests/unit/actions/dropping-golden.test.ts"},{"assertionResults":[{"ancestorTitles":["eatingAction (Golden Pattern)","Action Metadata"],"fullName":"eatingAction (Golden Pattern) Action Metadata should have correct ID","status":"passed","title":"should have correct ID","duration":2.2214380000004894,"failureMessages":[],"meta":{}},{"ancestorTitles":["eatingAction (Golden Pattern)","Action Metadata"],"fullName":"eatingAction (Golden Pattern) Action Metadata should declare required messages","status":"passed","title":"should declare required messages","duration":2.562054000001808,"failureMessages":[],"meta":{}},{"ancestorTitles":["eatingAction (Golden Pattern)","Action Metadata"],"fullName":"eatingAction (Golden Pattern) Action Metadata should belong to interaction group","status":"passed","title":"should belong to interaction group","duration":0.16338099999848055,"failureMessages":[],"meta":{}},{"ancestorTitles":["eatingAction (Golden Pattern)","Precondition Checks"],"fullName":"eatingAction (Golden Pattern) Precondition Checks should fail when no item specified","status":"passed","title":"should fail when no item specified","duration":3.0474519999988843,"failureMessages":[],"meta":{}},{"ancestorTitles":["eatingAction (Golden Pattern)","Precondition Checks"],"fullName":"eatingAction (Golden Pattern) Precondition Checks should fail when item is not edible","status":"passed","title":"should fail when item is not edible","duration":1.0412870000000112,"failureMessages":[],"meta":{}},{"ancestorTitles":["eatingAction (Golden Pattern)","Precondition Checks"],"fullName":"eatingAction (Golden Pattern) Precondition Checks should fail when item is a drink","status":"passed","title":"should fail when item is a drink","duration":0.8458620000019437,"failureMessages":[],"meta":{}},{"ancestorTitles":["eatingAction (Golden Pattern)","Precondition Checks"],"fullName":"eatingAction (Golden Pattern) Precondition Checks should fail when item is already consumed","status":"passed","title":"should fail when item is already consumed","duration":0.8226040000008652,"failureMessages":[],"meta":{}},{"ancestorTitles":["eatingAction (Golden Pattern)","Successful Eating"],"fullName":"eatingAction (Golden Pattern) Successful Eating should eat item from inventory","status":"passed","title":"should eat item from inventory","duration":2.213503999999375,"failureMessages":[],"meta":{}},{"ancestorTitles":["eatingAction (Golden Pattern)","Successful Eating"],"fullName":"eatingAction (Golden Pattern) Successful Eating should implicitly take and eat item from room","status":"passed","title":"should implicitly take and eat item from room","duration":1.231842000001052,"failureMessages":[],"meta":{}},{"ancestorTitles":["eatingAction (Golden Pattern)","Successful Eating"],"fullName":"eatingAction (Golden Pattern) Successful Eating should handle food with portions","status":"passed","title":"should handle food with portions","duration":0.7011149999962072,"failureMessages":[],"meta":{}},{"ancestorTitles":["eatingAction (Golden Pattern)","Successful Eating"],"fullName":"eatingAction (Golden Pattern) Successful Eating should handle eating last portion","status":"passed","title":"should handle eating last portion","duration":0.6541210000068531,"failureMessages":[],"meta":{}},{"ancestorTitles":["eatingAction (Golden Pattern)","Successful Eating"],"fullName":"eatingAction (Golden Pattern) Successful Eating should handle delicious food","status":"passed","title":"should handle delicious food","duration":1.2501629999969737,"failureMessages":[],"meta":{}},{"ancestorTitles":["eatingAction (Golden Pattern)","Successful Eating"],"fullName":"eatingAction (Golden Pattern) Successful Eating should handle tasty food","status":"passed","title":"should handle tasty food","duration":0.49758299999666633,"failureMessages":[],"meta":{}},{"ancestorTitles":["eatingAction (Golden Pattern)","Successful Eating"],"fullName":"eatingAction (Golden Pattern) Successful Eating should handle bland food","status":"passed","title":"should handle bland food","duration":0.4179870000007213,"failureMessages":[],"meta":{}},{"ancestorTitles":["eatingAction (Golden Pattern)","Successful Eating"],"fullName":"eatingAction (Golden Pattern) Successful Eating should handle awful food","status":"passed","title":"should handle awful food","duration":0.4549699999988661,"failureMessages":[],"meta":{}},{"ancestorTitles":["eatingAction (Golden Pattern)","Successful Eating"],"fullName":"eatingAction (Golden Pattern) Successful Eating should handle poisonous food","status":"passed","title":"should handle poisonous food","duration":0.6107670000055805,"failureMessages":[],"meta":{}},{"ancestorTitles":["eatingAction (Golden Pattern)","Successful Eating"],"fullName":"eatingAction (Golden Pattern) Successful Eating should handle filling food","status":"passed","title":"should handle filling food","duration":0.4613889999964158,"failureMessages":[],"meta":{}},{"ancestorTitles":["eatingAction (Golden Pattern)","Successful Eating"],"fullName":"eatingAction (Golden Pattern) Successful Eating should handle non-filling food","status":"passed","title":"should handle non-filling food","duration":0.5010009999969043,"failureMessages":[],"meta":{}},{"ancestorTitles":["eatingAction (Golden Pattern)","Successful Eating"],"fullName":"eatingAction (Golden Pattern) Successful Eating should handle food with nutrition value","status":"passed","title":"should handle food with nutrition value","duration":4.301161000003049,"failureMessages":[],"meta":{}},{"ancestorTitles":["eatingAction (Golden Pattern)","Verb Variations"],"fullName":"eatingAction (Golden Pattern) Verb Variations should handle nibble verb","status":"passed","title":"should handle nibble verb","duration":0.5754830000005313,"failureMessages":[],"meta":{}},{"ancestorTitles":["eatingAction (Golden Pattern)","Verb Variations"],"fullName":"eatingAction (Golden Pattern) Verb Variations should handle taste verb","status":"passed","title":"should handle taste verb","duration":0.3439529999959632,"failureMessages":[],"meta":{}},{"ancestorTitles":["eatingAction (Golden Pattern)","Verb Variations"],"fullName":"eatingAction (Golden Pattern) Verb Variations should handle devour verb","status":"passed","title":"should handle devour verb","duration":0.4704690000071423,"failureMessages":[],"meta":{}},{"ancestorTitles":["eatingAction (Golden Pattern)","Verb Variations"],"fullName":"eatingAction (Golden Pattern) Verb Variations should handle munch verb","status":"passed","title":"should handle munch verb","duration":0.35642099999677157,"failureMessages":[],"meta":{}},{"ancestorTitles":["eatingAction (Golden Pattern)","Event Structure Validation"],"fullName":"eatingAction (Golden Pattern) Event Structure Validation should include proper entities in all events","status":"passed","title":"should include proper entities in all events","duration":0.5493629999982659,"failureMessages":[],"meta":{}},{"ancestorTitles":["Testing Pattern Examples for Eating"],"fullName":"Testing Pattern Examples for Eating pattern: complex food system with multiple properties","status":"passed","title":"pattern: complex food system with multiple properties","duration":0.511819999999716,"failureMessages":[],"meta":{}},{"ancestorTitles":["Testing Pattern Examples for Eating"],"fullName":"Testing Pattern Examples for Eating pattern: food with special effects","status":"passed","title":"pattern: food with special effects","duration":0.3978629999983241,"failureMessages":[],"meta":{}},{"ancestorTitles":["Testing Pattern Examples for Eating"],"fullName":"Testing Pattern Examples for Eating pattern: food quality spectrum","status":"passed","title":"pattern: food quality spectrum","duration":0.33857699999498436,"failureMessages":[],"meta":{}},{"ancestorTitles":["Testing Pattern Examples for Eating"],"fullName":"Testing Pattern Examples for Eating pattern: multi-portion foods","status":"passed","title":"pattern: multi-portion foods","duration":0.31988100000307895,"failureMessages":[],"meta":{}}],"startTime":1755120914842,"endTime":1755120914872.3386,"status":"passed","message":"","name":"/mnt/c/repotemp/sharpee/packages/stdlib/tests/unit/actions/eating-golden.test.ts"},{"assertionResults":[{"ancestorTitles":["enteringAction (Golden Pattern)","Action Metadata"],"fullName":"enteringAction (Golden Pattern) Action Metadata should have correct ID","status":"passed","title":"should have correct ID","duration":1.704501000000164,"failureMessages":[],"meta":{}},{"ancestorTitles":["enteringAction (Golden Pattern)","Action Metadata"],"fullName":"enteringAction (Golden Pattern) Action Metadata should declare required messages","status":"passed","title":"should declare required messages","duration":1.8245000000024447,"failureMessages":[],"meta":{}},{"ancestorTitles":["enteringAction (Golden Pattern)","Action Metadata"],"fullName":"enteringAction (Golden Pattern) Action Metadata should belong to movement group","status":"passed","title":"should belong to movement group","duration":0.22555199999624165,"failureMessages":[],"meta":{}},{"ancestorTitles":["enteringAction (Golden Pattern)","Precondition Checks"],"fullName":"enteringAction (Golden Pattern) Precondition Checks should fail when no target specified","status":"passed","title":"should fail when no target specified","duration":3.1119830000025104,"failureMessages":[],"meta":{}},{"ancestorTitles":["enteringAction (Golden Pattern)","Precondition Checks"],"fullName":"enteringAction (Golden Pattern) Precondition Checks should fail when target is not enterable","status":"passed","title":"should fail when target is not enterable","duration":0.7913810000027297,"failureMessages":[],"meta":{}},{"ancestorTitles":["enteringAction (Golden Pattern)","Precondition Checks"],"fullName":"enteringAction (Golden Pattern) Precondition Checks should fail when already inside target","status":"skipped","title":"should fail when already inside target","failureMessages":[],"meta":{}},{"ancestorTitles":["enteringAction (Golden Pattern)","Precondition Checks"],"fullName":"enteringAction (Golden Pattern) Precondition Checks should fail when entry is blocked","status":"passed","title":"should fail when entry is blocked","duration":0.9078470000022207,"failureMessages":[],"meta":{}},{"ancestorTitles":["enteringAction (Golden Pattern)","Precondition Checks"],"fullName":"enteringAction (Golden Pattern) Precondition Checks should fail when container is closed","status":"passed","title":"should fail when container is closed","duration":2.218069000002288,"failureMessages":[],"meta":{}},{"ancestorTitles":["enteringAction (Golden Pattern)","Precondition Checks"],"fullName":"enteringAction (Golden Pattern) Precondition Checks should fail when at maximum occupancy","status":"passed","title":"should fail when at maximum occupancy","duration":1.4452630000014324,"failureMessages":[],"meta":{}},{"ancestorTitles":["enteringAction (Golden Pattern)","Successful Entry"],"fullName":"enteringAction (Golden Pattern) Successful Entry should enter object with ENTRY trait","status":"passed","title":"should enter object with ENTRY trait","duration":1.375899999999092,"failureMessages":[],"meta":{}},{"ancestorTitles":["enteringAction (Golden Pattern)","Successful Entry"],"fullName":"enteringAction (Golden Pattern) Successful Entry should enter enterable container","status":"passed","title":"should enter enterable container","duration":1.908540999997058,"failureMessages":[],"meta":{}},{"ancestorTitles":["enteringAction (Golden Pattern)","Successful Entry"],"fullName":"enteringAction (Golden Pattern) Successful Entry should enter enterable supporter","status":"passed","title":"should enter enterable supporter","duration":0.8390169999984209,"failureMessages":[],"meta":{}},{"ancestorTitles":["enteringAction (Golden Pattern)","Successful Entry"],"fullName":"enteringAction (Golden Pattern) Successful Entry should check occupancy for containers with actors","status":"passed","title":"should check occupancy for containers with actors","duration":1.0783809999993537,"failureMessages":[],"meta":{}},{"ancestorTitles":["enteringAction (Golden Pattern)","Successful Entry"],"fullName":"enteringAction (Golden Pattern) Successful Entry should handle custom prepositions","status":"passed","title":"should handle custom prepositions","duration":0.5415439999997034,"failureMessages":[],"meta":{}},{"ancestorTitles":["enteringAction (Golden Pattern)","Event Structure Validation"],"fullName":"enteringAction (Golden Pattern) Event Structure Validation should include proper entities in all events","status":"passed","title":"should include proper entities in all events","duration":1.7936310000004596,"failureMessages":[],"meta":{}},{"ancestorTitles":["Testing Pattern Examples for Entering"],"fullName":"Testing Pattern Examples for Entering pattern: complex entry scenarios","status":"passed","title":"pattern: complex entry scenarios","duration":0.513290999995661,"failureMessages":[],"meta":{}},{"ancestorTitles":["Testing Pattern Examples for Entering"],"fullName":"Testing Pattern Examples for Entering pattern: testing occupancy management","status":"passed","title":"pattern: testing occupancy management","duration":0.4354959999982384,"failureMessages":[],"meta":{}}],"startTime":1755120914838,"endTime":1755120914860.4355,"status":"passed","message":"","name":"/mnt/c/repotemp/sharpee/packages/stdlib/tests/unit/actions/entering-golden.test.ts"},{"assertionResults":[{"ancestorTitles":["examiningAction (Golden Pattern)","Action Metadata"],"fullName":"examiningAction (Golden Pattern) Action Metadata should have correct ID","status":"passed","title":"should have correct ID","duration":1.120284000000538,"failureMessages":[],"meta":{}},{"ancestorTitles":["examiningAction (Golden Pattern)","Action Metadata"],"fullName":"examiningAction (Golden Pattern) Action Metadata should declare required messages","status":"passed","title":"should declare required messages","duration":1.6347850000001927,"failureMessages":[],"meta":{}},{"ancestorTitles":["examiningAction (Golden Pattern)","Action Metadata"],"fullName":"examiningAction (Golden Pattern) Action Metadata should belong to observation group","status":"passed","title":"should belong to observation group","duration":0.1522819999991043,"failureMessages":[],"meta":{}},{"ancestorTitles":["examiningAction (Golden Pattern)","Precondition Checks"],"fullName":"examiningAction (Golden Pattern) Precondition Checks should fail when no target specified"
[...]
eResolver","Basic Visibility"],"fullName":"StandardScopeResolver Basic Visibility should see objects in same room","status":"passed","title":"should see objects in same room","duration":4.092774999999165,"failureMessages":[],"meta":{}},{"ancestorTitles":["StandardScopeResolver","Basic Visibility"],"fullName":"StandardScopeResolver Basic Visibility should not see objects in different room","status":"passed","title":"should not see objects in different room","duration":1.5585869999995339,"failureMessages":[],"meta":{}},{"ancestorTitles":["StandardScopeResolver","Basic Visibility"],"fullName":"StandardScopeResolver Basic Visibility should see carried items","status":"passed","title":"should see carried items","duration":2.4370179999996253,"failureMessages":[],"meta":{}},{"ancestorTitles":["StandardScopeResolver","Container Visibility"],"fullName":"StandardScopeResolver Container Visibility should see objects in open containers","status":"passed","title":"should see objects in open containers","duration":0.7092300000003888,"failureMessages":[],"meta":{}},{"ancestorTitles":["StandardScopeResolver","Container Visibility"],"fullName":"StandardScopeResolver Container Visibility should not see objects in closed containers","status":"passed","title":"should not see objects in closed containers","duration":0.8940419999998994,"failureMessages":[],"meta":{}},{"ancestorTitles":["StandardScopeResolver","Container Visibility"],"fullName":"StandardScopeResolver Container Visibility should see nested containers when open","status":"passed","title":"should see nested containers when open","duration":0.5189609999997629,"failureMessages":[],"meta":{}},{"ancestorTitles":["StandardScopeResolver","Container Visibility"],"fullName":"StandardScopeResolver Container Visibility should not see through any closed container in hierarchy","status":"passed","title":"should not see through any closed container in hierarchy","duration":0.37076600000000326,"failureMessages":[],"meta":{}},{"ancestorTitles":["StandardScopeResolver","Supporter Visibility"],"fullName":"StandardScopeResolver Supporter Visibility should see objects on supporters","status":"passed","title":"should see objects on supporters","duration":0.3272960000003877,"failureMessages":[],"meta":{}},{"ancestorTitles":["StandardScopeResolver","Supporter Visibility"],"fullName":"StandardScopeResolver Supporter Visibility should see objects on nested supporters","status":"passed","title":"should see objects on nested supporters","duration":0.4585580000002665,"failureMessages":[],"meta":{}},{"ancestorTitles":["StandardScopeResolver","Reachability"],"fullName":"StandardScopeResolver Reachability should reach objects in same location","status":"passed","title":"should reach objects in same location","duration":0.2913640000006126,"failureMessages":[],"meta":{}},{"ancestorTitles":["StandardScopeResolver","Reachability"],"fullName":"StandardScopeResolver Reachability should reach objects on supporters","status":"passed","title":"should reach objects on supporters","duration":0.20326600000043982,"failureMessages":[],"meta":{}},{"ancestorTitles":["StandardScopeResolver","Reachability"],"fullName":"StandardScopeResolver Reachability should reach objects in open containers","status":"passed","title":"should reach objects in open containers","duration":0.17375600000013947,"failureMessages":[],"meta":{}},{"ancestorTitles":["StandardScopeResolver","Reachability"],"fullName":"StandardScopeResolver Reachability should not reach objects in closed containers","status":"passed","title":"should not reach objects in closed containers","duration":0.14182900000014342,"failureMessages":[],"meta":{}},{"ancestorTitles":["StandardScopeResolver","Reachability"],"fullName":"StandardScopeResolver Reachability should not reach high objects","status":"passed","title":"should not reach high objects","duration":0.07662800000071002,"failureMessages":[],"meta":{}},{"ancestorTitles":["StandardScopeResolver","getVisible and getReachable"],"fullName":"StandardScopeResolver getVisible and getReachable should return all visible entities","status":"passed","title":"should return all visible entities","duration":1.6966650000003938,"failureMessages":[],"meta":{}},{"ancestorTitles":["StandardScopeResolver","getVisible and getReachable"],"fullName":"StandardScopeResolver getVisible and getReachable should return only reachable entities","status":"passed","title":"should return only reachable entities","duration":0.9163619999999355,"failureMessages":[],"meta":{}},{"ancestorTitles":["StandardScopeResolver","Edge Cases"],"fullName":"StandardScopeResolver Edge Cases should handle entities with no location","status":"passed","title":"should handle entities with no location","duration":0.25998299999992014,"failureMessages":[],"meta":{}},{"ancestorTitles":["StandardScopeResolver","Edge Cases"],"fullName":"StandardScopeResolver Edge Cases should handle circular containment gracefully","status":"passed","title":"should handle circular containment gracefully","duration":0.15529200000037235,"failureMessages":[],"meta":{}}],"startTime":1755120949253,"endTime":1755120949270.26,"status":"passed","message":"","name":"/mnt/c/repotemp/sharpee/packages/stdlib/tests/unit/scope/scope-resolver.test.ts"},{"assertionResults":[{"ancestorTitles":["Sensory Extensions","Hearing"],"fullName":"Sensory Extensions Hearing should hear entities in same room","status":"passed","title":"should hear entities in same room","duration":3.142243000000235,"failureMessages":[],"meta":{}},{"ancestorTitles":["Sensory Extensions","Hearing"],"fullName":"Sensory Extensions Hearing should hear through open doors","status":"passed","title":"should hear through open doors","duration":0.8238549999996394,"failureMessages":[],"meta":{}},{"ancestorTitles":["Sensory Extensions","Hearing"],"fullName":"Sensory Extensions Hearing should hear through closed doors (muffled)","status":"passed","title":"should hear through closed doors (muffled)","duration":0.3802740000000995,"failureMessages":[],"meta":{}},{"ancestorTitles":["Sensory Extensions","Hearing"],"fullName":"Sensory Extensions Hearing should not hear in unconnected rooms","status":"passed","title":"should not hear in unconnected rooms","duration":0.5278289999996559,"failureMessages":[],"meta":{}},{"ancestorTitles":["Sensory Extensions","Hearing"],"fullName":"Sensory Extensions Hearing should get all audible entities","status":"passed","title":"should get all audible entities","duration":2.0798039999999673,"failureMessages":[],"meta":{}},{"ancestorTitles":["Sensory Extensions","Smell"],"fullName":"Sensory Extensions Smell should smell food items in same room","status":"passed","title":"should smell food items in same room","duration":0.852484000000004,"failureMessages":[],"meta":{}},{"ancestorTitles":["Sensory Extensions","Smell"],"fullName":"Sensory Extensions Smell should smell actors in same room","status":"passed","title":"should smell actors in same room","duration":0.5074009999998452,"failureMessages":[],"meta":{}},{"ancestorTitles":["Sensory Extensions","Smell"],"fullName":"Sensory Extensions Smell should smell through open doors","status":"passed","title":"should smell through open doors","duration":1.7438019999999597,"failureMessages":[],"meta":{}},{"ancestorTitles":["Sensory Extensions","Smell"],"fullName":"Sensory Extensions Smell should not smell through closed doors","status":"passed","title":"should not smell through closed doors","duration":2.786608999999771,"failureMessages":[],"meta":{}},{"ancestorTitles":["Sensory Extensions","Smell"],"fullName":"Sensory Extensions Smell should not smell non-scented items","status":"passed","title":"should not smell non-scented items","duration":0.8949519999996483,"failureMessages":[],"meta":{}},{"ancestorTitles":["Sensory Extensions","Darkness"],"fullName":"Sensory Extensions Darkness should not see in dark rooms without light","status":"passed","title":"should not see in dark rooms without light","duration":1.0030380000007426,"failureMessages":[],"meta":{}},{"ancestorTitles":["Sensory Extensions","Darkness"],"fullName":"Sensory Extensions Darkness should see in dark rooms with carried light source","status":"passed","title":"should see in dark rooms with carried light source","duration":0.500676999999996,"failureMessages":[],"meta":{}},{"ancestorTitles":["Sensory Extensions","Darkness"],"fullName":"Sensory Extensions Darkness should see if actor itself provides light","status":"passed","title":"should see if actor itself provides light","duration":0.2111480000003212,"failureMessages":[],"meta":{}},{"ancestorTitles":["Sensory Extensions","Darkness"],"fullName":"Sensory Extensions Darkness should see in lit rooms","status":"passed","title":"should see in lit rooms","duration":0.1595740000002479,"failureMessages":[],"meta":{}}],"startTime":1755120949378,"endTime":1755120949395.2112,"status":"passed","message":"","name":"/mnt/c/repotemp/sharpee/packages/stdlib/tests/unit/scope/sensory-extensions.test.ts"},{"assertionResults":[{"ancestorTitles":["StandardWitnessSystem","Basic Witnessing"],"fullName":"StandardWitnessSystem Basic Witnessing should record witnesses for movement in same room","status":"passed","title":"should record witnesses for movement in same room","duration":5.405805999999757,"failureMessages":[],"meta":{}},{"ancestorTitles":["StandardWitnessSystem","Basic Witnessing"],"fullName":"StandardWitnessSystem Basic Witnessing should not record actor as witness of their own action","status":"passed","title":"should not record actor as witness of their own action","duration":1.0299480000003314,"failureMessages":[],"meta":{}},{"ancestorTitles":["StandardWitnessSystem","Basic Witnessing"],"fullName":"StandardWitnessSystem Basic Witnessing should not witness events in different rooms","status":"passed","title":"should not witness events in different rooms","duration":1.4892439999994167,"failureMessages":[],"meta":{}},{"ancestorTitles":["StandardWitnessSystem","Knowledge Management"],"fullName":"StandardWitnessSystem Knowledge Management should track discovered entities","status":"passed","title":"should track discovered entities","duration":2.6757940000006784,"failureMessages":[],"meta":{}},{"ancestorTitles":["StandardWitnessSystem","Knowledge Management"],"fullName":"StandardWitnessSystem Knowledge Management should track entity movement history","status":"passed","title":"should track entity movement history","duration":2.4505639999997584,"failureMessages":[],"meta":{}},{"ancestorTitles":["StandardWitnessSystem","Knowledge Management"],"fullName":"StandardWitnessSystem Knowledge Management should update visual properties when witnessed","status":"passed","title":"should update visual properties when witnessed","duration":0.7579690000002302,"failureMessages":[],"meta":{}},{"ancestorTitles":["StandardWitnessSystem","Knowledge Management"],"fullName":"StandardWitnessSystem Knowledge Management should mark entities as non-existent when destroyed","status":"passed","title":"should mark entities as non-existent when destroyed","duration":0.8726719999995112,"failureMessages":[],"meta":{}},{"ancestorTitles":["StandardWitnessSystem","Witness Events"],"fullName":"StandardWitnessSystem Witness Events should emit action witness event","status":"passed","title":"should emit action witness event","duration":4.886602999999923,"failureMessages":[],"meta":{}},{"ancestorTitles":["StandardWitnessSystem","Witness Events"],"fullName":"StandardWitnessSystem Witness Events should emit movement witness event","status":"passed","title":"should emit movement witness event","duration":1.9793790000003355,"failureMessages":[],"meta":{}},{"ancestorTitles":["StandardWitnessSystem","Witness Events"],"fullName":"StandardWitnessSystem Witness Events should emit unknown entity for partial witness level","status":"passed","title":"should emit unknown entity for partial witness level","duration":1.4396319999996194,"failureMessages":[],"meta":{}},{"ancestorTitles":["StandardWitnessSystem","Witness Levels"],"fullName":"StandardWitnessSystem Witness Levels should assign FULL level when can reach","status":"passed","title":"should assign FULL level when can reach","duration":0.43900099999973463,"failureMessages":[],"meta":{}},{"ancestorTitles":["StandardWitnessSystem","Witness Levels"],"fullName":"StandardWitnessSystem Witness Levels should assign PARTIAL level when can see but not reach","status":"passed","title":"should assign PARTIAL level when can see but not reach","duration":0.5352679999996326,"failureMessages":[],"meta":{}},{"ancestorTitles":["StandardWitnessSystem","getKnownEntities"],"fullName":"StandardWitnessSystem getKnownEntities should return all known entities for an actor","status":"passed","title":"should return all known entities for an actor","duration":0.9978090000004158,"failureMessages":[],"meta":{}},{"ancestorTitles":["StandardWitnessSystem","getKnownEntities"],"fullName":"StandardWitnessSystem getKnownEntities should return empty array for actor with no knowledge","status":"passed","title":"should return empty array for actor with no knowledge","duration":0.3595359999999346,"failureMessages":[],"meta":{}}],"startTime":1755120939762,"endTime":1755120939789.3596,"status":"passed","message":"","name":"/mnt/c/repotemp/sharpee/packages/stdlib/tests/unit/scope/witness-system.test.ts"},{"assertionResults":[{"ancestorTitles":["Author Action Vocabulary - Debug Commands (Not Implemented)"],"fullName":"Author Action Vocabulary - Debug Commands (Not Implemented) should include parser events verb","status":"skipped","title":"should include parser events verb","failureMessages":[],"meta":{}},{"ancestorTitles":["Author Action Vocabulary - Debug Commands (Not Implemented)"],"fullName":"Author Action Vocabulary - Debug Commands (Not Implemented) should include validation events verb","status":"skipped","title":"should include validation events verb","failureMessages":[],"meta":{}},{"ancestorTitles":["Author Action Vocabulary - Debug Commands (Not Implemented)"],"fullName":"Author Action Vocabulary - Debug Commands (Not Implemented) should include system events verb","status":"skipped","title":"should include system events verb","failureMessages":[],"meta":{}},{"ancestorTitles":["Author Action Vocabulary - Debug Commands (Not Implemented)"],"fullName":"Author Action Vocabulary - Debug Commands (Not Implemented) all author verbs should have correct pattern","status":"skipped","title":"all author verbs should have correct pattern","failureMessages":[],"meta":{}},{"ancestorTitles":["Author Action Vocabulary - Debug Commands (Not Implemented)"],"fullName":"Author Action Vocabulary - Debug Commands (Not Implemented) author verb action IDs should match action IDs","status":"skipped","title":"author verb action IDs should match action IDs","failureMessages":[],"meta":{}}],"startTime":1755120862511,"endTime":1755120862511,"status":"passed","message":"","name":"/mnt/c/repotemp/sharpee/packages/stdlib/tests/unit/vocabulary/author-vocabulary.test.ts"},{"assertionResults":[{"ancestorTitles":["CommandValidator (Golden Pattern)","Basic Validation"],"fullName":"CommandValidator (Golden Pattern) Basic Validation validates unknown action","status":"passed","title":"validates unknown action","duration":10.305465000004915,"failureMessages":[],"meta":{}},{"ancestorTitles":["CommandValidator (Golden Pattern)","Basic Validation"],"fullName":"CommandValidator (Golden Pattern) Basic Validation validates action without object in parsed command","status":"skipped","title":"validates action without object in parsed command","failureMessages":[],"meta":{}},{"ancestorTitles":["CommandValidator (Golden Pattern)","Basic Validation"],"fullName":"CommandValidator (Golden Pattern) Basic Validation validates simple entity resolution","status":"passed","title":"validates simple entity resolution","duration":3.6468840000015916,"failureMessages":[],"meta":{}},{"ancestorTitles":["CommandValidator (Golden Pattern)","Adjective Matching"],"fullName":"CommandValidator (Golden Pattern) Adjective Matching resolves entity with adjective","status":"passed","title":"resolves entity with adjective","duration":1.4009430000005523,"failureMessages":[],"meta":{}},{"ancestorTitles":["CommandValidator (Golden Pattern)","Adjective Matching"],"fullName":"CommandValidator (Golden Pattern) Adjective Matching distinguishes between similar objects by adjective","status":"passed","title":"distinguishes between similar objects by adjective","duration":2.308629999999539,"failureMessages":[],"meta":{}},{"ancestorTitles":["CommandValidator (Golden Pattern)","Adjective Matching"],"fullName":"CommandValidator (Golden Pattern) Adjective Matching handles wrong adjective","status":"passed","title":"handles wrong adjective","duration":3.773764999998093,"failureMessages":[],"meta":{}},{"ancestorTitles":["CommandValidator (Golden Pattern)","Scope Rules"],"fullName":"CommandValidator (Golden Pattern) Scope Rules allows taking visible objects","status":"passed","title":"allows taking visible objects","duration":0.8912419999978738,"failureMessages":[],"meta":{}},{"ancestorTitles":["CommandValidator (Golden Pattern)","Scope Rules"],"fullName":"CommandValidator (Golden Pattern) Scope Rules allows examining inventory items","status":"passed","title":"allows examining inventory items","duration":2.118544999997539,"failureMessages":[],"meta":{}},{"ancestorTitles":["CommandValidator (Golden Pattern)","Scope Rules"],"fullName":"CommandValidator (Golden Pattern) Scope Rules prevents taking objects from other rooms","status":"passed","title":"prevents taking objects from other rooms","duration":2.99558899999829,"failureMessages":[],"meta":{}},{"ancestorTitles":["CommandValidator (Golden Pattern)","Debug Events"],"fullName":"CommandValidator (Golden Pattern) Debug Events emits entity resolution debug events","status":"passed","title":"emits entity resolution debug events","duration":5.709991000003356,"failureMessages":[],"meta":{}},{"ancestorTitles":["CommandValidator (Golden Pattern)","Debug Events"],"fullName":"CommandValidator (Golden Pattern) Debug Events emits scope check debug events","status":"passed","title":"emits scope check debug events","duration":4.497995000005176,"failureMessages":[],"meta":{}},{"ancestorTitles":["CommandValidator (Golden Pattern)","Ambiguity Resolution"],"fullName":"CommandValidator (Golden Pattern) Ambiguity Resolution returns ambiguity error when multiple matches","status":"passed","title":"returns ambiguity error when multiple matches","duration":1.9362980000005336,"failureMessages":[],"meta":{}},{"ancestorTitles":["CommandValidator (Golden Pattern)","Ambiguity Resolution"],"fullName":"CommandValidator (Golden Pattern) Ambiguity Resolution auto-resolves when adjectives disambiguate","status":"passed","title":"auto-resolves when adjectives disambiguate","duration":0.9938209999963874,"failureMessages":[],"meta":{}},{"ancestorTitles":["CommandValidator (Golden Pattern)","Synonym Resolution"],"fullName":"CommandValidator (Golden Pattern) Synonym Resolution resolves entity by synonym","status":"passed","title":"resolves entity by synonym","duration":2.324300000000221,"failureMessages":[],"meta":{}},{"ancestorTitles":["CommandValidator (Golden Pattern)","Synonym Resolution"],"fullName":"CommandValidator (Golden Pattern) Synonym Resolution resolves entity by type name","status":"passed","title":"resolves entity by type name","duration":1.751151000004029,"failureMessages":[],"meta":{}},{"ancestorTitles":["CommandValidator (Golden Pattern)","Complex Commands"],"fullName":"CommandValidator (Golden Pattern) Complex Commands validates commands with prepositions","status":"passed","title":"validates commands with prepositions","duration":1.786380999998073,"failureMessages":[],"meta":{}}],"startTime":1755120915200,"endTime":1755120915247.7864,"status":"passed","message":"","name":"/mnt/c/repotemp/sharpee/packages/stdlib/tests/unit/validation/command-validator-golden.test.ts"}]}