{"numTotalTestSuites":426,"numPassedTestSuites":426,"numFailedTestSuites":0,"numPendingTestSuites":0,"numTotalTests":965,"numPassedTests":902,"numFailedTests":0,"numPendingTests":63,"numTodoTests":0,"snapshot":{"added":0,"failure":false,"filesAdded":0,"filesRemoved":0,"filesRemovedList":[],"filesUnmatched":0,"filesUpdated":0,"matched":0,"total":0,"unchecked":0,"uncheckedKeysByFile":[],"unmatched":0,"updated":0,"didUpdate":false},"startTime":1754491917126,"success":true,"testResults":[{"assertionResults":[{"ancestorTitles":["Scope Debug"],"fullName":"Scope Debug should handle closed containers","status":"passed","title":"should handle closed containers","duration":4.437978000001749,"failureMessages":[],"meta":{}}],"startTime":1754492115049,"endTime":1754492115053.438,"status":"passed","message":"","name":"/mnt/c/repotemp/sharpee/packages/stdlib/tests/scope-debug.test.ts"},{"assertionResults":[{"ancestorTitles":["Scope Integration Tests","REACHABLE scope validation"],"fullName":"Scope Integration Tests REACHABLE scope validation should fail when trying to take an object that is not reachable","status":"passed","title":"should fail when trying to take an object that is not reachable","duration":4.329093999986071,"failureMessages":[],"meta":{}},{"ancestorTitles":["Scope Integration Tests","REACHABLE scope validation"],"fullName":"Scope Integration Tests REACHABLE scope validation should succeed when object is reachable","status":"passed","title":"should succeed when object is reachable","duration":1.1689939999923809,"failureMessages":[],"meta":{}},{"ancestorTitles":["Scope Integration Tests","CARRIED scope validation"],"fullName":"Scope Integration Tests CARRIED scope validation should fail when trying to throw something not carried","status":"passed","title":"should fail when trying to throw something not carried","duration":0.7974779999931343,"failureMessages":[],"meta":{}},{"ancestorTitles":["Scope Integration Tests","CARRIED scope validation"],"fullName":"Scope Integration Tests CARRIED scope validation should succeed when object is carried","status":"passed","title":"should succeed when object is carried","duration":0.7800189999979921,"failureMessages":[],"meta":{}},{"ancestorTitles":["Scope Integration Tests","AUDIBLE scope validation"],"fullName":"Scope Integration Tests AUDIBLE scope validation should succeed when listening to something audible from another room","status":"passed","title":"should succeed when listening to something audible from another room","duration":1.0318310000002384,"failureMessages":[],"meta":{}},{"ancestorTitles":["Scope Integration Tests","DETECTABLE scope validation"],"fullName":"Scope Integration Tests DETECTABLE scope validation should succeed when smelling something smelly from another room","status":"passed","title":"should succeed when smelling something smelly from another room","duration":0.6838580000039656,"failureMessages":[],"meta":{}},{"ancestorTitles":["Scope Integration Tests","DETECTABLE scope validation"],"fullName":"Scope Integration Tests DETECTABLE scope validation should fail when smelling something behind closed door","status":"passed","title":"should fail when smelling something behind closed door","duration":0.5014509999891743,"failureMessages":[],"meta":{}},{"ancestorTitles":["Scope Integration Tests","Scope info in ValidatedCommand"],"fullName":"Scope Integration Tests Scope info in ValidatedCommand should include scope info in validated command","status":"passed","title":"should include scope info in validated command","duration":1.0420930000109365,"failureMessages":[],"meta":{}}],"startTime":1754491984479,"endTime":1754491984490.042,"status":"passed","message":"","name":"/mnt/c/repotemp/sharpee/packages/stdlib/tests/scope-integration.test.ts"},{"assertionResults":[{"ancestorTitles":["Basic Scope Validation"],"fullName":"Basic Scope Validation should validate a simple command","status":"passed","title":"should validate a simple command","duration":3.0090330000002723,"failureMessages":[],"meta":{}}],"startTime":1754492097419,"endTime":1754492097422.009,"status":"passed","message":"","name":"/mnt/c/repotemp/sharpee/packages/stdlib/tests/scope-validation-basic.test.ts"},{"assertionResults":[{"ancestorTitles":["World Model Debug"],"fullName":"World Model Debug should properly track entity locations","status":"passed","title":"should properly track entity locations","duration":5.554584999999861,"failureMessages":[],"meta":{}},{"ancestorTitles":["World Model Debug"],"fullName":"World Model Debug should track nested locations","status":"passed","title":"should track nested locations","duration":1.0380040000000008,"failureMessages":[],"meta":{}}],"startTime":1754492099501,"endTime":1754492099508.038,"status":"passed","message":"","name":"/mnt/c/repotemp/sharpee/packages/stdlib/tests/world-model-debug.test.ts"},{"assertionResults":[{"ancestorTitles":["Platform Event Actions","Saving Action"],"fullName":"Platform Event Actions Saving Action should emit platform save requested event","status":"passed","title":"should emit platform save requested event","duration":5.243180999998003,"failureMessages":[],"meta":{}},{"ancestorTitles":["Platform Event Actions","Saving Action"],"fullName":"Platform Event Actions Saving Action should include save context with metadata","status":"passed","title":"should include save context with metadata","duration":2.5638980000076117,"failureMessages":[],"meta":{}},{"ancestorTitles":["Platform Event Actions","Saving Action"],"fullName":"Platform Event Actions Saving Action should validate save name","status":"passed","title":"should validate save name","duration":1.2112179999967339,"failureMessages":[],"meta":{}},{"ancestorTitles":["Platform Event Actions","Saving Action"],"fullName":"Platform Event Actions Saving Action should respect save restrictions","status":"passed","title":"should respect save restrictions","duration":2.2085929999884684,"failureMessages":[],"meta":{}},{"ancestorTitles":["Platform Event Actions","Saving Action"],"fullName":"Platform Event Actions Saving Action should handle quick saves","status":"passed","title":"should handle quick saves","duration":0.9235670000052778,"failureMessages":[],"meta":{}},{"ancestorTitles":["Platform Event Actions","Saving Action"],"fullName":"Platform Event Actions Saving Action should emit save requested notification event","status":"passed","title":"should emit save requested notification event","duration":0.8865919999952894,"failureMessages":[],"meta":{}},{"ancestorTitles":["Platform Event Actions","Restoring Action"],"fullName":"Platform Event Actions Restoring Action should emit platform restore requested event","status":"passed","title":"should emit platform restore requested event","duration":0.7131800000061048,"failureMessages":[],"meta":{}},{"ancestorTitles":["Platform Event Actions","Restoring Action"],"fullName":"Platform Event Actions Restoring Action should include available saves in context","status":"passed","title":"should include available saves in context","duration":4.369544000001042,"failureMessages":[],"meta":{}},{"ancestorTitles":["Platform Event Actions","Restoring Action"],"fullName":"Platform Event Actions Restoring Action should handle no saves available","status":"passed","title":"should handle no saves available","duration":0.6103910000092583,"failureMessages":[],"meta":{}},{"ancestorTitles":["Platform Event Actions","Restoring Action"],"fullName":"Platform Event Actions Restoring Action should respect restore restrictions","status":"passed","title":"should respect restore restrictions","duration":0.34318500000517815,"failureMessages":[],"meta":{}},{"ancestorTitles":["Platform Event Actions","Restoring Action"],"fullName":"Platform Event Actions Restoring Action should identify last save","status":"passed","title":"should identify last save","duration":0.3379139999888139,"failureMessages":[],"meta":{}},{"ancestorTitles":["Platform Event Actions","Quitting Action"],"fullName":"Platform Event Actions Quitting Action should emit platform quit requested event","status":"passed","title":"should emit platform quit requested event","duration":0.2893279999989318,"failureMessages":[],"meta":{}},{"ancestorTitles":["Platform Event Actions","Quitting Action"],"fullName":"Platform Event Actions Quitting Action should include game state in quit context","status":"passed","title":"should include game state in quit context","duration":0.2906230000080541,"failureMessages":[],"meta":{}},{"ancestorTitles":["Platform Event Actions","Quitting Action"],"fullName":"Platform Event Actions Quitting Action should detect unsaved changes","status":"passed","title":"should detect unsaved changes","duration":0.2500969999964582,"failureMessages":[],"meta":{}},{"ancestorTitles":["Platform Event Actions","Quitting Action"],"fullName":"Platform Event Actions Quitting Action should handle force quit","status":"passed","title":"should handle force quit","duration":0.16244099999312311,"failureMessages":[],"meta":{}},{"ancestorTitles":["Platform Event Actions","Quitting Action"],"fullName":"Platform Event Actions Quitting Action should include game statistics","status":"passed","title":"should include game statistics","duration":0.28280799998901784,"failureMessages":[],"meta":{}},{"ancestorTitles":["Platform Event Actions","Restarting Action"],"fullName":"Platform Event Actions Restarting Action should emit platform restart requested event","status":"passed","title":"should emit platform restart requested event","duration":0.27538400000776164,"failureMessages":[],"meta":{}},{"ancestorTitles":["Platform Event Actions","Restarting Action"],"fullName":"Platform Event Actions Restarting Action should include current progress in context","status":"passed","title":"should include current progress in context","duration":0.18601799999305513,"failureMessages":[],"meta":{}},{"ancestorTitles":["Platform Event Actions","Restarting Action"],"fullName":"Platform Event Actions Restarting Action should determine confirmation requirements","status":"passed","title":"should determine confirmation requirements","duration":0.1404810000094585,"failureMessages":[],"meta":{}},{"ancestorTitles":["Platform Event Actions","Restarting Action"],"fullName":"Platform Event Actions Restarting Action should handle force restart","status":"passed","title":"should handle force restart","duration":0.11545399999886286,"failureMessages":[],"meta":{}},{"ancestorTitles":["Platform Event Actions","Restarting Action"],"fullName":"Platform Event Actions Restarting Action should emit restart requested notification","status":"passed","title":"should emit restart requested notification","duration":0.21944000000075903,"failureMessages":[],"meta":{}},{"ancestorTitles":["Platform Event Actions","Restarting Action"],"fullName":"Platform Event Actions Restarting Action should provide hint for significant progress","status":"passed","title":"should provide hint for significant progress","duration":0.2437940000090748,"failureMessages":[],"meta":{}}],"startTime":1754492015715,"endTime":1754492015738.244,"status":"passed","message":"","name":"/mnt/c/repotemp/sharpee/packages/stdlib/tests/actions/platform-actions.test.ts"},{"assertionResults":[{"ancestorTitles":["Platform Query Handlers","QuitQueryHandler","canHandle"],"fullName":"Platform Query Handlers QuitQueryHandler canHandle should handle quit confirmation queries","status":"passed","title":"should handle quit confirmation queries","duration":1.2816549999988638,"failureMessages":[],"meta":{}},{"ancestorTitles":["Platform Query Handlers","QuitQueryHandler","canHandle"],"fullName":"Platform Query Handlers QuitQueryHandler canHandle should handle quit with unsaved changes queries","status":"passed","title":"should handle quit with unsaved changes queries","duration":0.6046989999995276,"failureMessages":[],"meta":{}},{"ancestorTitles":["Platform Query Handlers","QuitQueryHandler","canHandle"],"fullName":"Platform Query Handlers QuitQueryHandler canHandle should not handle non-quit queries","status":"passed","title":"should not handle non-quit queries","duration":0.3399700000009034,"failureMessages":[],"meta":{}},{"ancestorTitles":["Platform Query Handlers","QuitQueryHandler","handleResponse"],"fullName":"Platform Query Handlers QuitQueryHandler handleResponse should emit quit requested event for quit option","status":"passed","title":"should emit quit requested event for quit option","duration":1.877118000000337,"failureMessages":[],"meta":{}},{"ancestorTitles":["Platform Query Handlers","QuitQueryHandler","handleResponse"],"fullName":"Platform Query Handlers QuitQueryHandler handleResponse should handle save and quit option","status":"passed","title":"should handle save and quit option","duration":0.5975180000004912,"failureMessages":[],"meta":{}},{"ancestorTitles":["Platform Query Handlers","QuitQueryHandler","handleResponse"],"fullName":"Platform Query Handlers QuitQueryHandler handleResponse should emit quit cancelled for cancel option","status":"passed","title":"should emit quit cancelled for cancel option","duration":0.6680830000004789,"failureMessages":[],"meta":{}},{"ancestorTitles":["Platform Query Handlers","QuitQueryHandler","handleResponse"],"fullName":"Platform Query Handlers QuitQueryHandler handleResponse should handle yes/no responses","status":"passed","title":"should handle yes/no responses","duration":0.38840799999888986,"failureMessages":[],"meta":{}},{"ancestorTitles":["Platform Query Handlers","QuitQueryHandler","handleTimeout"],"fullName":"Platform Query Handlers QuitQueryHandler handleTimeout should emit quit cancelled on timeout","status":"passed","title":"should emit quit cancelled on timeout","duration":0.2726109999985056,"failureMessages":[],"meta":{}},{"ancestorTitles":["Platform Query Handlers","QuitQueryHandler","handleCancel"],"fullName":"Platform Query Handlers QuitQueryHandler handleCancel should emit quit cancelled on cancellation","status":"passed","title":"should emit quit cancelled on cancellation","duration":0.3611700000001292,"failureMessages":[],"meta":{}},{"ancestorTitles":["Platform Query Handlers","RestartQueryHandler","canHandle"],"fullName":"Platform Query Handlers RestartQueryHandler canHandle should handle restart confirmation queries","status":"passed","title":"should handle restart confirmation queries","duration":0.23710899999969115,"failureMessages":[],"meta":{}},{"ancestorTitles":["Platform Query Handlers","RestartQueryHandler","canHandle"],"fullName":"Platform Query Handlers RestartQueryHandler canHandle should handle restart with unsaved changes queries","status":"passed","title":"should handle restart with unsaved changes queries","duration":0.12392399999953341,"failureMessages":[],"meta":{}},{"ancestorTitles":["Platform Query Handlers","RestartQueryHandler","canHandle"],"fullName":"Platform Query Handlers RestartQueryHandler canHandle should not handle non-restart queries","status":"passed","title":"should not handle non-restart queries","duration":0.10501600000134204,"failureMessages":[],"meta":{}},{"ancestorTitles":["Platform Query Handlers","RestartQueryHandler","handleResponse"],"fullName":"Platform Query Handlers RestartQueryHandler handleResponse should emit restart requested event for restart option","status":"passed","title":"should emit restart requested event for restart option","duration":0.5533250000007683,"failureMessages":[],"meta":{}},{"ancestorTitles":["Platform Query Handlers","RestartQueryHandler","handleResponse"],"fullName":"Platform Query Handlers RestartQueryHandler handleResponse should handle save and restart option","status":"passed","title":"should handle save and restart option","duration":0.3307540000005247,"failureMessages":[],"meta":{}},{"ancestorTitles":["Platform Query Handlers","RestartQueryHandler","handleResponse"],"fullName":"Platform Query Handlers RestartQueryHandler handleResponse should emit restart cancelled for cancel option","status":"passed","title":"should emit restart cancelled for cancel option","duration":0.42382700000052864,"failureMessages":[],"meta":{}},{"ancestorTitles":["Platform Query Handlers","RestartQueryHandler","handleTimeout"],"fullName":"Platform Query Handlers RestartQueryHandler handleTimeout should emit restart cancelled on timeout","status":"passed","title":"should emit restart cancelled on timeout","duration":0.424354000000676,"failureMessages":[],"meta":{}},{"ancestorTitles":["Platform Query Handlers","RestartQueryHandler","handleCancel"],"fullName":"Platform Query Handlers RestartQueryHandler handleCancel should emit restart cancelled on cancellation","status":"passed","title":"should emit restart cancelled on cancellation","duration":0.6242590000001655,"failureMessages":[],"meta":{}}],"startTime":1754492051537,"endTime":1754492051547.6243,"status":"passed","message":"","name":"/mnt/c/repotemp/sharpee/packages/stdlib/tests/query-handlers/platform-handlers.test.ts"},{"assertionResults":[{"ancestorTitles":["Action Integration Test Pattern","Command to Action Flow"],"fullName":"Action Integration Test Pattern Command to Action Flow should resolve action from verb using language provider","status":"passed","title":"should resolve action from verb using language provider","duration":1.9045339999938733,"failureMessages":[],"meta":{}},{"ancestorTitles":["Action Integration Test Pattern","Command to Action Flow"],"fullName":"Action Integration Test Pattern Command to Action Flow should resolve action from alias","status":"passed","title":"should resolve action from alias","duration":0.27552899999864167,"failureMessages":[],"meta":{}},{"ancestorTitles":["Action Integration Test Pattern","Command to Action Flow"],"fullName":"Action Integration Test Pattern Command to Action Flow should validate and execute action","status":"passed","title":"should validate and execute action","duration":0.9287340000009863,"failureMessages":[],"meta":{}},{"ancestorTitles":["Action Integration Test Pattern","Message Resolution Flow"],"fullName":"Action Integration Test Pattern Message Resolution Flow should resolve messages through language provider","status":"passed","title":"should resolve messages through language provider","duration":0.45533900000009453,"failureMessages":[],"meta":{}},{"ancestorTitles":["Action Integration Test Pattern","Pattern-based Action Discovery"],"fullName":"Action Integration Test Pattern Pattern-based Action Discovery should find actions by pattern through language provider","status":"passed","title":"should find actions by pattern through language provider","duration":0.6724259999973583,"failureMessages":[],"meta":{}},{"ancestorTitles":["Testing Complex Actions with Dependencies"],"fullName":"Testing Complex Actions with Dependencies example: action that checks preconditions","status":"passed","title":"example: action that checks preconditions","duration":0.33199400000012247,"failureMessages":[],"meta":{}}],"startTime":1754492131088,"endTime":1754492131092.6724,"status":"passed","message":"","name":"/mnt/c/repotemp/sharpee/packages/stdlib/tests/integration/action-language-integration.test.ts"},{"assertionResults":[{"ancestorTitles":["Container visibility and knowledge"],"fullName":"Container visibility and knowledge actor cannot see ball in closed box","status":"passed","title":"actor cannot see ball in closed box","duration":11.83925299999828,"failureMessages":[],"meta":{}},{"ancestorTitles":["Container visibility and knowledge"],"fullName":"Container visibility and knowledge actor can examine box when in same room","status":"passed","title":"actor can examine box when in same room","duration":3.9172430000035092,"failureMessages":[],"meta":{}},{"ancestorTitles":["Container visibility and knowledge"],"fullName":"Container visibility and knowledge actor cannot take ball that they do not know about","status":"passed","title":"actor cannot take ball that they do not know about","duration":3.9179929999954766,"failureMessages":[],"meta":{}},{"ancestorTitles":["Container visibility and knowledge"],"fullName":"Container visibility and knowledge actor can take ball after opening box","status":"passed","title":"actor can take ball after opening box","duration":2.8837879999991856,"failureMessages":[],"meta":{}},{"ancestorTitles":["Container visibility and knowledge"],"fullName":"Container visibility and knowledge full scenario: move, examine, try take, open, take","status":"passed","title":"full scenario: move, examine, try take, open, take","duration":13.425533999994514,"failureMessages":[],"meta":{}}],"startTime":1754492069750,"endTime":1754492069785.4255,"status":"passed","message":"","name":"/mnt/c/repotemp/sharpee/packages/stdlib/tests/integration/container-visibility-knowledge.test.ts"},{"assertionResults":[{"ancestorTitles":["Entity alias resolution"],"fullName":"Entity alias resolution should find entity by its primary name","status":"passed","title":"should find entity by its primary name","duration":5.697808000000805,"failureMessages":[],"meta":{}},{"ancestorTitles":["Entity alias resolution"],"fullName":"Entity alias resolution should find entity by alias \"hook\"","status":"passed","title":"should find entity by alias \"hook\"","duration":3.095185999998648,"failureMessages":[],"meta":{}},{"ancestorTitles":["Entity alias resolution"],"fullName":"Entity alias resolution should find entity by alias \"peg\"","status":"passed","title":"should find entity by alias \"peg\"","duration":1.1626390000019455,"failureMessages":[],"meta":{}},{"ancestorTitles":["Entity alias resolution"],"fullName":"Entity alias resolution should find entity as indirect object for PUT action","status":"passed","title":"should find entity as indirect object for PUT action","duration":1.7608560000007856,"failureMessages":[],"meta":{}},{"ancestorTitles":["Entity alias resolution"],"fullName":"Entity alias resolution should handle entities with same aliases in different locations","status":"passed","title":"should handle entities with same aliases in different locations","duration":1.6932530000012775,"failureMessages":[],"meta":{}}],"startTime":1754492012299,"endTime":1754492012312.6934,"status":"passed","message":"","name":"/mnt/c/repotemp/sharpee/packages/stdlib/tests/validation/entity-alias-resolution.test.ts"},{"assertionResults":[{"ancestorTitles":["AGAIN Action","basic functionality"],"fullName":"AGAIN Action basic functionality should have correct action ID","status":"passed","title":"should have correct action ID","duration":3.248432000007597,"failureMessages":[],"meta":{}},{"ancestorTitles":["AGAIN Action","basic functionality"],"fullName":"AGAIN Action basic functionality should define required messages","status":"passed","title":"should define required messages","duration":1.4053790000034496,"failureMessages":[],"meta":{}},{"ancestorTitles":["AGAIN Action","basic functionality"],"fullName":"AGAIN Action basic functionality should be in meta group","status":"passed","title":"should be in meta group","duration":0.9524810000002617,"failureMessages":[],"meta":{}},{"ancestorTitles":["AGAIN Action","execute"],"fullName":"AGAIN Action execute should fail when no command history exists","status":"passed","title":"should fail when no command history exists","duration":2.6120800000062445,"failureMessages":[],"meta":{}},{"ancestorTitles":["AGAIN Action","execute"],"fullName":"AGAIN Action execute should fail when command history is empty","status":"passed","title":"should fail when command history is empty","duration":0.9921139999933075,"failureMessages":[],"meta":{}},{"ancestorTitles":["AGAIN Action","execute"],"fullName":"AGAIN Action execute should repeat TAKING command","status":"passed","title":"should repeat TAKING command","duration":1.3404840000002878,"failureMessages":[],"meta":{}},{"ancestorTitles":["AGAIN Action","execute"],"fullName":"AGAIN Action execute should repeat GOING command","status":"passed","title":"should repeat GOING command","duration":1.4375750000035623,"failureMessages":[],"meta":{}},{"ancestorTitles":["AGAIN Action","execute"],"fullName":"AGAIN Action execute should repeat EXAMINING command","status":"passed","title":"should repeat EXAMINING command","duration":0.7031779999961145,"failureMessages":[],"meta":{}},{"ancestorTitles":["AGAIN Action","execute"],"fullName":"AGAIN Action execute should not repeat AGAIN itself","status":"passed","title":"should not repeat AGAIN itself","duration":0.7985919999919133,"failureMessages":[],"meta":{}},{"ancestorTitles":["AGAIN Action","execute"],"fullName":"AGAIN Action execute should not repeat SAVING command","status":"passed","title":"should not repeat SAVING command","duration":0.8757080000068527,"failureMessages":[],"meta":{}},{"ancestorTitles":["AGAIN Action","execute"],"fullName":"AGAIN Action execute should not repeat RESTORING command","status":"passed","title":"should not repeat RESTORING command","duration":0.4948230000009062,"failureMessages":[],"meta":{}},{"ancestorTitles":["AGAIN Action","execute"],"fullName":"AGAIN Action execute should not repeat QUITTING command","status":"passed","title":"should not repeat QUITTING command","duration":0.5124790000118082,"failureMessages":[],"meta":{}},{"ancestorTitles":["AGAIN Action","execute"],"fullName":"AGAIN Action execute should not repeat RESTARTING command","status":"passed","title":"should not repeat RESTARTING command","duration":0.5710379999945872,"failureMessages":[],"meta":{}},{"ancestorTitles":["AGAIN Action","execute"],"fullName":"AGAIN Action execute should not repeat VERSION command","status":"passed","title":"should not repeat VERSION command","duration":0.45113400000263937,"failureMessages":[],"meta":{}},{"ancestorTitles":["AGAIN Action","execute"],"fullName":"AGAIN Action execute should not repeat VERIFYING command","status":"passed","title":"should not repeat VERIFYING command","duration":1.2084199999953853,"failureMessages":[],"meta":{}},{"ancestorTitles":["AGAIN Action","execute"],"fullName":"AGAIN Action execute should repeat the most recent command when multiple exist","status":"passed","title":"should repeat the most recent command when multiple exist","duration":0.5059970000002068,"failureMessages":[],"meta":{}},{"ancestorTitles":["AGAIN Action","execute"],"fullName":"AGAIN Action execute should handle complex commands with all parts","status":"passed","title":"should handle complex commands with all parts","duration":0.36923500000557397,"failureMessages":[],"meta":{}}],"startTime":1754491998062,"endTime":1754491998081.506,"status":"passed","message":"","name":"/mnt/c/repotemp/sharpee/packages/stdlib/tests/actions/standard/again.test.ts"},{"assertionResults":[{"ancestorTitles":["ParserFactory","registerParser"],"fullName":"ParserFactory registerParser should register a parser for a language","status":"passed","title":"should register a parser for a language","duration":1.6852149999976973,"failureMessages":[],"meta":{}},{"ancestorTitles":["ParserFactory","registerParser"],"fullName":"ParserFactory registerParser should register both full code and language-only code","status":"passed","title":"should register both full code and language-only code","duration":0.3494299999983923,"failureMessages":[],"meta":{}},{"ancestorTitles":["ParserFactory","registerParser"],"fullName":"ParserFactory registerParser should handle case-insensitive language codes","status":"passed","title":"should handle case-insensitive language codes","duration":0.13379100000020117,"failureMessages":[],"meta":{}},{"ancestorTitles":["ParserFactory","createParser"],"fullName":"ParserFactory createParser should create a parser for registered language","status":"passed","title":"should create a parser for registered language","duration":0.24591599999985192,"failureMessages":[],"meta":{}},{"ancestorTitles":["ParserFactory","createParser"],"fullName":"ParserFactory createParser should find parser by language code without region","status":"passed","title":"should find parser by language code without region","duration":0.15856999999959953,"failureMessages":[],"meta":{}},{"ancestorTitles":["ParserFactory","createParser"],"fullName":"ParserFactory createParser should throw error for unregistered language","status":"passed","title":"should throw error for unregistered language","duration":0.6397600000018429,"failureMessages":[],"meta":{}},{"ancestorTitles":["ParserFactory","createParser"],"fullName":"ParserFactory createParser should list available languages in error message","status":"passed","title":"should list available languages in error message","duration":0.21909400000004098,"failureMessages":[],"meta":{}},{"ancestorTitles":["ParserFactory","getRegisteredLanguages"],"fullName":"ParserFactory getRegisteredLanguages should return empty array when no parsers registered","status":"passed","title":"should return empty array when no parsers registered","duration":0.39732200000071316,"failureMessages":[],"meta":{}},{"ancestorTitles":["ParserFactory","getRegisteredLanguages"],"fullName":"ParserFactory getRegisteredLanguages should return sorted list of registered languages","status":"passed","title":"should return sorted list of registered languages","duration":0.24089599999933853,"failureMessages":[],"meta":{}},{"ancestorTitles":["ParserFactory","isLanguageRegistered"],"fullName":"ParserFactory isLanguageRegistered should return false for unregistered language","status":"passed","title":"should return false for unregistered language","duration":0.11352500000066357,"failureMessages":[],"meta":{}},{"ancestorTitles":["ParserFactory","isLanguageRegistered"],"fullName":"ParserFactory isLanguageRegistered should return true for registered language","status":"passed","title":"should return true for registered language","duration":0.08010199999989709,"failureMessages":[],"meta":{}},{"ancestorTitles":["ParserFactory","isLanguageRegistered"],"fullName":"ParserFactory isLanguageRegistered should check language-only code as fallback","status":"passed","title":"should check language-only code as fallback","duration":0.09829800000079558,"failureMessages":[],"meta":{}},{"ancestorTitles":["ParserFactory","clearRegistry"],"fullName":"ParserFactory clearRegistry should remove all registered parsers","status":"passed","title":"should remove all registered parsers","duration":0.10302600000068196,"failureMessages":[],"meta":{}}],"startTime":1754492120493,"endTime":1754492120498.1135,"status":"passed","message":"","name":"/mnt/c/repotemp/sharpee/packages/stdlib/tests/unit/parser/parser-factory.test.ts"},{"assertionResults":[{"ancestorTitles":["Capability Refactoring","StandardCapabilitySchemas"],"fullName":"Capability Refactoring StandardCapabilitySchemas should contain all standard capabilities","status":"passed","title":"should contain all standard capabilities","duration":1.5326330000007147,"failureMessages":[],"meta":{}},{"ancestorTitles":["Capability Refactoring","StandardCapabilitySchemas"],"fullName":"Capability Refactoring StandardCapabilitySchemas should have valid schemas for each capability","status":"passed","title":"should have valid schemas for each capability","duration":0.897584000000279,"failureMessages":[],"meta":{}},{"ancestorTitles":["Capability Refactoring","registerStandardCapabilities"],"fullName":"Capability Refactoring registerStandardCapabilities should register all capabilities by default","status":"passed","title":"should register all capabilities by default","duration":1.4862530000009428,"failureMessages":[],"meta":{}},{"ancestorTitles":["Capability Refactoring","registerStandardCapabilities"],"fullName":"Capability Refactoring registerStandardCapabilities should register only specified capabilities","status":"passed","title":"should register only specified capabilities","duration":0.7121020000013232,"failureMessages":[],"meta":{}},{"ancestorTitles":["Capability Refactoring","CommandHistoryCapability"],"fullName":"Capability Refactoring CommandHistoryCapability should define correct schema structure","status":"passed","title":"should define correct schema structure","duration":0.13330900000073598,"failureMessages":[],"meta":{}},{"ancestorTitles":["Capability Refactoring","CommandHistoryCapability"],"fullName":"Capability Refactoring CommandHistoryCapability should support CommandHistoryData interface","status":"passed","title":"should support CommandHistoryData interface","duration":0.5505140000004758,"failureMessages":[],"meta":{}},{"ancestorTitles":["Capability Refactoring","CommandHistoryCapability"],"fullName":"Capability Refactoring CommandHistoryCapability should handle entry trimming logic","status":"passed","title":"should handle entry trimming logic","duration":0.27485599999999977,"failureMessages":[],"meta":{}},{"ancestorTitles":["Capability Refactoring","Capability integration with WorldModel"],"fullName":"Capability Refactoring Capability integration with WorldModel should work with real WorldModel instance","status":"passed","title":"should work with real WorldModel instance","duration":0.5696439999992435,"failureMessages":[],"meta":{}}],"startTime":1754492097793,"endTime":1754492097799.5696,"status":"passed","message":"","name":"/mnt/c/repotemp/sharpee/packages/stdlib/tests/unit/capabilities/capability-refactoring.test.ts"},{"assertionResults":[{"ancestorTitles":["attackingAction (Golden Pattern)","Action Metadata"],"fullName":"attackingAction (Golden Pattern) Action Metadata should have correct ID","status":"passed","title":"should have correct ID","duration":1.3447509999969043,"failureMessages":[],"meta":{}},{"ancestorTitles":["attackingAction (Golden Pattern)","Action Metadata"],"fullName":"attackingAction (Golden Pattern) Action Metadata should declare required messages","status":"passed","title":"should declare required messages","duration":2.9894399999975576,"failureMessages":[],"meta":{}},{"ancestorTitles":["attackingAction (Golden Pattern)","Action Metadata"],"fullName":"attackingAction (Golden Pattern) Action Metadata should belong to interaction group","status":"passed","title":"should belong to interaction group","duration":0.23083200000110082,"failureMessages":[],"meta":{}},{"ancestorTitles":["attackingAction (Golden Pattern)","Precondition Checks"],"fullName":"attackingAction (Golden Pattern) Precondition Checks should fail when no target specified","status":"passed","title":"should fail when no target specified","duration":3.588084000002709,"failureMessages":[],"meta":{}},{"ancestorTitles":["attackingAction (Golden Pattern)","Precondition Checks"],"fullName":"attackingAction (Golden Pattern) Precondition Checks should fail when target is not visible","status":"skipped","title":"should fail when target is not visible","failureMessages":[],"meta":{}},{"ancestorTitles":["attackingAction (Golden Pattern)","Precondition Checks"],"fullName":"attackingAction (Golden Pattern) Precondition Checks should fail when target is not reachable","status":"skipped","title":"should fail when target is not reachable","failureMessages":[],"meta":{}},{"ancestorTitles":["attackingAction (Golden Pattern)","Precondition Checks"],"fullName":"attackingAction (Golden Pattern) Precondition Checks should prevent attacking self","status":"passed","title":"should prevent attacking self","duration":1.1165170000022044,"failureMessages":[],"meta":{}},{"ancestorTitles":["attackingAction (Golden Pattern)","Precondition Checks"],"fullName":"attackingAction (Golden Pattern) Precondition Checks should require holding weapon","status":"skipped","title":"should require holding weapon","failureMessages":[],"meta":{}},{"ancestorTitles":["attackingAction (Golden Pattern)","Precondition Checks"],"fullName":"attackingAction (Golden Pattern) Precondition Checks should block violence in peaceful games","status":"passed","title":"should block violence in peaceful games","duration":1.6878490000017337,"failureMessages":[],"meta":{}},{"ancestorTitles":["attackingAction (Golden Pattern)","Unarmed Attacks on Actors"],"fullName":"attackingAction (Golden Pattern) Unarmed Attacks on Actors should perform basic unarmed attack","status":"skipped","title":"should perform basic unarmed attack","failureMessages":[],"meta":{}},{"ancestorTitles":["attackingAction (Golden Pattern)","Unarmed Attacks on Actors"],"fullName":"attackingAction (Golden Pattern) Unarmed Attacks on Actors should handle punch verb","status":"skipped","title":"should handle punch verb","failureMessages":[],"meta":{}},{"ancestorTitles":["attackingAction (Golden Pattern)","Unarmed Attacks on Actors"],"fullName":"attackingAction (Golden Pattern) Unarmed Attacks on Actors should handle kick verb","status":"skipped","title":"should handle kick verb","failureMessages":[],"meta":{}},{"ancestorTitles":["attackingAction (Golden Pattern)","Armed Attacks"],"fullName":"attackingAction (Golden Pattern) Armed Attacks should attack with held weapon","status":"skipped","title":"should attack with held weapon","failureMessages":[],"meta":{}},{"ancestorTitles":["attackingAction (Golden Pattern)","Armed Attacks"],"fullName":"attackingAction (Golden Pattern) Armed Attacks should use hit_with for hit verb","status":"skipped","title":"should use hit_with for hit verb","failureMessages":[],"meta":{}},{"ancestorTitles":["attackingAction (Golden Pattern)","Attacking Objects with FRAGILE trait"],"fullName":"attackingAction (Golden Pattern) Attacking Objects with FRAGILE trait should prevent attacking indestructible scenery","status":"skipped","title":"should prevent attacking indestructible scenery","failureMessages":[],"meta":{}},{"ancestorTitles":["attackingAction (Golden Pattern)","Attacking Objects with FRAGILE trait"],"fullName":"attackingAction (Golden Pattern) Attacking Objects with FRAGILE trait should break fragile glass objects","status":"skipped","title":"should break fragile glass objects","failureMessages":[],"meta":{}},{"ancestorTitles":["attackingAction (Golden Pattern)","Attacking Objects with FRAGILE trait"],"fullName":"attackingAction (Golden Pattern) Attacking Objects with FRAGILE trait should use break verb with fragile objects","status":"skipped","title":"should use break verb with fragile objects","failureMessages":[],"meta":{}},{"ancestorTitles":["attackingAction (Golden Pattern)","Attacking Objects with FRAGILE trait"],"fullName":"attackingAction (Golden Pattern) Attacking Objects with FRAGILE trait should handle fragile objects with custom break messages","status":"skipped","title":"should handle fragile objects with custom break messages","failureMessages":[],"meta":{}},{"ancestorTitles":["attackingAction (Golden Pattern)","Attacking Objects with FRAGILE trait"],"fullName":"attackingAction (Golden Pattern) Attacking Objects with FRAGILE trait should handle fragile objects that trigger events when broken","status":"skipped","title":"should handle fragile objects that trigger events when broken","failureMessages":[],"meta":{}},{"ancestorTitles":["attackingAction (Golden Pattern)","Attacking Objects with BREAKABLE trait"],"fullName":"attackingAction (Golden Pattern) Attacking Objects with BREAKABLE trait should reject breaking non-fragile/non-breakable objects","status":"skipped","title":"should reject breaking non-fragile/non-breakable objects","failureMessages":[],"meta":{}},{"ancestorTitles":["attackingAction (Golden Pattern)","Attacking Objects with BREAKABLE trait"],"fullName":"attackingAction (Golden Pattern) Attacking Objects with BREAKABLE trait should require specific tool for breakable objects","status":"skipped","title":"should require specific tool for breakable objects","failureMessages":[],"meta":{}},{"ancestorTitles":["attackingAction (Golden Pattern)","Attacking Objects with BREAKABLE trait"],"fullName":"attackingAction (Golden Pattern) Attacking Objects with BREAKABLE trait should check strength requirements","status":"passed","title":"should check strength requirements","duration":0.5164670000012848,"failureMessages":[],"meta":{}},{"ancestorTitles":["attackingAction (Golden Pattern)","Attacking Objects with BREAKABLE trait"],"fullName":"attackingAction (Golden Pattern) Attacking Objects with BREAKABLE trait should handle partial breaking with multiple hits","status":"skipped","title":"should handle partial breaking with multiple hits","failureMessages":[],"meta":{}},{"ancestorTitles":["attackingAction (Golden Pattern)","Attacking Objects with BREAKABLE trait"],"fullName":"attackingAction (Golden Pattern) Attacking Objects with BREAKABLE trait should break objects after enough hits","status":"skipped","title":"should break objects after enough hits","failureMessages":[],"meta":{}},{"ancestorTitles":["attackingAction (Golden Pattern)","Attacking regular objects"],"fullName":"attackingAction (Golden Pattern) Attacking regular objects should attack non-fragile objects without breaking","status":"skipped","title":"should attack non-fragile objects without breaking","failureMessages":[],"meta":{}},{"ancestorTitles":["attackingAction (Golden Pattern)","NPC Reactions"],"fullName":"attackingAction (Golden Pattern) NPC Reactions should generate random NPC reactions","status":"passed","title":"should generate random NPC reactions","duration":0.8200159999978496,"failureMessages":[],"meta":{}},{"ancestorTitles":["attackingAction (Golden Pattern)","Event Structure Validation"],"fullName":"attackingAction (Golden Pattern) Event Structure Validation should include proper entities in all events","status":"skipped","title":"should include proper entities in all events","failureMessages":[],"meta":{}},{"ancestorTitles":["Testing Pattern Examples for Attacking"],"fullName":"Testing Pattern Examples for Attacking pattern: combat verbs","status":"passed","title":"pattern: combat verbs","duration":0.4707970000017667,"failureMessages":[],"meta":{}},{"ancestorTitles":["Testing Pattern Examples for Attacking"],"fullName":"Testing Pattern Examples for Attacking pattern: fragile materials","status":"passed","title":"pattern: fragile materials","duration":0.32702200000494486,"failureMessages":[],"meta":{}},{"ancestorTitles":["Testing Pattern Examples for Attacking"],"fullName":"Testing Pattern Examples for Attacking pattern: destruction verbs","status":"passed","title":"pattern: destruction verbs","duration":0.4666759999963688,"failureMessages":[],"meta":{}},{"ancestorTitles":["Testing Pattern Examples for Attacking"],"fullName":"Testing Pattern Examples for Attacking pattern: NPC reactions","status":"passed","title":"pattern: NPC reactions","duration":0.4429100000052131,"failureMessages":[],"meta":{}},{"ancestorTitles":["Testing Pattern Examples for Attacking"],"fullName":"Testing Pattern Examples for Attacking pattern: peaceful alternatives","status":"passed","title":"pattern: peaceful alternatives","duration":0.8700849999950151,"failureMessages":[],"meta":{}},{"ancestorTitles":["Testing Pattern Examples for Attacking"],"fullName":"Testing Pattern Examples for Attacking pattern: breakable properties","status":"passed","title":"pattern: breakable properties","duration":0.36033599999791477,"failureMessages":[],"meta":{}}],"startTime":1754492025887,"endTime":1754492025903.3604,"status":"passed","message":"","name":"/mnt/c/repotemp/sharpee/packages/stdlib/tests/unit/actions/attacking-golden.test.ts"},{"assertionResults":[{"ancestorTitles":["climbingAction (Golden Pattern)","Action Metadata"],"fullName":"climbingAction (Golden Pattern) Action Metadata should have correct ID","status":"passed","title":"should have correct ID","duration":3.988022000005003,"failureMessages":[],"meta":{}},{"ancestorTitles":["climbingAction (Golden Pattern)","Action Metadata"],"fullName":"climbingAction (Golden Pattern) Action Metadata should declare required messages","status":"passed","title":"should declare required messages","duration":5.083240000007208,"failureMessages":[],"meta":{}},{"ancestorTitles":["climbingAction (Golden Pattern)","Action Metadata"],"fullName":"climbingAction (Golden Pattern) Action Metadata should belong to movement group","status":"passed","title":"should belong to movement group","duration":1.6847189999971306,"failureMessages":[],"meta":{}},{"ancestorTitles":["climbingAction (Golden Pattern)","Precondition Checks"],"fullName":"climbingAction (Golden Pattern) Precondition Checks should fail when no target or direction specified","status":"passed","title":"should fail when no target or direction specified","duration":6.259599999990314,"failureMessages":[],"meta":{}},{"ancestorTitles":["climbingAction (Golden Pattern)","Precondition Checks"],"fullName":"climbingAction (Golden Pattern) Precondition Checks should fail when object is not climbable","status":"passed","title":"should fail when object is not climbable","duration":1.955551999999443,"failureMessages":[],"meta":{}},{"ancestorTitles":["climbingAction (Golden Pattern)","Precondition Checks"],"fullName":"climbingAction (Golden Pattern) Precondition Checks should fail when already on target","status":"passed","title":"should fail when already on target","duration":1.7713019999937387,"failureMessages":[],"meta":{}},{"ancestorTitles":["climbingAction (Golden Pattern)","Precondition Checks"],"fullName":"climbingAction (Golden Pattern) Precondition Checks should fail for invalid directions","status":"passed","title":"should fail for invalid directions","duration":2.2418829999951413,"failureMessages":[],"meta":{}},{"ancestorTitles":["climbingAction (Golden Pattern)","Precondition Checks"],"fullName":"climbingAction (Golden Pattern) Precondition Checks should fail when no exit in climb direction","status":"passed","title":"should fail when no exit in climb direction","duration":4.428715999994893,"failureMessages":[],"meta":{}},{"ancestorTitles":["climbingAction (Golden Pattern)","Precondition Checks"],"fullName":"climbingAction (Golden Pattern) Precondition Checks should fail when not in a room for directional climbing","status":"passed","title":"should fail when not in a room for directional climbing","duration":2.5630249999958323,"failureMessages":[],"meta":{}},{"ancestorTitles":["climbingAction (Golden Pattern)","Successful Climbing"],"fullName":"climbingAction (Golden Pattern) Successful Climbing should climb up when exit exists","status":"passed","title":"should climb up when exit exists","duration":1.9560729999939213,"failureMessages":[],"meta":{}},{"ancestorTitles":["climbingAction (Golden Pattern)","Successful Climbing"],"fullName":"climbingAction (Golden Pattern) Successful Climbing should climb down when exit exists","status":"passed","title":"should climb down when exit exists","duration":1.0938460000033956,"failureMessages":[],"meta":{}},{"ancestorTitles":["climbingAction (Golden Pattern)","Successful Climbing"],"fullName":"climbingAction (Golden Pattern) Successful Climbing should climb onto enterable supporter","status":"passed","title":"should climb onto enterable supporter","duration":2.4144430000014836,"failureMessages":[],"meta":{}},{"ancestorTitles":["climbingAction (Golden Pattern)","Successful Climbing"],"fullName":"climbingAction (Golden Pattern) Successful Climbing should climb object with ENTRY trait","status":"passed","title":"should climb object with ENTRY trait","duration":1.1864280000008876,"failureMessages":[],"meta":{}},{"ancestorTitles":["climbingAction (Golden Pattern)","Successful Climbing"],"fullName":"climbingAction (Golden Pattern) Successful Climbing should handle direction normalization","status":"passed","title":"should handle direction normalization","duration":0.6989679999969667,"failureMessages":[],"meta":{}},{"ancestorTitles":["climbingAction (Golden Pattern)","Event Structure Validation"],"fullName":"climbingAction (Golden Pattern) Event Structure Validation should include proper entities in all events","status":"passed","title":"should include proper entities in all events","duration":1.2660400000022491,"failureMessages":[],"meta":{}},{"ancestorTitles":["Testing Pattern Examples for Climbing"],"fullName":"Testing Pattern Examples for Climbing pattern: multi-level climbing","status":"passed","title":"pattern: multi-level climbing","duration":1.4981780000089202,"failureMessages":[],"meta":{}},{"ancestorTitles":["Testing Pattern Examples for Climbing"],"fullName":"Testing Pattern Examples for Climbing pattern: climbable objects vs movement","status":"passed","title":"pattern: climbable objects vs movement","duration":0.5320490000012796,"failureMessages":[],"meta":{}}],"startTime":1754491992097,"endTime":1754491992141.532,"status":"passed","message":"","name":"/mnt/c/repotemp/sharpee/packages/stdlib/tests/unit/actions/climbing-golden.test.ts"},{"assertionResults":[{"ancestorTitles":["closingAction (Golden Pattern)","Action Metadata"],"fullName":"closingAction (Golden Pattern) Action Metadata should have correct ID","status":"passed","title":"should have correct ID","duration":2.930065000000468,"failureMessages":[],"meta":{}},{"ancestorTitles":["closingAction (Golden Pattern)","Action Metadata"],"fullName":"closingAction (Golden Pattern) Action Metadata should declare required messages","status":"passed","title":"should declare required messages","duration":1.6552760000013222,"failureMessages":[],"meta":{}},{"ancestorTitles":["closingAction (Golden Pattern)","Action Metadata"],"fullName":"closingAction (Golden Pattern) Action Metadata should belong to container_manipulation group","status":"passed","title":"should belong to container_manipulation group","duration":0.16040199999770266,"failureMessages":[],"meta":{}},{"ancestorTitles":["closingAction (Golden Pattern)","Precondition Checks"],"fullName":"closingAction (Golden Pattern) Precondition Checks should fail when no target specified","status":"passed","title":"should fail when no target specified","duration":2.331045000002632,"failureMessages":[],"meta":{}},{"ancestorTitles":["closingAction (Golden Pattern)","Precondition Checks"],"fullName":"closingAction (Golden Pattern) Precondition Checks should fail when target is not closable","status":"passed","title":"should fail when target is not closable","duration":1.016511999998329,"failureMessages":[],"meta":{}},{"ancestorTitles":["closingAction (Golden Pattern)","Precondition Checks"],"fullName":"closingAction (Golden Pattern) Precondition Checks should fail when already closed","status":"passed","title":"should fail when already closed","duration":1.1032459999987623,"failureMessages":[],"meta":{}},{"ancestorTitles":["closingAction (Golden Pattern)","Successful Closing"],"fullName":"closingAction (Golden Pattern) Successful Closing should close an open container","status":"passed","title":"should close an open container","duration":0.97206400000141,"failureMessages":[],"meta":{}},{"ancestorTitles":["closingAction (Golden Pattern)","Successful Closing"],"fullName":"closingAction (Golden Pattern) Successful Closing should include container contents in event","status":"passed","title":"should include container contents in event","duration":1.0002820000008796,"failureMessages":[],"meta":{}},{"ancestorTitles":["closingAction (Golden Pattern)","Successful Closing"],"fullName":"closingAction (Golden Pattern) Successful Closing should handle closing a door","status":"passed","title":"should handle closing a door","duration":0.6586970000025758,"failureMessages":[],"meta":{}},{"ancestorTitles":["closingAction (Golden Pattern)","Special Cases"],"fullName":"closingAction (Golden Pattern) Special Cases should handle close requirements","status":"passed","title":"should handle close requirements","duration":0.9541960000024119,"failureMessages":[],"meta":{}},{"ancestorTitles":["closingAction (Golden Pattern)","Event Structure Validation"],"fullName":"closingAction (Golden Pattern) Event Structure Validation should include proper entities in all events","status":"passed","title":"should include proper entities in all events","duration":0.8569039999965753,"failureMessages":[],"meta":{}},{"ancestorTitles":["Testing Pattern Examples"],"fullName":"Testing Pattern Examples pattern: testing container with various states","status":"passed","title":"pattern: testing container with various states","duration":0.26386599999750615,"failureMessages":[],"meta":{}},{"ancestorTitles":["Testing Pattern Examples"],"fullName":"Testing Pattern Examples pattern: testing close requirements","status":"passed","title":"pattern: testing close requirements","duration":0.48784299999897485,"failureMessages":[],"meta":{}}],"startTime":1754492086547,"endTime":1754492086562.4878,"status":"passed","message":"","name":"/mnt/c/repotemp/sharpee/packages/stdlib/tests/unit/actions/closing-golden.test.ts"},{"assertionResults":[{"ancestorTitles":["drinkingAction (Golden Pattern)","Action Metadata"],"fullName":"drinkingAction (Golden Pattern) Action Metadata should have correct ID","status":"passed","title":"should have correct ID","duration":1.2507229999901028,"failureMessages":[],"meta":{}},{"ancestorTitles":["drinkingAction (Golden Pattern)","Action Metadata"],"fullName":"drinkingAction (Golden Pattern) Action Metadata should declare required messages","status":"passed","title":"should declare required messages","duration":1.5435839999991003,"failureMessages":[],"meta":{}},{"ancestorTitles":["drinkingAction (Golden Pattern)","Action Metadata"],"fullName":"drinkingAction (Golden Pattern) Action Metadata should belong to interaction group","status":"passed","title":"should belong to interaction group","duration":0.16336500000033993,"failureMessages":[],"meta":{}},{"ancestorTitles":["drinkingAction (Golden Pattern)","Precondition Checks"],"fullName":"drinkingAction (Golden Pattern) Precondition Checks should fail when no item specified","status":"passed","title":"should fail when no item specified","duration":1.904340000008233,"failureMessages":[],"meta":{}},{"ancestorTitles":["drinkingAction (Golden Pattern)","Precondition Checks"],"fullName":"drinkingAction (Golden Pattern) Precondition Checks should fail when item is not drinkable","status":"passed","title":"should fail when item is not drinkable","duration":0.6874709999974584,"failureMessages":[],"meta":{}},{"ancestorTitles":["drinkingAction (Golden Pattern)","Precondition Checks"],"fullName":"drinkingAction (Golden Pattern) Precondition Checks should fail when drink is already consumed","status":"passed","title":"should fail when drink is already consumed","duration":0.41661000000021886,"failureMessages":[],"meta":{}},{"ancestorTitles":["drinkingAction (Golden Pattern)","Precondition Checks"],"fullName":"drinkingAction (Golden Pattern) Precondition Checks should fail when container is closed","status":"passed","title":"should fail when container is closed","duration":0.4919839999929536,"failureMessages":[],"meta":{}},{"ancestorTitles":["drinkingAction (Golden Pattern)","Successful Drinking"],"fullName":"drinkingAction (Golden Pattern) Successful Drinking should drink item from inventory","status":"passed","title":"should drink item from inventory","duration":0.5012009999918519,"failureMessages":[],"meta":{}},{"ancestorTitles":["drinkingAction (Golden Pattern)","Successful Drinking"],"fullName":"drinkingAction (Golden Pattern) Successful Drinking should implicitly take and drink item from room","status":"passed","title":"should implicitly take and drink item from room","duration":0.5764239999989513,"failureMessages":[],"meta":{}},{"ancestorTitles":["drinkingAction (Golden Pattern)","Successful Drinking"],"fullName":"drinkingAction (Golden Pattern) Successful Drinking should handle drink with portions","status":"passed","title":"should handle drink with portions","duration":0.9022649999969872,"failureMessages":[],"meta":{}},{"ancestorTitles":["drinkingAction (Golden Pattern)","Successful Drinking"],"fullName":"drinkingAction (Golden Pattern) Successful Drinking should handle drinking last portion","status":"passed","title":"should handle drinking last portion","duration":1.2709310000063851,"failureMessages":[],"meta":{}},{"ancestorTitles":["drinkingAction (Golden Pattern)","Successful Drinking"],"fullName":"drinkingAction (Golden Pattern) Successful Drinking should handle refreshing drink","status":"passed","title":"should handle refreshing drink","duration":0.5719869999884395,"failureMessages":[],"meta":{}},{"ancestorTitles":["drinkingAction (Golden Pattern)","Successful Drinking"],"fullName":"drinkingAction (Golden Pattern) Successful Drinking should handle bitter drink","status":"passed","title":"should handle bitter drink","duration":0.36251700000138953,"failureMessages":[],"meta":{}},{"ancestorTitles":["drinkingAction (Golden Pattern)","Successful Drinking"],"fullName":"drinkingAction (Golden Pattern) Successful Drinking should handle sweet drink","status":"passed","title":"should handle sweet drink","duration":0.3343930000119144,"failureMessages":[],"meta":{}},{"ancestorTitles":["drinkingAction (Golden Pattern)","Successful Drinking"],"fullName":"drinkingAction (Golden Pattern) Successful Drinking should handle strong/alcoholic drink","status":"passed","title":"should handle strong/alcoholic drink","duration":0.3239730000059353,"failureMessages":[],"meta":{}},{"ancestorTitles":["drinkingAction (Golden Pattern)","Successful Drinking"],"fullName":"drinkingAction (Golden Pattern) Successful Drinking should handle magical drink","status":"passed","title":"should handle magical drink","duration":0.3756919999868842,"failureMessages":[],"meta":{}},{"ancestorTitles":["drinkingAction (Golden Pattern)","Successful Drinking"],"fullName":"drinkingAction (Golden Pattern) Successful Drinking should handle healing drink","status":"passed","title":"should handle healing drink","duration":0.21938999999838416,"failureMessages":[],"meta":{}},{"ancestorTitles":["drinkingAction (Golden Pattern)","Successful Drinking"],"fullName":"drinkingAction (Golden Pattern) Successful Drinking should handle thirst-quenching drink","status":"passed","title":"should handle thirst-quenching drink","duration":0.24375599999621045,"failureMessages":[],"meta":{}},{"ancestorTitles":["drinkingAction (Golden Pattern)","Successful Drinking"],"fullName":"drinkingAction (Golden Pattern) Successful Drinking should handle non-thirst-quenching drink","status":"passed","title":"should handle non-thirst-quenching drink","duration":0.26814400000148453,"failureMessages":[],"meta":{}},{"ancestorTitles":["drinkingAction (Golden Pattern)","Successful Drinking"],"fullName":"drinkingAction (Golden Pattern) Successful Drinking should handle drinking from container","status":"passed","title":"should handle drinking from container","duration":0.4405830000032438,"failureMessages":[],"meta":{}},{"ancestorTitles":["drinkingAction (Golden Pattern)","Successful Drinking"],"fullName":"drinkingAction (Golden Pattern) Successful Drinking should handle emptying container","status":"passed","title":"should handle emptying container","duration":0.3742010000132723,"failureMessages":[],"meta":{}},{"ancestorTitles":["drinkingAction (Golden Pattern)","Successful Drinking"],"fullName":"drinkingAction (Golden Pattern) Successful Drinking should handle container without tracked amount","status":"passed","title":"should handle container without tracked amount","duration":0.21428699999523815,"failureMessages":[],"meta":{}},{"ancestorTitles":["drinkingAction (Golden Pattern)","Successful Drinking"],"fullName":"drinkingAction (Golden Pattern) Successful Drinking should handle drink with nutrition value","status":"passed","title":"should handle drink with nutrition value","duration":0.16876800000318326,"failureMessages":[],"meta":{}},{"ancestorTitles":["drinkingAction (Golden Pattern)","Verb Variations"],"fullName":"drinkingAction (Golden Pattern) Verb Variations should handle sip verb","status":"passed","title":"should handle sip verb","duration":0.19904099999985192,"failureMessages":[],"meta":{}},{"ancestorTitles":["drinkingAction (Golden Pattern)","Verb Variations"],"fullName":"drinkingAction (Golden Pattern) Verb Variations should handle quaff verb","status":"passed","title":"should handle quaff verb","duration":0.24516600000788458,"failureMessages":[],"meta":{}},{"ancestorTitles":["drinkingAction (Golden Pattern)","Verb Variations"],"fullName":"drinkingAction (Golden Pattern) Verb Variations should handle swallow/gulp verb","status":"passed","title":"should handle swallow/gulp verb","duration":0.24591300000611227,"failureMessages":[],"meta":{}},{"ancestorTitles":["drinkingAction (Golden Pattern)","Event Structure Validation"],"fullName":"drinkingAction (Golden Pattern) Event Structure Validation should include proper entities in all events","status":"passed","title":"should include proper entities in all events","duration":1.435141999987536,"failureMessages":[],"meta":{}},{"ancestorTitles":["Testing Pattern Examples for Drinking"],"fullName":"Testing Pattern Examples for Drinking pattern: complex beverage system with multiple properties","status":"passed","title":"pattern: complex beverage system with multiple properties","duration":0.6897940000053495,"failureMessages":[],"meta":{}},{"ancestorTitles":["Testing Pattern Examples for Drinking"],"fullName":"Testing Pattern Examples for Drinking pattern: container liquid system","status":"passed","title":"pattern: container liquid system","duration":0.4507910000102129,"failureMessages":[],"meta":{}},{"ancestorTitles":["Testing Pattern Examples for Drinking"],"fullName":"Testing Pattern Examples for Drinking pattern: drink effects spectrum","status":"passed","title":"pattern: drink effects spectrum","duration":0.21224100000108592,"failureMessages":[],"meta":{}},{"ancestorTitles":["Testing Pattern Examples for Drinking"],"fullName":"Testing Pattern Examples for Drinking pattern: beverage taste spectrum","status":"passed","title":"pattern: beverage taste spectrum","duration":0.34772099999827333,"failureMessages":[],"meta":{}}],"startTime":1754491995734,"endTime":1754491995752.4507,"status":"passed","message":"","name":"/mnt/c/repotemp/sharpee/packages/stdlib/tests/unit/actions/drinking-golden.test.ts"},{"assertionResults":[{"ancestorTitles":["droppingAction (Golden Pattern)","Action Metadata"],"fullName":"droppingAction (Golden Pattern) Action Metadata should have correct ID","status":"passed","title":"should have correct ID","duration":1.7663880000000063,"failureMessages":[],"meta":{}},{"ancestorTitles":["droppingAction (Golden Pattern)","Action Metadata"],"fullName":"droppingAction (Golden Pattern) Action Metadata should declare required messages","status":"passed","title":"should declare required messages","duration":2.4249759999984235,"failureMessages":[],"meta":{}},{"ancestorTitles":["droppingAction (Golden Pattern)","Action Metadata"],"fullName":"droppingAction (Golden Pattern) Action Metadata should belong to object_manipulation group","status":"passed","title":"should belong to object_manipulation group","duration":0.36651699999856646,"failureMessages":[],"meta":{}},{"ancestorTitles":["droppingAction (Golden Pattern)","Precondition Checks"],"fullName":"droppingAction (Golden Pattern) Precondition Checks should fail when no target specified","status":"passed","title":"should fail when no target specified","duration":3.9058159999985946,"failureMessages":[],"meta":{}},{"ancestorTitles":["droppingAction (Golden Pattern)","Precondition Checks"],"fullName":"droppingAction (Golden Pattern) Precondition Checks should fail when not holding the item","status":"passed","title":"should fail when not holding the item","duration":1.2983019999992393,"failureMessages":[],"meta":{}},{"ancestorTitles":["droppingAction (Golden Pattern)","Precondition Checks"],"fullName":"droppingAction (Golden Pattern) Precondition Checks should fail when item is still worn","status":"passed","title":"should fail when item is still worn","duration":0.5101940000022296,"failureMessages":[],"meta":{}},{"ancestorTitles":["droppingAction (Golden Pattern)","Container Checks"],"fullName":"droppingAction (Golden Pattern) Container Checks should allow dropping inside a closed container","status":"skipped","title":"should allow dropping inside a closed container","failureMessages":[],"meta":{}},{"ancestorTitles":["droppingAction (Golden Pattern)","Container Checks"],"fullName":"droppingAction (Golden Pattern) Container Checks should fail when container is full","status":"passed","title":"should fail when container is full","duration":0.7438830000028247,"failureMessages":[],"meta":{}},{"ancestorTitles":["droppingAction (Golden Pattern)","Successful Dropping"],"fullName":"droppingAction (Golden Pattern) Successful Dropping should drop item in room","status":"passed","title":"should drop item in room","duration":2.8473180000000866,"failureMessages":[],"meta":{}},{"ancestorTitles":["droppingAction (Golden Pattern)","Successful Dropping"],"fullName":"droppingAction (Golden Pattern) Successful Dropping should drop item in open container","status":"passed","title":"should drop item in open container","duration":0.6342980000008538,"failureMessages":[],"meta":{}},{"ancestorTitles":["droppingAction (Golden Pattern)","Successful Dropping"],"fullName":"droppingAction (Golden Pattern) Successful Dropping should drop item on supporter","status":"passed","title":"should drop item on supporter","duration":0.4868139999998675,"failureMessages":[],"meta":{}},{"ancestorTitles":["droppingAction (Golden Pattern)","Message Variations"],"fullName":"droppingAction (Golden Pattern) Message Variations should use careful message for glass items","status":"passed","title":"should use careful message for glass items","duration":0.25014699999883305,"failureMessages":[],"meta":{}},{"ancestorTitles":["droppingAction (Golden Pattern)","Message Variations"],"fullName":"droppingAction (Golden Pattern) Message Variations should use careless message for discard verb","status":"passed","title":"should use careless message for discard verb","duration":0.4435680000024149,"failureMessages":[],"meta":{}},{"ancestorTitles":["droppingAction (Golden Pattern)","Event Structure Validation"],"fullName":"droppingAction (Golden Pattern) Event Structure Validation should include proper entities in all events","status":"passed","title":"should include proper entities in all events","duration":1.4201079999984358,"failureMessages":[],"meta":{}},{"ancestorTitles":["Dropping Action Edge Cases"],"fullName":"Dropping Action Edge Cases should handle dropping in container without capacity limits","status":"passed","title":"should handle dropping in container without capacity limits","duration":0.3767970000008063,"failureMessages":[],"meta":{}},{"ancestorTitles":["Dropping Action Edge Cases"],"fullName":"Dropping Action Edge Cases should handle dropping worn item that is not actually worn","status":"passed","title":"should handle dropping worn item that is not actually worn","duration":0.2396149999985937,"failureMessages":[],"meta":{}},{"ancestorTitles":["Dropping Action Edge Cases"],"fullName":"Dropping Action Edge Cases should handle edge case of player dropping item while not in a room","status":"skipped","title":"should handle edge case of player dropping item while not in a room","failureMessages":[],"meta":{}}],"startTime":1754492086542,"endTime":1754492086561.3767,"status":"passed","message":"","name":"/mnt/c/repotemp/sharpee/packages/stdlib/tests/unit/actions/dropping-golden.test.ts"},{"assertionResults":[{"ancestorTitles":["eatingAction (Golden Pattern)","Action Metadata"],"fullName":"eatingAction (Golden Pattern) Action Metadata should have correct ID","status":"passed","title":"should have correct ID","duration":1.2547010000052978,"failureMessages":[],"meta":{}},{"ancestorTitles":["eatingAction (Golden Pattern)","Action Metadata"],"fullName":"eatingAction (Golden Pattern) Action Metadata should declare required messages","status":"passed","title":"should declare required messages","duration":1.7931449999960023,"failureMessages":[],"meta":{}},{"ancestorTitles":["eatingAction (Golden Pattern)","Action Metadata"],"fullName":"eatingAction (Golden Pattern) Action Metadata should belong to interaction group","status":"passed","title":"should belong to interaction group","duration":0.21942899999703513,"failureMessages":[],"meta":{}},{"ancestorTitles":["eatingAction (Golden Pattern)","Precondition Checks"],"fullName":"eatingAction (Golden Pattern) Precondition Checks should fail when no item specified","status":"passed","title":"should fail when no item specified","duration":1.8464330000060727,"failureMessages":[],"meta":{}},{"ancestorTitles":["eatingAction (Golden Pattern)","Precondition Checks"],"fullName":"eatingAction (Golden Pattern) Precondition Checks should fail when item is not edible","status":"passed","title":"should fail when item is not edible","duration":1.764727000001585,"failureMessages":[],"meta":{}},{"ancestorTitles":["eatingAction (Golden Pattern)","Precondition Checks"],"fullName":"eatingAction (Golden Pattern) Precondition Checks should fail when item is a drink","status":"passed","title":"should fail when item is a drink","duration":0.4282230000026175,"failureMessages":[],"meta":{}},{"ancestorTitles":["eatingAction (Golden Pattern)","Precondition Checks"],"fullName":"eatingAction (Golden Pattern) Precondition Checks should fail when item is already consumed","status":"passed","title":"should fail when item is already consumed","duration":0.41449300000385847,"failureMessages":[],"meta":{}},{"ancestorTitles":["eatingAction (Golden Pattern)","Successful Eating"],"fullName":"eatingAction (Golden Pattern) Successful Eating should eat item from inventory","status":"passed","title":"should eat item from inventory","duration":0.4232849999971222,"failureMessages":[],"meta":{}},{"ancestorTitles":["eatingAction (Golden Pattern)","Successful Eating"],"fullName":"eatingAction (Golden Pattern) Successful Eating should implicitly take and eat item from room","status":"passed","title":"should implicitly take and eat item from room","duration":0.5933740000036778,"failureMessages":[],"meta":{}},{"ancestorTitles":["eatingAction (Golden Pattern)","Successful Eating"],"fullName":"eatingAction (Golden Pattern) Successful Eating should handle food with portions","status":"passed","title":"should handle food with portions","duration":0.34108199999900535,"failureMessages":[],"meta":{}},{"ancestorTitles":["eatingAction (Golden Pattern)","Successful Eating"],"fullName":"eatingAction (Golden Pattern) Successful Eating should handle eating last portion","status":"passed","title":"should handle eating last portion","duration":0.23749099999986356,"failureMessages":[],"meta":{}},{"ancestorTitles":["eatingAction (Golden Pattern)","Successful Eating"],"fullName":"eatingAction (Golden Pattern) Successful Eating should handle delicious food","status":"passed","title":"should handle delicious food","duration":0.3493789999993169,"failureMessages":[],"meta":{}},{"ancestorTitles":["eatingAction (Golden Pattern)","Successful Eating"],"fullName":"eatingAction (Golden Pattern) Successful Eating should handle tasty food","status":"passed","title":"should handle tasty food","duration":0.22483699999429518,"failureMessages":[],"meta":{}},{"ancestorTitles":["eatingAction (Golden Pattern)","Successful Eating"],"fullName":"eatingAction (Golden Pattern) Successful Eating should handle bland food","status":"passed","title":"should handle bland food","duration":0.22919800000090618,"failureMessages":[],"meta":{}},{"ancestorTitles":["eatingAction (Golden Pattern)","Successful Eating"],"fullName":"eatingAction (Golden Pattern) Successful Eating should handle awful food","status":"passed","title":"should handle awful food","duration":0.19273900000553112,"failureMessages":[],"meta":{}},{"ancestorTitles":["eatingAction (Golden Pattern)","Successful Eating"],"fullName":"eatingAction (Golden Pattern) Successful Eating should handle poisonous food","status":"passed","title":"should handle poisonous food","duration":0.28627899999992223,"failureMessages":[],"meta":{}},{"ancestorTitles":["eatingAction (Golden Pattern)","Successful Eating"],"fullName":"eatingAction (Golden Pattern) Successful Eating should handle filling food","status":"passed","title":"should handle filling food","duration":0.6548949999996694,"failureMessages":[],"meta":{}},{"ancestorTitles":["eatingAction (Golden Pattern)","Successful Eating"],"fullName":"eatingAction (Golden Pattern) Successful Eating should handle non-filling food","status":"passed","title":"should handle non-filling food","duration":0.2602980000010575,"failureMessages":[],"meta":{}},{"ancestorTitles":["eatingAction (Golden Pattern)","Successful Eating"],"fullName":"eatingAction (Golden Pattern) Successful Eating should handle food with nutrition value","status":"passed","title":"should handle food with nutrition value","duration":0.24303199999849312,"failureMessages":[],"meta":{}},{"ancestorTitles":["eatingAction (Golden Pattern)","Verb Variations"],"fullName":"eatingAction (Golden Pattern) Verb Variations should handle nibble verb","status":"passed","title":"should handle nibble verb","duration":0.18585799999709707,"failureMessages":[],"meta":{}},{"ancestorTitles":["eatingAction (Golden Pattern)","Verb Variations"],"fullName":"eatingAction (Golden Pattern) Verb Variations should handle taste verb","status":"passed","title":"should handle taste verb","duration":0.24729500000103144,"failureMessages":[],"meta":{}},{"ancestorTitles":["eatingAction (Golden Pattern)","Verb Variations"],"fullName":"eatingAction (Golden Pattern) Verb Variations should handle devour verb","status":"passed","title":"should handle devour verb","duration":0.3018690000026254,"failureMessages":[],"meta":{}},{"ancestorTitles":["eatingAction (Golden Pattern)","Verb Variations"],"fullName":"eatingAction (Golden Pattern) Verb Variations should handle munch verb","status":"passed","title":"should handle munch verb","duration":0.24119199999404373,"failureMessages":[],"meta":{}},{"ancestorTitles":["eatingAction (Golden Pattern)","Event Structure Validation"],"fullName":"eatingAction (Golden Pattern) Event Structure Validation should include proper entities in all events","status":"passed","title":"should include proper entities in all events","duration":1.0808850000030361,"failureMessages":[],"meta":{}},{"ancestorTitles":["Testing Pattern Examples for Eating"],"fullName":"Testing Pattern Examples for Eating pattern: complex food system with multiple properties","status":"passed","title":"pattern: complex food system with multiple properties","duration":0.2868460000026971,"failureMessages":[],"meta":{}},{"ancestorTitles":["Testing Pattern Examples for Eating"],"fullName":"Testing Pattern Examples for Eating pattern: food with special effects","status":"passed","title":"pattern: food with special effects","duration":0.18581199999607634,"failureMessages":[],"meta":{}},{"ancestorTitles":["Testing Pattern Examples for Eating"],"fullName":"Testing Pattern Examples for Eating pattern: food quality spectrum","status":"passed","title":"pattern: food quality spectrum","duration":0.2646329999988666,"failureMessages":[],"meta":{}},{"ancestorTitles":["Testing Pattern Examples for Eating"],"fullName":"Testing Pattern Examples for Eating pattern: multi-portion foods","status":"passed","title":"pattern: multi-portion foods","duration":0.2782569999981206,"failureMessages":[],"meta":{}}],"startTime":1754492065181,"endTime":1754492065196.2869,"status":"passed","message":"","name":"/mnt/c/repotemp/sharpee/packages/stdlib/tests/unit/actions/eating-golden.test.ts"},{"assertionResults":[{"ancestorTitles":["enteringAction (Golden Pattern)","Action Metadata"],"fullName":"enteringAction (Golden Pattern) Action Metadata should have correct ID","status":"passed","title":"should have correct ID","duration":1.1382699999958277,"failureMessages":[],"meta":{}},{"ancestorTitles":["enteringAction (Golden Pattern)","Action Metadata"],"fullName":"enteringAction (Golden Pattern) Action Metadata should declare required messages","status":"passed","title":"should declare required messages","duration":1.3052779999998165,"failureMessages":[],"meta":{}},{"ancestorTitles":["enteringAction (Golden Pattern)","Action Metadata"],"fullName":"enteringAction (Golden Pattern) Action Metadata should belong to movement group","status":"passed","title":"should belong to movement group","duration":0.12576000000262866,"failureMessages":[],"meta":{}},{"ancestorTitles":["enteringAction (Golden Pattern)","Precondition Checks"],"fullName":"enteringAction (Golden Pattern) Precondition Checks should fail when no target specified","status":"passed","title":"should fail when no target specified","duration":2.5466190000006463,"failureMessages":[],"meta":{}},{"ancestorTitles":["enteringAction (Golden Pattern)","Precondition Checks"],"fullName":"enteringAction (Golden Pattern) Precondition Checks should fail when target is not enterable","status":"passed","title":"should fail when target is not enterable","duration":0.776123000003281,"failureMessages":[],"meta":{}},{"ancestorTitles":["enteringAction (Golden Pattern)","Precondition Checks"],"fullName":"enteringAction (Golden Pattern) Precondition Checks should fail when already inside target","status":"skipped","title":"should fail when already inside target","failureMessages":[],"meta":{}},{"ancestorTitles":["enteringAction (Golden Pattern)","Precondition Checks"],"fullName":"enteringAction (Golden Pattern) Precondition Checks should fail when entry is blocked","status":"passed","title":"should fail when entry is blocked","duration":1.0295610000030138,"failureMessages":[],"meta":{}},{"ancestorTitles":["enteringAction (Golden Pattern)","Precondition Checks"],"fullName":"enteringAction (Golden Pattern) Precondition Checks should fail when container is closed","status":"passed","title":"should fail when container is closed","duration":0.8157130000035977,"failureMessages":[],"meta":{}},{"ancestorTitles":["enteringAction (Golden Pattern)","Precondition Checks"],"fullName":"enteringAction (Golden Pattern) Precondition Checks should fail when at maximum occupancy","status":"passed","title":"should fail when at maximum occupancy","duration":1.000105999999505,"failureMessages":[],"meta":{}},{"ancestorTitles":["enteringAction (Golden Pattern)","Successful Entry"],"fullName":"enteringAction (Golden Pattern) Successful Entry should enter object with ENTRY trait","status":"passed","title":"should enter object with ENTRY trait","duration":1.430028000002494,"failureMessages":[],"meta":{}},{"ancestorTitles":["enteringAction (Golden Pattern)","Successful Entry"],"fullName":"enteringAction (Golden Pattern) Successful Entry should enter enterable container","status":"passed","title":"should enter enterable container","duration":0.5154580000016722,"failureMessages":[],"meta":{}},{"ancestorTitles":["enteringAction (Golden Pattern)","Successful Entry"],"fullName":"enteringAction (Golden Pattern) Successful Entry should enter enterable supporter","status":"passed","title":"should enter enterable supporter","duration":0.34429800000361865,"failureMessages":[],"meta":{}},{"ancestorTitles":["enteringAction (Golden Pattern)","Successful Entry"],"fullName":"enteringAction (Golden Pattern) Successful Entry should check occupancy for containers with actors","status":"passed","title":"should check occupancy for containers with actors","duration":0.3827069999970263,"failureMessages":[],"meta":{}},{"ancestorTitles":["enteringAction (Golden Pattern)","Successful Entry"],"fullName":"enteringAction (Golden Pattern) Successful Entry should handle custom prepositions","status":"passed","title":"should handle custom prepositions","duration":0.2251689999975497,"failureMessages":[],"meta":{}},{"ancestorTitles":["enteringAction (Golden Pattern)","Event Structure Validation"],"fullName":"enteringAction (Golden Pattern) Event Structure Validation should include proper entities in all events","status":"passed","title":"should include proper entities in all events","duration":0.3394090000001597,"failureMessages":[],"meta":{}},{"ancestorTitles":["Testing Pattern Examples for Entering"],"fullName":"Testing Pattern Examples for Entering pattern: complex
[...]
 Wearing"],"fullName":"wearingAction (Golden Pattern) Successful Wearing should handle layered clothing correctly","status":"passed","title":"should handle layered clothing correctly","duration":1.0210230000011506,"failureMessages":[],"meta":{}},{"ancestorTitles":["wearingAction (Golden Pattern)","Successful Wearing"],"fullName":"wearingAction (Golden Pattern) Successful Wearing should wear multiple items on different body parts","status":"passed","title":"should wear multiple items on different body parts","duration":0.49481699999887496,"failureMessages":[],"meta":{}},{"ancestorTitles":["wearingAction (Golden Pattern)","Event Structure Validation"],"fullName":"wearingAction (Golden Pattern) Event Structure Validation should include proper entities in all events","status":"passed","title":"should include proper entities in all events","duration":0.4537560000026133,"failureMessages":[],"meta":{}},{"ancestorTitles":["Testing Pattern Examples for Wearing"],"fullName":"Testing Pattern Examples for Wearing pattern: complete outfit system","status":"passed","title":"pattern: complete outfit system","duration":0.25460300000122515,"failureMessages":[],"meta":{}},{"ancestorTitles":["Testing Pattern Examples for Wearing"],"fullName":"Testing Pattern Examples for Wearing pattern: body part coverage","status":"passed","title":"pattern: body part coverage","duration":0.5220839999965392,"failureMessages":[],"meta":{}}],"startTime":1754492042194,"endTime":1754492042207.522,"status":"passed","message":"","name":"/mnt/c/repotemp/sharpee/packages/stdlib/tests/unit/actions/wearing-golden.test.ts"},{"assertionResults":[{"ancestorTitles":["StandardScopeResolver","Basic Visibility"],"fullName":"StandardScopeResolver Basic Visibility should see objects in same room","status":"passed","title":"should see objects in same room","duration":2.9738820000002306,"failureMessages":[],"meta":{}},{"ancestorTitles":["StandardScopeResolver","Basic Visibility"],"fullName":"StandardScopeResolver Basic Visibility should not see objects in different room","status":"passed","title":"should not see objects in different room","duration":1.4624250000015309,"failureMessages":[],"meta":{}},{"ancestorTitles":["StandardScopeResolver","Basic Visibility"],"fullName":"StandardScopeResolver Basic Visibility should see carried items","status":"passed","title":"should see carried items","duration":0.5918039999996836,"failureMessages":[],"meta":{}},{"ancestorTitles":["StandardScopeResolver","Container Visibility"],"fullName":"StandardScopeResolver Container Visibility should see objects in open containers","status":"passed","title":"should see objects in open containers","duration":0.4028779999989638,"failureMessages":[],"meta":{}},{"ancestorTitles":["StandardScopeResolver","Container Visibility"],"fullName":"StandardScopeResolver Container Visibility should not see objects in closed containers","status":"passed","title":"should not see objects in closed containers","duration":0.41869100000076287,"failureMessages":[],"meta":{}},{"ancestorTitles":["StandardScopeResolver","Container Visibility"],"fullName":"StandardScopeResolver Container Visibility should see nested containers when open","status":"passed","title":"should see nested containers when open","duration":0.3192510000008042,"failureMessages":[],"meta":{}},{"ancestorTitles":["StandardScopeResolver","Container Visibility"],"fullName":"StandardScopeResolver Container Visibility should not see through any closed container in hierarchy","status":"passed","title":"should not see through any closed container in hierarchy","duration":0.2365250000002561,"failureMessages":[],"meta":{}},{"ancestorTitles":["StandardScopeResolver","Supporter Visibility"],"fullName":"StandardScopeResolver Supporter Visibility should see objects on supporters","status":"passed","title":"should see objects on supporters","duration":0.18974799999887182,"failureMessages":[],"meta":{}},{"ancestorTitles":["StandardScopeResolver","Supporter Visibility"],"fullName":"StandardScopeResolver Supporter Visibility should see objects on nested supporters","status":"passed","title":"should see objects on nested supporters","duration":0.23029700000006414,"failureMessages":[],"meta":{}},{"ancestorTitles":["StandardScopeResolver","Reachability"],"fullName":"StandardScopeResolver Reachability should reach objects in same location","status":"passed","title":"should reach objects in same location","duration":0.7372119999999995,"failureMessages":[],"meta":{}},{"ancestorTitles":["StandardScopeResolver","Reachability"],"fullName":"StandardScopeResolver Reachability should reach objects on supporters","status":"passed","title":"should reach objects on supporters","duration":0.23444699999890872,"failureMessages":[],"meta":{}},{"ancestorTitles":["StandardScopeResolver","Reachability"],"fullName":"StandardScopeResolver Reachability should reach objects in open containers","status":"passed","title":"should reach objects in open containers","duration":0.1402060000000347,"failureMessages":[],"meta":{}},{"ancestorTitles":["StandardScopeResolver","Reachability"],"fullName":"StandardScopeResolver Reachability should not reach objects in closed containers","status":"passed","title":"should not reach objects in closed containers","duration":0.14661599999999453,"failureMessages":[],"meta":{}},{"ancestorTitles":["StandardScopeResolver","Reachability"],"fullName":"StandardScopeResolver Reachability should not reach high objects","status":"passed","title":"should not reach high objects","duration":0.05382300000019313,"failureMessages":[],"meta":{}},{"ancestorTitles":["StandardScopeResolver","getVisible and getReachable"],"fullName":"StandardScopeResolver getVisible and getReachable should return all visible entities","status":"passed","title":"should return all visible entities","duration":1.2836609999994835,"failureMessages":[],"meta":{}},{"ancestorTitles":["StandardScopeResolver","getVisible and getReachable"],"fullName":"StandardScopeResolver getVisible and getReachable should return only reachable entities","status":"passed","title":"should return only reachable entities","duration":0.5462150000003021,"failureMessages":[],"meta":{}},{"ancestorTitles":["StandardScopeResolver","Edge Cases"],"fullName":"StandardScopeResolver Edge Cases should handle entities with no location","status":"passed","title":"should handle entities with no location","duration":0.4152090000006865,"failureMessages":[],"meta":{}},{"ancestorTitles":["StandardScopeResolver","Edge Cases"],"fullName":"StandardScopeResolver Edge Cases should handle circular containment gracefully","status":"passed","title":"should handle circular containment gracefully","duration":0.26214100000106555,"failureMessages":[],"meta":{}}],"startTime":1754492058249,"endTime":1754492058260.2622,"status":"passed","message":"","name":"/mnt/c/repotemp/sharpee/packages/stdlib/tests/unit/scope/scope-resolver.test.ts"},{"assertionResults":[{"ancestorTitles":["Sensory Extensions","Hearing"],"fullName":"Sensory Extensions Hearing should hear entities in same room","status":"passed","title":"should hear entities in same room","duration":1.8586099999993166,"failureMessages":[],"meta":{}},{"ancestorTitles":["Sensory Extensions","Hearing"],"fullName":"Sensory Extensions Hearing should hear through open doors","status":"passed","title":"should hear through open doors","duration":0.4806930000013381,"failureMessages":[],"meta":{}},{"ancestorTitles":["Sensory Extensions","Hearing"],"fullName":"Sensory Extensions Hearing should hear through closed doors (muffled)","status":"passed","title":"should hear through closed doors (muffled)","duration":0.26665499999944586,"failureMessages":[],"meta":{}},{"ancestorTitles":["Sensory Extensions","Hearing"],"fullName":"Sensory Extensions Hearing should not hear in unconnected rooms","status":"passed","title":"should not hear in unconnected rooms","duration":0.34562199999709264,"failureMessages":[],"meta":{}},{"ancestorTitles":["Sensory Extensions","Hearing"],"fullName":"Sensory Extensions Hearing should get all audible entities","status":"passed","title":"should get all audible entities","duration":1.0339720000010857,"failureMessages":[],"meta":{}},{"ancestorTitles":["Sensory Extensions","Smell"],"fullName":"Sensory Extensions Smell should smell food items in same room","status":"passed","title":"should smell food items in same room","duration":0.23089099999924656,"failureMessages":[],"meta":{}},{"ancestorTitles":["Sensory Extensions","Smell"],"fullName":"Sensory Extensions Smell should smell actors in same room","status":"passed","title":"should smell actors in same room","duration":0.190853000000061,"failureMessages":[],"meta":{}},{"ancestorTitles":["Sensory Extensions","Smell"],"fullName":"Sensory Extensions Smell should smell through open doors","status":"passed","title":"should smell through open doors","duration":0.2673480000012205,"failureMessages":[],"meta":{}},{"ancestorTitles":["Sensory Extensions","Smell"],"fullName":"Sensory Extensions Smell should not smell through closed doors","status":"passed","title":"should not smell through closed doors","duration":0.2807729999985895,"failureMessages":[],"meta":{}},{"ancestorTitles":["Sensory Extensions","Smell"],"fullName":"Sensory Extensions Smell should not smell non-scented items","status":"passed","title":"should not smell non-scented items","duration":0.15727400000105263,"failureMessages":[],"meta":{}},{"ancestorTitles":["Sensory Extensions","Darkness"],"fullName":"Sensory Extensions Darkness should not see in dark rooms without light","status":"passed","title":"should not see in dark rooms without light","duration":0.2354589999995369,"failureMessages":[],"meta":{}},{"ancestorTitles":["Sensory Extensions","Darkness"],"fullName":"Sensory Extensions Darkness should see in dark rooms with carried light source","status":"passed","title":"should see in dark rooms with carried light source","duration":0.1648429999986547,"failureMessages":[],"meta":{}},{"ancestorTitles":["Sensory Extensions","Darkness"],"fullName":"Sensory Extensions Darkness should see if actor itself provides light","status":"passed","title":"should see if actor itself provides light","duration":0.09690499999851454,"failureMessages":[],"meta":{}},{"ancestorTitles":["Sensory Extensions","Darkness"],"fullName":"Sensory Extensions Darkness should see in lit rooms","status":"passed","title":"should see in lit rooms","duration":0.07587499999863212,"failureMessages":[],"meta":{}}],"startTime":1754492053370,"endTime":1754492053376.097,"status":"passed","message":"","name":"/mnt/c/repotemp/sharpee/packages/stdlib/tests/unit/scope/sensory-extensions.test.ts"},{"assertionResults":[{"ancestorTitles":["StandardWitnessSystem","Basic Witnessing"],"fullName":"StandardWitnessSystem Basic Witnessing should record witnesses for movement in same room","status":"passed","title":"should record witnesses for movement in same room","duration":2.669490999998743,"failureMessages":[],"meta":{}},{"ancestorTitles":["StandardWitnessSystem","Basic Witnessing"],"fullName":"StandardWitnessSystem Basic Witnessing should not record actor as witness of their own action","status":"passed","title":"should not record actor as witness of their own action","duration":0.41897400000016205,"failureMessages":[],"meta":{}},{"ancestorTitles":["StandardWitnessSystem","Basic Witnessing"],"fullName":"StandardWitnessSystem Basic Witnessing should not witness events in different rooms","status":"passed","title":"should not witness events in different rooms","duration":0.48624500000005355,"failureMessages":[],"meta":{}},{"ancestorTitles":["StandardWitnessSystem","Knowledge Management"],"fullName":"StandardWitnessSystem Knowledge Management should track discovered entities","status":"passed","title":"should track discovered entities","duration":0.3956109999999171,"failureMessages":[],"meta":{}},{"ancestorTitles":["StandardWitnessSystem","Knowledge Management"],"fullName":"StandardWitnessSystem Knowledge Management should track entity movement history","status":"passed","title":"should track entity movement history","duration":1.0517950000012206,"failureMessages":[],"meta":{}},{"ancestorTitles":["StandardWitnessSystem","Knowledge Management"],"fullName":"StandardWitnessSystem Knowledge Management should update visual properties when witnessed","status":"passed","title":"should update visual properties when witnessed","duration":0.5444050000005518,"failureMessages":[],"meta":{}},{"ancestorTitles":["StandardWitnessSystem","Knowledge Management"],"fullName":"StandardWitnessSystem Knowledge Management should mark entities as non-existent when destroyed","status":"passed","title":"should mark entities as non-existent when destroyed","duration":0.37108099999932165,"failureMessages":[],"meta":{}},{"ancestorTitles":["StandardWitnessSystem","Witness Events"],"fullName":"StandardWitnessSystem Witness Events should emit action witness event","status":"passed","title":"should emit action witness event","duration":2.047206000001097,"failureMessages":[],"meta":{}},{"ancestorTitles":["StandardWitnessSystem","Witness Events"],"fullName":"StandardWitnessSystem Witness Events should emit movement witness event","status":"passed","title":"should emit movement witness event","duration":1.1611959999991086,"failureMessages":[],"meta":{}},{"ancestorTitles":["StandardWitnessSystem","Witness Events"],"fullName":"StandardWitnessSystem Witness Events should emit unknown entity for partial witness level","status":"passed","title":"should emit unknown entity for partial witness level","duration":0.9071949999997742,"failureMessages":[],"meta":{}},{"ancestorTitles":["StandardWitnessSystem","Witness Levels"],"fullName":"StandardWitnessSystem Witness Levels should assign FULL level when can reach","status":"passed","title":"should assign FULL level when can reach","duration":0.27317300000140676,"failureMessages":[],"meta":{}},{"ancestorTitles":["StandardWitnessSystem","Witness Levels"],"fullName":"StandardWitnessSystem Witness Levels should assign PARTIAL level when can see but not reach","status":"passed","title":"should assign PARTIAL level when can see but not reach","duration":0.24197800000001735,"failureMessages":[],"meta":{}},{"ancestorTitles":["StandardWitnessSystem","getKnownEntities"],"fullName":"StandardWitnessSystem getKnownEntities should return all known entities for an actor","status":"passed","title":"should return all known entities for an actor","duration":0.6712309999984427,"failureMessages":[],"meta":{}},{"ancestorTitles":["StandardWitnessSystem","getKnownEntities"],"fullName":"StandardWitnessSystem getKnownEntities should return empty array for actor with no knowledge","status":"passed","title":"should return empty array for actor with no knowledge","duration":0.19809100000020408,"failureMessages":[],"meta":{}}],"startTime":1754492057388,"endTime":1754492057400.198,"status":"passed","message":"","name":"/mnt/c/repotemp/sharpee/packages/stdlib/tests/unit/scope/witness-system.test.ts"},{"assertionResults":[{"ancestorTitles":["CommandValidator (Golden Pattern)","Basic Validation"],"fullName":"CommandValidator (Golden Pattern) Basic Validation validates unknown action","status":"passed","title":"validates unknown action","duration":9.723907000006875,"failureMessages":[],"meta":{}},{"ancestorTitles":["CommandValidator (Golden Pattern)","Basic Validation"],"fullName":"CommandValidator (Golden Pattern) Basic Validation validates action without object in parsed command","status":"skipped","title":"validates action without object in parsed command","failureMessages":[],"meta":{}},{"ancestorTitles":["CommandValidator (Golden Pattern)","Basic Validation"],"fullName":"CommandValidator (Golden Pattern) Basic Validation validates simple entity resolution","status":"passed","title":"validates simple entity resolution","duration":2.7001949999976205,"failureMessages":[],"meta":{}},{"ancestorTitles":["CommandValidator (Golden Pattern)","Adjective Matching"],"fullName":"CommandValidator (Golden Pattern) Adjective Matching resolves entity with adjective","status":"passed","title":"resolves entity with adjective","duration":2.4315370000113035,"failureMessages":[],"meta":{}},{"ancestorTitles":["CommandValidator (Golden Pattern)","Adjective Matching"],"fullName":"CommandValidator (Golden Pattern) Adjective Matching distinguishes between similar objects by adjective","status":"passed","title":"distinguishes between similar objects by adjective","duration":2.7067059999972116,"failureMessages":[],"meta":{}},{"ancestorTitles":["CommandValidator (Golden Pattern)","Adjective Matching"],"fullName":"CommandValidator (Golden Pattern) Adjective Matching handles wrong adjective","status":"passed","title":"handles wrong adjective","duration":3.615632999993977,"failureMessages":[],"meta":{}},{"ancestorTitles":["CommandValidator (Golden Pattern)","Scope Rules"],"fullName":"CommandValidator (Golden Pattern) Scope Rules allows taking visible objects","status":"passed","title":"allows taking visible objects","duration":3.014318000001367,"failureMessages":[],"meta":{}},{"ancestorTitles":["CommandValidator (Golden Pattern)","Scope Rules"],"fullName":"CommandValidator (Golden Pattern) Scope Rules allows examining inventory items","status":"passed","title":"allows examining inventory items","duration":2.134577000004356,"failureMessages":[],"meta":{}},{"ancestorTitles":["CommandValidator (Golden Pattern)","Scope Rules"],"fullName":"CommandValidator (Golden Pattern) Scope Rules prevents taking objects from other rooms","status":"passed","title":"prevents taking objects from other rooms","duration":3.8983210000005784,"failureMessages":[],"meta":{}},{"ancestorTitles":["CommandValidator (Golden Pattern)","Debug Events"],"fullName":"CommandValidator (Golden Pattern) Debug Events emits entity resolution debug events","status":"passed","title":"emits entity resolution debug events","duration":3.090695000006235,"failureMessages":[],"meta":{}},{"ancestorTitles":["CommandValidator (Golden Pattern)","Debug Events"],"fullName":"CommandValidator (Golden Pattern) Debug Events emits scope check debug events","status":"passed","title":"emits scope check debug events","duration":2.7643800000078045,"failureMessages":[],"meta":{}},{"ancestorTitles":["CommandValidator (Golden Pattern)","Ambiguity Resolution"],"fullName":"CommandValidator (Golden Pattern) Ambiguity Resolution returns ambiguity error when multiple matches","status":"passed","title":"returns ambiguity error when multiple matches","duration":1.5356949999986682,"failureMessages":[],"meta":{}},{"ancestorTitles":["CommandValidator (Golden Pattern)","Ambiguity Resolution"],"fullName":"CommandValidator (Golden Pattern) Ambiguity Resolution auto-resolves when adjectives disambiguate","status":"passed","title":"auto-resolves when adjectives disambiguate","duration":3.1581440000009025,"failureMessages":[],"meta":{}},{"ancestorTitles":["CommandValidator (Golden Pattern)","Synonym Resolution"],"fullName":"CommandValidator (Golden Pattern) Synonym Resolution resolves entity by synonym","status":"passed","title":"resolves entity by synonym","duration":4.033840999996755,"failureMessages":[],"meta":{}},{"ancestorTitles":["CommandValidator (Golden Pattern)","Synonym Resolution"],"fullName":"CommandValidator (Golden Pattern) Synonym Resolution resolves entity by type name","status":"passed","title":"resolves entity by type name","duration":0.9684390000038547,"failureMessages":[],"meta":{}},{"ancestorTitles":["CommandValidator (Golden Pattern)","Complex Commands"],"fullName":"CommandValidator (Golden Pattern) Complex Commands validates commands with prepositions","status":"passed","title":"validates commands with prepositions","duration":2.514454999996815,"failureMessages":[],"meta":{}}],"startTime":1754491992557,"endTime":1754491992606.5144,"status":"passed","message":"","name":"/mnt/c/repotemp/sharpee/packages/stdlib/tests/unit/validation/command-validator-golden.test.ts"}]}