{"numTotalTestSuites":57,"numPassedTestSuites":57,"numFailedTestSuites":0,"numPendingTestSuites":0,"numTotalTests":120,"numPassedTests":117,"numFailedTests":0,"numPendingTests":3,"numTodoTests":0,"snapshot":{"added":0,"failure":false,"filesAdded":0,"filesRemoved":0,"filesRemovedList":[],"filesUnmatched":0,"filesUpdated":0,"matched":0,"total":0,"unchecked":0,"uncheckedKeysByFile":[],"unmatched":0,"updated":0,"didUpdate":false},"startTime":1754633191862,"success":true,"testResults":[{"assertionResults":[{"ancestorTitles":["EnglishGrammarEngine","Basic Pattern Matching"],"fullName":"EnglishGrammarEngine Basic Pattern Matching should match simple verb patterns","status":"passed","title":"should match simple verb patterns","duration":3.8881019999989803,"failureMessages":[],"meta":{}},{"ancestorTitles":["EnglishGrammarEngine","Basic Pattern Matching"],"fullName":"EnglishGrammarEngine Basic Pattern Matching should match verb-noun patterns","status":"passed","title":"should match verb-noun patterns","duration":1.0268020000003162,"failureMessages":[],"meta":{}},{"ancestorTitles":["EnglishGrammarEngine","Basic Pattern Matching"],"fullName":"EnglishGrammarEngine Basic Pattern Matching should match patterns with alternates","status":"passed","title":"should match patterns with alternates","duration":0.7372959999993327,"failureMessages":[],"meta":{}},{"ancestorTitles":["EnglishGrammarEngine","Basic Pattern Matching"],"fullName":"EnglishGrammarEngine Basic Pattern Matching should not match incorrect patterns","status":"passed","title":"should not match incorrect patterns","duration":0.6848990000016784,"failureMessages":[],"meta":{}},{"ancestorTitles":["EnglishGrammarEngine","Slot Extraction"],"fullName":"EnglishGrammarEngine Slot Extraction should extract single slots correctly","status":"passed","title":"should extract single slots correctly","duration":0.6994979999999487,"failureMessages":[],"meta":{}},{"ancestorTitles":["EnglishGrammarEngine","Slot Extraction"],"fullName":"EnglishGrammarEngine Slot Extraction should extract multiple slots correctly","status":"passed","title":"should extract multiple slots correctly","duration":0.5644010000014532,"failureMessages":[],"meta":{}},{"ancestorTitles":["EnglishGrammarEngine","Slot Extraction"],"fullName":"EnglishGrammarEngine Slot Extraction should handle multi-word slots","status":"passed","title":"should handle multi-word slots","duration":0.6034090000011929,"failureMessages":[],"meta":{}},{"ancestorTitles":["EnglishGrammarEngine","Priority and Confidence"],"fullName":"EnglishGrammarEngine Priority and Confidence should respect rule priorities","status":"passed","title":"should respect rule priorities","duration":0.6280110000006971,"failureMessages":[],"meta":{}},{"ancestorTitles":["EnglishGrammarEngine","Priority and Confidence"],"fullName":"EnglishGrammarEngine Priority and Confidence should calculate confidence based on alternate matches","status":"passed","title":"should calculate confidence based on alternate matches","duration":1.0629169999992882,"failureMessages":[],"meta":{}},{"ancestorTitles":["EnglishGrammarEngine","Edge Cases"],"fullName":"EnglishGrammarEngine Edge Cases should handle empty token lists","status":"passed","title":"should handle empty token lists","duration":0.6872629999998026,"failureMessages":[],"meta":{}},{"ancestorTitles":["EnglishGrammarEngine","Edge Cases"],"fullName":"EnglishGrammarEngine Edge Cases should handle patterns longer than token list","status":"passed","title":"should handle patterns longer than token list","duration":0.4511929999989661,"failureMessages":[],"meta":{}},{"ancestorTitles":["EnglishGrammarEngine","Edge Cases"],"fullName":"EnglishGrammarEngine Edge Cases should require exact token count match","status":"passed","title":"should require exact token count match","duration":0.46389300000009825,"failureMessages":[],"meta":{}},{"ancestorTitles":["EnglishGrammarEngine","Multiple Rule Matching"],"fullName":"EnglishGrammarEngine Multiple Rule Matching should find all matching rules","status":"passed","title":"should find all matching rules","duration":0.6807700000008481,"failureMessages":[],"meta":{}},{"ancestorTitles":["EnglishGrammarEngine","Multiple Rule Matching"],"fullName":"EnglishGrammarEngine Multiple Rule Matching should limit matches based on maxMatches option","status":"passed","title":"should limit matches based on maxMatches option","duration":0.9663959999998042,"failureMessages":[],"meta":{}}],"startTime":1754633200197,"endTime":1754633200210.9663,"status":"passed","message":"","name":"/mnt/c/repotemp/sharpee/packages/parser-en-us/tests/english-grammar-engine.test.ts"},{"assertionResults":[{"ancestorTitles":["EnglishPatternCompiler","Pattern Compilation"],"fullName":"EnglishPatternCompiler Pattern Compilation should compile simple literal patterns","status":"passed","title":"should compile simple literal patterns","duration":2.3305029999992257,"failureMessages":[],"meta":{}},{"ancestorTitles":["EnglishPatternCompiler","Pattern Compilation"],"fullName":"EnglishPatternCompiler Pattern Compilation should compile patterns with slots","status":"passed","title":"should compile patterns with slots","duration":0.4359860000004119,"failureMessages":[],"meta":{}},{"ancestorTitles":["EnglishPatternCompiler","Pattern Compilation"],"fullName":"EnglishPatternCompiler Pattern Compilation should compile patterns with alternates","status":"passed","title":"should compile patterns with alternates","duration":0.36497199999939767,"failureMessages":[],"meta":{}},{"ancestorTitles":["EnglishPatternCompiler","Pattern Compilation"],"fullName":"EnglishPatternCompiler Pattern Compilation should handle multiple slots","status":"passed","title":"should handle multiple slots","duration":0.19014700000116136,"failureMessages":[],"meta":{}},{"ancestorTitles":["EnglishPatternCompiler","Pattern Compilation"],"fullName":"EnglishPatternCompiler Pattern Compilation should handle complex patterns","status":"passed","title":"should handle complex patterns","duration":0.22481899999911548,"failureMessages":[],"meta":{}},{"ancestorTitles":["EnglishPatternCompiler","Pattern Validation"],"fullName":"EnglishPatternCompiler Pattern Validation should validate correct patterns","status":"passed","title":"should validate correct patterns","duration":0.14429700000073353,"failureMessages":[],"meta":{}},{"ancestorTitles":["EnglishPatternCompiler","Pattern Validation"],"fullName":"EnglishPatternCompiler Pattern Validation should reject empty patterns","status":"passed","title":"should reject empty patterns","duration":0.07144200000038836,"failureMessages":[],"meta":{}},{"ancestorTitles":["EnglishPatternCompiler","Pattern Validation"],"fullName":"EnglishPatternCompiler Pattern Validation should reject patterns with empty alternates","status":"passed","title":"should reject patterns with empty alternates","duration":0.05941700000039418,"failureMessages":[],"meta":{}},{"ancestorTitles":["EnglishPatternCompiler","Pattern Validation"],"fullName":"EnglishPatternCompiler Pattern Validation should reject invalid slot names","status":"passed","title":"should reject invalid slot names","duration":0.26418200000080105,"failureMessages":[],"meta":{}},{"ancestorTitles":["EnglishPatternCompiler","Pattern Validation"],"fullName":"EnglishPatternCompiler Pattern Validation should accept valid slot names","status":"passed","title":"should accept valid slot names","duration":0.15516799999932118,"failureMessages":[],"meta":{}},{"ancestorTitles":["EnglishPatternCompiler","Slot Extraction"],"fullName":"EnglishPatternCompiler Slot Extraction should extract slot names from patterns","status":"passed","title":"should extract slot names from patterns","duration":0.5339629999998579,"failureMessages":[],"meta":{}},{"ancestorTitles":["EnglishPatternCompiler","Slot Extraction"],"fullName":"EnglishPatternCompiler Slot Extraction should handle patterns with no slots","status":"passed","title":"should handle patterns with no slots","duration":0.10056000000076892,"failureMessages":[],"meta":{}},{"ancestorTitles":["EnglishPatternCompiler","Slot Extraction"],"fullName":"EnglishPatternCompiler Slot Extraction should not duplicate slot names","status":"passed","title":"should not duplicate slot names","duration":0.29062100000010105,"failureMessages":[],"meta":{}},{"ancestorTitles":["EnglishPatternCompiler","Error Handling"],"fullName":"EnglishPatternCompiler Error Handling should throw on invalid pattern compilation","status":"passed","title":"should throw on invalid pattern compilation","duration":0.316064999999071,"failureMessages":[],"meta":{}},{"ancestorTitles":["EnglishPatternCompiler","Error Handling"],"fullName":"EnglishPatternCompiler Error Handling should throw on duplicate slot names","status":"passed","title":"should throw on duplicate slot names","duration":0.4248669999997219,"failureMessages":[],"meta":{}},{"ancestorTitles":["EnglishPatternCompiler","Edge Cases"],"fullName":"EnglishPatternCompiler Edge Cases should handle patterns with many alternates","status":"passed","title":"should handle patterns with many alternates","duration":0.278427000001102,"failureMessages":[],"meta":{}},{"ancestorTitles":["EnglishPatternCompiler","Edge Cases"],"fullName":"EnglishPatternCompiler Edge Cases should handle patterns with underscores in slot names","status":"passed","title":"should handle patterns with underscores in slot names","duration":0.21509100000002945,"failureMessages":[],"meta":{}},{"ancestorTitles":["EnglishPatternCompiler","Edge Cases"],"fullName":"EnglishPatternCompiler Edge Cases should preserve case in literals but not slots","status":"passed","title":"should preserve case in literals but not slots","duration":0.14313899999979185,"failureMessages":[],"meta":{}}],"startTime":1754633200164,"endTime":1754633200171.2783,"status":"passed","message":"","name":"/mnt/c/repotemp/sharpee/packages/parser-en-us/tests/english-pattern-compiler.test.ts"},{"assertionResults":[{"ancestorTitles":["Cross-Location Scope Constraints","visible() scope in different locations"],"fullName":"Cross-Location Scope Constraints visible() scope in different locations should only see entities in current location","status":"passed","title":"should only see entities in current location","duration":6.799387000000934,"failureMessages":[],"meta":{}},{"ancestorTitles":["Cross-Location Scope Constraints","visible() scope in different locations"],"fullName":"Cross-Location Scope Constraints visible() scope in different locations should see different entities when location changes","status":"passed","title":"should see different entities when location changes","duration":2.4358889999984967,"failureMessages":[],"meta":{}},{"ancestorTitles":["Cross-Location Scope Constraints","nearby() scope across adjacent locations"],"fullName":"Cross-Location Scope Constraints nearby() scope across adjacent locations should see entities in adjacent locations with nearby scope","status":"passed","title":"should see entities in adjacent locations with nearby scope","duration":2.4008259999991424,"failureMessages":[],"meta":{}},{"ancestorTitles":["Cross-Location Scope Constraints","carried() scope across locations"],"fullName":"Cross-Location Scope Constraints carried() scope across locations should see carried items regardless of location","status":"passed","title":"should see carried items regardless of location","duration":1.9519270000000688,"failureMessages":[],"meta":{}}],"startTime":1754633203906,"endTime":1754633203919.952,"status":"passed","message":"","name":"/mnt/c/repotemp/sharpee/packages/parser-en-us/tests/grammar-scope-cross-location.test.ts"},{"assertionResults":[{"ancestorTitles":["Grammar Scope Constraints","visible() scope constraint"],"fullName":"Grammar Scope Constraints visible() scope constraint should match visible entities in take command","status":"passed","title":"should match visible entities in take command","duration":10.67286199999944,"failureMessages":[],"meta":{}},{"ancestorTitles":["Grammar Scope Constraints","visible() scope constraint"],"fullName":"Grammar Scope Constraints visible() scope constraint should not match invisible entities in take command","status":"passed","title":"should not match invisible entities in take command","duration":1.7461809999986144,"failureMessages":[],"meta":{}},{"ancestorTitles":["Grammar Scope Constraints","visible() scope constraint"],"fullName":"Grammar Scope Constraints visible() scope constraint should match give command with carried item to visible animate recipient","status":"passed","title":"should match give command with carried item to visible animate recipient","duration":3.1342699999986507,"failureMessages":[],"meta":{}},{"ancestorTitles":["Grammar Scope Constraints","carried() scope constraint"],"fullName":"Grammar Scope Constraints carried() scope constraint should fail give command when item is not carried","status":"passed","title":"should fail give command when item is not carried","duration":1.1764599999987695,"failureMessages":[],"meta":{}},{"ancestorTitles":["Grammar Scope Constraints","carried() scope constraint"],"fullName":"Grammar Scope Constraints carried() scope constraint should succeed give command when item is carried","status":"passed","title":"should succeed give command when item is carried","duration":1.7823969999990368,"failureMessages":[],"meta":{}},{"ancestorTitles":["Grammar Scope Constraints","portable property constraint"],"fullName":"Grammar Scope Constraints portable property constraint should only allow taking portable items","status":"passed","title":"should only allow taking portable items","duration":1.865882000001875,"failureMessages":[],"meta":{}},{"ancestorTitles":["Grammar Scope Constraints","complex patterns with multiple constraints"],"fullName":"Grammar Scope Constraints complex patterns with multiple constraints should match throw command with carried item at visible target","status":"passed","title":"should match throw command with carried item at visible target","duration":1.343990000001213,"failureMessages":[],"meta":{}}],"startTime":1754633210449,"endTime":1754633210471.344,"status":"passed","message":"","name":"/mnt/c/repotemp/sharpee/packages/parser-en-us/tests/grammar-scope.test.ts"},{"assertionResults":[{"ancestorTitles":["Parser Grammar Engine Integration","Core Grammar Patterns"],"fullName":"Parser Grammar Engine Integration Core Grammar Patterns should parse simple verb commands","status":"passed","title":"should parse simple verb commands","duration":8.628458999999566,"failureMessages":[],"meta":{}},{"ancestorTitles":["Parser Grammar Engine Integration","Core Grammar Patterns"],"fullName":"Parser Grammar Engine Integration Core Grammar Patterns should parse verb-noun commands","status":"passed","title":"should parse verb-noun commands","duration":2.8616220000003523,"failureMessages":[],"meta":{}},{"ancestorTitles":["Parser Grammar Engine Integration","Core Grammar Patterns"],"fullName":"Parser Grammar Engine Integration Core Grammar Patterns should parse verb-noun-prep-noun commands","status":"passed","title":"should parse verb-noun-prep-noun commands","duration":2.844089999998687,"failureMessages":[],"meta":{}},{"ancestorTitles":["Parser Grammar Engine Integration","Core Grammar Patterns"],"fullName":"Parser Grammar Engine Integration Core Grammar Patterns should parse the famous \"hang cloak on hook\" command","status":"passed","title":"should parse the famous \"hang cloak on hook\" command","duration":3.002653999999893,"failureMessages":[],"meta":{}},{"ancestorTitles":["Parser Grammar Engine Integration","Direction Commands"],"fullName":"Parser Grammar Engine Integration Direction Commands should parse bare direction commands","status":"passed","title":"should parse bare direction commands","duration":2.865678999998636,"failureMessages":[],"meta":{}},{"ancestorTitles":["Parser Grammar Engine Integration","Direction Commands"],"fullName":"Parser Grammar Engine Integration Direction Commands should parse direction abbreviations","status":"passed","title":"should parse direction abbreviations","duration":2.9535570000007283,"failureMessages":[],"meta":{}},{"ancestorTitles":["Parser Grammar Engine Integration","Direction Commands"],"fullName":"Parser Grammar Engine Integration Direction Commands should parse \"go direction\" commands","status":"passed","title":"should parse \"go direction\" commands","duration":1.7121540000007371,"failureMessages":[],"meta":{}},{"ancestorTitles":["Parser Grammar Engine Integration","Compound Verbs"],"fullName":"Parser Grammar Engine Integration Compound Verbs should parse \"pick up\" as a compound verb","status":"passed","title":"should parse \"pick up\" as a compound verb","duration":1.6938149999987218,"failureMessages":[],"meta":{}},{"ancestorTitles":["Parser Grammar Engine Integration","Compound Verbs"],"fullName":"Parser Grammar Engine Integration Compound Verbs should parse \"turn on\" and \"turn off\"","status":"passed","title":"should parse \"turn on\" and \"turn off\"","duration":1.73151499999949,"failureMessages":[],"meta":{}},{"ancestorTitles":["Parser Grammar Engine Integration","Preposition Handling"],"fullName":"Parser Grammar Engine Integration Preposition Handling should handle multiple preposition alternatives","status":"passed","title":"should handle multiple preposition alternatives","duration":2.6564889999972365,"failureMessages":[],"meta":{}},{"ancestorTitles":["Parser Grammar Engine Integration","Preposition Handling"],"fullName":"Parser Grammar Engine Integration Preposition Handling should handle \"on\" vs \"onto\" prepositions","status":"passed","title":"should handle \"on\" vs \"onto\" prepositions","duration":1.182440000000497,"failureMessages":[],"meta":{}},{"ancestorTitles":["Parser Grammar Engine Integration","Vocabulary Recognition"],"fullName":"Parser Grammar Engine Integration Vocabulary Recognition should recognize all registered prepositions","status":"passed","title":"should recognize all registered prepositions","duration":2.4415360000020883,"failureMessages":[],"meta":{}},{"ancestorTitles":["Parser Grammar Engine Integration","Error Handling"],"fullName":"Parser Grammar Engine Integration Error Handling should handle unrecognized patterns","status":"passed","title":"should handle unrecognized patterns","duration":1.5864609999989625,"failureMessages":[],"meta":{}},{"ancestorTitles":["Parser Grammar Engine Integration","Error Handling"],"fullName":"Parser Grammar Engine Integration Error Handling should handle empty input","status":"passed","title":"should handle empty input","duration":1.2530509999996866,"failureMessages":[],"meta":{}},{"ancestorTitles":["Parser Grammar Engine Integration","Error Handling"],"fullName":"Parser Grammar Engine Integration Error Handling should handle whitespace-only input","status":"passed","title":"should handle whitespace-only input","duration":1.9755020000011427,"failureMessages":[],"meta":{}},{"ancestorTitles":["Parser Grammar Engine Integration","Custom Grammar Registration"],"fullName":"Parser Grammar Engine Integration Custom Grammar Registration should allow registration of custom grammar rules","status":"passed","title":"should allow registration of custom grammar rules","duration":1.188217999999324,"failureMessages":[],"meta":{}},{"ancestorTitles":["Parser Grammar Engine Integration","VERB_NOUN_NOUN Patterns"],"fullName":"Parser Grammar Engine Integration VERB_NOUN_NOUN Patterns should parse \"give item to recipient\" commands","status":"passed","title":"should parse \"give item to recipient\" commands","duration":2.527140000001964,"failureMessages":[],"meta":{}},{"ancestorTitles":["Parser Grammar Engine Integration","VERB_NOUN_NOUN Patterns"],"fullName":"Parser Grammar Engine Integration VERB_NOUN_NOUN Patterns should parse \"give recipient item\" commands","status":"passed","title":"should parse \"give recipient item\" commands","duration":1.71685300000172,"failureMessages":[],"meta":{}},{"ancestorTitles":["Parser Grammar Engine Integration","VERB_NOUN_NOUN Patterns"],"fullName":"Parser Grammar Engine Integration VERB_NOUN_NOUN Patterns should parse \"show item to recipient\" commands","status":"passed","title":"should parse \"show item to recipient\" commands","duration":1.9630839999990712,"failureMessages":[],"meta":{}},{"ancestorTitles":["Parser Grammar Engine Integration","VERB_NOUN_NOUN Patterns"],"fullName":"Parser Grammar Engine Integration VERB_NOUN_NOUN Patterns should parse \"throw item at target\" commands","status":"passed","title":"should parse \"throw item at target\" commands","duration":0.975507999999536,"failureMessages":[],"meta":{}},{"ancestorTitles":["Parser Grammar Engine Integration","Complex Noun Phrases"],"fullName":"Parser Grammar Engine Integration Complex Noun Phrases should handle multi-word noun phrases","status":"passed","title":"should handle multi-word noun phrases","duration":0.810987999997451,"failureMessages":[],"meta":{}},{"ancestorTitles":["Parser Grammar Engine Integration","Complex Noun Phrases"],"fullName":"Parser Grammar Engine Integration Complex Noun Phrases should handle articles in noun phrases","status":"passed","title":"should handle articles in noun phrases","duration":1.3235420000019076,"failureMessages":[],"meta":{}},{"ancestorTitles":["Parser Grammar Engine Integration","Complex Noun Phrases"],"fullName":"Parser Grammar Engine Integration Complex Noun Phrases should handle noun phrases with prepositions","status":"passed","title":"should handle noun phrases with prepositions","duration":0.7705150000001595,"failureMessages":[],"meta":{}},{"ancestorTitles":["Parser Grammar Engine Integration","Optional Elements in Patterns"],"fullName":"Parser Grammar Engine Integration Optional Elements in Patterns should parse \"look at target\" without optional adverb","status":"passed","title":"should parse \"look at target\" without optional adverb","duration":1.6694709999974293,"failureMessages":[],"meta":{}},{"ancestorTitles":["Parser Grammar Engine Integration","Optional Elements in Patterns"],"fullName":"Parser Grammar Engine Integration Optional Elements in Patterns should parse \"look carefully at target\" with optional adverb","status":"passed","title":"should parse \"look carefully at target\" with optional adverb","duration":0.858632999999827,"failureMessages":[],"meta":{}},{"ancestorTitles":["Parser Grammar Engine Integration","Optional Elements in Patterns"],"fullName":"Parser Grammar Engine Integration Optional Elements in Patterns should parse \"look\" without optional \"around\"","status":"passed","title":"should parse \"look\" without optional \"around\"","duration":1.6306499999991502,"failureMessages":[],"meta":{}},{"ancestorTitles":["Parser Grammar Engine Integration","Optional Elements in Patterns"],"fullName":"Parser Grammar Engine Integration Optional Elements in Patterns should parse \"look around\" with optional \"around\"","status":"passed","title":"should parse \"look around\" with optional \"around\"","duration":1.767788000001019,"failureMessages":[],"meta":{}},{"ancestorTitles":["Parser Grammar Engine Integration","Optional Elements in Patterns"],"fullName":"Parser Grammar Engine Integration Optional Elements in Patterns should parse \"search\" without optional adverb","status":"passed","title":"should parse \"search\" without optional adverb","duration":1.895846999999776,"failureMessages":[],"meta":{}},{"ancestorTitles":["Parser Grammar Engine Integration","Optional Elements in Patterns"],"fullName":"Parser Grammar Engine Integration Optional Elements in Patterns should parse \"search carefully\" with optional adverb","status":"passed","title":"should parse \"search carefully\" with optional adverb","duration":2.0513150000006135,"failureMessages":[],"meta":{}},{"ancestorTitles":["Parser Grammar Engine Integration","Quoted String Patterns"],"fullName":"Parser Grammar Engine Integration Quoted String Patterns should parse \"say hello\"","status":"passed","title":"should parse \"say hello\"","duration":1.1329570000016247,"failureMessages":[],"meta":{}},{"ancestorTitles":["Parser Grammar Engine Integration","Quoted String Patterns"],"fullName":"Parser Grammar Engine Integration Quoted String Patterns should parse \"say hello world to guard\"","status":"passed","title":"should parse \"say hello world to guard\"","duration":2.0015480000001844,"failureMessages":[],"meta":{}},{"ancestorTitles":["Parser Grammar Engine Integration","Quoted String Patterns"],"fullName":"Parser Grammar Engine Integration Quoted String Patterns should parse \"write message\"","status":"passed","title":"should parse \"write message\"","duration":0.8954569999987143,"failureMessages":[],"meta":{}},{"ancestorTitles":["Parser Grammar Engine Integration","Quoted String Patterns"],"fullName":"Parser Grammar Engine Integration Quoted String Patterns should parse \"write message on paper\"","status":"passed","title":"should parse \"write message on paper\"","duration":2.1625850000018545,"failureMessages":[],"meta":{}},{"ancestorTitles":["Parser Grammar Engine Integration","Quoted String Patterns"],"fullName":"Parser Grammar Engine Integration Quoted String Patterns should parse \"shout message\"","status":"passed","title":"should parse \"shout message\"","duration":0.8901699999987613,"failureMessages":[],"meta":{}},{"ancestorTitles":["Parser Grammar Engine Integration","Quoted String Patterns"],"fullName":"Parser Grammar Engine Integration Quoted String Patterns should parse \"whisper message to recipient\"","status":"passed","title":"should parse \"whisper message to recipient\"","duration":0.911019999999553,"failureMessages":[],"meta":{}},{"ancestorTitles":["Parser Grammar Engine Integration","Quoted String Patterns"],"fullName":"Parser Grammar Engine Integration Quoted String Patterns should handle empty quoted strings","status":"passed","title":"should handle empty quoted strings","duration":2.143200999998953,"failureMessages":[],"meta":{}},{"ancestorTitles":["Parser Grammar Engine Integration","Quoted String Patterns"],"fullName":"Parser Grammar Engine Integration Quoted String Patterns should handle quoted strings with special characters","status":"passed","title":"should handle quoted strings with special characters","duration":2.411357000000862,"failureMessages":[],"meta":{}},{"ancestorTitles":["Parser Grammar Engine Integration","Multiple Preposition Patterns"],"fullName":"Parser Grammar Engine Integration Multiple Preposition Patterns should parse \"take item from container with tool\"","status":"passed","title":"should parse \"take item from container with tool\"","duration":2.625519000001077,"failureMessages":[],"meta":{}},{"ancestorTitles":["Parser Grammar Engine Integration","Multiple Preposition Patterns"],"fullName":"Parser Grammar Engine Integration Multiple Preposition Patterns should parse \"unlock door with key\"","status":"passed","title":"should parse \"unlock door with key\"","duration":1.127370999998675,"failureMessages":[],"meta":{}},{"ancestorTitles":["Parser Grammar Engine Integration","Multiple Preposition Patterns"],"fullName":"Parser Grammar Engine Integration Multiple Preposition Patterns should parse \"cut rope with knife\"","status":"passed","title":"should parse \"cut rope with knife\"","duration":2.243343999998615,"failureMessages":[],"meta":{}},{"ancestorTitles":["Parser Grammar Engine Integration","Multiple Preposition Patterns"],"fullName":"Parser Grammar Engine Integration Multiple Preposition Patterns should parse \"attack goblin with sword\"","status":"passed","title":"should parse \"attack goblin with sword\"","duration":2.5799350000015693,"failureMessages":[],"meta":{}},{"ancestorTitles":["Parser Grammar Engine Integration","Multiple Preposition Patterns"],"fullName":"Parser Grammar Engine Integration Multiple Preposition Patterns should parse \"open chest with crowbar\"","status":"passed","title":"should parse \"open chest with crowbar\"","duration":1.616559000001871,"failureMessages":[],"meta":{}},{"ancestorTitles":["Parser Grammar Engine Integration","Multiple Preposition Patterns"],"fullName":"Parser Grammar Engine Integration Multiple Preposition Patterns should parse \"dig hole with shovel\"","status":"passed","title":"should parse \"dig hole with shovel\"","duration":2.426260000000184,"failureMessages":[],"meta":{}}],"startTime":1754633213476,"endTime":1754633213563.4263,"status":"passed","message":"","name":"/mnt/c/repotemp/sharpee/packages/parser-en-us/tests/parser-integration.test.ts"},{"assertionResults":[{"ancestorTitles":["Story Grammar API","basic pattern registration"],"fullName":"Story Grammar API basic pattern registration should register a simple story pattern","status":"passed","title":"should register a simple story pattern","duration":6.060846000000311,"failureMessages":[],"meta":{}},{"ancestorTitles":["Story Grammar API","basic pattern registration"],"fullName":"Story Grammar API basic pattern registration should register pattern with constraints","status":"passed","title":"should register pattern with constraints","duration":3.7611889999989216,"failureMessages":[],"meta":{}},{"ancestorTitles":["Story Grammar API","basic pattern registration"],"fullName":"Story Grammar API basic pattern registration should support experimental patterns with lower confidence","status":"passed","title":"should support experimental patterns with lower confidence","duration":2.0018490000002203,"failureMessages":[],"meta":{}},{"ancestorTitles":["Story Grammar API","pattern overriding"],"fullName":"Story Grammar API pattern overriding should override core patterns with higher priority","status":"passed","title":"should override core patterns with higher priority","duration":1.4913570000007894,"failureMessages":[],"meta":{}},{"ancestorTitles":["Story Grammar API","pattern extension"],"fullName":"Story Grammar API pattern extension should extend existing patterns with additional constraints","status":"passed","title":"should extend existing patterns with additional constraints","duration":1.7675880000006146,"failureMessages":[],"meta":{}},{"ancestorTitles":["Story Grammar API","pattern management"],"fullName":"Story Grammar API pattern management should track story rules separately","status":"passed","title":"should track story rules separately","duration":1.5606950000001234,"failureMessages":[],"meta":{}},{"ancestorTitles":["Story Grammar API","pattern management"],"fullName":"Story Grammar API pattern management should clear story rules without affecting core rules","status":"passed","title":"should clear story rules without affecting core rules","duration":1.6654250000010506,"failureMessages":[],"meta":{}},{"ancestorTitles":["Story Grammar API","debugging features"],"fullName":"Story Grammar API debugging features should support debug mode with event callbacks","status":"passed","title":"should support debug mode with event callbacks","duration":0.63186400000086,"failureMessages":[],"meta":{}},{"ancestorTitles":["Story Grammar API","debugging features"],"fullName":"Story Grammar API debugging features should provide grammar statistics","status":"passed","title":"should provide grammar statistics","duration":1.6042620000007446,"failureMessages":[],"meta":{}},{"ancestorTitles":["Story Grammar API","complex story patterns"],"fullName":"Story Grammar API complex story patterns should handle multi-slot story patterns","status":"passed","title":"should handle multi-slot story patterns","duration":2.6225910000011936,"failureMessages":[],"meta":{}}],"startTime":1754633204170,"endTime":1754633204194.6226,"status":"passed","message":"","name":"/mnt/c/repotemp/sharpee/packages/parser-en-us/tests/story-grammar.test.ts"},{"assertionResults":[{"ancestorTitles":["EnglishParser","parse - basic commands"],"fullName":"EnglishParser parse - basic commands should parse verb-only command","status":"passed","title":"should parse verb-only command","duration":6.230615000000398,"failureMessages":[],"meta":{}},{"ancestorTitles":["EnglishParser","parse - basic commands"],"fullName":"EnglishParser parse - basic commands should parse verb-noun command","status":"passed","title":"should parse verb-noun command","duration":2.7274629999992612,"failureMessages":[],"meta":{}},{"ancestorTitles":["EnglishParser","parse - basic commands"],"fullName":"EnglishParser parse - basic commands should parse direction-only command","status":"passed","title":"should parse direction-only command","duration":3.348400999999285,"failureMessages":[],"meta":{}},{"ancestorTitles":["EnglishParser","parse - basic commands"],"fullName":"EnglishParser parse - basic commands should parse verb-noun-prep-noun command","status":"passed","title":"should parse verb-noun-prep-noun command","duration":1.183482999998887,"failureMessages":[],"meta":{}},{"ancestorTitles":["EnglishParser","parse - with articles"],"fullName":"EnglishParser parse - with articles should preserve articles in text","status":"passed","title":"should preserve articles in text","duration":2.536184000000503,"failureMessages":[],"meta":{}},{"ancestorTitles":["EnglishParser","parse - with articles"],"fullName":"EnglishParser parse - with articles should handle multiple articles","status":"passed","title":"should handle multiple articles","duration":1.6826140000011947,"failureMessages":[],"meta":{}},{"ancestorTitles":["EnglishParser","parse - abbreviations"],"fullName":"EnglishParser parse - abbreviations should expand verb abbreviations","status":"passed","title":"should expand verb abbreviations","duration":0.9376759999995556,"failureMessages":[],"meta":{}},{"ancestorTitles":["EnglishParser","parse - abbreviations"],"fullName":"EnglishParser parse - abbreviations should expand direction abbreviations","status":"passed","title":"should expand direction abbreviations","duration":1.3041959999991377,"failureMessages":[],"meta":{}},{"ancestorTitles":["EnglishParser","parse - error handling"],"fullName":"EnglishParser parse - error handling should handle unknown verb","status":"passed","title":"should handle unknown verb","duration":1.9186379999991914,"failureMessages":[],"meta":{}},{"ancestorTitles":["EnglishParser","parse - error handling"],"fullName":"EnglishParser parse - error handling should handle empty input","status":"passed","title":"should handle empty input","duration":2.220266000000265,"failureMessages":[],"meta":{}},{"ancestorTitles":["EnglishParser","parse - error handling"],"fullName":"EnglishParser parse - error handling should handle pattern mismatch","status":"skipped","title":"should handle pattern mismatch","failureMessages":[],"meta":{}},{"ancestorTitles":["EnglishParser","tokenize"],"fullName":"EnglishParser tokenize should tokenize simple input","status":"passed","title":"should tokenize simple input","duration":1.3041899999989255,"failureMessages":[],"meta":{}},{"ancestorTitles":["EnglishParser","tokenize"],"fullName":"EnglishParser tokenize should handle case normalization","status":"passed","title":"should handle case normalization","duration":0.8875930000012886,"failureMessages":[],"meta":{}},{"ancestorTitles":["EnglishParser","tokenize"],"fullName":"EnglishParser tokenize should track token positions","status":"passed","title":"should track token positions","duration":1.0890229999986332,"failureMessages":[],"meta":{}},{"ancestorTitles":["EnglishParser","debug events"],"fullName":"EnglishParser debug events should emit tokenize debug event","status":"passed","title":"should emit tokenize debug event","duration":1.9600590000009106,"failureMessages":[],"meta":{}},{"ancestorTitles":["EnglishParser","debug events"],"fullName":"EnglishParser debug events should emit pattern match debug event","status":"passed","title":"should emit pattern match debug event","duration":1.2608739999996033,"failureMessages":[],"meta":{}},{"ancestorTitles":["EnglishParser","debug events"],"fullName":"EnglishParser debug events should emit candidate selection debug event","status":"passed","title":"should emit candidate selection debug event","duration":1.1680759999999282,"failureMessages":[],"meta":{}},{"ancestorTitles":["EnglishParser","debug events"],"fullName":"EnglishParser debug events should emit parse error debug event on failure","status":"passed","title":"should emit parse error debug event on failure","duration":2.400354999999763,"failureMessages":[],"meta":{}},{"ancestorTitles":["EnglishParser","parseWithErrors"],"fullName":"EnglishParser parseWithErrors should return multiple candidates","status":"skipped","title":"should return multiple candidates","failureMessages":[],"meta":{}},{"ancestorTitles":["EnglishParser","parseWithErrors"],"fullName":"EnglishParser parseWithErrors should include partial matches","status":"passed","title":"should include partial matches","duration":1.443475000000035,"failureMessages":[],"meta":{}},{"ancestorTitles":["EnglishParser","parseWithErrors"],"fullName":"EnglishParser parseWithErrors should filter by confidence","status":"passed","title":"should filter by confidence","duration":1.7105900000005931,"failureMessages":[],"meta":{}},{"ancestorTitles":["EnglishParser","complex scenarios"],"fullName":"EnglishParser complex scenarios should handle multi-word nouns","status":"passed","title":"should handle multi-word nouns","duration":1.8920760000000882,"failureMessages":[],"meta":{}},{"ancestorTitles":["EnglishParser","complex scenarios"],"fullName":"EnglishParser complex scenarios should handle compound verbs","status":"passed","title":"should handle compound verbs","duration":1.2786890000006679,"failureMessages":[],"meta":{}},{"ancestorTitles":["EnglishParser","complex scenarios"],"fullName":"EnglishParser complex scenarios should choose highest confidence pattern","status":"skipped","title":"should choose highest confidence pattern","failureMessages":[],"meta":{}}],"startTime":1754633203908,"endTime":1754633203950.2788,"status":"passed","message":"","name":"/mnt/c/repotemp/sharpee/packages/parser-en-us/tests/unit/english-parser.test.ts"}]}