{"numTotalTestSuites":64,"numPassedTestSuites":64,"numFailedTestSuites":0,"numPendingTestSuites":0,"numTotalTests":120,"numPassedTests":120,"numFailedTests":0,"numPendingTests":0,"numTodoTests":0,"snapshot":{"added":0,"failure":false,"filesAdded":0,"filesRemoved":0,"filesRemovedList":[],"filesUnmatched":0,"filesUpdated":0,"matched":0,"total":0,"unchecked":0,"uncheckedKeysByFile":[],"unmatched":0,"updated":0,"didUpdate":false},"startTime":1755207379148,"success":true,"testResults":[{"assertionResults":[{"ancestorTitles":["Test Setup"],"fullName":"Test Setup should have tests configured","status":"passed","title":"should have tests configured","duration":1.5328589999999167,"failureMessages":[],"meta":{}}],"startTime":1755207385989,"endTime":1755207385990.533,"status":"passed","message":"","name":"/mnt/c/repotemp/sharpee/packages/core/tests/setup.test.ts"},{"assertionResults":[{"ancestorTitles":["Event System Helpers","createEvent"],"fullName":"Event System Helpers createEvent should create a basic event with required fields","status":"passed","title":"should create a basic event with required fields","duration":3.2554159999999683,"failureMessages":[],"meta":{}},{"ancestorTitles":["Event System Helpers","createEvent"],"fullName":"Event System Helpers createEvent should include entity information","status":"passed","title":"should include entity information","duration":0.3148609999998371,"failureMessages":[],"meta":{}},{"ancestorTitles":["Event System Helpers","createEvent"],"fullName":"Event System Helpers createEvent should include metadata","status":"passed","title":"should include metadata","duration":0.22893000000021857,"failureMessages":[],"meta":{}},{"ancestorTitles":["Event System Helpers","createEvent"],"fullName":"Event System Helpers createEvent should handle empty payload","status":"passed","title":"should handle empty payload","duration":0.4883589999999458,"failureMessages":[],"meta":{}},{"ancestorTitles":["Event System Helpers","createEvent"],"fullName":"Event System Helpers createEvent should generate unique IDs","status":"passed","title":"should generate unique IDs","duration":0.6320310000000973,"failureMessages":[],"meta":{}},{"ancestorTitles":["Event System Helpers","createEvent"],"fullName":"Event System Helpers createEvent should generate increasing timestamps","status":"passed","title":"should generate increasing timestamps","duration":10.956576000000496,"failureMessages":[],"meta":{}},{"ancestorTitles":["Event System Helpers","createEvent"],"fullName":"Event System Helpers createEvent should handle complex payloads","status":"passed","title":"should handle complex payloads","duration":0.18484099999932369,"failureMessages":[],"meta":{}},{"ancestorTitles":["Event System Helpers","createEvent"],"fullName":"Event System Helpers createEvent should set narrate flag from metadata","status":"passed","title":"should set narrate flag from metadata","duration":0.10472500000014406,"failureMessages":[],"meta":{}},{"ancestorTitles":["Event System Helpers","createEvent"],"fullName":"Event System Helpers createEvent should set tags from metadata","status":"passed","title":"should set tags from metadata","duration":0.28224800000043615,"failureMessages":[],"meta":{}},{"ancestorTitles":["Event System Helpers","createEvent"],"fullName":"Event System Helpers createEvent should handle all entity types","status":"passed","title":"should handle all entity types","duration":0.12165399999958026,"failureMessages":[],"meta":{}},{"ancestorTitles":["Event System Helpers","createEvent"],"fullName":"Event System Helpers createEvent should support legacy data property","status":"passed","title":"should support legacy data property","duration":0.21376199999940582,"failureMessages":[],"meta":{}},{"ancestorTitles":["Event System Helpers","createEvent"],"fullName":"Event System Helpers createEvent should create events suitable for the semantic event source","status":"passed","title":"should create events suitable for the semantic event source","duration":0.18910199999936594,"failureMessages":[],"meta":{}},{"ancestorTitles":["Event System Helpers","Event ID Format"],"fullName":"Event System Helpers Event ID Format should follow expected ID pattern","status":"passed","title":"should follow expected ID pattern","duration":0.8391709999996237,"failureMessages":[],"meta":{}},{"ancestorTitles":["Event System Helpers","Integration with StandardEventTypes"],"fullName":"Event System Helpers Integration with StandardEventTypes should create standard narrative events","status":"passed","title":"should create standard narrative events","duration":7.622422999999799,"failureMessages":[],"meta":{}},{"ancestorTitles":["Event System Helpers","Integration with StandardEventTypes"],"fullName":"Event System Helpers Integration with StandardEventTypes should create standard error events","status":"passed","title":"should create standard error events","duration":2.1886569999996937,"failureMessages":[],"meta":{}}],"startTime":1755207385080,"endTime":1755207385108.1887,"status":"passed","message":"","name":"/mnt/c/repotemp/sharpee/packages/core/tests/events/event-system.test.ts"},{"assertionResults":[{"ancestorTitles":["Platform Events","Event Types"],"fullName":"Platform Events Event Types should have all required event types","status":"passed","title":"should have all required event types","duration":1.8541929999992135,"failureMessages":[],"meta":{}},{"ancestorTitles":["Platform Events","Type Guards"],"fullName":"Platform Events Type Guards should identify platform events","status":"passed","title":"should identify platform events","duration":0.8004320000000007,"failureMessages":[],"meta":{}},{"ancestorTitles":["Platform Events","Type Guards"],"fullName":"Platform Events Type Guards should identify platform request events","status":"passed","title":"should identify platform request events","duration":0.5366180000000895,"failureMessages":[],"meta":{}},{"ancestorTitles":["Platform Events","Type Guards"],"fullName":"Platform Events Type Guards should identify platform completion events","status":"passed","title":"should identify platform completion events","duration":0.5719910000007076,"failureMessages":[],"meta":{}},{"ancestorTitles":["Platform Events","Save Events"],"fullName":"Platform Events Save Events should create save requested event with context","status":"passed","title":"should create save requested event with context","duration":0.9909929999994347,"failureMessages":[],"meta":{}},{"ancestorTitles":["Platform Events","Save Events"],"fullName":"Platform Events Save Events should create save completed event","status":"passed","title":"should create save completed event","duration":0.3234940000002098,"failureMessages":[],"meta":{}},{"ancestorTitles":["Platform Events","Save Events"],"fullName":"Platform Events Save Events should create save failed event with error","status":"passed","title":"should create save failed event with error","duration":0.19311999999990803,"failureMessages":[],"meta":{}},{"ancestorTitles":["Platform Events","Restore Events"],"fullName":"Platform Events Restore Events should create restore requested event with context","status":"passed","title":"should create restore requested event with context","duration":0.21110399999997753,"failureMessages":[],"meta":{}},{"ancestorTitles":["Platform Events","Restore Events"],"fullName":"Platform Events Restore Events should create restore completed event","status":"passed","title":"should create restore completed event","duration":0.33101799999985815,"failureMessages":[],"meta":{}},{"ancestorTitles":["Platform Events","Restore Events"],"fullName":"Platform Events Restore Events should create restore failed event","status":"passed","title":"should create restore failed event","duration":0.17197800000030838,"failureMessages":[],"meta":{}},{"ancestorTitles":["Platform Events","Quit Events"],"fullName":"Platform Events Quit Events should create quit requested event with context","status":"passed","title":"should create quit requested event with context","duration":0.16871700000046985,"failureMessages":[],"meta":{}},{"ancestorTitles":["Platform Events","Quit Events"],"fullName":"Platform Events Quit Events should create quit confirmed event","status":"passed","title":"should create quit confirmed event","duration":0.11762699999962933,"failureMessages":[],"meta":{}},{"ancestorTitles":["Platform Events","Quit Events"],"fullName":"Platform Events Quit Events should create quit cancelled event","status":"passed","title":"should create quit cancelled event","duration":0.1067880000000514,"failureMessages":[],"meta":{}},{"ancestorTitles":["Platform Events","Restart Events"],"fullName":"Platform Events Restart Events should create restart requested event with context","status":"passed","title":"should create restart requested event with context","duration":0.20314700000017183,"failureMessages":[],"meta":{}},{"ancestorTitles":["Platform Events","Restart Events"],"fullName":"Platform Events Restart Events should create restart completed event","status":"passed","title":"should create restart completed event","duration":0.1902430000000095,"failureMessages":[],"meta":{}},{"ancestorTitles":["Platform Events","Restart Events"],"fullName":"Platform Events Restart Events should create restart cancelled event","status":"passed","title":"should create restart cancelled event","duration":0.07859999999982392,"failureMessages":[],"meta":{}},{"ancestorTitles":["Platform Events","Generic Platform Event Creation"],"fullName":"Platform Events Generic Platform Event Creation should create platform event with custom data","status":"passed","title":"should create platform event with custom data","duration":0.33444199999939883,"failureMessages":[],"meta":{}},{"ancestorTitles":["Platform Events","Generic Platform Event Creation"],"fullName":"Platform Events Generic Platform Event Creation should generate unique event IDs","status":"passed","title":"should generate unique event IDs","duration":0.38834399999996094,"failureMessages":[],"meta":{}},{"ancestorTitles":["Platform Events","Generic Platform Event Creation"],"fullName":"Platform Events Generic Platform Event Creation should include timestamp","status":"passed","title":"should include timestamp","duration":0.1592769999997472,"failureMessages":[],"meta":{}}],"startTime":1755207384631,"endTime":1755207384640.1592,"status":"passed","message":"","name":"/mnt/c/repotemp/sharpee/packages/core/tests/events/platform-events.test.ts"},{"assertionResults":[{"ancestorTitles":["SemanticEventSource","Event Storage"],"fullName":"SemanticEventSource Event Storage should store and retrieve events","status":"passed","title":"should store and retrieve events","duration":5.14920599999914,"failureMessages":[],"meta":{}},{"ancestorTitles":["SemanticEventSource","Event Storage"],"fullName":"SemanticEventSource Event Storage should clear all events","status":"passed","title":"should clear all events","duration":0.8966319999999541,"failureMessages":[],"meta":{}},{"ancestorTitles":["SemanticEventSource","Event Queries"],"fullName":"SemanticEventSource Event Queries should filter events by type","status":"passed","title":"should filter events by type","duration":0.8556919999991806,"failureMessages":[],"meta":{}},{"ancestorTitles":["SemanticEventSource","Event Queries"],"fullName":"SemanticEventSource Event Queries should filter events by entity","status":"passed","title":"should filter events by entity","duration":1.2347019999997428,"failureMessages":[],"meta":{}},{"ancestorTitles":["SemanticEventSource","Event Queries"],"fullName":"SemanticEventSource Event Queries should filter events by tag","status":"passed","title":"should filter events by tag","duration":0.7204910000000382,"failureMessages":[],"meta":{}},{"ancestorTitles":["SemanticEventSource","Event Queries"],"fullName":"SemanticEventSource Event Queries should support custom filters","status":"passed","title":"should support custom filters","duration":0.7998199999992721,"failureMessages":[],"meta":{}},{"ancestorTitles":["SemanticEventSource","Event Emission"],"fullName":"SemanticEventSource Event Emission should emit events to subscribers","status":"passed","title":"should emit events to subscribers","duration":0.4664790000006178,"failureMessages":[],"meta":{}},{"ancestorTitles":["SemanticEventSource","Event Emission"],"fullName":"SemanticEventSource Event Emission should support EventEmitter interface","status":"passed","title":"should support EventEmitter interface","duration":0.6385090000003402,"failureMessages":[],"meta":{}},{"ancestorTitles":["SemanticEventSource","Event Emission"],"fullName":"SemanticEventSource Event Emission should handle emitter unsubscribe","status":"passed","title":"should handle emitter unsubscribe","duration":0.7335199999997712,"failureMessages":[],"meta":{}},{"ancestorTitles":["SemanticEventSource","Event Processing"],"fullName":"SemanticEventSource Event Processing should track unprocessed events","status":"passed","title":"should track unprocessed events","duration":0.5005559999999605,"failureMessages":[],"meta":{}},{"ancestorTitles":["SemanticEventSource","Event Processing"],"fullName":"SemanticEventSource Event Processing should get events since a specific event","status":"passed","title":"should get events since a specific event","duration":1.1903349999993225,"failureMessages":[],"meta":{}},{"ancestorTitles":["SemanticEventSource","Entity Relationships"],"fullName":"SemanticEventSource Entity Relationships should find events by any entity role","status":"passed","title":"should find events by any entity role","duration":0.9649520000002667,"failureMessages":[],"meta":{}},{"ancestorTitles":["SemanticEventSource","Error Handling"],"fullName":"SemanticEventSource Error Handling should handle errors in event emitter listeners","status":"passed","title":"should handle errors in event emitter listeners","duration":4.050927000000229,"failureMessages":[],"meta":{}}],"startTime":1755207385433,"endTime":1755207385453.051,"status":"passed","message":"","name":"/mnt/c/repotemp/sharpee/packages/core/tests/events/semantic-event-source.test.ts"},{"assertionResults":[{"ancestorTitles":["SimpleEventSource","Basic Functionality"],"fullName":"SimpleEventSource Basic Functionality should emit events to subscribers","status":"passed","title":"should emit events to subscribers","duration":3.261066000000028,"failureMessages":[],"meta":{}},{"ancestorTitles":["SimpleEventSource","Basic Functionality"],"fullName":"SimpleEventSource Basic Functionality should support multiple subscribers","status":"passed","title":"should support multiple subscribers","duration":1.0604110000003857,"failureMessages":[],"meta":{}},{"ancestorTitles":["SimpleEventSource","Basic Functionality"],"fullName":"SimpleEventSource Basic Functionality should return working unsubscribe function","status":"passed","title":"should return working unsubscribe function","duration":1.0511329999999361,"failureMessages":[],"meta":{}},{"ancestorTitles":["SimpleEventSource","Error Handling"],"fullName":"SimpleEventSource Error Handling should handle errors in subscribers gracefully","status":"passed","title":"should handle errors in subscribers gracefully","duration":4.904677999999876,"failureMessages":[],"meta":{}},{"ancestorTitles":["SimpleEventSource","Subscriber Management"],"fullName":"SimpleEventSource Subscriber Management should track subscriber count","status":"passed","title":"should track subscriber count","duration":0.598150999999234,"failureMessages":[],"meta":{}},{"ancestorTitles":["SimpleEventSource","Subscriber Management"],"fullName":"SimpleEventSource Subscriber Management should clear all subscribers","status":"passed","title":"should clear all subscribers","duration":0.4353879999998753,"failureMessages":[],"meta":{}},{"ancestorTitles":["SimpleEventSource","Factory Function"],"fullName":"SimpleEventSource Factory Function should create event source via factory","status":"passed","title":"should create event source via factory","duration":0.7931539999999586,"failureMessages":[],"meta":{}},{"ancestorTitles":["SimpleEventSource","Edge Cases"],"fullName":"SimpleEventSource Edge Cases should handle unsubscribe called multiple times","status":"passed","title":"should handle unsubscribe called multiple times","duration":0.19215799999983574,"failureMessages":[],"meta":{}},{"ancestorTitles":["SimpleEventSource","Edge Cases"],"fullName":"SimpleEventSource Edge Cases should handle subscriber that modifies handler list during emit","status":"passed","title":"should handle subscriber that modifies handler list during emit","duration":0.7451299999993353,"failureMessages":[],"meta":{}}],"startTime":1755207385435,"endTime":1755207385449.745,"status":"passed","message":"","name":"/mnt/c/repotemp/sharpee/packages/core/tests/events/simple-event-source.test.ts"},{"assertionResults":[{"ancestorTitles":["Debug Types","DebugEvent Structure"],"fullName":"Debug Types DebugEvent Structure should define correct debug event structure","status":"passed","title":"should define correct debug event structure","duration":3.5984619999999268,"failureMessages":[],"meta":{}},{"ancestorTitles":["Debug Types","DebugEvent Structure"],"fullName":"Debug Types DebugEvent Structure should support all subsystem types","status":"passed","title":"should support all subsystem types","duration":0.6529959999998027,"failureMessages":[],"meta":{}},{"ancestorTitles":["Debug Types","DebugContext"],"fullName":"Debug Types DebugContext should define debug context with optional emit","status":"passed","title":"should define debug context with optional emit","duration":0.5654500000000553,"failureMessages":[],"meta":{}},{"ancestorTitles":["Debug Types","DebugContext"],"fullName":"Debug Types DebugContext should support debug callback","status":"passed","title":"should support debug callback","duration":2.451586000000134,"failureMessages":[],"meta":{}},{"ancestorTitles":["Debug Types","DebugContext"],"fullName":"Debug Types DebugContext should handle disabled context","status":"passed","title":"should handle disabled context","duration":2.8577940000004673,"failureMessages":[],"meta":{}},{"ancestorTitles":["Debug Types","DebugEventTypes Constants"],"fullName":"Debug Types DebugEventTypes Constants should define parser debug event types","status":"passed","title":"should define parser debug event types","duration":0.6217200000000958,"failureMessages":[],"meta":{}},{"ancestorTitles":["Debug Types","DebugEventTypes Constants"],"fullName":"Debug Types DebugEventTypes Constants should define validator debug event types","status":"passed","title":"should define validator debug event types","duration":0.41116500000043743,"failureMessages":[],"meta":{}},{"ancestorTitles":["Debug Types","DebugEventTypes Constants"],"fullName":"Debug Types DebugEventTypes Constants should define executor debug event types","status":"passed","title":"should define executor debug event types","duration":0.45547200000055454,"failureMessages":[],"meta":{}},{"ancestorTitles":["Debug Types","DebugEventTypes Constants"],"fullName":"Debug Types DebugEventTypes Constants should define world model debug event types","status":"passed","title":"should define world model debug event types","duration":0.8469139999997424,"failureMessages":[],"meta":{}},{"ancestorTitles":["Debug Types","DebugEventTypes Constants"],"fullName":"Debug Types DebugEventTypes Constants should define text service debug event types","status":"passed","title":"should define text service debug event types","duration":0.40099799999916286,"failureMessages":[],"meta":{}},{"ancestorTitles":["Debug Types","Debug Event Usage Patterns"],"fullName":"Debug Types Debug Event Usage Patterns should support parser debug flow","status":"passed","title":"should support parser debug flow","duration":1.2289060000002792,"failureMessages":[],"meta":{}},{"ancestorTitles":["Debug Types","Debug Event Usage Patterns"],"fullName":"Debug Types Debug Event Usage Patterns should support collecting debug events from multiple subsystems","status":"passed","title":"should support collecting debug events from multiple subsystems","duration":0.7411990000000515,"failureMessages":[],"meta":{}},{"ancestorTitles":["Debug Types","Debug Event Usage Patterns"],"fullName":"Debug Types Debug Event Usage Patterns should generate debug event IDs","status":"passed","title":"should generate debug event IDs","duration":1.1119259999995847,"failureMessages":[],"meta":{}},{"ancestorTitles":["Debug Types","Type Safety"],"fullName":"Debug Types Type Safety should enforce subsystem types","status":"passed","title":"should enforce subsystem types","duration":0.5576410000003307,"failureMessages":[],"meta":{}},{"ancestorTitles":["Debug Types","Type Safety"],"fullName":"Debug Types Type Safety should allow any data type","status":"passed","title":"should allow any data type","duration":0.35062899999957153,"failureMessages":[],"meta":{}}],"startTime":1755207385431,"endTime":1755207385449.3506,"status":"passed","message":"","name":"/mnt/c/repotemp/sharpee/packages/core/tests/debug/types.test.ts"},{"assertionResults":[{"ancestorTitles":["Result","Creation"],"fullName":"Result Creation should create success results","status":"passed","title":"should create success results","duration":1.240353000000141,"failureMessages":[],"meta":{}},{"ancestorTitles":["Result","Creation"],"fullName":"Result Creation should create failure results","status":"passed","title":"should create failure results","duration":0.2108750000006694,"failureMessages":[],"meta":{}},{"ancestorTitles":["Result","Creation"],"fullName":"Result Creation should handle any value types","status":"passed","title":"should handle any value types","duration":0.3959770000001299,"failureMessages":[],"meta":{}},{"ancestorTitles":["Result","Type Guards"],"fullName":"Result Type Guards should identify success results","status":"passed","title":"should identify success results","duration":0.2678809999997611,"failureMessages":[],"meta":{}},{"ancestorTitles":["Result","Type Guards"],"fullName":"Result Type Guards should identify failure results","status":"passed","title":"should identify failure results","duration":0.4205980000006093,"failureMessages":[],"meta":{}},{"ancestorTitles":["Result","Type Guards"],"fullName":"Result Type Guards should narrow types correctly","status":"passed","title":"should narrow types correctly","duration":0.21064099999966857,"failureMessages":[],"meta":{}},{"ancestorTitles":["Result","Transformations","map"],"fullName":"Result Transformations map should transform success values","status":"passed","title":"should transform success values","duration":0.19589799999994284,"failureMessages":[],"meta":{}},{"ancestorTitles":["Result","Transformations","map"],"fullName":"Result Transformations map should pass through failures","status":"passed","title":"should pass through failures","duration":0.09208600000056322,"failureMessages":[],"meta":{}},{"ancestorTitles":["Result","Transformations","map"],"fullName":"Result Transformations map should handle type transformations","status":"passed","title":"should handle type transformations","duration":0.2402620000002571,"failureMessages":[],"meta":{}},{"ancestorTitles":["Result","Transformations","mapError"],"fullName":"Result Transformations mapError should transform error values","status":"passed","title":"should transform error values","duration":0.3019620000004579,"failureMessages":[],"meta":{}},{"ancestorTitles":["Result","Transformations","mapError"],"fullName":"Result Transformations mapError should pass through successes","status":"passed","title":"should pass through successes","duration":0.17243600000074366,"failureMessages":[],"meta":{}},{"ancestorTitles":["Result","Transformations","flatMap"],"fullName":"Result Transformations flatMap should chain successful results","status":"passed","title":"should chain successful results","duration":0.11207999999987805,"failureMessages":[],"meta":{}},{"ancestorTitles":["Result","Transformations","flatMap"],"fullName":"Result Transformations flatMap should propagate failures","status":"passed","title":"should propagate failures","duration":0.11212200000045414,"failureMessages":[],"meta":{}},{"ancestorTitles":["Result","Transformations","flatMap"],"fullName":"Result Transformations flatMap should handle chained failures","status":"passed","title":"should handle chained failures","duration":0.08830200000011246,"failureMessages":[],"meta":{}},{"ancestorTitles":["Result","Transformations","flatMap"],"fullName":"Result Transformations flatMap should allow complex chains","status":"passed","title":"should allow complex chains","duration":0.09746999999970285,"failureMessages":[],"meta":{}},{"ancestorTitles":["Result","Unwrapping","unwrap"],"fullName":"Result Unwrapping unwrap should return value for success","status":"passed","title":"should return value for success","duration":0.07805099999950471,"failureMessages":[],"meta":{}},{"ancestorTitles":["Result","Unwrapping","unwrap"],"fullName":"Result Unwrapping unwrap should throw error for failure","status":"passed","title":"should throw error for failure","duration":0.22216800000023795,"failureMessages":[],"meta":{}},{"ancestorTitles":["Result","Unwrapping","unwrap"],"fullName":"Result Unwrapping unwrap should throw non-Error failures","status":"passed","title":"should throw non-Error failures","duration":0.466284999999516,"failureMessages":[],"meta":{}},{"ancestorTitles":["Result","Unwrapping","unwrapOr"],"fullName":"Result Unwrapping unwrapOr should return value for success","status":"passed","title":"should return value for success","duration":0.09490199999981996,"failureMessages":[],"meta":{}},{"ancestorTitles":["Result","Unwrapping","unwrapOr"],"fullName":"Result Unwrapping unwrapOr should return default for failure","status":"passed","title":"should return default for failure","duration":0.050209999999424326,"failureMessages":[],"meta":{}},{"ancestorTitles":["Result","Unwrapping","unwrapOr"],"fullName":"Result Unwrapping unwrapOr should handle different types","status":"passed","title":"should handle different types","duration":0.05995999999959167,"failureMessages":[],"meta":{}},{"ancestorTitles":["Result","Real-world usage patterns"],"fullName":"Result Real-world usage patterns should work for parsing operations","status":"passed","title":"should work for parsing operations","duration":0.23176599999987957,"failureMessages":[],"meta":{}},{"ancestorTitles":["Result","Real-world usage patterns"],"fullName":"Result Real-world usage patterns should work for validation chains","status":"passed","title":"should work for validation chains","duration":0.24681800000053045,"failureMessages":[],"meta":{}}],"startTime":1755207384787,"endTime":1755207384793.2468,"status":"passed","message":"","name":"/mnt/c/repotemp/sharpee/packages/core/tests/types/result.test.ts"},{"assertionResults":[{"ancestorTitles":["SimpleRuleSystem","Rule Management"],"fullName":"SimpleRuleSystem Rule Management should add and retrieve rules","status":"passed","title":"should add and retrieve rules","duration":2.2395440000000235,"failureMessages":[],"meta":{}},{"ancestorTitles":["SimpleRuleSystem","Rule Management"],"fullName":"SimpleRuleSystem Rule Management should remove rules","status":"passed","title":"should remove rules","duration":0.4358349999993152,"failureMessages":[],"meta":{}},{"ancestorTitles":["SimpleRuleSystem","Rule Management"],"fullName":"SimpleRuleSystem Rule Management should handle removing non-existent rules","status":"passed","title":"should handle removing non-existent rules","duration":0.8307159999994838,"failureMessages":[],"meta":{}},{"ancestorTitles":["SimpleRuleSystem","Event Matching"],"fullName":"SimpleRuleSystem Event Matching should match rules by exact event type","status":"passed","title":"should match rules by exact event type","duration":1.285052000000178,"failureMessages":[],"meta":{}},{"ancestorTitles":["SimpleRuleSystem","Event Matching"],"fullName":"SimpleRuleSystem Event Matching should handle wildcard rules (*)","status":"passed","title":"should handle wildcard rules (*)","duration":1.89674500000001,"failureMessages":[],"meta":{}},{"ancestorTitles":["SimpleRuleSystem","Event Matching"],"fullName":"SimpleRuleSystem Event Matching should handle category wildcards (category:*)","status":"passed","title":"should handle category wildcards (category:*)","duration":0.6248160000004646,"failureMessages":[],"meta":{}},{"ancestorTitles":["SimpleRuleSystem","Rule Conditions"],"fullName":"SimpleRuleSystem Rule Conditions should evaluate conditions before running actions","status":"passed","title":"should evaluate conditions before running actions","duration":0.5211049999998068,"failureMessages":[],"meta":{}},{"ancestorTitles":["SimpleRuleSystem","Rule Conditions"],"fullName":"SimpleRuleSystem Rule Conditions should skip rules with false conditions","status":"passed","title":"should skip rules with false conditions","duration":0.9982190000000628,"failureMessages":[],"meta":{}},{"ancestorTitles":["SimpleRuleSystem","Rule Priority"],"fullName":"SimpleRuleSystem Rule Priority should execute rules in priority order (highest first)","status":"passed","title":"should execute rules in priority order (highest first)","duration":2.584700999999768,"failureMessages":[],"meta":{}},{"ancestorTitles":["SimpleRuleSystem","Event Prevention"],"fullName":"SimpleRuleSystem Event Prevention should stop processing when a rule prevents the event","status":"passed","title":"should stop processing when a rule prevents the event","duration":0.974449000000277,"failureMessages":[],"meta":{}},{"ancestorTitles":["SimpleRuleSystem","Event Prevention"],"fullName":"SimpleRuleSystem Event Prevention should use the first prevention message","status":"passed","title":"should use the first prevention message","duration":0.2847440000005008,"failureMessages":[],"meta":{}},{"ancestorTitles":["SimpleRuleSystem","Result Aggregation"],"fullName":"SimpleRuleSystem Result Aggregation should collect events from multiple rules","status":"passed","title":"should collect events from multiple rules","duration":0.5049079999998867,"failureMessages":[],"meta":{}},{"ancestorTitles":["SimpleRuleSystem","Result Aggregation"],"fullName":"SimpleRuleSystem Result Aggregation should create narrative events for messages","status":"passed","title":"should create narrative events for messages","duration":0.9678050000002258,"failureMessages":[],"meta":{}},{"ancestorTitles":["SimpleRuleSystem","Result Aggregation"],"fullName":"SimpleRuleSystem Result Aggregation should apply entity changes","status":"passed","title":"should apply entity changes","duration":0.3780820000001768,"failureMessages":[],"meta":{}},{"ancestorTitles":["SimpleRuleSystem","Result Aggregation"],"fullName":"SimpleRuleSystem Result Aggregation should handle multiple entity changes","status":"passed","title":"should handle multiple entity changes","duration":0.2026850000002014,"failureMessages":[],"meta":{}},{"ancestorTitles":["SimpleRuleSystem","Complex Scenarios"],"fullName":"SimpleRuleSystem Complex Scenarios should handle heavy item prevention","status":"passed","title":"should handle heavy item prevention","duration":0.269242999999733,"failureMessages":[],"meta":{}},{"ancestorTitles":["SimpleRuleSystem","Complex Scenarios"],"fullName":"SimpleRuleSystem Complex Scenarios should handle darkness rules","status":"passed","title":"should handle darkness rules","duration":0.18371599999954924,"failureMessages":[],"meta":{}}],"startTime":1755207385304,"endTime":1755207385320.2693,"status":"passed","message":"","name":"/mnt/c/repotemp/sharpee/packages/core/tests/rules/simple-rule-system.test.ts"},{"assertionResults":[{"ancestorTitles":["Event and Rule Integration","Event Flow Through Rules"],"fullName":"Event and Rule Integration Event Flow Through Rules should process events through rules and generate new events","status":"passed","title":"should process events through rules and generate new events","duration":3.7564159999992626,"failureMessages":[],"meta":{}},{"ancestorTitles":["Event and Rule Integration","Event Flow Through Rules"],"fullName":"Event and Rule Integration Event Flow Through Rules should handle rule chains where one event triggers another","status":"passed","title":"should handle rule chains where one event triggers another","duration":1.4233439999998154,"failureMessages":[],"meta":{}},{"ancestorTitles":["Event and Rule Integration","Event Flow Through Rules"],"fullName":"Event and Rule Integration Event Flow Through Rules should handle complex rule interactions with priorities","status":"passed","title":"should handle complex rule interactions with priorities","duration":0.991783999999825,"failureMessages":[],"meta":{}},{"ancestorTitles":["Event and Rule Integration","Event Source and Rule System Working Together"],"fullName":"Event and Rule Integration Event Source and Rule System Working Together should accumulate events from rules in the event source","status":"passed","title":"should accumulate events from rules in the event source","duration":1.042796000000635,"failureMessages":[],"meta":{}},{"ancestorTitles":["Event and Rule Integration","Event Source and Rule System Working Together"],"fullName":"Event and Rule Integration Event Source and Rule System Working Together should allow querying events generated by rules","status":"passed","title":"should allow querying events generated by rules","duration":1.177494000000479,"failureMessages":[],"meta":{}},{"ancestorTitles":["Event and Rule Integration","Event Source and Rule System Working Together"],"fullName":"Event and Rule Integration Event Source and Rule System Working Together should handle narrative flow through events and rules","status":"passed","title":"should handle narrative flow through events and rules","duration":0.9271170000001803,"failureMessages":[],"meta":{}},{"ancestorTitles":["Event and Rule Integration","Error Handling in Integration"],"fullName":"Event and Rule Integration Error Handling in Integration should handle missing entities gracefully","status":"passed","title":"should handle missing entities gracefully","duration":0.44437199999993027,"failureMessages":[],"meta":{}},{"ancestorTitles":["Event and Rule Integration","Error Handling in Integration"],"fullName":"Event and Rule Integration Error Handling in Integration should continue processing when rules throw errors","status":"passed","title":"should continue processing when rules throw errors","duration":3.2862169999998514,"failureMessages":[],"meta":{}}],"startTime":1755207386197,"endTime":1755207386210.2861,"status":"passed","message":"","name":"/mnt/c/repotemp/sharpee/packages/core/tests/integration/event-rule-integration.test.ts"}]}