{"numTotalTestSuites":64,"numPassedTestSuites":64,"numFailedTestSuites":0,"numPendingTestSuites":0,"numTotalTests":120,"numPassedTests":120,"numFailedTests":0,"numPendingTests":0,"numTodoTests":0,"snapshot":{"added":0,"failure":false,"filesAdded":0,"filesRemoved":0,"filesRemovedList":[],"filesUnmatched":0,"filesUpdated":0,"matched":0,"total":0,"unchecked":0,"uncheckedKeysByFile":[],"unmatched":0,"updated":0,"didUpdate":false},"startTime":1754491477731,"success":true,"testResults":[{"assertionResults":[{"ancestorTitles":["Test Setup"],"fullName":"Test Setup should have tests configured","status":"passed","title":"should have tests configured","duration":0.9859570000007807,"failureMessages":[],"meta":{}}],"startTime":1754491487838,"endTime":1754491487838.9858,"status":"passed","message":"","name":"/mnt/c/repotemp/sharpee/packages/core/tests/setup.test.ts"},{"assertionResults":[{"ancestorTitles":["Event System Helpers","createEvent"],"fullName":"Event System Helpers createEvent should create a basic event with required fields","status":"passed","title":"should create a basic event with required fields","duration":1.8485700000001088,"failureMessages":[],"meta":{}},{"ancestorTitles":["Event System Helpers","createEvent"],"fullName":"Event System Helpers createEvent should include entity information","status":"passed","title":"should include entity information","duration":0.15553100000033737,"failureMessages":[],"meta":{}},{"ancestorTitles":["Event System Helpers","createEvent"],"fullName":"Event System Helpers createEvent should include metadata","status":"passed","title":"should include metadata","duration":0.1583360000004177,"failureMessages":[],"meta":{}},{"ancestorTitles":["Event System Helpers","createEvent"],"fullName":"Event System Helpers createEvent should handle empty payload","status":"passed","title":"should handle empty payload","duration":0.13927800000055868,"failureMessages":[],"meta":{}},{"ancestorTitles":["Event System Helpers","createEvent"],"fullName":"Event System Helpers createEvent should generate unique IDs","status":"passed","title":"should generate unique IDs","duration":0.2992340000000695,"failureMessages":[],"meta":{}},{"ancestorTitles":["Event System Helpers","createEvent"],"fullName":"Event System Helpers createEvent should generate increasing timestamps","status":"passed","title":"should generate increasing timestamps","duration":10.667147000000114,"failureMessages":[],"meta":{}},{"ancestorTitles":["Event System Helpers","createEvent"],"fullName":"Event System Helpers createEvent should handle complex payloads","status":"passed","title":"should handle complex payloads","duration":0.17940900000030524,"failureMessages":[],"meta":{}},{"ancestorTitles":["Event System Helpers","createEvent"],"fullName":"Event System Helpers createEvent should set narrate flag from metadata","status":"passed","title":"should set narrate flag from metadata","duration":0.09115899999960675,"failureMessages":[],"meta":{}},{"ancestorTitles":["Event System Helpers","createEvent"],"fullName":"Event System Helpers createEvent should set tags from metadata","status":"passed","title":"should set tags from metadata","duration":0.2679389999993873,"failureMessages":[],"meta":{}},{"ancestorTitles":["Event System Helpers","createEvent"],"fullName":"Event System Helpers createEvent should handle all entity types","status":"passed","title":"should handle all entity types","duration":0.11643099999855622,"failureMessages":[],"meta":{}},{"ancestorTitles":["Event System Helpers","createEvent"],"fullName":"Event System Helpers createEvent should support legacy data property","status":"passed","title":"should support legacy data property","duration":0.18096800000057556,"failureMessages":[],"meta":{}},{"ancestorTitles":["Event System Helpers","createEvent"],"fullName":"Event System Helpers createEvent should create events suitable for the semantic event source","status":"passed","title":"should create events suitable for the semantic event source","duration":0.15664700000161247,"failureMessages":[],"meta":{}},{"ancestorTitles":["Event System Helpers","Event ID Format"],"fullName":"Event System Helpers Event ID Format should follow expected ID pattern","status":"passed","title":"should follow expected ID pattern","duration":0.7251710000000458,"failureMessages":[],"meta":{}},{"ancestorTitles":["Event System Helpers","Integration with StandardEventTypes"],"fullName":"Event System Helpers Integration with StandardEventTypes should create standard narrative events","status":"passed","title":"should create standard narrative events","duration":94.67401499999869,"failureMessages":[],"meta":{}},{"ancestorTitles":["Event System Helpers","Integration with StandardEventTypes"],"fullName":"Event System Helpers Integration with StandardEventTypes should create standard error events","status":"passed","title":"should create standard error events","duration":3.7552489999998215,"failureMessages":[],"meta":{}}],"startTime":1754491488125,"endTime":1754491488238.7551,"status":"passed","message":"","name":"/mnt/c/repotemp/sharpee/packages/core/tests/events/event-system.test.ts"},{"assertionResults":[{"ancestorTitles":["Platform Events","Event Types"],"fullName":"Platform Events Event Types should have all required event types","status":"passed","title":"should have all required event types","duration":1.4833289999987755,"failureMessages":[],"meta":{}},{"ancestorTitles":["Platform Events","Type Guards"],"fullName":"Platform Events Type Guards should identify platform events","status":"passed","title":"should identify platform events","duration":0.24142700000084005,"failureMessages":[],"meta":{}},{"ancestorTitles":["Platform Events","Type Guards"],"fullName":"Platform Events Type Guards should identify platform request events","status":"passed","title":"should identify platform request events","duration":0.19175300000097195,"failureMessages":[],"meta":{}},{"ancestorTitles":["Platform Events","Type Guards"],"fullName":"Platform Events Type Guards should identify platform completion events","status":"passed","title":"should identify platform completion events","duration":0.20375400000011723,"failureMessages":[],"meta":{}},{"ancestorTitles":["Platform Events","Save Events"],"fullName":"Platform Events Save Events should create save requested event with context","status":"passed","title":"should create save requested event with context","duration":0.506918000000951,"failureMessages":[],"meta":{}},{"ancestorTitles":["Platform Events","Save Events"],"fullName":"Platform Events Save Events should create save completed event","status":"passed","title":"should create save completed event","duration":0.21287499999925785,"failureMessages":[],"meta":{}},{"ancestorTitles":["Platform Events","Save Events"],"fullName":"Platform Events Save Events should create save failed event with error","status":"passed","title":"should create save failed event with error","duration":0.1278469999997469,"failureMessages":[],"meta":{}},{"ancestorTitles":["Platform Events","Restore Events"],"fullName":"Platform Events Restore Events should create restore requested event with context","status":"passed","title":"should create restore requested event with context","duration":0.19222199999967415,"failureMessages":[],"meta":{}},{"ancestorTitles":["Platform Events","Restore Events"],"fullName":"Platform Events Restore Events should create restore completed event","status":"passed","title":"should create restore completed event","duration":0.25587000000086846,"failureMessages":[],"meta":{}},{"ancestorTitles":["Platform Events","Restore Events"],"fullName":"Platform Events Restore Events should create restore failed event","status":"passed","title":"should create restore failed event","duration":0.15782500000022992,"failureMessages":[],"meta":{}},{"ancestorTitles":["Platform Events","Quit Events"],"fullName":"Platform Events Quit Events should create quit requested event with context","status":"passed","title":"should create quit requested event with context","duration":1.7940139999991516,"failureMessages":[],"meta":{}},{"ancestorTitles":["Platform Events","Quit Events"],"fullName":"Platform Events Quit Events should create quit confirmed event","status":"passed","title":"should create quit confirmed event","duration":0.10936400000173307,"failureMessages":[],"meta":{}},{"ancestorTitles":["Platform Events","Quit Events"],"fullName":"Platform Events Quit Events should create quit cancelled event","status":"passed","title":"should create quit cancelled event","duration":0.07600800000000163,"failureMessages":[],"meta":{}},{"ancestorTitles":["Platform Events","Restart Events"],"fullName":"Platform Events Restart Events should create restart requested event with context","status":"passed","title":"should create restart requested event with context","duration":0.11328099999991537,"failureMessages":[],"meta":{}},{"ancestorTitles":["Platform Events","Restart Events"],"fullName":"Platform Events Restart Events should create restart completed event","status":"passed","title":"should create restart completed event","duration":0.07979599999998754,"failureMessages":[],"meta":{}},{"ancestorTitles":["Platform Events","Restart Events"],"fullName":"Platform Events Restart Events should create restart cancelled event","status":"passed","title":"should create restart cancelled event","duration":0.0643579999996291,"failureMessages":[],"meta":{}},{"ancestorTitles":["Platform Events","Generic Platform Event Creation"],"fullName":"Platform Events Generic Platform Event Creation should create platform event with custom data","status":"passed","title":"should create platform event with custom data","duration":0.2839899999999034,"failureMessages":[],"meta":{}},{"ancestorTitles":["Platform Events","Generic Platform Event Creation"],"fullName":"Platform Events Generic Platform Event Creation should generate unique event IDs","status":"passed","title":"should generate unique event IDs","duration":0.2975929999993241,"failureMessages":[],"meta":{}},{"ancestorTitles":["Platform Events","Generic Platform Event Creation"],"fullName":"Platform Events Generic Platform Event Creation should include timestamp","status":"passed","title":"should include timestamp","duration":0.20017299999926763,"failureMessages":[],"meta":{}}],"startTime":1754491488207,"endTime":1754491488214.2976,"status":"passed","message":"","name":"/mnt/c/repotemp/sharpee/packages/core/tests/events/platform-events.test.ts"},{"assertionResults":[{"ancestorTitles":["SemanticEventSource","Event Storage"],"fullName":"SemanticEventSource Event Storage should store and retrieve events","status":"passed","title":"should store and retrieve events","duration":2.452436999999918,"failureMessages":[],"meta":{}},{"ancestorTitles":["SemanticEventSource","Event Storage"],"fullName":"SemanticEventSource Event Storage should clear all events","status":"passed","title":"should clear all events","duration":0.49116999999932887,"failureMessages":[],"meta":{}},{"ancestorTitles":["SemanticEventSource","Event Queries"],"fullName":"SemanticEventSource Event Queries should filter events by type","status":"passed","title":"should filter events by type","duration":0.3612230000017007,"failureMessages":[],"meta":{}},{"ancestorTitles":["SemanticEventSource","Event Queries"],"fullName":"SemanticEventSource Event Queries should filter events by entity","status":"passed","title":"should filter events by entity","duration":0.469228000001749,"failureMessages":[],"meta":{}},{"ancestorTitles":["SemanticEventSource","Event Queries"],"fullName":"SemanticEventSource Event Queries should filter events by tag","status":"passed","title":"should filter events by tag","duration":0.2648250000002008,"failureMessages":[],"meta":{}},{"ancestorTitles":["SemanticEventSource","Event Queries"],"fullName":"SemanticEventSource Event Queries should support custom filters","status":"passed","title":"should support custom filters","duration":0.36679499999991094,"failureMessages":[],"meta":{}},{"ancestorTitles":["SemanticEventSource","Event Emission"],"fullName":"SemanticEventSource Event Emission should emit events to subscribers","status":"passed","title":"should emit events to subscribers","duration":0.1857479999998759,"failureMessages":[],"meta":{}},{"ancestorTitles":["SemanticEventSource","Event Emission"],"fullName":"SemanticEventSource Event Emission should support EventEmitter interface","status":"passed","title":"should support EventEmitter interface","duration":0.3133909999996831,"failureMessages":[],"meta":{}},{"ancestorTitles":["SemanticEventSource","Event Emission"],"fullName":"SemanticEventSource Event Emission should handle emitter unsubscribe","status":"passed","title":"should handle emitter unsubscribe","duration":0.31619400000090536,"failureMessages":[],"meta":{}},{"ancestorTitles":["SemanticEventSource","Event Processing"],"fullName":"SemanticEventSource Event Processing should track unprocessed events","status":"passed","title":"should track unprocessed events","duration":0.23849800000061805,"failureMessages":[],"meta":{}},{"ancestorTitles":["SemanticEventSource","Event Processing"],"fullName":"SemanticEventSource Event Processing should get events since a specific event","status":"passed","title":"should get events since a specific event","duration":0.2723389999991923,"failureMessages":[],"meta":{}},{"ancestorTitles":["SemanticEventSource","Entity Relationships"],"fullName":"SemanticEventSource Entity Relationships should find events by any entity role","status":"passed","title":"should find events by any entity role","duration":0.36111699999855773,"failureMessages":[],"meta":{}},{"ancestorTitles":["SemanticEventSource","Error Handling"],"fullName":"SemanticEventSource Error Handling should handle errors in event emitter listeners","status":"passed","title":"should handle errors in event emitter listeners","duration":2.3769929999998567,"failureMessages":[],"meta":{}}],"startTime":1754491488974,"endTime":1754491488982.377,"status":"passed","message":"","name":"/mnt/c/repotemp/sharpee/packages/core/tests/events/semantic-event-source.test.ts"},{"assertionResults":[{"ancestorTitles":["SimpleEventSource","Basic Functionality"],"fullName":"SimpleEventSource Basic Functionality should emit events to subscribers","status":"passed","title":"should emit events to subscribers","duration":2.802445000001171,"failureMessages":[],"meta":{}},{"ancestorTitles":["SimpleEventSource","Basic Functionality"],"fullName":"SimpleEventSource Basic Functionality should support multiple subscribers","status":"passed","title":"should support multiple subscribers","duration":0.33042200000090816,"failureMessages":[],"meta":{}},{"ancestorTitles":["SimpleEventSource","Basic Functionality"],"fullName":"SimpleEventSource Basic Functionality should return working unsubscribe function","status":"passed","title":"should return working unsubscribe function","duration":0.22851099999934377,"failureMessages":[],"meta":{}},{"ancestorTitles":["SimpleEventSource","Error Handling"],"fullName":"SimpleEventSource Error Handling should handle errors in subscribers gracefully","status":"passed","title":"should handle errors in subscribers gracefully","duration":2.9816869999995106,"failureMessages":[],"meta":{}},{"ancestorTitles":["SimpleEventSource","Subscriber Management"],"fullName":"SimpleEventSource Subscriber Management should track subscriber count","status":"passed","title":"should track subscriber count","duration":0.40642599999955564,"failureMessages":[],"meta":{}},{"ancestorTitles":["SimpleEventSource","Subscriber Management"],"fullName":"SimpleEventSource Subscriber Management should clear all subscribers","status":"passed","title":"should clear all subscribers","duration":0.30602600000020175,"failureMessages":[],"meta":{}},{"ancestorTitles":["SimpleEventSource","Factory Function"],"fullName":"SimpleEventSource Factory Function should create event source via factory","status":"passed","title":"should create event source via factory","duration":0.5148669999998674,"failureMessages":[],"meta":{}},{"ancestorTitles":["SimpleEventSource","Edge Cases"],"fullName":"SimpleEventSource Edge Cases should handle unsubscribe called multiple times","status":"passed","title":"should handle unsubscribe called multiple times","duration":0.13100300000041898,"failureMessages":[],"meta":{}},{"ancestorTitles":["SimpleEventSource","Edge Cases"],"fullName":"SimpleEventSource Edge Cases should handle subscriber that modifies handler list during emit","status":"passed","title":"should handle subscriber that modifies handler list during emit","duration":0.5031130000006669,"failureMessages":[],"meta":{}}],"startTime":1754491488971,"endTime":1754491488979.515,"status":"passed","message":"","name":"/mnt/c/repotemp/sharpee/packages/core/tests/events/simple-event-source.test.ts"},{"assertionResults":[{"ancestorTitles":["Debug Types","DebugEvent Structure"],"fullName":"Debug Types DebugEvent Structure should define correct debug event structure","status":"passed","title":"should define correct debug event structure","duration":1.8278489999993326,"failureMessages":[],"meta":{}},{"ancestorTitles":["Debug Types","DebugEvent Structure"],"fullName":"Debug Types DebugEvent Structure should support all subsystem types","status":"passed","title":"should support all subsystem types","duration":0.26423699999941164,"failureMessages":[],"meta":{}},{"ancestorTitles":["Debug Types","DebugContext"],"fullName":"Debug Types DebugContext should define debug context with optional emit","status":"passed","title":"should define debug context with optional emit","duration":0.19187500000043656,"failureMessages":[],"meta":{}},{"ancestorTitles":["Debug Types","DebugContext"],"fullName":"Debug Types DebugContext should support debug callback","status":"passed","title":"should support debug callback","duration":0.6189109999995708,"failureMessages":[],"meta":{}},{"ancestorTitles":["Debug Types","DebugContext"],"fullName":"Debug Types DebugContext should handle disabled context","status":"passed","title":"should handle disabled context","duration":0.7446860000000015,"failureMessages":[],"meta":{}},{"ancestorTitles":["Debug Types","DebugEventTypes Constants"],"fullName":"Debug Types DebugEventTypes Constants should define parser debug event types","status":"passed","title":"should define parser debug event types","duration":0.15976799999953073,"failureMessages":[],"meta":{}},{"ancestorTitles":["Debug Types","DebugEventTypes Constants"],"fullName":"Debug Types DebugEventTypes Constants should define validator debug event types","status":"passed","title":"should define validator debug event types","duration":0.08574100000078033,"failureMessages":[],"meta":{}},{"ancestorTitles":["Debug Types","DebugEventTypes Constants"],"fullName":"Debug Types DebugEventTypes Constants should define executor debug event types","status":"passed","title":"should define executor debug event types","duration":0.129413000000568,"failureMessages":[],"meta":{}},{"ancestorTitles":["Debug Types","DebugEventTypes Constants"],"fullName":"Debug Types DebugEventTypes Constants should define world model debug event types","status":"passed","title":"should define world model debug event types","duration":0.18820400000004156,"failureMessages":[],"meta":{}},{"ancestorTitles":["Debug Types","DebugEventTypes Constants"],"fullName":"Debug Types DebugEventTypes Constants should define text service debug event types","status":"passed","title":"should define text service debug event types","duration":0.09284299999853829,"failureMessages":[],"meta":{}},{"ancestorTitles":["Debug Types","Debug Event Usage Patterns"],"fullName":"Debug Types Debug Event Usage Patterns should support parser debug flow","status":"passed","title":"should support parser debug flow","duration":0.2436070000003383,"failureMessages":[],"meta":{}},{"ancestorTitles":["Debug Types","Debug Event Usage Patterns"],"fullName":"Debug Types Debug Event Usage Patterns should support collecting debug events from multiple subsystems","status":"passed","title":"should support collecting debug events from multiple subsystems","duration":0.26651899999887974,"failureMessages":[],"meta":{}},{"ancestorTitles":["Debug Types","Debug Event Usage Patterns"],"fullName":"Debug Types Debug Event Usage Patterns should generate debug event IDs","status":"passed","title":"should generate debug event IDs","duration":0.29839500000161934,"failureMessages":[],"meta":{}},{"ancestorTitles":["Debug Types","Type Safety"],"fullName":"Debug Types Type Safety should enforce subsystem types","status":"passed","title":"should enforce subsystem types","duration":0.2149410000001808,"failureMessages":[],"meta":{}},{"ancestorTitles":["Debug Types","Type Safety"],"fullName":"Debug Types Type Safety should allow any data type","status":"passed","title":"should allow any data type","duration":0.22232899999835354,"failureMessages":[],"meta":{}}],"startTime":1754491488240,"endTime":1754491488246.2983,"status":"passed","message":"","name":"/mnt/c/repotemp/sharpee/packages/core/tests/debug/types.test.ts"},{"assertionResults":[{"ancestorTitles":["Event and Rule Integration","Event Flow Through Rules"],"fullName":"Event and Rule Integration Event Flow Through Rules should process events through rules and generate new events","status":"passed","title":"should process events through rules and generate new events","duration":3.265240000000631,"failureMessages":[],"meta":{}},{"ancestorTitles":["Event and Rule Integration","Event Flow Through Rules"],"fullName":"Event and Rule Integration Event Flow Through Rules should handle rule chains where one event triggers another","status":"passed","title":"should handle rule chains where one event triggers another","duration":1.5401619999993272,"failureMessages":[],"meta":{}},{"ancestorTitles":["Event and Rule Integration","Event Flow Through Rules"],"fullName":"Event and Rule Integration Event Flow Through Rules should handle complex rule interactions with priorities","status":"passed","title":"should handle complex rule interactions with priorities","duration":0.4234570000007807,"failureMessages":[],"meta":{}},{"ancestorTitles":["Event and Rule Integration","Event Source and Rule System Working Together"],"fullName":"Event and Rule Integration Event Source and Rule System Working Together should accumulate events from rules in the event source","status":"passed","title":"should accumulate events from rules in the event source","duration":1.0097889999997278,"failureMessages":[],"meta":{}},{"ancestorTitles":["Event and Rule Integration","Event Source and Rule System Working Together"],"fullName":"Event and Rule Integration Event Source and Rule System Working Together should allow querying events generated by rules","status":"passed","title":"should allow querying events generated by rules","duration":0.7474180000008346,"failureMessages":[],"meta":{}},{"ancestorTitles":["Event and Rule Integration","Event Source and Rule System Working Together"],"fullName":"Event and Rule Integration Event Source and Rule System Working Together should handle narrative flow through events and rules","status":"passed","title":"should handle narrative flow through events and rules","duration":2.591168999999354,"failureMessages":[],"meta":{}},{"ancestorTitles":["Event and Rule Integration","Error Handling in Integration"],"fullName":"Event and Rule Integration Error Handling in Integration should handle missing entities gracefully","status":"passed","title":"should handle missing entities gracefully","duration":0.29261699999915436,"failureMessages":[],"meta":{}},{"ancestorTitles":["Event and Rule Integration","Error Handling in Integration"],"fullName":"Event and Rule Integration Error Handling in Integration should continue processing when rules throw errors","status":"passed","title":"should continue processing when rules throw errors","duration":1.9610009999996691,"failureMessages":[],"meta":{}}],"startTime":1754491490110,"endTime":1754491490121.961,"status":"passed","message":"","name":"/mnt/c/repotemp/sharpee/packages/core/tests/integration/event-rule-integration.test.ts"},{"assertionResults":[{"ancestorTitles":["Result","Creation"],"fullName":"Result Creation should create success results","status":"passed","title":"should create success results","duration":2.1910189999998693,"failureMessages":[],"meta":{}},{"ancestorTitles":["Result","Creation"],"fullName":"Result Creation should create failure results","status":"passed","title":"should create failure results","duration":0.28205700000034994,"failureMessages":[],"meta":{}},{"ancestorTitles":["Result","Creation"],"fullName":"Result Creation should handle any value types","status":"passed","title":"should handle any value types","duration":0.4875370000008843,"failureMessages":[],"meta":{}},{"ancestorTitles":["Result","Type Guards"],"fullName":"Result Type Guards should identify success results","status":"passed","title":"should identify success results","duration":0.3276049999985844,"failureMessages":[],"meta":{}},{"ancestorTitles":["Result","Type Guards"],"fullName":"Result Type Guards should identify failure results","status":"passed","title":"should identify failure results","duration":0.24773699999968812,"failureMessages":[],"meta":{}},{"ancestorTitles":["Result","Type Guards"],"fullName":"Result Type Guards should narrow types correctly","status":"passed","title":"should narrow types correctly","duration":0.220751000000746,"failureMessages":[],"meta":{}},{"ancestorTitles":["Result","Transformations","map"],"fullName":"Result Transformations map should transform success values","status":"passed","title":"should transform success values","duration":0.23122499999954016,"failureMessages":[],"meta":{}},{"ancestorTitles":["Result","Transformations","map"],"fullName":"Result Transformations map should pass through failures","status":"passed","title":"should pass through failures","duration":0.1353129999988596,"failureMessages":[],"meta":{}},{"ancestorTitles":["Result","Transformations","map"],"fullName":"Result Transformations map should handle type transformations","status":"passed","title":"should handle type transformations","duration":0.33700499999940803,"failureMessages":[],"meta":{}},{"ancestorTitles":["Result","Transformations","mapError"],"fullName":"Result Transformations mapError should transform error values","status":"passed","title":"should transform error values","duration":0.4609619999991992,"failureMessages":[],"meta":{}},{"ancestorTitles":["Result","Transformations","mapError"],"fullName":"Result Transformations mapError should pass through successes","status":"passed","title":"should pass through successes","duration":0.30672100000083447,"failureMessages":[],"meta":{}},{"ancestorTitles":["Result","Transformations","flatMap"],"fullName":"Result Transformations flatMap should chain successful results","status":"passed","title":"should chain successful results","duration":0.20302799999990384,"failureMessages":[],"meta":{}},{"ancestorTitles":["Result","Transformations","flatMap"],"fullName":"Result Transformations flatMap should propagate failures","status":"passed","title":"should propagate failures","duration":0.16140400000040245,"failureMessages":[],"meta":{}},{"ancestorTitles":["Result","Transformations","flatMap"],"fullName":"Result Transformations flatMap should handle chained failures","status":"passed","title":"should handle chained failures","duration":0.16320599999926344,"failureMessages":[],"meta":{}},{"ancestorTitles":["Result","Transformations","flatMap"],"fullName":"Result Transformations flatMap should allow complex chains","status":"passed","title":"should allow complex chains","duration":0.15243399999963003,"failureMessages":[],"meta":{}},{"ancestorTitles":["Result","Unwrapping","unwrap"],"fullName":"Result Unwrapping unwrap should return value for success","status":"passed","title":"should return value for success","duration":0.45379999999931897,"failureMessages":[],"meta":{}},{"ancestorTitles":["Result","Unwrapping","unwrap"],"fullName":"Result Unwrapping unwrap should throw error for failure","status":"passed","title":"should throw error for failure","duration":1.0171819999995932,"failureMessages":[],"meta":{}},{"ancestorTitles":["Result","Unwrapping","unwrap"],"fullName":"Result Unwrapping unwrap should throw non-Error failures","status":"passed","title":"should throw non-Error failures","duration":0.4509859999998298,"failureMessages":[],"meta":{}},{"ancestorTitles":["Result","Unwrapping","unwrapOr"],"fullName":"Result Unwrapping unwrapOr should return value for success","status":"passed","title":"should return value for success","duration":0.08872800000062853,"failureMessages":[],"meta":{}},{"ancestorTitles":["Result","Unwrapping","unwrapOr"],"fullName":"Result Unwrapping unwrapOr should return default for failure","status":"passed","title":"should return default for failure","duration":0.057175999998435145,"failureMessages":[],"meta":{}},{"ancestorTitles":["Result","Unwrapping","unwrapOr"],"fullName":"Result Unwrapping unwrapOr should handle different types","status":"passed","title":"should handle different types","duration":0.060863000000608736,"failureMessages":[],"meta":{}},{"ancestorTitles":["Result","Real-world usage patterns"],"fullName":"Result Real-world usage patterns should work for parsing operations","status":"passed","title":"should work for parsing operations","duration":0.194922000000588,"failureMessages":[],"meta":{}},{"ancestorTitles":["Result","Real-world usage patterns"],"fullName":"Result Real-world usage patterns should work for validation chains","status":"passed","title":"should work for validation chains","duration":0.18824599999970815,"failureMessages":[],"meta":{}}],"startTime":1754491490106,"endTime":1754491490115.1948,"status":"passed","message":"","name":"/mnt/c/repotemp/sharpee/packages/core/tests/types/result.test.ts"},{"assertionResults":[{"ancestorTitles":["SimpleRuleSystem","Rule Management"],"fullName":"SimpleRuleSystem Rule Management should add and retrieve rules","status":"passed","title":"should add and retrieve rules","duration":2.9023719999986497,"failureMessages":[],"meta":{}},{"ancestorTitles":["SimpleRuleSystem","Rule Management"],"fullName":"SimpleRuleSystem Rule Management should remove rules","status":"passed","title":"should remove rules","duration":0.41709500000069966,"failureMessages":[],"meta":{}},{"ancestorTitles":["SimpleRuleSystem","Rule Management"],"fullName":"SimpleRuleSystem Rule Management should handle removing non-existent rules","status":"passed","title":"should handle removing non-existent rules","duration":1.9202560000012454,"failureMessages":[],"meta":{}},{"ancestorTitles":["SimpleRuleSystem","Event Matching"],"fullName":"SimpleRuleSystem Event Matching should match rules by exact event type","status":"passed","title":"should match rules by exact event type","duration":0.9183950000006007,"failureMessages":[],"meta":{}},{"ancestorTitles":["SimpleRuleSystem","Event Matching"],"fullName":"SimpleRuleSystem Event Matching should handle wildcard rules (*)","status":"passed","title":"should handle wildcard rules (*)","duration":0.29822799999965355,"failureMessages":[],"meta":{}},{"ancestorTitles":["SimpleRuleSystem","Event Matching"],"fullName":"SimpleRuleSystem Event Matching should handle category wildcards (category:*)","status":"passed","title":"should handle category wildcards (category:*)","duration":0.27568000000064785,"failureMessages":[],"meta":{}},{"ancestorTitles":["SimpleRuleSystem","Rule Conditions"],"fullName":"SimpleRuleSystem Rule Conditions should evaluate conditions before running actions","status":"passed","title":"should evaluate conditions before running actions","duration":0.2707749999990483,"failureMessages":[],"meta":{}},{"ancestorTitles":["SimpleRuleSystem","Rule Conditions"],"fullName":"SimpleRuleSystem Rule Conditions should skip rules with false conditions","status":"passed","title":"should skip rules with false conditions","duration":0.21093400000063411,"failureMessages":[],"meta":{}},{"ancestorTitles":["SimpleRuleSystem","Rule Priority"],"fullName":"SimpleRuleSystem Rule Priority should execute rules in priority order (highest first)","status":"passed","title":"should execute rules in priority order (highest first)","duration":0.2732190000006085,"failureMessages":[],"meta":{}},{"ancestorTitles":["SimpleRuleSystem","Event Prevention"],"fullName":"SimpleRuleSystem Event Prevention should stop processing when a rule prevents the event","status":"passed","title":"should stop processing when a rule prevents the event","duration":0.30931000000055064,"failureMessages":[],"meta":{}},{"ancestorTitles":["SimpleRuleSystem","Event Prevention"],"fullName":"SimpleRuleSystem Event Prevention should use the first prevention message","status":"passed","title":"should use the first prevention message","duration":0.1318280000014056,"failureMessages":[],"meta":{}},{"ancestorTitles":["SimpleRuleSystem","Result Aggregation"],"fullName":"SimpleRuleSystem Result Aggregation should collect events from multiple rules","status":"passed","title":"should collect events from multiple rules","duration":0.2880010000008042,"failureMessages":[],"meta":{}},{"ancestorTitles":["SimpleRuleSystem","Result Aggregation"],"fullName":"SimpleRuleSystem Result Aggregation should create narrative events for messages","status":"passed","title":"should create narrative events for messages","duration":0.7589609999995446,"failureMessages":[],"meta":{}},{"ancestorTitles":["SimpleRuleSystem","Result Aggregation"],"fullName":"SimpleRuleSystem Result Aggregation should apply entity changes","status":"passed","title":"should apply entity changes","duration":0.27688300000045274,"failureMessages":[],"meta":{}},{"ancestorTitles":["SimpleRuleSystem","Result Aggregation"],"fullName":"SimpleRuleSystem Result Aggregation should handle multiple entity changes","status":"passed","title":"should handle multiple entity changes","duration":0.17603500000041095,"failureMessages":[],"meta":{}},{"ancestorTitles":["SimpleRuleSystem","Complex Scenarios"],"fullName":"SimpleRuleSystem Complex Scenarios should handle heavy item prevention","status":"passed","title":"should handle heavy item prevention","duration":0.2253660000005766,"failureMessages":[],"meta":{}},{"ancestorTitles":["SimpleRuleSystem","Complex Scenarios"],"fullName":"SimpleRuleSystem Complex Scenarios should handle darkness rules","status":"passed","title":"should handle darkness rules","duration":0.2873940000008588,"failureMessages":[],"meta":{}}],"startTime":1754491488511,"endTime":1754491488522.2874,"status":"passed","message":"","name":"/mnt/c/repotemp/sharpee/packages/core/tests/rules/simple-rule-system.test.ts"}]}