{"numTotalTestSuites":64,"numPassedTestSuites":64,"numFailedTestSuites":0,"numPendingTestSuites":0,"numTotalTests":120,"numPassedTests":120,"numFailedTests":0,"numPendingTests":0,"numTodoTests":0,"snapshot":{"added":0,"failure":false,"filesAdded":0,"filesRemoved":0,"filesRemovedList":[],"filesUnmatched":0,"filesUpdated":0,"matched":0,"total":0,"unchecked":0,"uncheckedKeysByFile":[],"unmatched":0,"updated":0,"didUpdate":false},"startTime":1755159859340,"success":true,"testResults":[{"assertionResults":[{"ancestorTitles":["Test Setup"],"fullName":"Test Setup should have tests configured","status":"passed","title":"should have tests configured","duration":1.1752319999995962,"failureMessages":[],"meta":{}}],"startTime":1755159864624,"endTime":1755159864625.1753,"status":"passed","message":"","name":"/mnt/c/repotemp/sharpee/packages/core/tests/setup.test.ts"},{"assertionResults":[{"ancestorTitles":["Event System Helpers","createEvent"],"fullName":"Event System Helpers createEvent should create a basic event with required fields","status":"passed","title":"should create a basic event with required fields","duration":2.1796669999994265,"failureMessages":[],"meta":{}},{"ancestorTitles":["Event System Helpers","createEvent"],"fullName":"Event System Helpers createEvent should include entity information","status":"passed","title":"should include entity information","duration":0.1735419999995429,"failureMessages":[],"meta":{}},{"ancestorTitles":["Event System Helpers","createEvent"],"fullName":"Event System Helpers createEvent should include metadata","status":"passed","title":"should include metadata","duration":0.2219409999997879,"failureMessages":[],"meta":{}},{"ancestorTitles":["Event System Helpers","createEvent"],"fullName":"Event System Helpers createEvent should handle empty payload","status":"passed","title":"should handle empty payload","duration":0.19729300000017247,"failureMessages":[],"meta":{}},{"ancestorTitles":["Event System Helpers","createEvent"],"fullName":"Event System Helpers createEvent should generate unique IDs","status":"passed","title":"should generate unique IDs","duration":0.34152699999958713,"failureMessages":[],"meta":{}},{"ancestorTitles":["Event System Helpers","createEvent"],"fullName":"Event System Helpers createEvent should generate increasing timestamps","status":"passed","title":"should generate increasing timestamps","duration":11.072954999999638,"failureMessages":[],"meta":{}},{"ancestorTitles":["Event System Helpers","createEvent"],"fullName":"Event System Helpers createEvent should handle complex payloads","status":"passed","title":"should handle complex payloads","duration":0.36961000000064814,"failureMessages":[],"meta":{}},{"ancestorTitles":["Event System Helpers","createEvent"],"fullName":"Event System Helpers createEvent should set narrate flag from metadata","status":"passed","title":"should set narrate flag from metadata","duration":0.33968600000025617,"failureMessages":[],"meta":{}},{"ancestorTitles":["Event System Helpers","createEvent"],"fullName":"Event System Helpers createEvent should set tags from metadata","status":"passed","title":"should set tags from metadata","duration":0.3387039999997796,"failureMessages":[],"meta":{}},{"ancestorTitles":["Event System Helpers","createEvent"],"fullName":"Event System Helpers createEvent should handle all entity types","status":"passed","title":"should handle all entity types","duration":0.12048099999992701,"failureMessages":[],"meta":{}},{"ancestorTitles":["Event System Helpers","createEvent"],"fullName":"Event System Helpers createEvent should support legacy data property","status":"passed","title":"should support legacy data property","duration":0.21108499999991182,"failureMessages":[],"meta":{}},{"ancestorTitles":["Event System Helpers","createEvent"],"fullName":"Event System Helpers createEvent should create events suitable for the semantic event source","status":"passed","title":"should create events suitable for the semantic event source","duration":0.15686100000039005,"failureMessages":[],"meta":{}},{"ancestorTitles":["Event System Helpers","Event ID Format"],"fullName":"Event System Helpers Event ID Format should follow expected ID pattern","status":"passed","title":"should follow expected ID pattern","duration":1.216286000000764,"failureMessages":[],"meta":{}},{"ancestorTitles":["Event System Helpers","Integration with StandardEventTypes"],"fullName":"Event System Helpers Integration with StandardEventTypes should create standard narrative events","status":"passed","title":"should create standard narrative events","duration":7.067548999999417,"failureMessages":[],"meta":{}},{"ancestorTitles":["Event System Helpers","Integration with StandardEventTypes"],"fullName":"Event System Helpers Integration with StandardEventTypes should create standard error events","status":"passed","title":"should create standard error events","duration":2.5957109999999375,"failureMessages":[],"meta":{}}],"startTime":1755159864447,"endTime":1755159864474.5957,"status":"passed","message":"","name":"/mnt/c/repotemp/sharpee/packages/core/tests/events/event-system.test.ts"},{"assertionResults":[{"ancestorTitles":["Platform Events","Event Types"],"fullName":"Platform Events Event Types should have all required event types","status":"passed","title":"should have all required event types","duration":1.526147000000492,"failureMessages":[],"meta":{}},{"ancestorTitles":["Platform Events","Type Guards"],"fullName":"Platform Events Type Guards should identify platform events","status":"passed","title":"should identify platform events","duration":0.3098260000006121,"failureMessages":[],"meta":{}},{"ancestorTitles":["Platform Events","Type Guards"],"fullName":"Platform Events Type Guards should identify platform request events","status":"passed","title":"should identify platform request events","duration":0.20015500000044995,"failureMessages":[],"meta":{}},{"ancestorTitles":["Platform Events","Type Guards"],"fullName":"Platform Events Type Guards should identify platform completion events","status":"passed","title":"should identify platform completion events","duration":0.22097200000007433,"failureMessages":[],"meta":{}},{"ancestorTitles":["Platform Events","Save Events"],"fullName":"Platform Events Save Events should create save requested event with context","status":"passed","title":"should create save requested event with context","duration":0.4580580000001646,"failureMessages":[],"meta":{}},{"ancestorTitles":["Platform Events","Save Events"],"fullName":"Platform Events Save Events should create save completed event","status":"passed","title":"should create save completed event","duration":0.17204899999978807,"failureMessages":[],"meta":{}},{"ancestorTitles":["Platform Events","Save Events"],"fullName":"Platform Events Save Events should create save failed event with error","status":"passed","title":"should create save failed event with error","duration":0.10708799999974872,"failureMessages":[],"meta":{}},{"ancestorTitles":["Platform Events","Restore Events"],"fullName":"Platform Events Restore Events should create restore requested event with context","status":"passed","title":"should create restore requested event with context","duration":0.1565709999995306,"failureMessages":[],"meta":{}},{"ancestorTitles":["Platform Events","Restore Events"],"fullName":"Platform Events Restore Events should create restore completed event","status":"passed","title":"should create restore completed event","duration":0.24352100000032806,"failureMessages":[],"meta":{}},{"ancestorTitles":["Platform Events","Restore Events"],"fullName":"Platform Events Restore Events should create restore failed event","status":"passed","title":"should create restore failed event","duration":0.1695559999998295,"failureMessages":[],"meta":{}},{"ancestorTitles":["Platform Events","Quit Events"],"fullName":"Platform Events Quit Events should create quit requested event with context","status":"passed","title":"should create quit requested event with context","duration":0.14109799999914685,"failureMessages":[],"meta":{}},{"ancestorTitles":["Platform Events","Quit Events"],"fullName":"Platform Events Quit Events should create quit confirmed event","status":"passed","title":"should create quit confirmed event","duration":0.09188199999971403,"failureMessages":[],"meta":{}},{"ancestorTitles":["Platform Events","Quit Events"],"fullName":"Platform Events Quit Events should create quit cancelled event","status":"passed","title":"should create quit cancelled event","duration":0.0681350000004386,"failureMessages":[],"meta":{}},{"ancestorTitles":["Platform Events","Restart Events"],"fullName":"Platform Events Restart Events should create restart requested event with context","status":"passed","title":"should create restart requested event with context","duration":0.10212800000044808,"failureMessages":[],"meta":{}},{"ancestorTitles":["Platform Events","Restart Events"],"fullName":"Platform Events Restart Events should create restart completed event","status":"passed","title":"should create restart completed event","duration":0.07083299999976589,"failureMessages":[],"meta":{}},{"ancestorTitles":["Platform Events","Restart Events"],"fullName":"Platform Events Restart Events should create restart cancelled event","status":"passed","title":"should create restart cancelled event","duration":0.053611999999702675,"failureMessages":[],"meta":{}},{"ancestorTitles":["Platform Events","Generic Platform Event Creation"],"fullName":"Platform Events Generic Platform Event Creation should create platform event with custom data","status":"passed","title":"should create platform event with custom data","duration":0.7322899999999208,"failureMessages":[],"meta":{}},{"ancestorTitles":["Platform Events","Generic Platform Event Creation"],"fullName":"Platform Events Generic Platform Event Creation should generate unique event IDs","status":"passed","title":"should generate unique event IDs","duration":0.48345900000003894,"failureMessages":[],"meta":{}},{"ancestorTitles":["Platform Events","Generic Platform Event Creation"],"fullName":"Platform Events Generic Platform Event Creation should include timestamp","status":"passed","title":"should include timestamp","duration":0.503432999999859,"failureMessages":[],"meta":{}}],"startTime":1755159864456,"endTime":1755159864462.5034,"status":"passed","message":"","name":"/mnt/c/repotemp/sharpee/packages/core/tests/events/platform-events.test.ts"},{"assertionResults":[{"ancestorTitles":["SemanticEventSource","Event Storage"],"fullName":"SemanticEventSource Event Storage should store and retrieve events","status":"passed","title":"should store and retrieve events","duration":1.8562279999996463,"failureMessages":[],"meta":{}},{"ancestorTitles":["SemanticEventSource","Event Storage"],"fullName":"SemanticEventSource Event Storage should clear all events","status":"passed","title":"should clear all events","duration":0.2717370000000301,"failureMessages":[],"meta":{}},{"ancestorTitles":["SemanticEventSource","Event Queries"],"fullName":"SemanticEventSource Event Queries should filter events by type","status":"passed","title":"should filter events by type","duration":0.2846789999994144,"failureMessages":[],"meta":{}},{"ancestorTitles":["SemanticEventSource","Event Queries"],"fullName":"SemanticEventSource Event Queries should filter events by entity","status":"passed","title":"should filter events by entity","duration":0.3927009999997608,"failureMessages":[],"meta":{}},{"ancestorTitles":["SemanticEventSource","Event Queries"],"fullName":"SemanticEventSource Event Queries should filter events by tag","status":"passed","title":"should filter events by tag","duration":0.20941599999969185,"failureMessages":[],"meta":{}},{"ancestorTitles":["SemanticEventSource","Event Queries"],"fullName":"SemanticEventSource Event Queries should support custom filters","status":"passed","title":"should support custom filters","duration":0.33358899999984715,"failureMessages":[],"meta":{}},{"ancestorTitles":["SemanticEventSource","Event Emission"],"fullName":"SemanticEventSource Event Emission should emit events to subscribers","status":"passed","title":"should emit events to subscribers","duration":0.15683499999977357,"failureMessages":[],"meta":{}},{"ancestorTitles":["SemanticEventSource","Event Emission"],"fullName":"SemanticEventSource Event Emission should support EventEmitter interface","status":"passed","title":"should support EventEmitter interface","duration":0.23316699999941193,"failureMessages":[],"meta":{}},{"ancestorTitles":["SemanticEventSource","Event Emission"],"fullName":"SemanticEventSource Event Emission should handle emitter unsubscribe","status":"passed","title":"should handle emitter unsubscribe","duration":0.355015000000094,"failureMessages":[],"meta":{}},{"ancestorTitles":["SemanticEventSource","Event Processing"],"fullName":"SemanticEventSource Event Processing should track unprocessed events","status":"passed","title":"should track unprocessed events","duration":0.2010470000004716,"failureMessages":[],"meta":{}},{"ancestorTitles":["SemanticEventSource","Event Processing"],"fullName":"SemanticEventSource Event Processing should get events since a specific event","status":"passed","title":"should get events since a specific event","duration":0.29356300000017654,"failureMessages":[],"meta":{}},{"ancestorTitles":["SemanticEventSource","Entity Relationships"],"fullName":"SemanticEventSource Entity Relationships should find events by any entity role","status":"passed","title":"should find events by any entity role","duration":0.47193499999957567,"failureMessages":[],"meta":{}},{"ancestorTitles":["SemanticEventSource","Error Handling"],"fullName":"SemanticEventSource Error Handling should handle errors in event emitter listeners","status":"passed","title":"should handle errors in event emitter listeners","duration":2.4064820000003238,"failureMessages":[],"meta":{}}],"startTime":1755159864837,"endTime":1755159864845.4065,"status":"passed","message":"","name":"/mnt/c/repotemp/sharpee/packages/core/tests/events/semantic-event-source.test.ts"},{"assertionResults":[{"ancestorTitles":["SimpleEventSource","Basic Functionality"],"fullName":"SimpleEventSource Basic Functionality should emit events to subscribers","status":"passed","title":"should emit events to subscribers","duration":3.07285900000079,"failureMessages":[],"meta":{}},{"ancestorTitles":["SimpleEventSource","Basic Functionality"],"fullName":"SimpleEventSource Basic Functionality should support multiple subscribers","status":"passed","title":"should support multiple subscribers","duration":0.49256100000002334,"failureMessages":[],"meta":{}},{"ancestorTitles":["SimpleEventSource","Basic Functionality"],"fullName":"SimpleEventSource Basic Functionality should return working unsubscribe function","status":"passed","title":"should return working unsubscribe function","duration":0.2360179999996035,"failureMessages":[],"meta":{}},{"ancestorTitles":["SimpleEventSource","Error Handling"],"fullName":"SimpleEventSource Error Handling should handle errors in subscribers gracefully","status":"passed","title":"should handle errors in subscribers gracefully","duration":2.3747980000007374,"failureMessages":[],"meta":{}},{"ancestorTitles":["SimpleEventSource","Subscriber Management"],"fullName":"SimpleEventSource Subscriber Management should track subscriber count","status":"passed","title":"should track subscriber count","duration":0.594967999999426,"failureMessages":[],"meta":{}},{"ancestorTitles":["SimpleEventSource","Subscriber Management"],"fullName":"SimpleEventSource Subscriber Management should clear all subscribers","status":"passed","title":"should clear all subscribers","duration":0.40846400000009453,"failureMessages":[],"meta":{}},{"ancestorTitles":["SimpleEventSource","Factory Function"],"fullName":"SimpleEventSource Factory Function should create event source via factory","status":"passed","title":"should create event source via factory","duration":0.6656629999997676,"failureMessages":[],"meta":{}},{"ancestorTitles":["SimpleEventSource","Edge Cases"],"fullName":"SimpleEventSource Edge Cases should handle unsubscribe called multiple times","status":"passed","title":"should handle unsubscribe called multiple times","duration":0.1487729999998919,"failureMessages":[],"meta":{}},{"ancestorTitles":["SimpleEventSource","Edge Cases"],"fullName":"SimpleEventSource Edge Cases should handle subscriber that modifies handler list during emit","status":"passed","title":"should handle subscriber that modifies handler list during emit","duration":0.5282029999998485,"failureMessages":[],"meta":{}}],"startTime":1755159864854,"endTime":1755159864863.5283,"status":"passed","message":"","name":"/mnt/c/repotemp/sharpee/packages/core/tests/events/simple-event-source.test.ts"},{"assertionResults":[{"ancestorTitles":["Debug Types","DebugEvent Structure"],"fullName":"Debug Types DebugEvent Structure should define correct debug event structure","status":"passed","title":"should define correct debug event structure","duration":3.7969920000005004,"failureMessages":[],"meta":{}},{"ancestorTitles":["Debug Types","DebugEvent Structure"],"fullName":"Debug Types DebugEvent Structure should support all subsystem types","status":"passed","title":"should support all subsystem types","duration":1.198395999999775,"failureMessages":[],"meta":{}},{"ancestorTitles":["Debug Types","DebugContext"],"fullName":"Debug Types DebugContext should define debug context with optional emit","status":"passed","title":"should define debug context with optional emit","duration":0.28888800000004267,"failureMessages":[],"meta":{}},{"ancestorTitles":["Debug Types","DebugContext"],"fullName":"Debug Types DebugContext should support debug callback","status":"passed","title":"should support debug callback","duration":0.6274439999997412,"failureMessages":[],"meta":{}},{"ancestorTitles":["Debug Types","DebugContext"],"fullName":"Debug Types DebugContext should handle disabled context","status":"passed","title":"should handle disabled context","duration":0.6547579999996742,"failureMessages":[],"meta":{}},{"ancestorTitles":["Debug Types","DebugEventTypes Constants"],"fullName":"Debug Types DebugEventTypes Constants should define parser debug event types","status":"passed","title":"should define parser debug event types","duration":0.1575670000001992,"failureMessages":[],"meta":{}},{"ancestorTitles":["Debug Types","DebugEventTypes Constants"],"fullName":"Debug Types DebugEventTypes Constants should define validator debug event types","status":"passed","title":"should define validator debug event types","duration":0.11070800000015879,"failureMessages":[],"meta":{}},{"ancestorTitles":["Debug Types","DebugEventTypes Constants"],"fullName":"Debug Types DebugEventTypes Constants should define executor debug event types","status":"passed","title":"should define executor debug event types","duration":0.15876599999955943,"failureMessages":[],"meta":{}},{"ancestorTitles":["Debug Types","DebugEventTypes Constants"],"fullName":"Debug Types DebugEventTypes Constants should define world model debug event types","status":"passed","title":"should define world model debug event types","duration":0.24046499999985826,"failureMessages":[],"meta":{}},{"ancestorTitles":["Debug Types","DebugEventTypes Constants"],"fullName":"Debug Types DebugEventTypes Constants should define text service debug event types","status":"passed","title":"should define text service debug event types","duration":0.14101399999981368,"failureMessages":[],"meta":{}},{"ancestorTitles":["Debug Types","Debug Event Usage Patterns"],"fullName":"Debug Types Debug Event Usage Patterns should support parser debug flow","status":"passed","title":"should support parser debug flow","duration":0.3487779999995837,"failureMessages":[],"meta":{}},{"ancestorTitles":["Debug Types","Debug Event Usage Patterns"],"fullName":"Debug Types Debug Event Usage Patterns should support collecting debug events from multiple subsystems","status":"passed","title":"should support collecting debug events from multiple subsystems","duration":0.4028889999999592,"failureMessages":[],"meta":{}},{"ancestorTitles":["Debug Types","Debug Event Usage Patterns"],"fullName":"Debug Types Debug Event Usage Patterns should generate debug event IDs","status":"passed","title":"should generate debug event IDs","duration":0.49613700000008976,"failureMessages":[],"meta":{}},{"ancestorTitles":["Debug Types","Type Safety"],"fullName":"Debug Types Type Safety should enforce subsystem types","status":"passed","title":"should enforce subsystem types","duration":0.22541499999988446,"failureMessages":[],"meta":{}},{"ancestorTitles":["Debug Types","Type Safety"],"fullName":"Debug Types Type Safety should allow any data type","status":"passed","title":"should allow any data type","duration":0.21522800000002462,"failureMessages":[],"meta":{}}],"startTime":1755159864644,"endTime":1755159864655.2153,"status":"passed","message":"","name":"/mnt/c/repotemp/sharpee/packages/core/tests/debug/types.test.ts"},{"assertionResults":[{"ancestorTitles":["Event and Rule Integration","Event Flow Through Rules"],"fullName":"Event and Rule Integration Event Flow Through Rules should process events through rules and generate new events","status":"passed","title":"should process events through rules and generate new events","duration":2.109744000000319,"failureMessages":[],"meta":{}},{"ancestorTitles":["Event and Rule Integration","Event Flow Through Rules"],"fullName":"Event and Rule Integration Event Flow Through Rules should handle rule chains where one event triggers another","status":"passed","title":"should handle rule chains where one event triggers another","duration":0.7908069999994041,"failureMessages":[],"meta":{}},{"ancestorTitles":["Event and Rule Integration","Event Flow Through Rules"],"fullName":"Event and Rule Integration Event Flow Through Rules should handle complex rule interactions with priorities","status":"passed","title":"should handle complex rule interactions with priorities","duration":0.31932500000039,"failureMessages":[],"meta":{}},{"ancestorTitles":["Event and Rule Integration","Event Source and Rule System Working Together"],"fullName":"Event and Rule Integration Event Source and Rule System Working Together should accumulate events from rules in the event source","status":"passed","title":"should accumulate events from rules in the event source","duration":0.39099199999964185,"failureMessages":[],"meta":{}},{"ancestorTitles":["Event and Rule Integration","Event Source and Rule System Working Together"],"fullName":"Event and Rule Integration Event Source and Rule System Working Together should allow querying events generated by rules","status":"passed","title":"should allow querying events generated by rules","duration":0.5038080000003902,"failureMessages":[],"meta":{}},{"ancestorTitles":["Event and Rule Integration","Event Source and Rule System Working Together"],"fullName":"Event and Rule Integration Event Source and Rule System Working Together should handle narrative flow through events and rules","status":"passed","title":"should handle narrative flow through events and rules","duration":0.376404999999977,"failureMessages":[],"meta":{}},{"ancestorTitles":["Event and Rule Integration","Error Handling in Integration"],"fullName":"Event and Rule Integration Error Handling in Integration should handle missing entities gracefully","status":"passed","title":"should handle missing entities gracefully","duration":0.15786900000057358,"failureMessages":[],"meta":{}},{"ancestorTitles":["Event and Rule Integration","Error Handling in Integration"],"fullName":"Event and Rule Integration Error Handling in Integration should continue processing when rules throw errors","status":"passed","title":"should continue processing when rules throw errors","duration":1.7199360000004162,"failureMessages":[],"meta":{}}],"startTime":1755159866754,"endTime":1755159866760.72,"status":"passed","message":"","name":"/mnt/c/repotemp/sharpee/packages/core/tests/integration/event-rule-integration.test.ts"},{"assertionResults":[{"ancestorTitles":["Result","Creation"],"fullName":"Result Creation should create success results","status":"passed","title":"should create success results","duration":1.5658089999997173,"failureMessages":[],"meta":{}},{"ancestorTitles":["Result","Creation"],"fullName":"Result Creation should create failure results","status":"passed","title":"should create failure results","duration":0.36037000000033004,"failureMessages":[],"meta":{}},{"ancestorTitles":["Result","Creation"],"fullName":"Result Creation should handle any value types","status":"passed","title":"should handle any value types","duration":0.547457000000577,"failureMessages":[],"meta":{}},{"ancestorTitles":["Result","Type Guards"],"fullName":"Result Type Guards should identify success results","status":"passed","title":"should identify success results","duration":0.22011199999997189,"failureMessages":[],"meta":{}},{"ancestorTitles":["Result","Type Guards"],"fullName":"Result Type Guards should identify failure results","status":"passed","title":"should identify failure results","duration":0.17923100000007253,"failureMessages":[],"meta":{}},{"ancestorTitles":["Result","Type Guards"],"fullName":"Result Type Guards should narrow types correctly","status":"passed","title":"should narrow types correctly","duration":0.14561400000002322,"failureMessages":[],"meta":{}},{"ancestorTitles":["Result","Transformations","map"],"fullName":"Result Transformations map should transform success values","status":"passed","title":"should transform success values","duration":0.2033819999996922,"failureMessages":[],"meta":{}},{"ancestorTitles":["Result","Transformations","map"],"fullName":"Result Transformations map should pass through failures","status":"passed","title":"should pass through failures","duration":0.08571600000050239,"failureMessages":[],"meta":{}},{"ancestorTitles":["Result","Transformations","map"],"fullName":"Result Transformations map should handle type transformations","status":"passed","title":"should handle type transformations","duration":0.3048159999998461,"failureMessages":[],"meta":{}},{"ancestorTitles":["Result","Transformations","mapError"],"fullName":"Result Transformations mapError should transform error values","status":"passed","title":"should transform error values","duration":0.4454230000001189,"failureMessages":[],"meta":{}},{"ancestorTitles":["Result","Transformations","mapError"],"fullName":"Result Transformations mapError should pass through successes","status":"passed","title":"should pass through successes","duration":0.30092100000001665,"failureMessages":[],"meta":{}},{"ancestorTitles":["Result","Transformations","flatMap"],"fullName":"Result Transformations flatMap should chain successful results","status":"passed","title":"should chain successful results","duration":0.15657300000020768,"failureMessages":[],"meta":{}},{"ancestorTitles":["Result","Transformations","flatMap"],"fullName":"Result Transformations flatMap should propagate failures","status":"passed","title":"should propagate failures","duration":0.21209400000043388,"failureMessages":[],"meta":{}},{"ancestorTitles":["Result","Transformations","flatMap"],"fullName":"Result Transformations flatMap should handle chained failures","status":"passed","title":"should handle chained failures","duration":0.18297900000015943,"failureMessages":[],"meta":{}},{"ancestorTitles":["Result","Transformations","flatMap"],"fullName":"Result Transformations flatMap should allow complex chains","status":"passed","title":"should allow complex chains","duration":0.3954730000004929,"failureMessages":[],"meta":{}},{"ancestorTitles":["Result","Unwrapping","unwrap"],"fullName":"Result Unwrapping unwrap should return value for success","status":"passed","title":"should return value for success","duration":0.18223399999988033,"failureMessages":[],"meta":{}},{"ancestorTitles":["Result","Unwrapping","unwrap"],"fullName":"Result Unwrapping unwrap should throw error for failure","status":"passed","title":"should throw error for failure","duration":0.29792600000018865,"failureMessages":[],"meta":{}},{"ancestorTitles":["Result","Unwrapping","unwrap"],"fullName":"Result Unwrapping unwrap should throw non-Error failures","status":"passed","title":"should throw non-Error failures","duration":0.5519480000002659,"failureMessages":[],"meta":{}},{"ancestorTitles":["Result","Unwrapping","unwrapOr"],"fullName":"Result Unwrapping unwrapOr should return value for success","status":"passed","title":"should return value for success","duration":0.17177600000013626,"failureMessages":[],"meta":{}},{"ancestorTitles":["Result","Unwrapping","unwrapOr"],"fullName":"Result Unwrapping unwrapOr should return default for failure","status":"passed","title":"should return default for failure","duration":0.08548400000017864,"failureMessages":[],"meta":{}},{"ancestorTitles":["Result","Unwrapping","unwrapOr"],"fullName":"Result Unwrapping unwrapOr should handle different types","status":"passed","title":"should handle different types","duration":0.11141000000043277,"failureMessages":[],"meta":{}},{"ancestorTitles":["Result","Real-world usage patterns"],"fullName":"Result Real-world usage patterns should work for parsing operations","status":"passed","title":"should work for parsing operations","duration":0.8507550000003903,"failureMessages":[],"meta":{}},{"ancestorTitles":["Result","Real-world usage patterns"],"fullName":"Result Real-world usage patterns should work for validation chains","status":"passed","title":"should work for validation chains","duration":0.5737690000005387,"failureMessages":[],"meta":{}}],"startTime":1755159864456,"endTime":1755159864464.8508,"status":"passed","message":"","name":"/mnt/c/repotemp/sharpee/packages/core/tests/types/result.test.ts"},{"assertionResults":[{"ancestorTitles":["SimpleRuleSystem","Rule Management"],"fullName":"SimpleRuleSystem Rule Management should add and retrieve rules","status":"passed","title":"should add and retrieve rules","duration":2.5909709999996267,"failureMessages":[],"meta":{}},{"ancestorTitles":["SimpleRuleSystem","Rule Management"],"fullName":"SimpleRuleSystem Rule Management should remove rules","status":"passed","title":"should remove rules","duration":0.3869669999994585,"failureMessages":[],"meta":{}},{"ancestorTitles":["SimpleRuleSystem","Rule Management"],"fullName":"SimpleRuleSystem Rule Management should handle removing non-existent rules","status":"passed","title":"should handle removing non-existent rules","duration":0.7592309999999998,"failureMessages":[],"meta":{}},{"ancestorTitles":["SimpleRuleSystem","Event Matching"],"fullName":"SimpleRuleSystem Event Matching should match rules by exact event type","status":"passed","title":"should match rules by exact event type","duration":0.7576389999994717,"failureMessages":[],"meta":{}},{"ancestorTitles":["SimpleRuleSystem","Event Matching"],"fullName":"SimpleRuleSystem Event Matching should handle wildcard rules (*)","status":"passed","title":"should handle wildcard rules (*)","duration":0.3484129999997094,"failureMessages":[],"meta":{}},{"ancestorTitles":["SimpleRuleSystem","Event Matching"],"fullName":"SimpleRuleSystem Event Matching should handle category wildcards (category:*)","status":"passed","title":"should handle category wildcards (category:*)","duration":0.2640500000006796,"failureMessages":[],"meta":{}},{"ancestorTitles":["SimpleRuleSystem","Rule Conditions"],"fullName":"SimpleRuleSystem Rule Conditions should evaluate conditions before running actions","status":"passed","title":"should evaluate conditions before running actions","duration":0.2857240000003003,"failureMessages":[],"meta":{}},{"ancestorTitles":["SimpleRuleSystem","Rule Conditions"],"fullName":"SimpleRuleSystem Rule Conditions should skip rules with false conditions","status":"passed","title":"should skip rules with false conditions","duration":0.2107960000003004,"failureMessages":[],"meta":{}},{"ancestorTitles":["SimpleRuleSystem","Rule Priority"],"fullName":"SimpleRuleSystem Rule Priority should execute rules in priority order (highest first)","status":"passed","title":"should execute rules in priority order (highest first)","duration":0.2702550000003612,"failureMessages":[],"meta":{}},{"ancestorTitles":["SimpleRuleSystem","Event Prevention"],"fullName":"SimpleRuleSystem Event Prevention should stop processing when a rule prevents the event","status":"passed","title":"should stop processing when a rule prevents the event","duration":0.3153089999996155,"failureMessages":[],"meta":{}},{"ancestorTitles":["SimpleRuleSystem","Event Prevention"],"fullName":"SimpleRuleSystem Event Prevention should use the first prevention message","status":"passed","title":"should use the first prevention message","duration":0.12161699999978737,"failureMessages":[],"meta":{}},{"ancestorTitles":["SimpleRuleSystem","Result Aggregation"],"fullName":"SimpleRuleSystem Result Aggregation should collect events from multiple rules","status":"passed","title":"should collect events from multiple rules","duration":0.2510680000004868,"failureMessages":[],"meta":{}},{"ancestorTitles":["SimpleRuleSystem","Result Aggregation"],"fullName":"SimpleRuleSystem Result Aggregation should create narrative events for messages","status":"passed","title":"should create narrative events for messages","duration":0.38212300000031973,"failureMessages":[],"meta":{}},{"ancestorTitles":["SimpleRuleSystem","Result Aggregation"],"fullName":"SimpleRuleSystem Result Aggregation should apply entity changes","status":"passed","title":"should apply entity changes","duration":0.1361849999993865,"failureMessages":[],"meta":{}},{"ancestorTitles":["SimpleRuleSystem","Result Aggregation"],"fullName":"SimpleRuleSystem Result Aggregation should handle multiple entity changes","status":"passed","title":"should handle multiple entity changes","duration":0.10384499999963737,"failureMessages":[],"meta":{}},{"ancestorTitles":["SimpleRuleSystem","Complex Scenarios"],"fullName":"SimpleRuleSystem Complex Scenarios should handle heavy item prevention","status":"passed","title":"should handle heavy item prevention","duration":0.1850850000000719,"failureMessages":[],"meta":{}},{"ancestorTitles":["SimpleRuleSystem","Complex Scenarios"],"fullName":"SimpleRuleSystem Complex Scenarios should handle darkness rules","status":"passed","title":"should handle darkness rules","duration":0.1483410000000731,"failureMessages":[],"meta":{}}],"startTime":1755159864619,"endTime":1755159864627.185,"status":"passed","message":"","name":"/mnt/c/repotemp/sharpee/packages/core/tests/rules/simple-rule-system.test.ts"}]}