{"numTotalTestSuites":64,"numPassedTestSuites":64,"numFailedTestSuites":0,"numPendingTestSuites":0,"numTotalTests":120,"numPassedTests":120,"numFailedTests":0,"numPendingTests":0,"numTodoTests":0,"snapshot":{"added":0,"failure":false,"filesAdded":0,"filesRemoved":0,"filesRemovedList":[],"filesUnmatched":0,"filesUpdated":0,"matched":0,"total":0,"unchecked":0,"uncheckedKeysByFile":[],"unmatched":0,"updated":0,"didUpdate":false},"startTime":1754631100973,"success":true,"testResults":[{"assertionResults":[{"ancestorTitles":["Test Setup"],"fullName":"Test Setup should have tests configured","status":"passed","title":"should have tests configured","duration":2.407709999999497,"failureMessages":[],"meta":{}}],"startTime":1754631107986,"endTime":1754631107988.4077,"status":"passed","message":"","name":"/mnt/c/repotemp/sharpee/packages/core/tests/setup.test.ts"},{"assertionResults":[{"ancestorTitles":["Debug Types","DebugEvent Structure"],"fullName":"Debug Types DebugEvent Structure should define correct debug event structure","status":"passed","title":"should define correct debug event structure","duration":2.5759020000004966,"failureMessages":[],"meta":{}},{"ancestorTitles":["Debug Types","DebugEvent Structure"],"fullName":"Debug Types DebugEvent Structure should support all subsystem types","status":"passed","title":"should support all subsystem types","duration":0.6798980000003212,"failureMessages":[],"meta":{}},{"ancestorTitles":["Debug Types","DebugContext"],"fullName":"Debug Types DebugContext should define debug context with optional emit","status":"passed","title":"should define debug context with optional emit","duration":0.5389729999997144,"failureMessages":[],"meta":{}},{"ancestorTitles":["Debug Types","DebugContext"],"fullName":"Debug Types DebugContext should support debug callback","status":"passed","title":"should support debug callback","duration":1.679696999999578,"failureMessages":[],"meta":{}},{"ancestorTitles":["Debug Types","DebugContext"],"fullName":"Debug Types DebugContext should handle disabled context","status":"passed","title":"should handle disabled context","duration":2.2496570000002976,"failureMessages":[],"meta":{}},{"ancestorTitles":["Debug Types","DebugEventTypes Constants"],"fullName":"Debug Types DebugEventTypes Constants should define parser debug event types","status":"passed","title":"should define parser debug event types","duration":0.640053999999509,"failureMessages":[],"meta":{}},{"ancestorTitles":["Debug Types","DebugEventTypes Constants"],"fullName":"Debug Types DebugEventTypes Constants should define validator debug event types","status":"passed","title":"should define validator debug event types","duration":0.52927500000078,"failureMessages":[],"meta":{}},{"ancestorTitles":["Debug Types","DebugEventTypes Constants"],"fullName":"Debug Types DebugEventTypes Constants should define executor debug event types","status":"passed","title":"should define executor debug event types","duration":0.5069359999997687,"failureMessages":[],"meta":{}},{"ancestorTitles":["Debug Types","DebugEventTypes Constants"],"fullName":"Debug Types DebugEventTypes Constants should define world model debug event types","status":"passed","title":"should define world model debug event types","duration":0.6192070000006424,"failureMessages":[],"meta":{}},{"ancestorTitles":["Debug Types","DebugEventTypes Constants"],"fullName":"Debug Types DebugEventTypes Constants should define text service debug event types","status":"passed","title":"should define text service debug event types","duration":0.15691299999980401,"failureMessages":[],"meta":{}},{"ancestorTitles":["Debug Types","Debug Event Usage Patterns"],"fullName":"Debug Types Debug Event Usage Patterns should support parser debug flow","status":"passed","title":"should support parser debug flow","duration":0.6232470000004469,"failureMessages":[],"meta":{}},{"ancestorTitles":["Debug Types","Debug Event Usage Patterns"],"fullName":"Debug Types Debug Event Usage Patterns should support collecting debug events from multiple subsystems","status":"passed","title":"should support collecting debug events from multiple subsystems","duration":0.6727800000007846,"failureMessages":[],"meta":{}},{"ancestorTitles":["Debug Types","Debug Event Usage Patterns"],"fullName":"Debug Types Debug Event Usage Patterns should generate debug event IDs","status":"passed","title":"should generate debug event IDs","duration":0.599461999999221,"failureMessages":[],"meta":{}},{"ancestorTitles":["Debug Types","Type Safety"],"fullName":"Debug Types Type Safety should enforce subsystem types","status":"passed","title":"should enforce subsystem types","duration":0.36705199999960314,"failureMessages":[],"meta":{}},{"ancestorTitles":["Debug Types","Type Safety"],"fullName":"Debug Types Type Safety should allow any data type","status":"passed","title":"should allow any data type","duration":0.26911700000073324,"failureMessages":[],"meta":{}}],"startTime":1754631107191,"endTime":1754631107205.367,"status":"passed","message":"","name":"/mnt/c/repotemp/sharpee/packages/core/tests/debug/types.test.ts"},{"assertionResults":[{"ancestorTitles":["Event System Helpers","createEvent"],"fullName":"Event System Helpers createEvent should create a basic event with required fields","status":"passed","title":"should create a basic event with required fields","duration":2.106395999999222,"failureMessages":[],"meta":{}},{"ancestorTitles":["Event System Helpers","createEvent"],"fullName":"Event System Helpers createEvent should include entity information","status":"passed","title":"should include entity information","duration":0.16964499999994587,"failureMessages":[],"meta":{}},{"ancestorTitles":["Event System Helpers","createEvent"],"fullName":"Event System Helpers createEvent should include metadata","status":"passed","title":"should include metadata","duration":0.17652300000008836,"failureMessages":[],"meta":{}},{"ancestorTitles":["Event System Helpers","createEvent"],"fullName":"Event System Helpers createEvent should handle empty payload","status":"passed","title":"should handle empty payload","duration":0.14812400000027992,"failureMessages":[],"meta":{}},{"ancestorTitles":["Event System Helpers","createEvent"],"fullName":"Event System Helpers createEvent should generate unique IDs","status":"passed","title":"should generate unique IDs","duration":0.28266100000018923,"failureMessages":[],"meta":{}},{"ancestorTitles":["Event System Helpers","createEvent"],"fullName":"Event System Helpers createEvent should generate increasing timestamps","status":"passed","title":"should generate increasing timestamps","duration":11.619477999999617,"failureMessages":[],"meta":{}},{"ancestorTitles":["Event System Helpers","createEvent"],"fullName":"Event System Helpers createEvent should handle complex payloads","status":"passed","title":"should handle complex payloads","duration":0.2805580000003829,"failureMessages":[],"meta":{}},{"ancestorTitles":["Event System Helpers","createEvent"],"fullName":"Event System Helpers createEvent should set narrate flag from metadata","status":"passed","title":"should set narrate flag from metadata","duration":0.11176199999954406,"failureMessages":[],"meta":{}},{"ancestorTitles":["Event System Helpers","createEvent"],"fullName":"Event System Helpers createEvent should set tags from metadata","status":"passed","title":"should set tags from metadata","duration":0.49783000000024913,"failureMessages":[],"meta":{}},{"ancestorTitles":["Event System Helpers","createEvent"],"fullName":"Event System Helpers createEvent should handle all entity types","status":"passed","title":"should handle all entity types","duration":0.2559529999998631,"failureMessages":[],"meta":{}},{"ancestorTitles":["Event System Helpers","createEvent"],"fullName":"Event System Helpers createEvent should support legacy data property","status":"passed","title":"should support legacy data property","duration":0.30988299999989977,"failureMessages":[],"meta":{}},{"ancestorTitles":["Event System Helpers","createEvent"],"fullName":"Event System Helpers createEvent should create events suitable for the semantic event source","status":"passed","title":"should create events suitable for the semantic event source","duration":0.2729059999992387,"failureMessages":[],"meta":{}},{"ancestorTitles":["Event System Helpers","Event ID Format"],"fullName":"Event System Helpers Event ID Format should follow expected ID pattern","status":"passed","title":"should follow expected ID pattern","duration":2.447570000000269,"failureMessages":[],"meta":{}},{"ancestorTitles":["Event System Helpers","Integration with StandardEventTypes"],"fullName":"Event System Helpers Integration with StandardEventTypes should create standard narrative events","status":"passed","title":"should create standard narrative events","duration":166.32520699999986,"failureMessages":[],"meta":{}},{"ancestorTitles":["Event System Helpers","Integration with StandardEventTypes"],"fullName":"Event System Helpers Integration with StandardEventTypes should create standard error events","status":"passed","title":"should create standard error events","duration":3.047290999999859,"failureMessages":[],"meta":{}}],"startTime":1754631107725,"endTime":1754631107914.0474,"status":"passed","message":"","name":"/mnt/c/repotemp/sharpee/packages/core/tests/events/event-system.test.ts"},{"assertionResults":[{"ancestorTitles":["Platform Events","Event Types"],"fullName":"Platform Events Event Types should have all required event types","status":"passed","title":"should have all required event types","duration":1.668493000000126,"failureMessages":[],"meta":{}},{"ancestorTitles":["Platform Events","Type Guards"],"fullName":"Platform Events Type Guards should identify platform events","status":"passed","title":"should identify platform events","duration":0.3044190000000526,"failureMessages":[],"meta":{}},{"ancestorTitles":["Platform Events","Type Guards"],"fullName":"Platform Events Type Guards should identify platform request events","status":"passed","title":"should identify platform request events","duration":0.2874739999997473,"failureMessages":[],"meta":{}},{"ancestorTitles":["Platform Events","Type Guards"],"fullName":"Platform Events Type Guards should identify platform completion events","status":"passed","title":"should identify platform completion events","duration":0.3038989999995465,"failureMessages":[],"meta":{}},{"ancestorTitles":["Platform Events","Save Events"],"fullName":"Platform Events Save Events should create save requested event with context","status":"passed","title":"should create save requested event with context","duration":0.5408699999998134,"failureMessages":[],"meta":{}},{"ancestorTitles":["Platform Events","Save Events"],"fullName":"Platform Events Save Events should create save completed event","status":"passed","title":"should create save completed event","duration":0.2908449999995355,"failureMessages":[],"meta":{}},{"ancestorTitles":["Platform Events","Save Events"],"fullName":"Platform Events Save Events should create save failed event with error","status":"passed","title":"should create save failed event with error","duration":0.20249100000000908,"failureMessages":[],"meta":{}},{"ancestorTitles":["Platform Events","Restore Events"],"fullName":"Platform Events Restore Events should create restore requested event with context","status":"passed","title":"should create restore requested event with context","duration":0.2978000000002794,"failureMessages":[],"meta":{}},{"ancestorTitles":["Platform Events","Restore Events"],"fullName":"Platform Events Restore Events should create restore completed event","status":"passed","title":"should create restore completed event","duration":0.37162699999953475,"failureMessages":[],"meta":{}},{"ancestorTitles":["Platform Events","Restore Events"],"fullName":"Platform Events Restore Events should create restore failed event","status":"passed","title":"should create restore failed event","duration":0.22660500000074535,"failureMessages":[],"meta":{}},{"ancestorTitles":["Platform Events","Quit Events"],"fullName":"Platform Events Quit Events should create quit requested event with context","status":"passed","title":"should create quit requested event with context","duration":0.4491199999993114,"failureMessages":[],"meta":{}},{"ancestorTitles":["Platform Events","Quit Events"],"fullName":"Platform Events Quit Events should create quit confirmed event","status":"passed","title":"should create quit confirmed event","duration":0.18017799999961426,"failureMessages":[],"meta":{}},{"ancestorTitles":["Platform Events","Quit Events"],"fullName":"Platform Events Quit Events should create quit cancelled event","status":"passed","title":"should create quit cancelled event","duration":0.1821670000008453,"failureMessages":[],"meta":{}},{"ancestorTitles":["Platform Events","Restart Events"],"fullName":"Platform Events Restart Events should create restart requested event with context","status":"passed","title":"should create restart requested event with context","duration":0.21530299999994895,"failureMessages":[],"meta":{}},{"ancestorTitles":["Platform Events","Restart Events"],"fullName":"Platform Events Restart Events should create restart completed event","status":"passed","title":"should create restart completed event","duration":0.16417900000033114,"failureMessages":[],"meta":{}},{"ancestorTitles":["Platform Events","Restart Events"],"fullName":"Platform Events Restart Events should create restart cancelled event","status":"passed","title":"should create restart cancelled event","duration":0.6568919999999707,"failureMessages":[],"meta":{}},{"ancestorTitles":["Platform Events","Generic Platform Event Creation"],"fullName":"Platform Events Generic Platform Event Creation should create platform event with custom data","status":"passed","title":"should create platform event with custom data","duration":0.5045860000000175,"failureMessages":[],"meta":{}},{"ancestorTitles":["Platform Events","Generic Platform Event Creation"],"fullName":"Platform Events Generic Platform Event Creation should generate unique event IDs","status":"passed","title":"should generate unique event IDs","duration":1.507792000000336,"failureMessages":[],"meta":{}},{"ancestorTitles":["Platform Events","Generic Platform Event Creation"],"fullName":"Platform Events Generic Platform Event Creation should include timestamp","status":"passed","title":"should include timestamp","duration":0.28322099999968486,"failureMessages":[],"meta":{}}],"startTime":1754631107176,"endTime":1754631107186.2832,"status":"passed","message":"","name":"/mnt/c/repotemp/sharpee/packages/core/tests/events/platform-events.test.ts"},{"assertionResults":[{"ancestorTitles":["SemanticEventSource","Event Storage"],"fullName":"SemanticEventSource Event Storage should store and retrieve events","status":"passed","title":"should store and retrieve events","duration":3.2012680000007094,"failureMessages":[],"meta":{}},{"ancestorTitles":["SemanticEventSource","Event Storage"],"fullName":"SemanticEventSource Event Storage should clear all events","status":"passed","title":"should clear all events","duration":0.5151969999997164,"failureMessages":[],"meta":{}},{"ancestorTitles":["SemanticEventSource","Event Queries"],"fullName":"SemanticEventSource Event Queries should filter events by type","status":"passed","title":"should filter events by type","duration":0.5366549999998824,"failureMessages":[],"meta":{}},{"ancestorTitles":["SemanticEventSource","Event Queries"],"fullName":"SemanticEventSource Event Queries should filter events by entity","status":"passed","title":"should filter events by entity","duration":0.7318119999999908,"failureMessages":[],"meta":{}},{"ancestorTitles":["SemanticEventSource","Event Queries"],"fullName":"SemanticEventSource Event Queries should filter events by tag","status":"passed","title":"should filter events by tag","duration":0.4613709999994171,"failureMessages":[],"meta":{}},{"ancestorTitles":["SemanticEventSource","Event Queries"],"fullName":"SemanticEventSource Event Queries should support custom filters","status":"passed","title":"should support custom filters","duration":0.5857350000005681,"failureMessages":[],"meta":{}},{"ancestorTitles":["SemanticEventSource","Event Emission"],"fullName":"SemanticEventSource Event Emission should emit events to subscribers","status":"passed","title":"should emit events to subscribers","duration":0.3908790000004956,"failureMessages":[],"meta":{}},{"ancestorTitles":["SemanticEventSource","Event Emission"],"fullName":"SemanticEventSource Event Emission should support EventEmitter interface","status":"passed","title":"should support EventEmitter interface","duration":0.5415110000003551,"failureMessages":[],"meta":{}},{"ancestorTitles":["SemanticEventSource","Event Emission"],"fullName":"SemanticEventSource Event Emission should handle emitter unsubscribe","status":"passed","title":"should handle emitter unsubscribe","duration":0.6254159999998592,"failureMessages":[],"meta":{}},{"ancestorTitles":["SemanticEventSource","Event Processing"],"fullName":"SemanticEventSource Event Processing should track unprocessed events","status":"passed","title":"should track unprocessed events","duration":0.4384039999995366,"failureMessages":[],"meta":{}},{"ancestorTitles":["SemanticEventSource","Event Processing"],"fullName":"SemanticEventSource Event Processing should get events since a specific event","status":"passed","title":"should get events since a specific event","duration":0.792145000000346,"failureMessages":[],"meta":{}},{"ancestorTitles":["SemanticEventSource","Entity Relationships"],"fullName":"SemanticEventSource Entity Relationships should find events by any entity role","status":"passed","title":"should find events by any entity role","duration":0.9385919999995167,"failureMessages":[],"meta":{}},{"ancestorTitles":["SemanticEventSource","Error Handling"],"fullName":"SemanticEventSource Error Handling should handle errors in event emitter listeners","status":"passed","title":"should handle errors in event emitter listeners","duration":2.7473110000000815,"failureMessages":[],"meta":{}}],"startTime":1754631107549,"endTime":1754631107562.7473,"status":"passed","message":"","name":"/mnt/c/repotemp/sharpee/packages/core/tests/events/semantic-event-source.test.ts"},{"assertionResults":[{"ancestorTitles":["SimpleEventSource","Basic Functionality"],"fullName":"SimpleEventSource Basic Functionality should emit events to subscribers","status":"passed","title":"should emit events to subscribers","duration":3.3321740000001228,"failureMessages":[],"meta":{}},{"ancestorTitles":["SimpleEventSource","Basic Functionality"],"fullName":"SimpleEventSource Basic Functionality should support multiple subscribers","status":"passed","title":"should support multiple subscribers","duration":0.48505699999986973,"failureMessages":[],"meta":{}},{"ancestorTitles":["SimpleEventSource","Basic Functionality"],"fullName":"SimpleEventSource Basic Functionality should return working unsubscribe function","status":"passed","title":"should return working unsubscribe function","duration":0.3185940000003029,"failureMessages":[],"meta":{}},{"ancestorTitles":["SimpleEventSource","Error Handling"],"fullName":"SimpleEventSource Error Handling should handle errors in subscribers gracefully","status":"passed","title":"should handle errors in subscribers gracefully","duration":2.8198620000002848,"failureMessages":[],"meta":{}},{"ancestorTitles":["SimpleEventSource","Subscriber Management"],"fullName":"SimpleEventSource Subscriber Management should track subscriber count","status":"passed","title":"should track subscriber count","duration":0.4022960000002058,"failureMessages":[],"meta":{}},{"ancestorTitles":["SimpleEventSource","Subscriber Management"],"fullName":"SimpleEventSource Subscriber Management should clear all subscribers","status":"passed","title":"should clear all subscribers","duration":0.20029299999987416,"failureMessages":[],"meta":{}},{"ancestorTitles":["SimpleEventSource","Factory Function"],"fullName":"SimpleEventSource Factory Function should create event source via factory","status":"passed","title":"should create event source via factory","duration":0.4361850000004779,"failureMessages":[],"meta":{}},{"ancestorTitles":["SimpleEventSource","Edge Cases"],"fullName":"SimpleEventSource Edge Cases should handle unsubscribe called multiple times","status":"passed","title":"should handle unsubscribe called multiple times","duration":0.10341500000049564,"failureMessages":[],"meta":{}},{"ancestorTitles":["SimpleEventSource","Edge Cases"],"fullName":"SimpleEventSource Edge Cases should handle subscriber that modifies handler list during emit","status":"passed","title":"should handle subscriber that modifies handler list during emit","duration":0.5984089999992648,"failureMessages":[],"meta":{}}],"startTime":1754631107555,"endTime":1754631107563.5984,"status":"passed","message":"","name":"/mnt/c/repotemp/sharpee/packages/core/tests/events/simple-event-source.test.ts"},{"assertionResults":[{"ancestorTitles":["Event and Rule Integration","Event Flow Through Rules"],"fullName":"Event and Rule Integration Event Flow Through Rules should process events through rules and generate new events","status":"passed","title":"should process events through rules and generate new events","duration":2.99530600000071,"failureMessages":[],"meta":{}},{"ancestorTitles":["Event and Rule Integration","Event Flow Through Rules"],"fullName":"Event and Rule Integration Event Flow Through Rules should handle rule chains where one event triggers another","status":"passed","title":"should handle rule chains where one event triggers another","duration":1.8992610000004788,"failureMessages":[],"meta":{}},{"ancestorTitles":["Event and Rule Integration","Event Flow Through Rules"],"fullName":"Event and Rule Integration Event Flow Through Rules should handle complex rule interactions with priorities","status":"passed","title":"should handle complex rule interactions with priorities","duration":1.0324110000001383,"failureMessages":[],"meta":{}},{"ancestorTitles":["Event and Rule Integration","Event Source and Rule System Working Together"],"fullName":"Event and Rule Integration Event Source and Rule System Working Together should accumulate events from rules in the event source","status":"passed","title":"should accumulate events from rules in the event source","duration":0.9131360000001223,"failureMessages":[],"meta":{}},{"ancestorTitles":["Event and Rule Integration","Event Source and Rule System Working Together"],"fullName":"Event and Rule Integration Event Source and Rule System Working Together should allow querying events generated by rules","status":"passed","title":"should allow querying events generated by rules","duration":0.7647589999996853,"failureMessages":[],"meta":{}},{"ancestorTitles":["Event and Rule Integration","Event Source and Rule System Working Together"],"fullName":"Event and Rule Integration Event Source and Rule System Working Together should handle narrative flow through events and rules","status":"passed","title":"should handle narrative flow through events and rules","duration":0.5210299999998824,"failureMessages":[],"meta":{}},{"ancestorTitles":["Event and Rule Integration","Error Handling in Integration"],"fullName":"Event and Rule Integration Error Handling in Integration should handle missing entities gracefully","status":"passed","title":"should handle missing entities gracefully","duration":0.24221699999998236,"failureMessages":[],"meta":{}},{"ancestorTitles":["Event and Rule Integration","Error Handling in Integration"],"fullName":"Event and Rule Integration Error Handling in Integration should continue processing when rules throw errors","status":"passed","title":"should continue processing when rules throw errors","duration":2.704052000000047,"failureMessages":[],"meta":{}}],"startTime":1754631108466,"endTime":1754631108477.704,"status":"passed","message":"","name":"/mnt/c/repotemp/sharpee/packages/core/tests/integration/event-rule-integration.test.ts"},{"assertionResults":[{"ancestorTitles":["Result","Creation"],"fullName":"Result Creation should create success results","status":"passed","title":"should create success results","duration":2.71326499999941,"failureMessages":[],"meta":{}},{"ancestorTitles":["Result","Creation"],"fullName":"Result Creation should create failure results","status":"passed","title":"should create failure results","duration":0.2966819999992367,"failureMessages":[],"meta":{}},{"ancestorTitles":["Result","Creation"],"fullName":"Result Creation should handle any value types","status":"passed","title":"should handle any value types","duration":0.4940710000000763,"failureMessages":[],"meta":{}},{"ancestorTitles":["Result","Type Guards"],"fullName":"Result Type Guards should identify success results","status":"passed","title":"should identify success results","duration":0.1601279999995313,"failureMessages":[],"meta":{}},{"ancestorTitles":["Result","Type Guards"],"fullName":"Result Type Guards should identify failure results","status":"passed","title":"should identify failure results","duration":0.18580800000017916,"failureMessages":[],"meta":{}},{"ancestorTitles":["Result","Type Guards"],"fullName":"Result Type Guards should narrow types correctly","status":"passed","title":"should narrow types correctly","duration":0.19009900000037305,"failureMessages":[],"meta":{}},{"ancestorTitles":["Result","Transformations","map"],"fullName":"Result Transformations map should transform success values","status":"passed","title":"should transform success values","duration":0.16178599999966536,"failureMessages":[],"meta":{}},{"ancestorTitles":["Result","Transformations","map"],"fullName":"Result Transformations map should pass through failures","status":"passed","title":"should pass through failures","duration":0.08952200000021548,"failureMessages":[],"meta":{}},{"ancestorTitles":["Result","Transformations","map"],"fullName":"Result Transformations map should handle type transformations","status":"passed","title":"should handle type transformations","duration":0.24496699999963312,"failureMessages":[],"meta":{}},{"ancestorTitles":["Result","Transformations","mapError"],"fullName":"Result Transformations mapError should transform error values","status":"passed","title":"should transform error values","duration":0.29760499999974854,"failureMessages":[],"meta":{}},{"ancestorTitles":["Result","Transformations","mapError"],"fullName":"Result Transformations mapError should pass through successes","status":"passed","title":"should pass through successes","duration":0.15855099999953381,"failureMessages":[],"meta":{}},{"ancestorTitles":["Result","Transformations","flatMap"],"fullName":"Result Transformations flatMap should chain successful results","status":"passed","title":"should chain successful results","duration":0.16041099999984,"failureMessages":[],"meta":{}},{"ancestorTitles":["Result","Transformations","flatMap"],"fullName":"Result Transformations flatMap should propagate failures","status":"passed","title":"should propagate failures","duration":0.10858699999971577,"failureMessages":[],"meta":{}},{"ancestorTitles":["Result","Transformations","flatMap"],"fullName":"Result Transformations flatMap should handle chained failures","status":"passed","title":"should handle chained failures","duration":0.07639600000038627,"failureMessages":[],"meta":{}},{"ancestorTitles":["Result","Transformations","flatMap"],"fullName":"Result Transformations flatMap should allow complex chains","status":"passed","title":"should allow complex chains","duration":0.12175699999988865,"failureMessages":[],"meta":{}},{"ancestorTitles":["Result","Unwrapping","unwrap"],"fullName":"Result Unwrapping unwrap should return value for success","status":"passed","title":"should return value for success","duration":0.08713100000022678,"failureMessages":[],"meta":{}},{"ancestorTitles":["Result","Unwrapping","unwrap"],"fullName":"Result Unwrapping unwrap should throw error for failure","status":"passed","title":"should throw error for failure","duration":0.26052899999922374,"failureMessages":[],"meta":{}},{"ancestorTitles":["Result","Unwrapping","unwrap"],"fullName":"Result Unwrapping unwrap should throw non-Error failures","status":"passed","title":"should throw non-Error failures","duration":0.4543649999995978,"failureMessages":[],"meta":{}},{"ancestorTitles":["Result","Unwrapping","unwrapOr"],"fullName":"Result Unwrapping unwrapOr should return value for success","status":"passed","title":"should return value for success","duration":0.09542200000032608,"failureMessages":[],"meta":{}},{"ancestorTitles":["Result","Unwrapping","unwrapOr"],"fullName":"Result Unwrapping unwrapOr should return default for failure","status":"passed","title":"should return default for failure","duration":0.05387500000051659,"failureMessages":[],"meta":{}},{"ancestorTitles":["Result","Unwrapping","unwrapOr"],"fullName":"Result Unwrapping unwrapOr should handle different types","status":"passed","title":"should handle different types","duration":0.08521199999995588,"failureMessages":[],"meta":{}},{"ancestorTitles":["Result","Real-world usage patterns"],"fullName":"Result Real-world usage patterns should work for parsing operations","status":"passed","title":"should work for parsing operations","duration":0.1784429999997883,"failureMessages":[],"meta":{}},{"ancestorTitles":["Result","Real-world usage patterns"],"fullName":"Result Real-world usage patterns should work for validation chains","status":"passed","title":"should work for validation chains","duration":0.14620000000013533,"failureMessages":[],"meta":{}}],"startTime":1754631107257,"endTime":1754631107265.1785,"status":"passed","message":"","name":"/mnt/c/repotemp/sharpee/packages/core/tests/types/result.test.ts"},{"assertionResults":[{"ancestorTitles":["SimpleRuleSystem","Rule Management"],"fullName":"SimpleRuleSystem Rule Management should add and retrieve rules","status":"passed","title":"should add and retrieve rules","duration":3.614306000000397,"failureMessages":[],"meta":{}},{"ancestorTitles":["SimpleRuleSystem","Rule Management"],"fullName":"SimpleRuleSystem Rule Management should remove rules","status":"passed","title":"should remove rules","duration":1.237369000000399,"failureMessages":[],"meta":{}},{"ancestorTitles":["SimpleRuleSystem","Rule Management"],"fullName":"SimpleRuleSystem Rule Management should handle removing non-existent rules","status":"passed","title":"should handle removing non-existent rules","duration":0.8896469999999681,"failureMessages":[],"meta":{}},{"ancestorTitles":["SimpleRuleSystem","Event Matching"],"fullName":"SimpleRuleSystem Event Matching should match rules by exact event type","status":"passed","title":"should match rules by exact event type","duration":1.1072599999997692,"failureMessages":[],"meta":{}},{"ancestorTitles":["SimpleRuleSystem","Event Matching"],"fullName":"SimpleRuleSystem Event Matching should handle wildcard rules (*)","status":"passed","title":"should handle wildcard rules (*)","duration":0.5563640000000305,"failureMessages":[],"meta":{}},{"ancestorTitles":["SimpleRuleSystem","Event Matching"],"fullName":"SimpleRuleSystem Event Matching should handle category wildcards (category:*)","status":"passed","title":"should handle category wildcards (category:*)","duration":0.3855139999996027,"failureMessages":[],"meta":{}},{"ancestorTitles":["SimpleRuleSystem","Rule Conditions"],"fullName":"SimpleRuleSystem Rule Conditions should evaluate conditions before running actions","status":"passed","title":"should evaluate conditions before running actions","duration":0.4242240000003221,"failureMessages":[],"meta":{}},{"ancestorTitles":["SimpleRuleSystem","Rule Conditions"],"fullName":"SimpleRuleSystem Rule Conditions should skip rules with false conditions","status":"passed","title":"should skip rules with false conditions","duration":0.29684499999984837,"failureMessages":[],"meta":{}},{"ancestorTitles":["SimpleRuleSystem","Rule Priority"],"fullName":"SimpleRuleSystem Rule Priority should execute rules in priority order (highest first)","status":"passed","title":"should execute rules in priority order (highest first)","duration":0.40880699999979697,"failureMessages":[],"meta":{}},{"ancestorTitles":["SimpleRuleSystem","Event Prevention"],"fullName":"SimpleRuleSystem Event Prevention should stop processing when a rule prevents the event","status":"passed","title":"should stop processing when a rule prevents the event","duration":0.4322570000003907,"failureMessages":[],"meta":{}},{"ancestorTitles":["SimpleRuleSystem","Event Prevention"],"fullName":"SimpleRuleSystem Event Prevention should use the first prevention message","status":"passed","title":"should use the first prevention message","duration":0.3536099999992075,"failureMessages":[],"meta":{}},{"ancestorTitles":["SimpleRuleSystem","Result Aggregation"],"fullName":"SimpleRuleSystem Result Aggregation should collect events from multiple rules","status":"passed","title":"should collect events from multiple rules","duration":0.34682100000009086,"failureMessages":[],"meta":{}},{"ancestorTitles":["SimpleRuleSystem","Result Aggregation"],"fullName":"SimpleRuleSystem Result Aggregation should create narrative events for messages","status":"passed","title":"should create narrative events for messages","duration":0.48212599999988015,"failureMessages":[],"meta":{}},{"ancestorTitles":["SimpleRuleSystem","Result Aggregation"],"fullName":"SimpleRuleSystem Result Aggregation should apply entity changes","status":"passed","title":"should apply entity changes","duration":0.1634090000006836,"failureMessages":[],"meta":{}},{"ancestorTitles":["SimpleRuleSystem","Result Aggregation"],"fullName":"SimpleRuleSystem Result Aggregation should handle multiple entity changes","status":"passed","title":"should handle multiple entity changes","duration":0.162239999999656,"failureMessages":[],"meta":{}},{"ancestorTitles":["SimpleRuleSystem","Complex Scenarios"],"fullName":"SimpleRuleSystem Complex Scenarios should handle heavy item prevention","status":"passed","title":"should handle heavy item prevention","duration":0.2443969999994806,"failureMessages":[],"meta":{}},{"ancestorTitles":["SimpleRuleSystem","Complex Scenarios"],"fullName":"SimpleRuleSystem Complex Scenarios should handle darkness rules","status":"passed","title":"should handle darkness rules","duration":1.7528569999994943,"failureMessages":[],"meta":{}}],"startTime":1754631108078,"endTime":1754631108092.753,"status":"passed","message":"","name":"/mnt/c/repotemp/sharpee/packages/core/tests/rules/simple-rule-system.test.ts"}]}