{"numTotalTestSuites":5,"numPassedTestSuites":5,"numFailedTestSuites":0,"numPendingTestSuites":0,"numTotalTests":7,"numPassedTests":7,"numFailedTests":0,"numPendingTests":0,"numTodoTests":0,"snapshot":{"added":0,"failure":false,"filesAdded":0,"filesRemoved":0,"filesRemovedList":[],"filesUnmatched":0,"filesUpdated":0,"matched":0,"total":0,"unchecked":0,"uncheckedKeysByFile":[],"unmatched":0,"updated":0,"didUpdate":false},"startTime":1755058519715,"success":true,"testResults":[{"assertionResults":[{"ancestorTitles":["Text Services","TemplateTextService"],"fullName":"Text Services TemplateTextService should create a template text service","status":"passed","title":"should create a template text service","duration":0.8955260000002454,"failureMessages":[],"meta":{}},{"ancestorTitles":["Text Services","TemplateTextService"],"fullName":"Text Services TemplateTextService should require initialization before processing","status":"passed","title":"should require initialization before processing","duration":0.6865039999993314,"failureMessages":[],"meta":{}},{"ancestorTitles":["Text Services","CLIEventsTextService"],"fullName":"Text Services CLIEventsTextService should create a CLI events text service","status":"passed","title":"should create a CLI events text service","duration":0.1617659999992611,"failureMessages":[],"meta":{}},{"ancestorTitles":["Text Services","CLIEventsTextService"],"fullName":"Text Services CLIEventsTextService should accept configuration","status":"passed","title":"should accept configuration","duration":0.09269800000038231,"failureMessages":[],"meta":{}},{"ancestorTitles":["Text Services","createTextService factory"],"fullName":"Text Services createTextService factory should create template service by default","status":"passed","title":"should create template service by default","duration":0.14014700000006997,"failureMessages":[],"meta":{}},{"ancestorTitles":["Text Services","createTextService factory"],"fullName":"Text Services createTextService factory should create CLI events service","status":"passed","title":"should create CLI events service","duration":0.1328670000002603,"failureMessages":[],"meta":{}},{"ancestorTitles":["Text Services","createTextService factory"],"fullName":"Text Services createTextService factory should throw for unknown service type","status":"passed","title":"should throw for unknown service type","duration":0.15949000000000524,"failureMessages":[],"meta":{}}],"startTime":1755058529061,"endTime":1755058529063.1619,"status":"passed","message":"","name":"/mnt/c/repotemp/sharpee/packages/text-services/tests/text-services.test.ts"}]}