{"numTotalTestSuites":109,"numPassedTestSuites":106,"numFailedTestSuites":3,"numPendingTestSuites":0,"numTotalTests":209,"numPassedTests":180,"numFailedTests":1,"numPendingTests":28,"numTodoTests":0,"snapshot":{"added":0,"failure":false,"filesAdded":0,"filesRemoved":0,"filesRemovedList":[],"filesUnmatched":0,"filesUpdated":0,"matched":0,"total":0,"unchecked":0,"uncheckedKeysByFile":[],"unmatched":0,"updated":0,"didUpdate":false},"startTime":1756786341321,"success":false,"testResults":[{"assertionResults":[{"ancestorTitles":["CommandExecutor","initialization"],"fullName":"CommandExecutor initialization should create executor with all dependencies","status":"passed","title":"should create executor with all dependencies","duration":15.929506000000401,"failureMessages":[],"meta":{}},{"ancestorTitles":["CommandExecutor","initialization"],"fullName":"CommandExecutor initialization should create executor using factory function","status":"passed","title":"should create executor using factory function","duration":5.476419000013266,"failureMessages":[],"meta":{}},{"ancestorTitles":["CommandExecutor","command execution"],"fullName":"CommandExecutor command execution should execute a valid command","status":"passed","title":"should execute a valid command","duration":11.422153999999864,"failureMessages":[],"meta":{}},{"ancestorTitles":["CommandExecutor","command execution"],"fullName":"CommandExecutor command execution should include timing data when configured","status":"passed","title":"should include timing data when configured","duration":13.90880200000538,"failureMessages":[],"meta":{}},{"ancestorTitles":["CommandExecutor","command execution"],"fullName":"CommandExecutor command execution should handle unknown commands","status":"passed","title":"should handle unknown commands","duration":5.291871000008541,"failureMessages":[],"meta":{}},{"ancestorTitles":["CommandExecutor","command execution"],"fullName":"CommandExecutor command execution should handle empty input","status":"passed","title":"should handle empty input","duration":9.323483999993186,"failureMessages":[],"meta":{}},{"ancestorTitles":["CommandExecutor","command execution"],"fullName":"CommandExecutor command execution should handle whitespace-only input","status":"passed","title":"should handle whitespace-only input","duration":4.967071999999462,"failureMessages":[],"meta":{}},{"ancestorTitles":["CommandExecutor","command execution"],"fullName":"CommandExecutor command execution should pass context to actions","status":"passed","title":"should pass context to actions","duration":11.353235000002314,"failureMessages":[],"meta":{}},{"ancestorTitles":["CommandExecutor","command execution"],"fullName":"CommandExecutor command execution should handle action execution errors","status":"passed","title":"should handle action execution errors","duration":10.845851000005496,"failureMessages":[],"meta":{}},{"ancestorTitles":["CommandExecutor","command execution"],"fullName":"CommandExecutor command execution should handle sync and async actions","status":"passed","title":"should handle sync and async actions","duration":8.841906999994535,"failureMessages":[],"meta":{}},{"ancestorTitles":["CommandExecutor","command parsing"],"fullName":"CommandExecutor command parsing should parse commands using language provider","status":"passed","title":"should parse commands using language provider","duration":5.0759800000087125,"failureMessages":[],"meta":{}},{"ancestorTitles":["CommandExecutor","command parsing"],"fullName":"CommandExecutor command parsing should normalize input","status":"passed","title":"should normalize input","duration":4.5376629999955185,"failureMessages":[],"meta":{}},{"ancestorTitles":["CommandExecutor","event generation"],"fullName":"CommandExecutor event generation should include action-generated events","status":"passed","title":"should include action-generated events","duration":6.928136000002269,"failureMessages":[],"meta":{}},{"ancestorTitles":["CommandExecutor","event generation"],"fullName":"CommandExecutor event generation should sequence events properly","status":"passed","title":"should sequence events properly","duration":7.4950169999938225,"failureMessages":[],"meta":{}},{"ancestorTitles":["CommandExecutor","event generation"],"fullName":"CommandExecutor event generation should add turn metadata to events","status":"passed","title":"should add turn metadata to events","duration":15.64939299999969,"failureMessages":[],"meta":{}},{"ancestorTitles":["CommandExecutor","error handling"],"fullName":"CommandExecutor error handling should handle missing action registry","status":"passed","title":"should handle missing action registry","duration":23.857927000004565,"failureMessages":[],"meta":{}},{"ancestorTitles":["CommandExecutor","error handling"],"fullName":"CommandExecutor error handling should handle missing parser","status":"passed","title":"should handle missing parser","duration":15.011748999997508,"failureMessages":[],"meta":{}},{"ancestorTitles":["CommandExecutor","error handling"],"fullName":"CommandExecutor error handling should handle missing language provider","status":"skipped","title":"should handle missing language provider","failureMessages":[],"meta":{}},{"ancestorTitles":["CommandExecutor","error handling"],"fullName":"CommandExecutor error handling should create error event for failed commands","status":"passed","title":"should create error event for failed commands","duration":3.7391119999956572,"failureMessages":[],"meta":{}},{"ancestorTitles":["CommandExecutor","integration with story actions"],"fullName":"CommandExecutor integration with story actions should execute story-defined actions","status":"passed","title":"should execute story-defined actions","duration":2.866717000011704,"failureMessages":[],"meta":{}},{"ancestorTitles":["CommandExecutor","integration with story actions"],"fullName":"CommandExecutor integration with story actions should handle story action with arguments","status":"passed","title":"should handle story action with arguments","duration":4.327378000001772,"failureMessages":[],"meta":{}},{"ancestorTitles":["CommandExecutor","integration with story actions"],"fullName":"CommandExecutor integration with story actions should handle failing story action","status":"passed","title":"should handle failing story action","duration":3.3237450000015087,"failureMessages":[],"meta":{}},{"ancestorTitles":["CommandExecutor","integration with standard actions"],"fullName":"CommandExecutor integration with standard actions should execute standard actions","status":"passed","title":"should execute standard actions","duration":3.3931489999959012,"failureMessages":[],"meta":{}},{"ancestorTitles":["CommandExecutor","integration with standard actions"],"fullName":"CommandExecutor integration with standard actions should handle action aliases","status":"passed","title":"should handle action aliases","duration":1.752290999997058,"failureMessages":[],"meta":{}},{"ancestorTitles":["CommandExecutor","performance"],"fullName":"CommandExecutor performance should execute commands quickly","status":"passed","title":"should execute commands quickly","duration":5.305952000009711,"failureMessages":[],"meta":{}},{"ancestorTitles":["CommandExecutor","performance"],"fullName":"CommandExecutor performance should handle many sequential commands","status":"passed","title":"should handle many sequential commands","duration":13.29625600000145,"failureMessages":[],"meta":{}}],"startTime":1756786431907,"endTime":1756786432124.2961,"status":"passed","message":"","name":"/mnt/c/repotemp/sharpee/packages/engine/tests/command-executor.test.ts"},{"assertionResults":[{"ancestorTitles":["Debug XYZZY Test"],"fullName":"Debug XYZZY Test should not track xyzzy in command history but should emit events","status":"passed","title":"should not track xyzzy in command history but should emit events","duration":13.367425999997067,"failureMessages":[],"meta":{}},{"ancestorTitles":["Debug XYZZY Test"],"fullName":"Debug XYZZY Test should track successful commands in history and emit events","status":"passed","title":"should track successful commands in history and emit events","duration":6.070125000012922,"failureMessages":[],"meta":{}}],"startTime":1756786431620,"endTime":1756786431639.07,"status":"passed","message":"","name":"/mnt/c/repotemp/sharpee/packages/engine/tests/debug-xyzzy.test.ts"},{"assertionResults":[{"ancestorTitles":["EventSequencer","sequence generation"],"fullName":"EventSequencer sequence generation should generate unique sequence numbers","status":"passed","title":"should generate unique sequence numbers","duration":1.5596549999991112,"failureMessages":[],"meta":{}},{"ancestorTitles":["EventSequencer","sequence generation"],"fullName":"EventSequencer sequence generation should generate monotonically increasing sequences","status":"passed","title":"should generate monotonically increasing sequences","duration":2.1166840000005323,"failureMessages":[],"meta":{}},{"ancestorTitles":["EventSequencer","sequence generation"],"fullName":"EventSequencer sequence generation should handle rapid sequence generation","status":"passed","title":"should handle rapid sequence generation","duration":0.4118770000004588,"failureMessages":[],"meta":{}},{"ancestorTitles":["EventSequencer","event sequencing"],"fullName":"EventSequencer event sequencing should sequence a single event","status":"passed","title":"should sequence a single event","duration":1.0353960000011284,"failureMessages":[],"meta":{}},{"ancestorTitles":["EventSequencer","event sequencing"],"fullName":"EventSequencer event sequencing should sequence multiple events","status":"passed","title":"should sequence multiple events","duration":1.3124059999991005,"failureMessages":[],"meta":{}},{"ancestorTitles":["EventSequencer","event sequencing"],"fullName":"EventSequencer event sequencing should add default metadata","status":"passed","title":"should add default metadata","duration":1.0160829999986163,"failureMessages":[],"meta":{}},{"ancestorTitles":["EventSequencer","event sequencing"],"fullName":"EventSequencer event sequencing should preserve optional metadata","status":"passed","title":"should preserve optional metadata","duration":1.1243000000013126,"failureMessages":[],"meta":{}},{"ancestorTitles":["EventSequencer","event sequencing"],"fullName":"EventSequencer event sequencing should handle empty event arrays","status":"passed","title":"should handle empty event arrays","duration":0.23403200000029756,"failureMessages":[],"meta":{}},{"ancestorTitles":["EventSequencer","EventSequenceUtils","sorting"],"fullName":"EventSequencer EventSequenceUtils sorting should sort events by sequence number","status":"passed","title":"should sort events by sequence number","duration":0.5746689999996306,"failureMessages":[],"meta":{}},{"ancestorTitles":["EventSequencer","EventSequenceUtils","sorting"],"fullName":"EventSequencer EventSequenceUtils sorting should not modify original array","status":"passed","title":"should not modify original array","duration":0.5882910000000265,"failureMessages":[],"meta":{}},{"ancestorTitles":["EventSequencer","EventSequenceUtils","sorting"],"fullName":"EventSequencer EventSequenceUtils sorting should handle empty arrays","status":"passed","title":"should handle empty arrays","duration":0.30579299999953946,"failureMessages":[],"meta":{}},{"ancestorTitles":["EventSequencer","EventSequenceUtils","sorting"],"fullName":"EventSequencer EventSequenceUtils sorting should handle single element arrays","status":"passed","title":"should handle single element arrays","duration":0.14480399999956717,"failureMessages":[],"meta":{}},{"ancestorTitles":["EventSequencer","EventSequenceUtils","filtering"],"fullName":"EventSequencer EventSequenceUtils filtering should filter events by type","status":"passed","title":"should filter events by type","duration":0.4269089999997959,"failureMessages":[],"meta":{}},{"ancestorTitles":["EventSequencer","EventSequenceUtils","filtering"],"fullName":"EventSequencer EventSequenceUtils filtering should filter events by turn","status":"passed","title":"should filter events by turn","duration":2.1094969999994646,"failureMessages":[],"meta":{}},{"ancestorTitles":["EventSequencer","EventSequenceUtils","filtering"],"fullName":"EventSequencer EventSequenceUtils filtering should filter events by scope","status":"passed","title":"should filter events by scope","duration":0.3631569999997737,"failureMessages":[],"meta":{}},{"ancestorTitles":["EventSequencer","EventSequenceUtils","filtering"],"fullName":"EventSequencer EventSequenceUtils filtering should handle filtering with no matches","status":"passed","title":"should handle filtering with no matches","duration":0.21229800000037358,"failureMessages":[],"meta":{}},{"ancestorTitles":["EventSequencer","EventSequenceUtils","grouping"],"fullName":"EventSequencer EventSequenceUtils grouping should group events by type","status":"passed","title":"should group events by type","duration":0.43536200000016834,"failureMessages":[],"meta":{}},{"ancestorTitles":["EventSequencer","EventSequenceUtils","grouping"],"fullName":"EventSequencer EventSequenceUtils grouping should group events by turn","status":"passed","title":"should group events by turn","duration":0.7224669999995967,"failureMessages":[],"meta":{}},{"ancestorTitles":["EventSequencer","EventSequenceUtils","grouping"],"fullName":"EventSequencer EventSequenceUtils grouping should handle empty arrays when grouping","status":"passed","title":"should handle empty arrays when grouping","duration":0.20606000000043423,"failureMessages":[],"meta":{}},{"ancestorTitles":["EventSequencer","EventSequenceUtils","utility functions"],"fullName":"EventSequencer EventSequenceUtils utility functions should get latest event by type","status":"passed","title":"should get latest event by type","duration":0.18778500000007625,"failureMessages":[],"meta":{}},{"ancestorTitles":["EventSequencer","EventSequenceUtils","utility functions"],"fullName":"EventSequencer EventSequenceUtils utility functions should return undefined for non-existent type","status":"passed","title":"should return undefined for non-existent type","duration":0.07033299999966403,"failureMessages":[],"meta":{}},{"ancestorTitles":["EventSequencer","EventSequenceUtils","utility functions"],"fullName":"EventSequencer EventSequenceUtils utility functions should count events by type","status":"passed","title":"should count events by type","duration":0.14316999999937252,"failureMessages":[],"meta":{}},{"ancestorTitles":["EventSequencer","EventSequenceUtils","utility functions"],"fullName":"EventSequencer EventSequenceUtils utility functions should handle empty arrays in utility functions","status":"passed","title":"should handle empty arrays in utility functions","duration":0.08821499999976368,"failureMessages":[],"meta":{}},{"ancestorTitles":["EventSequencer","EventSequenceUtils","event range queries"],"fullName":"EventSequencer EventSequenceUtils event range queries should get events in sequence range","status":"passed","title":"should get events in sequence range","duration":0.22505699999965145,"failureMessages":[],"meta":{}},{"ancestorTitles":["EventSequencer","EventSequenceUtils","event range queries"],"fullName":"EventSequencer EventSequenceUtils event range queries should handle exclusive ranges","status":"passed","title":"should handle exclusive ranges","duration":0.12112899999920046,"failureMessages":[],"meta":{}},{"ancestorTitles":["EventSequencer","EventSequenceUtils","event range queries"],"fullName":"EventSequencer EventSequenceUtils event range queries should handle ranges with no events","status":"passed","title":"should handle ranges with no events","duration":0.062092000000120606,"failureMessages":[],"meta":{}},{"ancestorTitles":["EventSequencer","edge cases"],"fullName":"EventSequencer edge cases should handle events with same timestamp but different sequences","status":"passed","title":"should handle events with same timestamp but different sequences","duration":0.11655600000085542,"failureMessages":[],"meta":{}},{"ancestorTitles":["EventSequencer","edge cases"],"fullName":"EventSequencer edge cases should handle very large sequence numbers","status":"passed","title":"should handle very large sequence numbers","duration":0.12521700000070268,"failureMessages":[],"meta":{}}],"startTime":1756786428214,"endTime":1756786428231.225,"status":"passed","message":"","name":"/mnt/c/repotemp/sharpee/packages/engine/tests/event-sequencer.test.ts"},{"assertionResults":[{"ancestorTitles":["GameEngine Language Management (DEPRECATED)","setLanguage()"],"fullName":"GameEngine Language Management (DEPRECATED) setLanguage() should load language provider and parser dynamically","status":"skipped","title":"should load language provider and parser dynamically","failureMessages":[],"meta":{}},{"ancestorTitles":["GameEngine Language Management (DEPRECATED)","setLanguage()"],"fullName":"GameEngine Language Management (DEPRECATED) setLanguage() should handle different parser export patterns","status":"skipped","title":"should handle different parser export patterns","failureMessages":[],"meta":{}},{"ancestorTitles":["GameEngine Language Management (DEPRECATED)","setLanguage()"],"fullName":"GameEngine Language Management (DEPRECATED) setLanguage() should throw error if language code is not provided","status":"skipped","title":"should throw error if language code is not provided","failureMessages":[],"meta":{}},{"ancestorTitles":["GameEngine Language Management (DEPRECATED)","setLanguage()"],"fullName":"GameEngine Language Management (DEPRECATED) setLanguage() should throw error if parser package is not found","status":"skipped","title":"should throw error if parser package is not found","failureMessages":[],"meta":{}},{"ancestorTitles":["GameEngine Language Management (DEPRECATED)","setLanguage()"],"fullName":"GameEngine Language Management (DEPRECATED) setLanguage() should throw error if parser class is not found in package","status":"skipped","title":"should throw error if parser class is not found in package","failureMessages":[],"meta":{}},{"ancestorTitles":["GameEngine Language Management (DEPRECATED)","setLanguage()"],"fullName":"GameEngine Language Management (DEPRECATED) setLanguage() should register parser with ParserFactory","status":"skipped","title":"should register parser with ParserFactory","failureMessages":[],"meta":{}},{"ancestorTitles":["GameEngine Language Management (DEPRECATED)","Story integration"],"fullName":"GameEngine Language Management (DEPRECATED) Story integration should use language from story config when setting story","status":"skipped","title":"should use language from story config when setting story","failureMessages":[],"meta":{}},{"ancestorTitles":["GameEngine Language Management (DEPRECATED)","Getters"],"fullName":"GameEngine Language Management (DEPRECATED) Getters should return undefined when no language is set","status":"skipped","title":"should return undefined when no language is set","failureMessages":[],"meta":{}},{"ancestorTitles":["GameEngine Language Management (DEPRECATED)","Getters"],"fullName":"GameEngine Language Management (DEPRECATED) Getters should return parser and language provider after setting language","status":"skipped","title":"should return parser and language provider after setting language","failureMessages":[],"meta":{}},{"ancestorTitles":["GameEngine Static Language Configuration"],"fullName":"GameEngine Static Language Configuration should accept language provider and parser via constructor","status":"passed","title":"should accept language provider and parser via constructor","duration":1.1999610000002576,"failureMessages":[],"meta":{}},{"ancestorTitles":["GameEngine Static Language Configuration"],"fullName":"GameEngine Static Language Configuration should have language provider accessible after construction","status":"passed","title":"should have language provider accessible after construction","duration":0.26868500000000495,"failureMessages":[],"meta":{}},{"ancestorTitles":["GameEngine Static Language Configuration"],"fullName":"GameEngine Static Language Configuration should have parser accessible after construction","status":"passed","title":"should have parser accessible after construction","duration":0.15797199999997247,"failureMessages":[],"meta":{}}],"startTime":1756786438221,"endTime":1756786438223.2688,"status":"passed","message":"","name":"/mnt/c/repotemp/sharpee/packages/engine/tests/game-engine-language.test.ts"},{"assertionResults":[{"ancestorTitles":["GameEngine","initialization"],"fullName":"GameEngine initialization should create an engine with standard setup","status":"passed","title":"should create an engine with standard setup","duration":19.248540000000503,"failureMessages":[],"meta":{}},{"ancestorTitles":["GameEngine","initialization"],"fullName":"GameEngine initialization should initialize with default config","status":"passed","title":"should initialize with default config","duration":6.781405000001541,"failureMessages":[],"meta":{}},{"ancestorTitles":["GameEngine","initialization"],"fullName":"GameEngine initialization should accept custom config","status":"passed","title":"should accept custom config","duration":8.496146999998018,"failureMessages":[],"meta":{}},{"ancestorTitles":["GameEngine","story management"],"fullName":"GameEngine story management should set story and initialize components","status":"passed","title":"should set story and initialize components","duration":6.5254710000008345,"failureMessages":[],"meta":{}},{"ancestorTitles":["GameEngine","story management"],"fullName":"GameEngine story management should properly initialize world with story","status":"passed","title":"should properly initialize world with story","duration":4.972658999991836,"failureMessages":[],"meta":{}},{"ancestorTitles":["GameEngine","story management"],"fullName":"GameEngine story management should handle story initialization errors gracefully","status":"passed","title":"should handle story initialization errors gracefully","duration":6.348847000001115,"failureMessages":[],"meta":{}},{"ancestorTitles":["GameEngine","engine lifecycle"],"fullName":"GameEngine engine lifecycle should start and stop correctly","status":"passed","title":"should start and stop correctly","duration":3.5686679999926127,"failureMessages":[],"meta":{}},{"ancestorTitles":["GameEngine","engine lifecycle"],"fullName":"GameEngine engine lifecycle should throw if already running","status":"passed","title":"should throw if already running","duration":7.746694999994361,"failureMessages":[],"meta":{}},{"ancestorTitles":["GameEngine","engine lifecycle"],"fullName":"GameEngine engine lifecycle should throw if executing turn when not running","status":"passed","title":"should throw if executing turn when not running","duration":6.572086000000127,"failureMessages":[],"meta":{}},{"ancestorTitles":["GameEngine","engine lifecycle"],"fullName":"GameEngine engine lifecycle should start without a story if dependencies are provided","status":"passed","title":"should start without a story if dependencies are provided","duration":11.131489999999758,"failureMessages":[],"meta":{}},{"ancestorTitles":["GameEngine","turn execution"],"fullName":"GameEngine turn execution should execute a basic turn","status":"passed","title":"should execute a basic turn","duration":9.38105799999903,"failureMessages":[],"meta":{}},{"ancestorTitles":["GameEngine","turn execution"],"fullName":"GameEngine turn execution should update context after turn","status":"passed","title":"should update context after turn","duration":8.530757999993511,"failureMessages":[],"meta":{}},{"ancestorTitles":["GameEngine","turn execution"],"fullName":"GameEngine turn execution should emit turn events","status":"passed","title":"should emit turn events","duration":11.438541999988956,"failureMessages":[],"meta":{}},{"ancestorTitles":["GameEngine","turn execution"],"fullName":"GameEngine turn execution should handle turn execution errors","status":"passed","title":"should handle turn execution errors","duration":7.827780000006896,"failureMessages":[],"meta":{}},{"ancestorTitles":["GameEngine","turn execution"],"fullName":"GameEngine turn execution should respect max history limit","status":"passed","title":"should respect max history limit","duration":23.836761999991722,"failureMessages":[],"meta":{}},{"ancestorTitles":["GameEngine","turn execution"],"fullName":"GameEngine turn execution should process text output","status":"passed","title":"should process text output","duration":9.228478000004543,"failureMessages":[],"meta":{}},{"ancestorTitles":["GameEngine","game state management"],"fullName":"GameEngine game state management should save current state","status":"passed","title":"should save current state","duration":6.650930000003427,"failureMessages":[],"meta":{}},{"ancestorTitles":["GameEngine","game state management"],"fullName":"GameEngine game state management should load saved state","status":"passed","title":"should load saved state","duration":11.969836000003852,"failureMessages":[],"meta":{}},{"ancestorTitles":["GameEngine","game state management"],"fullName":"GameEngine game state management should reject incompatible save versions","status":"passed","title":"should reject incompatible save versions","duration":5.198346999997739,"failureMessages":[],"meta":{}},{"ancestorTitles":["GameEngine","vocabulary management"],"fullName":"GameEngine vocabulary management should update vocabulary for entities in scope","status":"passed","title":"should update vocabulary for entities in scope","duration":3.5594770000025164,"failureMessages":[],"meta":{}},{"ancestorTitles":["GameEngine","vocabulary management"],"fullName":"GameEngine vocabulary management should mark entities correctly as in/out of scope","status":"passed","title":"should mark entities correctly as in/out of scope","duration":1.6040259999863338,"failureMessages":[],"meta":{}},{"ancestorTitles":["GameEngine","event handling"],"fullName":"GameEngine event handling should emit events during turn execution","status":"passed","title":"should emit events during turn execution","duration":6.052636000007624,"failureMessages":[],"meta":{}},{"ancestorTitles":["GameEngine","event handling"],"fullName":"GameEngine event handling should call onEvent config callback","status":"passed","title":"should call onEvent config callback","duration":6.212295000004815,"failureMessages":[],"meta":{}},{"ancestorTitles":["GameEngine","event handling"],"fullName":"GameEngine event handling should get recent events","status":"passed","title":"should get recent events","duration":2.9002329999930225,"failureMessages":[],"meta":{}},{"ancestorTitles":["GameEngine","text service"],"fullName":"GameEngine text service should have text service configured","status":"passed","title":"should have text service configured","duration":9.07960599999933,"failureMessages":[],"meta":{}}],"startTime":1756786431709,"endTime":1756786431916.0796,"status":"passed","message":"","name":"/mnt/c/repotemp/sharpee/packages/engine/tests/game-engine.test.ts"},{"assertionResults":[{"ancestorTitles":["Historical Accuracy - Atomic Events","Event Data Completeness"],"fullName":"Historical Accuracy - Atomic Events Event Data Completeness should include complete entity snapshots in action events","status":"passed","title":"should include complete entity snapshots in action events","duration":39.258147999993525,"failureMessages":[],"meta":{}},{"ancestorTitles":["Historical Accuracy - Atomic Events","Event Data Completeness"],"fullName":"Historical Accuracy - Atomic Events Event Data Completeness should include room snapshots in movement events","status":"skipped","title":"should include room snapshots in movement events","failureMessages":[],"meta":{}},{"ancestorTitles":["Historical Accuracy - Atomic Events","Event Data Completeness"],"fullName":"Historical Accuracy - Atomic Events Event Data Completeness should include container contents in opening events","status":"passed","title":"should include container contents in opening events","duration":9.719710999997915,"failureMessages":[],"meta":{}},{"ancestorTitles":["Historical Accuracy - Atomic Events","Event Replay Without World Model"],"fullName":"Historical Accuracy - Atomic Events Event Replay Without World Model should be able to reconstruct game state from events alone","status":"passed","title":"should be able to reconstruct game state from events alone","duration":22.886086999991676,"failureMessages":[],"meta":{}},{"ancestorTitles":["Historical Accuracy - Atomic Events","Event Replay Without World Model"],"fullName":"Historical Accuracy - Atomic Events Event Replay Without World Model should preserve entity state at time of event","status":"passed","title":"should preserve entity state at time of event","duration":9.790139000004274,"failureMessages":[],"meta":{}},{"ancestorTitles":["Historical Accuracy - Atomic Events","Event Enrichment"],"fullName":"Historical Accuracy - Atomic Events Event Enrichment should include turn number in event data","status":"passed","title":"should include turn number in event data","duration":6.747914000006858,"failureMessages":[],"meta":{}},{"ancestorTitles":["Historical Accuracy - Atomic Events","Event Enrichment"],"fullName":"Historical Accuracy - Atomic Events Event Enrichment should include actor and location in enriched events","status":"skipped","title":"should include actor and location in enriched events","failureMessages":[],"meta":{}},{"ancestorTitles":["Historical Accuracy - Atomic Events","Event Enrichment"],"fullName":"Historical Accuracy - Atomic Events Event Enrichment should normalize event types to lowercase with dots","status":"passed","title":"should normalize event types to lowercase with dots","duration":10.128021999989869,"failureMessages":[],"meta":{}},{"ancestorTitles":["Historical Accuracy - Atomic Events","Function Serialization"],"fullName":"Historical Accuracy - Atomic Events Function Serialization should handle functions in event data during save/load","status":"skipped","title":"should handle functions in event data during save/load","failureMessages":[],"meta":{}}],"startTime":1756786431806,"endTime":1756786431905.128,"status":"passed","message":"","name":"/mnt/c/repotemp/sharpee/packages/engine/tests/historical-accuracy.test.ts"},{"assertionResults":[{"ancestorTitles":["Engine Integration Tests","Full game flow"],"fullName":"Engine Integration Tests Full game flow should complete a full game session","status":"passed","title":"should complete a full game session","duration":20.69991399999708,"failureMessages":[],"meta":{}},{"ancestorTitles":["Engine Integration Tests","Full game flow"],"fullName":"Engine Integration Tests Full game flow should handle save and restore","status":"passed","title":"should handle save and restore","duration":15.644832000005408,"failureMessages":[],"meta":{}},{"ancestorTitles":["Engine Integration Tests","Full game flow"],"fullName":"Engine Integration Tests Full game flow should handle game completion","status":"skipped","title":"should handle game completion","failureMessages":[],"meta":{}},{"ancestorTitles":["Engine Integration Tests","Error scenarios"],"fullName":"Engine Integration Tests Error scenarios should handle malformed input gracefully","status":"passed","title":"should handle malformed input gracefully","duration":3.3927240000048187,"failureMessages":[],"meta":{}},{"ancestorTitles":["Engine Integration Tests","Error scenarios"],"fullName":"Engine Integration Tests Error scenarios should recover from action errors","status":"passed","title":"should recover from action errors","duration":8.507815999997547,"failureMessages":[],"meta":{}},{"ancestorTitles":["Engine Integration Tests","Performance"],"fullName":"Engine Integration Tests Performance should handle rapid turn execution","status":"passed","title":"should handle rapid turn execution","duration":13.230710999996518,"failureMessages":[],"meta":{}},{"ancestorTitles":["Engine Integration Tests","Event flow"],"fullName":"Engine Integration Tests Event flow should maintain event ordering","status":"passed","title":"should maintain event ordering","duration":4.461744000000181,"failureMessages":[],"meta":{}},{"ancestorTitles":["Engine Integration Tests","Text output integration"],"fullName":"Engine Integration Tests Text output integration should format complex game output","status":"passed","title":"should format complex game output","duration":6.950426000010339,"failureMessages":[],"meta":{}},{"ancestorTitles":["Engine Integration Tests","Vocabulary integration"],"fullName":"Engine Integration Tests Vocabulary integration should update vocabulary as player moves","status":"passed","title":"should update vocabulary as player moves","duration":10.997843999997713,"failureMessages":[],"meta":{}},{"ancestorTitles":["Engine Integration Tests","Standard engine setup"],"fullName":"Engine Integration Tests Standard engine setup should create functional standard engine","status":"passed","title":"should create functional standard engine","duration":5.456778000007034,"failureMessages":[],"meta":{}},{"ancestorTitles":["Engine Integration Tests","Complex world navigation"],"fullName":"Engine Integration Tests Complex world navigation should handle multi-room world with objects","status":"passed","title":"should handle multi-room world with objects","duration":10.03839999999036,"failureMessages":[],"meta":{}},{"ancestorTitles":["Engine Integration Tests","Turn-based completion"],"fullName":"Engine Integration Tests Turn-based completion should complete game after turn limit","status":"skipped","title":"should complete game after turn limit","failureMessages":[],"meta":{}},{"ancestorTitles":["Engine Integration Tests","Turn-based completion"],"fullName":"Engine Integration Tests Turn-based completion should complete game on score threshold","status":"skipped","title":"should complete game on score threshold","failureMessages":[],"meta":{}}],"startTime":1756786431614,"endTime":1756786431716.0383,"status":"passed","message":"","name":"/mnt/c/repotemp/sharpee/packages/engine/tests/integration.test.ts"},{"assertionResults":[{"ancestorTitles":["Parser Extension Methods","Parser extensions"],"fullName":"Parser Extension Methods Parser extensions should add custom verbs","status":"passed","title":"should add custom verbs","duration":11.084868999998434,"failureMessages":[],"meta":{}},{"ancestorTitles":["Parser Extension Methods","Parser extensions"],"fullName":"Parser Extension Methods Parser extensions should add custom prepositions","status":"passed","title":"should add custom prepositions","duration":4.945644999999786,"failureMessages":[],"meta":{}},{"ancestorTitles":["Parser Extension Methods","Parser extensions"],"fullName":"Parser Extension Methods Parser extensions should handle addNoun method (placeholder)","status":"passed","title":"should handle addNoun method (placeholder)","duration":4.128969999990659,"failureMessages":[],"meta":{}},{"ancestorTitles":["Parser Extension Methods","Parser extensions"],"fullName":"Parser Extension Methods Parser extensions should handle addAdjective method (placeholder)","status":"passed","title":"should handle addAdjective method (placeholder)","duration":3.2303850000025705,"failureMessages":[],"meta":{}},{"ancestorTitles":["Parser Extension Methods","Language Provider extensions"],"fullName":"Parser Extension Methods Language Provider extensions should add custom messages","status":"passed","title":"should add custom messages","duration":4.301766999997199,"failureMessages":[],"meta":{}},{"ancestorTitles":["Parser Extension Methods","Language Provider extensions"],"fullName":"Parser Extension Methods Language Provider extensions should add action help","status":"passed","title":"should add action help","duration":3.5031069999968167,"failureMessages":[],"meta":{}},{"ancestorTitles":["Parser Extension Methods","Language Provider extensions"],"fullName":"Parser Extension Methods Language Provider extensions should add action patterns","status":"passed","title":"should add action patterns","duration":5.135318000000552,"failureMessages":[],"meta":{}},{"ancestorTitles":["Parser Extension Methods","Language Provider extensions"],"fullName":"Parser Extension Methods Language Provider extensions should merge patterns with existing actions","status":"passed","title":"should merge patterns with existing actions","duration":6.550688999996055,"failureMessages":[],"meta":{}}],"startTime":1756786417186,"endTime":1756786417229.5508,"status":"passed","message":"","name":"/mnt/c/repotemp/sharpee/packages/engine/tests/parser-extension.test.ts"},{"assertionResults":[{"ancestorTitles":["GameEngine Platform Operations","Platform Event Detection"],"fullName":"GameEngine Platform Operations Platform Event Detection should detect and queue platform events during turn execution","status":"passed","title":"should detect and queue platform events during turn execution","duration":32.827275999996345,"failureMessages":[],"meta":{}},{"ancestorTitles":["GameEngine Platform Operations","Save Operations"],"fullName":"GameEngine Platform Operations Save Operations should process save requested event and call save hook","status":"passed","title":"should process save requested event and call save hook","duration":14.074119000011706,"failureMessages":[],"meta":{}},{"ancestorTitles":["GameEngine Platform Operations","Save Operations"],"fullName":"GameEngine Platform Operations Save Operations should emit save completed event on success","status":"passed","title":"should emit save completed event on success","duration":10.640018999998574,"failureMessages":[],"meta":{}},{"ancestorTitles":["GameEngine Platform Operations","Save Operations"],"fullName":"GameEngine Platform Operations Save Operations should emit save failed event when hook throws","status":"passed","title":"should emit save failed event when hook throws","duration":82.7860789999977,"failureMessages":[],"meta":{}},{"ancestorTitles":["GameEngine Platform Operations","Save Operations"],"fullName":"GameEngine Platform Operations Save Operations should emit save failed event when no save hook registered","status":"passed","title":"should emit save failed event when no save hook registered","duration":9.241601000001538,"failureMessages":[],"meta":{}},{"ancestorTitles":["GameEngine Platform Operations","Restore Operations"],"fullName":"GameEngine Platform Operations Restore Operations should process restore requested event and call restore hook","status":"passed","title":"should process restore requested event and call restore hook","duration":3.7152339999884134,"failureMessages":[],"meta":{}},{"ancestorTitles":["GameEngine Platform Operations","Restore Operations"],"fullName":"GameEngine Platform Operations Restore Operations should load save data and emit completion event","status":"passed","title":"should load save data and emit completion event","duration":9.27962899999693,"failureMessages":[],"meta":{}},{"ancestorTitles":["GameEngine Platform Operations","Restore Operations"],"fullName":"GameEngine Platform Operations Restore Operations should emit restore failed event when no save data available","status":"passed","title":"should emit restore failed event when no save data available","duration":6.247342999995453,"failureMessages":[],"meta":{}},{"ancestorTitles":["GameEngine Platform Operations","Quit Operations"],"fullName":"GameEngine Platform Operations Quit Operations should process quit requested event and call quit hook","status":"passed","title":"should process quit requested event and call quit hook","duration":13.550847000005888,"failureMessages":[],"meta":{}},{"ancestorTitles":["GameEngine Platform Operations","Quit Operations"],"fullName":"GameEngine Platform Operations Quit Operations should stop engine and emit confirmation when quit confirmed","status":"passed","title":"should stop engine and emit confirmation when quit confirmed","duration":5.118063000001712,"failureMessages":[],"meta":{}},{"ancestorTitles":["GameEngine Platform Operations","Quit Operations"],"fullName":"GameEngine Platform Operations Quit Operations should emit cancelled event when quit declined","status":"passed","title":"should emit cancelled event when quit declined","duration":4.553523999988101,"failureMessages":[],"meta":{}},{"ancestorTitles":["GameEngine Platform Operations","Quit Operations"],"fullName":"GameEngine Platform Operations Quit Operations should quit by default when no hook registered","status":"passed","title":"should quit by default when no hook registered","duration":10.833610999994562,"failureMessages":[],"meta":{}},{"ancestorTitles":["GameEngine Platform Operations","Restart Operations"],"fullName":"GameEngine Platform Operations Restart Operations should process restart requested event and call restart hook","status":"passed","title":"should process restart requested event and call restart hook","duration":6.330061000000569,"failureMessages":[],"meta":{}},{"ancestorTitles":["GameEngine Platform Operations","Restart Operations"],"fullName":"GameEngine Platform Operations Restart Operations should reinitialize story and emit completion when restart confirmed","status":"passed","title":"should reinitialize story and emit completion when restart confirmed","duration":14.272284000006039,"failureMessages":[],"meta":{}},{"ancestorTitles":["GameEngine Platform Operations","Restart Operations"],"fullName":"GameEngine Platform Operations Restart Operations should emit cancelled event when restart declined","status":"passed","title":"should emit cancelled event when restart declined","duration":18.9574649999995,"failureMessages":[],"meta":{}},{"ancestorTitles":["GameEngine Platform Operations","Multiple Platform Operations"],"fullName":"GameEngine Platform Operations Multiple Platform Operations should process multiple platform operations in order","status":"passed","title":"should process multiple platform operations in order","duration":8.156770999994478,"failureMessages":[],"meta":{}},{"ancestorTitles":["GameEngine Platform Operations","Multiple Platform Operations"],"fullName":"GameEngine Platform Operations Multiple Platform Operations should continue processing even if one operation fails","status":"passed","title":"should continue processing even if one operation fails","duration":7.418833999996423,"failureMessages":[],"meta":{}},{"ancestorTitles":["GameEngine Platform Operations","Event Emission"],"fullName":"GameEngine Platform Operations Event Emission should add completion events to current turn events","status":"passed","title":"should add completion events to current turn events","duration":4.735448000006727,"failureMessages":[],"meta":{}},{"ancestorTitles":["GameEngine Platform Operations","Event Emission"],"fullName":"GameEngine Platform Operations Event Emission should emit events through event source","status":"passed","title":"should emit events through event source","duration":10.008625000002212,"failureMessages":[],"meta":{}}],"startTime":1756786431822,"endTime":1756786432097.0085,"status":"passed","message":"","name":"/mnt/c/repotemp/sharpee/packages/engine/tests/platform-operations.test.ts"},{"assertionResults":[{"ancestorTitles":["Story-Based Testing Verification"],"fullName":"Story-Based Testing Verification should successfully initialize engine with test story and language provider","status":"passed","title":"should successfully initialize engine with test story and language provider","duration":22.968424999999115,"failureMessages":[],"meta":{}},{"ancestorTitles":["Story-Based Testing Verification"],"fullName":"Story-Based Testing Verification should load language provider directly","status":"passed","title":"should load language provider directly","duration":5.234087000004365,"failureMessages":[],"meta":{}}],"startTime":1756786431628,"endTime":1756786431656.2341,"status":"passed","message":"","name":"/mnt/c/repotemp/sharpee/packages/engine/tests/story-testing-verification.test.ts"},{"assertionResults":[{"ancestorTitles":["Story","StoryConfig validation"],"fullName":"Story StoryConfig validation should validate valid story config","status":"passed","title":"should validate valid story config","duration":2.3646289999996952,"failureMessages":[],"meta":{}},{"ancestorTitles":["Story","StoryConfig validation"],"fullName":"Story StoryConfig validation should accept author as array","status":"passed","title":"should accept author as array","duration":0.3582539999997607,"failureMessages":[],"meta":{}},{"ancestorTitles":["Story","StoryConfig validation"],"fullName":"Story StoryConfig validation should validate semantic version","status":"passed","title":"should validate semantic version","duration":0.44126300000061747,"failureMessages":[],"meta":{}},{"ancestorTitles":["Story","StoryConfig validation"],"fullName":"Story StoryConfig validation should reject invalid versions","status":"passed","title":"should reject invalid versions","duration":0.5988239999996949,"failureMessages":[],"meta":{}},{"ancestorTitles":["Story","StoryConfig validation"],"fullName":"Story StoryConfig validation should require all mandatory fields","status":"passed","title":"should require all mandatory fields","duration":0.38256300000011834,"failureMessages":[],"meta":{}},{"ancestorTitles":["Story","Story lifecycle"],"fullName":"Story Story lifecycle should track completion state","status":"passed","title":"should track completion state","duration":0.28877599999941594,"failureMessages":[],"meta":{}}],"startTime":1756786438351,"endTime":1756786438356.2888,"status":"passed","message":"","name":"/mnt/c/repotemp/sharpee/packages/engine/tests/story.test.ts"},{"assertionResults":[{"ancestorTitles":["Types","GameEvent"],"fullName":"Types GameEvent should create valid game event","status":"passed","title":"should create valid game event","duration":2.511963000000833,"failureMessages":[],"meta":{}},{"ancestorTitles":["Types","GameEvent"],"fullName":"Types GameEvent should support optional metadata","status":"passed","title":"should support optional metadata","duration":0.23377999999866006,"failureMessages":[],"meta":{}},{"ancestorTitles":["Types","GameEvent"],"fullName":"Types GameEvent should handle empty data","status":"passed","title":"should handle empty data","duration":0.132448000000295,"failureMessages":[],"meta":{}},{"ancestorTitles":["Types","SequencedEvent"],"fullName":"Types SequencedEvent should extend GameEvent with sequencing data","status":"passed","title":"should extend GameEvent with sequencing data","duration":0.42201999999997497,"failureMessages":[],"meta":{}},{"ancestorTitles":["Types","SequencedEvent"],"fullName":"Types SequencedEvent should support different scopes","status":"passed","title":"should support different scopes","duration":0.2622270000010758,"failureMessages":[],"meta":{}},{"ancestorTitles":["Types","SequencedEvent"],"fullName":"Types SequencedEvent should support optional source","status":"passed","title":"should support optional source","duration":0.1269670000001497,"failureMessages":[],"meta":{}},{"ancestorTitles":["Types","TurnResult"],"fullName":"Types TurnResult should create valid turn result","status":"passed","title":"should create valid turn result","duration":0.21426900000005844,"failureMessages":[],"meta":{}},{"ancestorTitles":["Types","TurnResult"],"fullName":"Types TurnResult should include timing data when provided","status":"passed","title":"should include timing data when provided","duration":0.10404599999856146,"failureMessages":[],"meta":{}},{"ancestorTitles":["Types","TurnResult"],"fullName":"Types TurnResult should include error for failed turns","status":"passed","title":"should include error for failed turns","duration":0.20101700000122946,"failureMessages":[],"meta":{}},{"ancestorTitles":["Types","TurnResult"],"fullName":"Types TurnResult should handle events array","status":"passed","title":"should handle events array","duration":0.8108940000001894,"failureMessages":[],"meta":{}},{"ancestorTitles":["Types","GameContext"],"fullName":"Types GameContext should create valid game context","status":"passed","title":"should create valid game context","duration":0.6956439999994473,"failureMessages":[],"meta":{}},{"ancestorTitles":["Types","GameContext"],"fullName":"Types GameContext should support optional metadata fields","status":"passed","title":"should support optional metadata fields","duration":0.18541999999979453,"failureMessages":[],"meta":{}},{"ancestorTitles":["Types","GameContext"],"fullName":"Types GameContext should maintain turn history","status":"passed","title":"should maintain turn history","duration":0.28676400000040303,"failureMessages":[],"meta":{}},{"ancestorTitles":["Types","EngineConfig"],"fullName":"Types EngineConfig should have default values","status":"passed","title":"should have default values","duration":0.1823549999990064,"failureMessages":[],"meta":{}},{"ancestorTitles":["Types","EngineConfig"],"fullName":"Types EngineConfig should support all configuration options","status":"passed","title":"should support all configuration options","duration":0.823261999999886,"failureMessages":[],"meta":{}},{"ancestorTitles":["Types","EngineConfig"],"fullName":"Types EngineConfig should handle event callback","status":"passed","title":"should handle event callback","duration":0.25710699999945064,"failureMessages":[],"meta":{}},{"ancestorTitles":["Types","GameState"],"fullName":"Types GameState should create valid game state","status":"passed","title":"should create valid game state","duration":0.33303999999952794,"failureMessages":[],"meta":{}},{"ancestorTitles":["Types","GameState"],"fullName":"Types GameState should preserve full context in save state","status":"passed","title":"should preserve full context in save state","duration":0.3760610000008455,"failureMessages":[],"meta":{}},{"ancestorTitles":["Types","TimingData"],"fullName":"Types TimingData should track execution phases","status":"passed","title":"should track execution phases","duration":0.1636400000006688,"failureMessages":[],"meta":{}},{"ancestorTitles":["Types","TimingData"],"fullName":"Types TimingData should support optional custom timings","status":"passed","title":"should support optional custom timings","duration":0.09258900000168069,"failureMessages":[],"meta":{}},{"ancestorTitles":["Types","Type relationships"],"fullName":"Types Type relationships should maintain consistency between types","status":"passed","title":"should maintain consistency between types","duration":0.14493299999958253,"failureMessages":[],"meta":{}},{"ancestorTitles":["Types","Type relationships"],"fullName":"Types Type relationships should allow arrays of events in turn results","status":"passed","title":"should allow arrays of events in turn results","duration":0.2932550000004994,"failureMessages":[],"meta":{}}],"startTime":1756786438492,"endTime":1756786438501.2932,"status":"passed","message":"","name":"/mnt/c/repotemp/sharpee/packages/engine/tests/types.test.ts"},{"assertionResults":[{"ancestorTitles":["Vocabulary Structure Test"],"fullName":"Vocabulary Structure Test should check verb structure from language provider","status":"passed","title":"should check verb structure from language provider","duration":1.5894680000001244,"failureMessages":[],"meta":{}}],"startTime":1756786438083,"endTime":1756786438084.5894,"status":"passed","message":"","name":"/mnt/c/repotemp/sharpee/packages/engine/tests/verb-structure.test.ts"},{"assertionResults":[{"ancestorTitles":["Command History Integration","Command History Tracking"],"fullName":"Command History Integration Command History Tracking should track successful commands in history","status":"passed","title":"should track successful commands in history","duration":24.034290000010515,"failureMessages":[],"meta":{}},{"ancestorTitles":["Command History Integration","Command History Tracking"],"fullName":"Command History Integration Command History Tracking should not track failed commands","status":"skipped","title":"should not track failed commands","failureMessages":[],"meta":{}},{"ancestorTitles":["Command History Integration","Command History Tracking"],"fullName":"Command History Integration Command History Tracking should track multiple commands in order","status":"skipped","title":"should track multiple commands in order","failureMessages":[],"meta":{}},{"ancestorTitles":["Command History Integration","Command History Tracking"],"fullName":"Command History Integration Command History Tracking should track complex commands with objects and prepositions","status":"skipped","title":"should track complex commands with objects and prepositions","failureMessages":[],"meta":{}},{"ancestorTitles":["Command History Integration","Command History Tracking"],"fullName":"Command History Integration Command History Tracking should not track non-repeatable commands","status":"skipped","title":"should not track non-repeatable commands","failureMessages":[],"meta":{}},{"ancestorTitles":["Command History Integration","Command History Tracking"],"fullName":"Command History Integration Command History Tracking should respect maxEntries limit","status":"skipped","title":"should respect maxEntries limit","failureMessages":[],"meta":{}},{"ancestorTitles":["Command History Integration","Command History Tracking"],"fullName":"Command History Integration Command History Tracking should handle AGAIN command by repeating last command","status":"failed","title":"should handle AGAIN command by repeating last command","duration":36.118491000001086,"failureMessages":["AssertionError: expected undefined to be defined\n    at /mnt/c/repotemp/sharpee/packages/engine/tests/integration/command-history.test.ts:135:28\n    at processTicksAndRejections (node:internal/process/task_queues:105:5)\n    at file:///mnt/c/repotemp/sharpee/node_modules/.pnpm/@vitest+runner@3.2.4/node_modules/@vitest/runner/dist/chunk-hooks.js:752:20"],"meta":{}},{"ancestorTitles":["Command History Integration","Command History Tracking"],"fullName":"Command History Integration Command History Tracking should handle AGAIN with no history","status":"skipped","title":"should handle AGAIN with no history","failureMessages":[],"meta":{}},{"ancestorTitles":["Command History Integration","Command History with Capabilities Not Registered"],"fullName":"Command History Integration Command History with Capabilities Not Registered should gracefully handle missing command history capability","status":"skipped","title":"should gracefully handle missing command history capability","failureMessages":[],"meta":{}}],"startTime":1756786431635,"endTime":1756786431695.1184,"status":"failed","message":"","name":"/mnt/c/repotemp/sharpee/packages/engine/tests/integration/command-history.test.ts"},{"assertionResults":[{"ancestorTitles":["Event Handler System (Integration)","Entity-level handlers"],"fullName":"Event Handler System (Integration) Entity-level handlers should allow entities to define event handlers","status":"passed","title":"should allow entities to define event handlers","duration":2.6160520000012184,"failureMessages":[],"meta":{}},{"ancestorTitles":["Event Handler System (Integration)","Entity-level handlers"],"fullName":"Event Handler System (Integration) Entity-level handlers should handle multiple entities with different handlers","status":"passed","title":"should handle multiple entities with different handlers","duration":0.654685999999856,"failureMessages":[],"meta":{}},{"ancestorTitles":["Event Handler System (Integration)","Story-level handlers"],"fullName":"Event Handler System (Integration) Story-level handlers should allow stories to register event handlers","status":"passed","title":"should allow stories to register event handlers","duration":0.366385999999693,"failureMessages":[],"meta":{}},{"ancestorTitles":["Event Handler System (Integration)","Story-level handlers"],"fullName":"Event Handler System (Integration) Story-level handlers should support complex multi-entity interactions","status":"passed","title":"should support complex multi-entity interactions","duration":0.5132580000008602,"failureMessages":[],"meta":{}},{"ancestorTitles":["Event Handler System (Integration)","Handler composition"],"fullName":"Event Handler System (Integration) Handler composition should allow both entity and story handlers to fire","status":"passed","title":"should allow both entity and story handlers to fire","duration":0.7181240000008984,"failureMessages":[],"meta":{}}],"startTime":1756786440152,"endTime":1756786440156.718,"status":"passed","message":"","name":"/mnt/c/repotemp/sharpee/packages/engine/tests/integration/event-handlers.test.ts"},{"assertionResults":[{"ancestorTitles":["Query Event Emission"],"fullName":"Query Event Emission should emit client.query event when quit is executed","status":"passed","title":"should emit client.query event when quit is executed","duration":17.50760199999786,"failureMessages":[],"meta":{}},{"ancestorTitles":["Query Event Emission"],"fullName":"Query Event Emission should emit platform.quit_requested event","status":"passed","title":"should emit platform.quit_requested event","duration":7.794062999993912,"failureMessages":[],"meta":{}},{"ancestorTitles":["Query Event Emission"],"fullName":"Query Event Emission should emit if.event.quit_requested event","status":"passed","title":"should emit if.event.quit_requested event","duration":7.954784999994445,"failureMessages":[],"meta":{}}],"startTime":1756786431676,"endTime":1756786431709.9548,"status":"passed","message":"","name":"/mnt/c/repotemp/sharpee/packages/engine/tests/integration/query-events.test.ts"},{"assertionResults":[{"ancestorTitles":["Query System Integration - MOVED TO PLATFORM LAYER"],"fullName":"Query System Integration - MOVED TO PLATFORM LAYER should emit client.query event when quit action executes","status":"skipped","title":"should emit client.query event when quit action executes","failureMessages":[],"meta":{}},{"ancestorTitles":["Query System Integration - MOVED TO PLATFORM LAYER"],"fullName":"Query System Integration - MOVED TO PLATFORM LAYER should intercept input when query is pending","status":"skipped","title":"should intercept input when query is pending","failureMessages":[],"meta":{}},{"ancestorTitles":["Query System Integration - MOVED TO PLATFORM LAYER"],"fullName":"Query System Integration - MOVED TO PLATFORM LAYER should handle quit cancellation","status":"skipped","title":"should handle quit cancellation","failureMessages":[],"meta":{}},{"ancestorTitles":["Query System Integration - MOVED TO PLATFORM LAYER"],"fullName":"Query System Integration - MOVED TO PLATFORM LAYER should handle invalid query responses","status":"skipped","title":"should handle invalid query responses","failureMessages":[],"meta":{}},{"ancestorTitles":["Query System Integration - MOVED TO PLATFORM LAYER"],"fullName":"Query System Integration - MOVED TO PLATFORM LAYER should allow command interruption when configured","status":"skipped","title":"should allow command interruption when configured","failureMessages":[],"meta":{}}],"startTime":1756786341321,"endTime":1756786341321,"status":"passed","message":"","name":"/mnt/c/repotemp/sharpee/packages/engine/tests/integration/query-system.test.ts"},{"assertionResults":[{"ancestorTitles":["Event Size Analysis"],"fullName":"Event Size Analysis should measure event sizes for common actions","status":"passed","title":"should measure event sizes for common actions","duration":42.91126300000178,"failureMessages":[],"meta":{}},{"ancestorTitles":["Event Size Analysis"],"fullName":"Event Size Analysis should compare snapshot vs reference sizes","status":"passed","title":"should compare snapshot vs reference sizes","duration":14.09785199999169,"failureMessages":[],"meta":{}},{"ancestorTitles":["Event Size Analysis"],"fullName":"Event Size Analysis should analyze memory usage patterns","status":"passed","title":"should analyze memory usage patterns","duration":36.28265300000203,"failureMessages":[],"meta":{}}],"startTime":1756786431643,"endTime":1756786431736.2827,"status":"passed","message":"","name":"/mnt/c/repotemp/sharpee/packages/engine/tests/performance/event-size-analysis.test.ts"},{"assertionResults":[{"ancestorTitles":["EventEmitter","on()"],"fullName":"EventEmitter on() should register a handler for an event type","status":"passed","title":"should register a handler for an event type","duration":2.217635999999402,"failureMessages":[],"meta":{}},{"ancestorTitles":["EventEmitter","on()"],"fullName":"EventEmitter on() should allow multiple handlers for the same event","status":"passed","title":"should allow multiple handlers for the same event","duration":0.30678900000020803,"failureMessages":[],"meta":{}},{"ancestorTitles":["EventEmitter","off()"],"fullName":"EventEmitter off() should remove a specific handler","status":"passed","title":"should remove a specific handler","duration":0.18026000000008935,"failureMessages":[],"meta":{}},{"ancestorTitles":["EventEmitter","off()"],"fullName":"EventEmitter off() should handle removing non-existent handler gracefully","status":"passed","title":"should handle removing non-existent handler gracefully","duration":0.6847860000007131,"failureMessages":[],"meta":{}},{"ancestorTitles":["EventEmitter","emit()"],"fullName":"EventEmitter emit() should call all registered handlers","status":"passed","title":"should call all registered handlers","duration":0.34124399999927846,"failureMessages":[],"meta":{}},{"ancestorTitles":["EventEmitter","emit()"],"fullName":"EventEmitter emit() should collect semantic events from handlers","status":"passed","title":"should collect semantic events from handlers","duration":0.9445940000005066,"failureMessages":[],"meta":{}},{"ancestorTitles":["EventEmitter","emit()"],"fullName":"EventEmitter emit() should handle handlers that return void","status":"passed","title":"should handle handlers that return void","duration":0.27055899999959365,"failureMessages":[],"meta":{}},{"ancestorTitles":["EventEmitter","clear()"],"fullName":"EventEmitter clear() should clear all handlers for a specific event type","status":"passed","title":"should clear all handlers for a specific event type","duration":0.20092699999986507,"failureMessages":[],"meta":{}},{"ancestorTitles":["EventEmitter","clear()"],"fullName":"EventEmitter clear() should clear all handlers when no event type specified","status":"passed","title":"should clear all handlers when no event type specified","duration":0.2589939999998023,"failureMessages":[],"meta":{}},{"ancestorTitles":["EventEmitter","listenerCount()"],"fullName":"EventEmitter listenerCount() should return 0 for unregistered events","status":"passed","title":"should return 0 for unregistered events","duration":0.1183919999994032,"failureMessages":[],"meta":{}},{"ancestorTitles":["EventEmitter","listenerCount()"],"fullName":"EventEmitter listenerCount() should return correct count for registered events","status":"passed","title":"should return correct count for registered events","duration":0.1287800000000061,"failureMessages":[],"meta":{}}],"startTime":1756786438144,"endTime":1756786438150.1287,"status":"passed","message":"","name":"/mnt/c/repotemp/sharpee/packages/engine/tests/unit/events/event-emitter.test.ts"}]}