{"numTotalTestSuites":109,"numPassedTestSuites":109,"numFailedTestSuites":0,"numPendingTestSuites":0,"numTotalTests":209,"numPassedTests":181,"numFailedTests":0,"numPendingTests":28,"numTodoTests":0,"snapshot":{"added":0,"failure":false,"filesAdded":0,"filesRemoved":0,"filesRemovedList":[],"filesUnmatched":0,"filesUpdated":0,"matched":0,"total":0,"unchecked":0,"uncheckedKeysByFile":[],"unmatched":0,"updated":0,"didUpdate":false},"startTime":1756244924455,"success":true,"testResults":[{"assertionResults":[{"ancestorTitles":["CommandExecutor","initialization"],"fullName":"CommandExecutor initialization should create executor with all dependencies","status":"passed","title":"should create executor with all dependencies","duration":11.781302000003052,"failureMessages":[],"meta":{}},{"ancestorTitles":["CommandExecutor","initialization"],"fullName":"CommandExecutor initialization should create executor using factory function","status":"passed","title":"should create executor using factory function","duration":3.3819970000040485,"failureMessages":[],"meta":{}},{"ancestorTitles":["CommandExecutor","command execution"],"fullName":"CommandExecutor command execution should execute a valid command","status":"passed","title":"should execute a valid command","duration":7.618063000001712,"failureMessages":[],"meta":{}},{"ancestorTitles":["CommandExecutor","command execution"],"fullName":"CommandExecutor command execution should include timing data when configured","status":"passed","title":"should include timing data when configured","duration":5.2312610000008135,"failureMessages":[],"meta":{}},{"ancestorTitles":["CommandExecutor","command execution"],"fullName":"CommandExecutor command execution should handle unknown commands","status":"passed","title":"should handle unknown commands","duration":4.930762000003597,"failureMessages":[],"meta":{}},{"ancestorTitles":["CommandExecutor","command execution"],"fullName":"CommandExecutor command execution should handle empty input","status":"passed","title":"should handle empty input","duration":3.7180010000010952,"failureMessages":[],"meta":{}},{"ancestorTitles":["CommandExecutor","command execution"],"fullName":"CommandExecutor command execution should handle whitespace-only input","status":"passed","title":"should handle whitespace-only input","duration":2.0407199999972363,"failureMessages":[],"meta":{}},{"ancestorTitles":["CommandExecutor","command execution"],"fullName":"CommandExecutor command execution should pass context to actions","status":"passed","title":"should pass context to actions","duration":3.9259579999998095,"failureMessages":[],"meta":{}},{"ancestorTitles":["CommandExecutor","command execution"],"fullName":"CommandExecutor command execution should handle action execution errors","status":"passed","title":"should handle action execution errors","duration":7.632869000000937,"failureMessages":[],"meta":{}},{"ancestorTitles":["CommandExecutor","command execution"],"fullName":"CommandExecutor command execution should handle sync and async actions","status":"passed","title":"should handle sync and async actions","duration":2.6848190000018803,"failureMessages":[],"meta":{}},{"ancestorTitles":["CommandExecutor","command parsing"],"fullName":"CommandExecutor command parsing should parse commands using language provider","status":"passed","title":"should parse commands using language provider","duration":3.40454999999929,"failureMessages":[],"meta":{}},{"ancestorTitles":["CommandExecutor","command parsing"],"fullName":"CommandExecutor command parsing should normalize input","status":"passed","title":"should normalize input","duration":5.323682000002009,"failureMessages":[],"meta":{}},{"ancestorTitles":["CommandExecutor","event generation"],"fullName":"CommandExecutor event generation should include action-generated events","status":"passed","title":"should include action-generated events","duration":6.179500999998709,"failureMessages":[],"meta":{}},{"ancestorTitles":["CommandExecutor","event generation"],"fullName":"CommandExecutor event generation should sequence events properly","status":"passed","title":"should sequence events properly","duration":3.767308000002231,"failureMessages":[],"meta":{}},{"ancestorTitles":["CommandExecutor","event generation"],"fullName":"CommandExecutor event generation should add turn metadata to events","status":"passed","title":"should add turn metadata to events","duration":5.180349999995087,"failureMessages":[],"meta":{}},{"ancestorTitles":["CommandExecutor","error handling"],"fullName":"CommandExecutor error handling should handle missing action registry","status":"passed","title":"should handle missing action registry","duration":4.556979000000865,"failureMessages":[],"meta":{}},{"ancestorTitles":["CommandExecutor","error handling"],"fullName":"CommandExecutor error handling should handle missing parser","status":"passed","title":"should handle missing parser","duration":1.9990520000064862,"failureMessages":[],"meta":{}},{"ancestorTitles":["CommandExecutor","error handling"],"fullName":"CommandExecutor error handling should handle missing language provider","status":"skipped","title":"should handle missing language provider","failureMessages":[],"meta":{}},{"ancestorTitles":["CommandExecutor","error handling"],"fullName":"CommandExecutor error handling should create error event for failed commands","status":"passed","title":"should create error event for failed commands","duration":2.8587140000017826,"failureMessages":[],"meta":{}},{"ancestorTitles":["CommandExecutor","integration with story actions"],"fullName":"CommandExecutor integration with story actions should execute story-defined actions","status":"passed","title":"should execute story-defined actions","duration":6.100979000002553,"failureMessages":[],"meta":{}},{"ancestorTitles":["CommandExecutor","integration with story actions"],"fullName":"CommandExecutor integration with story actions should handle story action with arguments","status":"passed","title":"should handle story action with arguments","duration":2.0084160000042175,"failureMessages":[],"meta":{}},{"ancestorTitles":["CommandExecutor","integration with story actions"],"fullName":"CommandExecutor integration with story actions should handle failing story action","status":"passed","title":"should handle failing story action","duration":2.0451969999994617,"failureMessages":[],"meta":{}},{"ancestorTitles":["CommandExecutor","integration with standard actions"],"fullName":"CommandExecutor integration with standard actions should execute standard actions","status":"passed","title":"should execute standard actions","duration":2.2452069999999367,"failureMessages":[],"meta":{}},{"ancestorTitles":["CommandExecutor","integration with standard actions"],"fullName":"CommandExecutor integration with standard actions should handle action aliases","status":"passed","title":"should handle action aliases","duration":2.732293999993999,"failureMessages":[],"meta":{}},{"ancestorTitles":["CommandExecutor","performance"],"fullName":"CommandExecutor performance should execute commands quickly","status":"passed","title":"should execute commands quickly","duration":2.6804140000022016,"failureMessages":[],"meta":{}},{"ancestorTitles":["CommandExecutor","performance"],"fullName":"CommandExecutor performance should handle many sequential commands","status":"passed","title":"should handle many sequential commands","duration":4.573726999995415,"failureMessages":[],"meta":{}}],"startTime":1756244984271,"endTime":1756244984381.5737,"status":"passed","message":"","name":"/mnt/c/repotemp/sharpee/packages/engine/tests/command-executor.test.ts"},{"assertionResults":[{"ancestorTitles":["Debug XYZZY Test"],"fullName":"Debug XYZZY Test should not track xyzzy in command history but should emit events","status":"passed","title":"should not track xyzzy in command history but should emit events","duration":20.460634000002756,"failureMessages":[],"meta":{}},{"ancestorTitles":["Debug XYZZY Test"],"fullName":"Debug XYZZY Test should track successful commands in history and emit events","status":"passed","title":"should track successful commands in history and emit events","duration":13.31998300000123,"failureMessages":[],"meta":{}}],"startTime":1756244983854,"endTime":1756244983888.32,"status":"passed","message":"","name":"/mnt/c/repotemp/sharpee/packages/engine/tests/debug-xyzzy.test.ts"},{"assertionResults":[{"ancestorTitles":["EventSequencer","sequence generation"],"fullName":"EventSequencer sequence generation should generate unique sequence numbers","status":"passed","title":"should generate unique sequence numbers","duration":2.1566279999988183,"failureMessages":[],"meta":{}},{"ancestorTitles":["EventSequencer","sequence generation"],"fullName":"EventSequencer sequence generation should generate monotonically increasing sequences","status":"passed","title":"should generate monotonically increasing sequences","duration":2.594450999999026,"failureMessages":[],"meta":{}},{"ancestorTitles":["EventSequencer","sequence generation"],"fullName":"EventSequencer sequence generation should handle rapid sequence generation","status":"passed","title":"should handle rapid sequence generation","duration":2.5722920000007434,"failureMessages":[],"meta":{}},{"ancestorTitles":["EventSequencer","event sequencing"],"fullName":"EventSequencer event sequencing should sequence a single event","status":"passed","title":"should sequence a single event","duration":1.3129939999998896,"failureMessages":[],"meta":{}},{"ancestorTitles":["EventSequencer","event sequencing"],"fullName":"EventSequencer event sequencing should sequence multiple events","status":"passed","title":"should sequence multiple events","duration":1.8158050000001822,"failureMessages":[],"meta":{}},{"ancestorTitles":["EventSequencer","event sequencing"],"fullName":"EventSequencer event sequencing should add default metadata","status":"passed","title":"should add default metadata","duration":0.2364479999996547,"failureMessages":[],"meta":{}},{"ancestorTitles":["EventSequencer","event sequencing"],"fullName":"EventSequencer event sequencing should preserve optional metadata","status":"passed","title":"should preserve optional metadata","duration":0.996766000000207,"failureMessages":[],"meta":{}},{"ancestorTitles":["EventSequencer","event sequencing"],"fullName":"EventSequencer event sequencing should handle empty event arrays","status":"passed","title":"should handle empty event arrays","duration":0.21101000000089698,"failureMessages":[],"meta":{}},{"ancestorTitles":["EventSequencer","EventSequenceUtils","sorting"],"fullName":"EventSequencer EventSequenceUtils sorting should sort events by sequence number","status":"passed","title":"should sort events by sequence number","duration":0.4775950000002922,"failureMessages":[],"meta":{}},{"ancestorTitles":["EventSequencer","EventSequenceUtils","sorting"],"fullName":"EventSequencer EventSequenceUtils sorting should not modify original array","status":"passed","title":"should not modify original array","duration":0.4562079999996058,"failureMessages":[],"meta":{}},{"ancestorTitles":["EventSequencer","EventSequenceUtils","sorting"],"fullName":"EventSequencer EventSequenceUtils sorting should handle empty arrays","status":"passed","title":"should handle empty arrays","duration":0.1910920000009355,"failureMessages":[],"meta":{}},{"ancestorTitles":["EventSequencer","EventSequenceUtils","sorting"],"fullName":"EventSequencer EventSequenceUtils sorting should handle single element arrays","status":"passed","title":"should handle single element arrays","duration":0.22368999999889638,"failureMessages":[],"meta":{}},{"ancestorTitles":["EventSequencer","EventSequenceUtils","filtering"],"fullName":"EventSequencer EventSequenceUtils filtering should filter events by type","status":"passed","title":"should filter events by type","duration":0.33827999999994063,"failureMessages":[],"meta":{}},{"ancestorTitles":["EventSequencer","EventSequenceUtils","filtering"],"fullName":"EventSequencer EventSequenceUtils filtering should filter events by turn","status":"passed","title":"should filter events by turn","duration":0.41742599999997765,"failureMessages":[],"meta":{}},{"ancestorTitles":["EventSequencer","EventSequenceUtils","filtering"],"fullName":"EventSequencer EventSequenceUtils filtering should filter events by scope","status":"passed","title":"should filter events by scope","duration":0.9169760000004317,"failureMessages":[],"meta":{}},{"ancestorTitles":["EventSequencer","EventSequenceUtils","filtering"],"fullName":"EventSequencer EventSequenceUtils filtering should handle filtering with no matches","status":"passed","title":"should handle filtering with no matches","duration":0.3368899999986752,"failureMessages":[],"meta":{}},{"ancestorTitles":["EventSequencer","EventSequenceUtils","grouping"],"fullName":"EventSequencer EventSequenceUtils grouping should group events by type","status":"passed","title":"should group events by type","duration":0.5011150000009366,"failureMessages":[],"meta":{}},{"ancestorTitles":["EventSequencer","EventSequenceUtils","grouping"],"fullName":"EventSequencer EventSequenceUtils grouping should group events by turn","status":"passed","title":"should group events by turn","duration":0.6224579999998241,"failureMessages":[],"meta":{}},{"ancestorTitles":["EventSequencer","EventSequenceUtils","grouping"],"fullName":"EventSequencer EventSequenceUtils grouping should handle empty arrays when grouping","status":"passed","title":"should handle empty arrays when grouping","duration":0.15419900000051712,"failureMessages":[],"meta":{}},{"ancestorTitles":["EventSequencer","EventSequenceUtils","utility functions"],"fullName":"EventSequencer EventSequenceUtils utility functions should get latest event by type","status":"passed","title":"should get latest event by type","duration":0.28153500000007625,"failureMessages":[],"meta":{}},{"ancestorTitles":["EventSequencer","EventSequenceUtils","utility functions"],"fullName":"EventSequencer EventSequenceUtils utility functions should return undefined for non-existent type","status":"passed","title":"should return undefined for non-existent type","duration":0.13315800000054878,"failureMessages":[],"meta":{}},{"ancestorTitles":["EventSequencer","EventSequenceUtils","utility functions"],"fullName":"EventSequencer EventSequenceUtils utility functions should count events by type","status":"passed","title":"should count events by type","duration":0.19304700000066077,"failureMessages":[],"meta":{}},{"ancestorTitles":["EventSequencer","EventSequenceUtils","utility functions"],"fullName":"EventSequencer EventSequenceUtils utility functions should handle empty arrays in utility functions","status":"passed","title":"should handle empty arrays in utility functions","duration":0.15274300000055518,"failureMessages":[],"meta":{}},{"ancestorTitles":["EventSequencer","EventSequenceUtils","event range queries"],"fullName":"EventSequencer EventSequenceUtils event range queries should get events in sequence range","status":"passed","title":"should get events in sequence range","duration":0.24907799999891722,"failureMessages":[],"meta":{}},{"ancestorTitles":["EventSequencer","EventSequenceUtils","event range queries"],"fullName":"EventSequencer EventSequenceUtils event range queries should handle exclusive ranges","status":"passed","title":"should handle exclusive ranges","duration":0.17825799999991432,"failureMessages":[],"meta":{}},{"ancestorTitles":["EventSequencer","EventSequenceUtils","event range queries"],"fullName":"EventSequencer EventSequenceUtils event range queries should handle ranges with no events","status":"passed","title":"should handle ranges with no events","duration":0.1108089999997901,"failureMessages":[],"meta":{}},{"ancestorTitles":["EventSequencer","edge cases"],"fullName":"EventSequencer edge cases should handle events with same timestamp but different sequences","status":"passed","title":"should handle events with same timestamp but different sequences","duration":0.15399799999977404,"failureMessages":[],"meta":{}},{"ancestorTitles":["EventSequencer","edge cases"],"fullName":"EventSequencer edge cases should handle very large sequence numbers","status":"passed","title":"should handle very large sequence numbers","duration":0.10735899999963294,"failureMessages":[],"meta":{}}],"startTime":1756244984638,"endTime":1756244984658.1782,"status":"passed","message":"","name":"/mnt/c/repotemp/sharpee/packages/engine/tests/event-sequencer.test.ts"},{"assertionResults":[{"ancestorTitles":["GameEngine Language Management (DEPRECATED)","setLanguage()"],"fullName":"GameEngine Language Management (DEPRECATED) setLanguage() should load language provider and parser dynamically","status":"skipped","title":"should load language provider and parser dynamically","failureMessages":[],"meta":{}},{"ancestorTitles":["GameEngine Language Management (DEPRECATED)","setLanguage()"],"fullName":"GameEngine Language Management (DEPRECATED) setLanguage() should handle different parser export patterns","status":"skipped","title":"should handle different parser export patterns","failureMessages":[],"meta":{}},{"ancestorTitles":["GameEngine Language Management (DEPRECATED)","setLanguage()"],"fullName":"GameEngine Language Management (DEPRECATED) setLanguage() should throw error if language code is not provided","status":"skipped","title":"should throw error if language code is not provided","failureMessages":[],"meta":{}},{"ancestorTitles":["GameEngine Language Management (DEPRECATED)","setLanguage()"],"fullName":"GameEngine Language Management (DEPRECATED) setLanguage() should throw error if parser package is not found","status":"skipped","title":"should throw error if parser package is not found","failureMessages":[],"meta":{}},{"ancestorTitles":["GameEngine Language Management (DEPRECATED)","setLanguage()"],"fullName":"GameEngine Language Management (DEPRECATED) setLanguage() should throw error if parser class is not found in package","status":"skipped","title":"should throw error if parser class is not found in package","failureMessages":[],"meta":{}},{"ancestorTitles":["GameEngine Language Management (DEPRECATED)","setLanguage()"],"fullName":"GameEngine Language Management (DEPRECATED) setLanguage() should register parser with ParserFactory","status":"skipped","title":"should register parser with ParserFactory","failureMessages":[],"meta":{}},{"ancestorTitles":["GameEngine Language Management (DEPRECATED)","Story integration"],"fullName":"GameEngine Language Management (DEPRECATED) Story integration should use language from story config when setting story","status":"skipped","title":"should use language from story config when setting story","failureMessages":[],"meta":{}},{"ancestorTitles":["GameEngine Language Management (DEPRECATED)","Getters"],"fullName":"GameEngine Language Management (DEPRECATED) Getters should return undefined when no language is set","status":"skipped","title":"should return undefined when no language is set","failureMessages":[],"meta":{}},{"ancestorTitles":["GameEngine Language Management (DEPRECATED)","Getters"],"fullName":"GameEngine Language Management (DEPRECATED) Getters should return parser and language provider after setting language","status":"skipped","title":"should return parser and language provider after setting language","failureMessages":[],"meta":{}},{"ancestorTitles":["GameEngine Static Language Configuration"],"fullName":"GameEngine Static Language Configuration should accept language provider and parser via constructor","status":"passed","title":"should accept language provider and parser via constructor","duration":0.9794890000002852,"failureMessages":[],"meta":{}},{"ancestorTitles":["GameEngine Static Language Configuration"],"fullName":"GameEngine Static Language Configuration should have language provider accessible after construction","status":"passed","title":"should have language provider accessible after construction","duration":0.21708599999965372,"failureMessages":[],"meta":{}},{"ancestorTitles":["GameEngine Static Language Configuration"],"fullName":"GameEngine Static Language Configuration should have parser accessible after construction","status":"passed","title":"should have parser accessible after construction","duration":0.11040499999944586,"failureMessages":[],"meta":{}}],"startTime":1756244990597,"endTime":1756244990598.217,"status":"passed","message":"","name":"/mnt/c/repotemp/sharpee/packages/engine/tests/game-engine-language.test.ts"},{"assertionResults":[{"ancestorTitles":["GameEngine","initialization"],"fullName":"GameEngine initialization should create an engine with standard setup","status":"passed","title":"should create an engine with standard setup","duration":14.557176000002073,"failureMessages":[],"meta":{}},{"ancestorTitles":["GameEngine","initialization"],"fullName":"GameEngine initialization should initialize with default config","status":"passed","title":"should initialize with default config","duration":9.149664999997185,"failureMessages":[],"meta":{}},{"ancestorTitles":["GameEngine","initialization"],"fullName":"GameEngine initialization should accept custom config","status":"passed","title":"should accept custom config","duration":7.090411999997741,"failureMessages":[],"meta":{}},{"ancestorTitles":["GameEngine","story management"],"fullName":"GameEngine story management should set story and initialize components","status":"passed","title":"should set story and initialize components","duration":12.730105000002368,"failureMessages":[],"meta":{}},{"ancestorTitles":["GameEngine","story management"],"fullName":"GameEngine story management should properly initialize world with story","status":"passed","title":"should properly initialize world with story","duration":3.365829999995185,"failureMessages":[],"meta":{}},{"ancestorTitles":["GameEngine","story management"],"fullName":"GameEngine story management should handle story initialization errors gracefully","status":"passed","title":"should handle story initialization errors gracefully","duration":8.62842300000193,"failureMessages":[],"meta":{}},{"ancestorTitles":["GameEngine","engine lifecycle"],"fullName":"GameEngine engine lifecycle should start and stop correctly","status":"passed","title":"should start and stop correctly","duration":2.897854000002553,"failureMessages":[],"meta":{}},{"ancestorTitles":["GameEngine","engine lifecycle"],"fullName":"GameEngine engine lifecycle should throw if already running","status":"passed","title":"should throw if already running","duration":4.879208999998809,"failureMessages":[],"meta":{}},{"ancestorTitles":["GameEngine","engine lifecycle"],"fullName":"GameEngine engine lifecycle should throw if executing turn when not running","status":"passed","title":"should throw if executing turn when not running","duration":5.519077000004472,"failureMessages":[],"meta":{}},{"ancestorTitles":["GameEngine","engine lifecycle"],"fullName":"GameEngine engine lifecycle should start without a story if dependencies are provided","status":"passed","title":"should start without a story if dependencies are provided","duration":8.550092000004952,"failureMessages":[],"meta":{}},{"ancestorTitles":["GameEngine","turn execution"],"fullName":"GameEngine turn execution should execute a basic turn","status":"passed","title":"should execute a basic turn","duration":16.193959000003815,"failureMessages":[],"meta":{}},{"ancestorTitles":["GameEngine","turn execution"],"fullName":"GameEngine turn execution should update context after turn","status":"passed","title":"should update context after turn","duration":10.050109999996494,"failureMessages":[],"meta":{}},{"ancestorTitles":["GameEngine","turn execution"],"fullName":"GameEngine turn execution should emit turn events","status":"passed","title":"should emit turn events","duration":7.190619000000879,"failureMessages":[],"meta":{}},{"ancestorTitles":["GameEngine","turn execution"],"fullName":"GameEngine turn execution should handle turn execution errors","status":"passed","title":"should handle turn execution errors","duration":3.5514970000003814,"failureMessages":[],"meta":{}},{"ancestorTitles":["GameEngine","turn execution"],"fullName":"GameEngine turn execution should respect max history limit","status":"passed","title":"should respect max history limit","duration":25.31487599999673,"failureMessages":[],"meta":{}},{"ancestorTitles":["GameEngine","turn execution"],"fullName":"GameEngine turn execution should process text output","status":"passed","title":"should process text output","duration":10.269609000002674,"failureMessages":[],"meta":{}},{"ancestorTitles":["GameEngine","game state management"],"fullName":"GameEngine game state management should save current state","status":"passed","title":"should save current state","duration":3.219729999997071,"failureMessages":[],"meta":{}},{"ancestorTitles":["GameEngine","game state management"],"fullName":"GameEngine game state management should load saved state","status":"passed","title":"should load saved state","duration":8.681333999993512,"failureMessages":[],"meta":{}},{"ancestorTitles":["GameEngine","game state management"],"fullName":"GameEngine game state management should reject incompatible save versions","status":"passed","title":"should reject incompatible save versions","duration":4.376496999997471,"failureMessages":[],"meta":{}},{"ancestorTitles":["GameEngine","vocabulary management"],"fullName":"GameEngine vocabulary management should update vocabulary for entities in scope","status":"passed","title":"should update vocabulary for entities in scope","duration":2.7276200000051176,"failureMessages":[],"meta":{}},{"ancestorTitles":["GameEngine","vocabulary management"],"fullName":"GameEngine vocabulary management should mark entities correctly as in/out of scope","status":"passed","title":"should mark entities correctly as in/out of scope","duration":3.735452000000805,"failureMessages":[],"meta":{}},{"ancestorTitles":["GameEngine","event handling"],"fullName":"GameEngine event handling should emit events during turn execution","status":"passed","title":"should emit events during turn execution","duration":5.491411999995762,"failureMessages":[],"meta":{}},{"ancestorTitles":["GameEngine","event handling"],"fullName":"GameEngine event handling should call onEvent config callback","status":"passed","title":"should call onEvent config callback","duration":7.0545360000032815,"failureMessages":[],"meta":{}},{"ancestorTitles":["GameEngine","event handling"],"fullName":"GameEngine event handling should get recent events","status":"passed","title":"should get recent events","duration":3.3019990000029793,"failureMessages":[],"meta":{}},{"ancestorTitles":["GameEngine","text service"],"fullName":"GameEngine text service should have text service configured","status":"passed","title":"should have text service configured","duration":7.111455000005662,"failureMessages":[],"meta":{}}],"startTime":1756244983916,"endTime":1756244984114.1116,"status":"passed","message":"","name":"/mnt/c/repotemp/sharpee/packages/engine/tests/game-engine.test.ts"},{"assertionResults":[{"ancestorTitles":["Historical Accuracy - Atomic Events","Event Data Completeness"],"fullName":"Historical Accuracy - Atomic Events Event Data Completeness should include complete entity snapshots in action events","status":"passed","title":"should include complete entity snapshots in action events","duration":30.433410000005097,"failureMessages":[],"meta":{}},{"ancestorTitles":["Historical Accuracy - Atomic Events","Event Data Completeness"],"fullName":"Historical Accuracy - Atomic Events Event Data Completeness should include room snapshots in movement events","status":"skipped","title":"should include room snapshots in movement events","failureMessages":[],"meta":{}},{"ancestorTitles":["Historical Accuracy - Atomic Events","Event Data Completeness"],"fullName":"Historical Accuracy - Atomic Events Event Data Completeness should include container contents in opening events","status":"passed","title":"should include container contents in opening events","duration":8.561061000000336,"failureMessages":[],"meta":{}},{"ancestorTitles":["Historical Accuracy - Atomic Events","Event Replay Without World Model"],"fullName":"Historical Accuracy - Atomic Events Event Replay Without World Model should be able to reconstruct game state from events alone","status":"passed","title":"should be able to reconstruct game state from events alone","duration":16.454179000000295,"failureMessages":[],"meta":{}},{"ancestorTitles":["Historical Accuracy - Atomic Events","Event Replay Without World Model"],"fullName":"Historical Accuracy - Atomic Events Event Replay Without World Model should preserve entity state at time of event","status":"passed","title":"should preserve entity state at time of event","duration":10.839713000001211,"failureMessages":[],"meta":{}},{"ancestorTitles":["Historical Accuracy - Atomic Events","Event Enrichment"],"fullName":"Historical Accuracy - Atomic Events Event Enrichment should include turn number in event data","status":"passed","title":"should include turn number in event data","duration":5.925216999996337,"failureMessages":[],"meta":{}},{"ancestorTitles":["Historical Accuracy - Atomic Events","Event Enrichment"],"fullName":"Historical Accuracy - Atomic Events Event Enrichment should include actor and location in enriched events","status":"skipped","title":"should include actor and location in enriched events","failureMessages":[],"meta":{}},{"ancestorTitles":["Historical Accuracy - Atomic Events","Event Enrichment"],"fullName":"Historical Accuracy - Atomic Events Event Enrichment should normalize event types to lowercase with dots","status":"passed","title":"should normalize event types to lowercase with dots","duration":3.7499279999974533,"failureMessages":[],"meta":{}},{"ancestorTitles":["Historical Accuracy - Atomic Events","Function Serialization"],"fullName":"Historical Accuracy - Atomic Events Function Serialization should handle functions in event data during save/load","status":"skipped","title":"should handle functions in event data during save/load","failureMessages":[],"meta":{}}],"startTime":1756244983868,"endTime":1756244983944.75,"status":"passed","message":"","name":"/mnt/c/repotemp/sharpee/packages/engine/tests/historical-accuracy.test.ts"},{"assertionResults":[{"ancestorTitles":["Engine Integration Tests","Full game flow"],"fullName":"Engine Integration Tests Full game flow should complete a full game session","status":"passed","title":"should complete a full game session","duration":26.89949699999852,"failureMessages":[],"meta":{}},{"ancestorTitles":["Engine Integration Tests","Full game flow"],"fullName":"Engine Integration Tests Full game flow should handle save and restore","status":"passed","title":"should handle save and restore","duration":17.946498999997857,"failureMessages":[],"meta":{}},{"ancestorTitles":["Engine Integration Tests","Full game flow"],"fullName":"Engine Integration Tests Full game flow should handle game completion","status":"skipped","title":"should handle game completion","failureMessages":[],"meta":{}},{"ancestorTitles":["Engine Integration Tests","Error scenarios"],"fullName":"Engine Integration Tests Error scenarios should handle malformed input gracefully","status":"passed","title":"should handle malformed input gracefully","duration":8.054125000002387,"failureMessages":[],"meta":{}},{"ancestorTitles":["Engine Integration Tests","Error scenarios"],"fullName":"Engine Integration Tests Error scenarios should recover from action errors","status":"passed","title":"should recover from action errors","duration":4.663754000001063,"failureMessages":[],"meta":{}},{"ancestorTitles":["Engine Integration Tests","Performance"],"fullName":"Engine Integration Tests Performance should handle rapid turn execution","status":"passed","title":"should handle rapid turn execution","duration":14.09830299999885,"failureMessages":[],"meta":{}},{"ancestorTitles":["Engine Integration Tests","Event flow"],"fullName":"Engine Integration Tests Event flow should maintain event ordering","status":"passed","title":"should maintain event ordering","duration":5.644018999999389,"failureMessages":[],"meta":{}},{"ancestorTitles":["Engine Integration Tests","Text output integration"],"fullName":"Engine Integration Tests Text output integration should format complex game output","status":"passed","title":"should format complex game output","duration":6.9273620000021765,"failureMessages":[],"meta":{}},{"ancestorTitles":["Engine Integration Tests","Vocabulary integration"],"fullName":"Engine Integration Tests Vocabulary integration should update vocabulary as player moves","status":"passed","title":"should update vocabulary as player moves","duration":5.942383000001428,"failureMessages":[],"meta":{}},{"ancestorTitles":["Engine Integration Tests","Standard engine setup"],"fullName":"Engine Integration Tests Standard engine setup should create functional standard engine","status":"passed","title":"should create functional standard engine","duration":5.585273999997298,"failureMessages":[],"meta":{}},{"ancestorTitles":["Engine Integration Tests","Complex world navigation"],"fullName":"Engine Integration Tests Complex world navigation should handle multi-room world with objects","status":"passed","title":"should handle multi-room world with objects","duration":5.137462999999116,"failureMessages":[],"meta":{}},{"ancestorTitles":["Engine Integration Tests","Turn-based completion"],"fullName":"Engine Integration Tests Turn-based completion should complete game after turn limit","status":"skipped","title":"should complete game after turn limit","failureMessages":[],"meta":{}},{"ancestorTitles":["Engine Integration Tests","Turn-based completion"],"fullName":"Engine Integration Tests Turn-based completion should complete game on score threshold","status":"skipped","title":"should complete game on score threshold","failureMessages":[],"meta":{}}],"startTime":1756244984045,"endTime":1756244984148.1375,"status":"passed","message":"","name":"/mnt/c/repotemp/sharpee/packages/engine/tests/integration.test.ts"},{"assertionResults":[{"ancestorTitles":["Parser Extension Methods","Parser extensions"],"fullName":"Parser Extension Methods Parser extensions should add custom verbs","status":"passed","title":"should add custom verbs","duration":6.988798999998835,"failureMessages":[],"meta":{}},{"ancestorTitles":["Parser Extension Methods","Parser extensions"],"fullName":"Parser Extension Methods Parser extensions should add custom prepositions","status":"passed","title":"should add custom prepositions","duration":3.6436239999966347,"failureMessages":[],"meta":{}},{"ancestorTitles":["Parser Extension Methods","Parser extensions"],"fullName":"Parser Extension Methods Parser extensions should handle addNoun method (placeholder)","status":"passed","title":"should handle addNoun method (placeholder)","duration":2.519344000000274,"failureMessages":[],"meta":{}},{"ancestorTitles":["Parser Extension Methods","Parser extensions"],"fullName":"Parser Extension Methods Parser extensions should handle addAdjective method (placeholder)","status":"passed","title":"should handle addAdjective method (placeholder)","duration":5.10417900000175,"failureMessages":[],"meta":{}},{"ancestorTitles":["Parser Extension Methods","Language Provider extensions"],"fullName":"Parser Extension Methods Language Provider extensions should add custom messages","status":"passed","title":"should add custom messages","duration":5.193444999997155,"failureMessages":[],"meta":{}},{"ancestorTitles":["Parser Extension Methods","Language Provider extensions"],"fullName":"Parser Extension Methods Language Provider extensions should add action help","status":"passed","title":"should add action help","duration":1.7163550000041141,"failureMessages":[],"meta":{}},{"ancestorTitles":["Parser Extension Methods","Language Provider extensions"],"fullName":"Parser Extension Methods Language Provider extensions should add action patterns","status":"passed","title":"should add action patterns","duration":2.459718000005523,"failureMessages":[],"meta":{}},{"ancestorTitles":["Parser Extension Methods","Language Provider extensions"],"fullName":"Parser Extension Methods Language Provider extensions should merge patterns with existing actions","status":"passed","title":"should merge patterns with existing actions","duration":1.7424129999999423,"failureMessages":[],"meta":{}}],"startTime":1756244975042,"endTime":1756244975071.7424,"status":"passed","message":"","name":"/mnt/c/repotemp/sharpee/packages/engine/tests/parser-extension.test.ts"},{"assertionResults":[{"ancestorTitles":["GameEngine Platform Operations","Platform Event Detection"],"fullName":"GameEngine Platform Operations Platform Event Detection should detect and queue platform events during turn execution","status":"passed","title":"should detect and queue platform events during turn execution","duration":30.06166099999973,"failureMessages":[],"meta":{}},{"ancestorTitles":["GameEngine Platform Operations","Save Operations"],"fullName":"GameEngine Platform Operations Save Operations should process save requested event and call save hook","status":"passed","title":"should process save requested event and call save hook","duration":8.897002000005159,"failureMessages":[],"meta":{}},{"ancestorTitles":["GameEngine Platform Operations","Save Operations"],"fullName":"GameEngine Platform Operations Save Operations should emit save completed event on success","status":"passed","title":"should emit save completed event on success","duration":10.13698999999906,"failureMessages":[],"meta":{}},{"ancestorTitles":["GameEngine Platform Operations","Save Operations"],"fullName":"GameEngine Platform Operations Save Operations should emit save failed event when hook throws","status":"passed","title":"should emit save failed event when hook throws","duration":43.33692600000359,"failureMessages":[],"meta":{}},{"ancestorTitles":["GameEngine Platform Operations","Save Operations"],"fullName":"GameEngine Platform Operations Save Operations should emit save failed event when no save hook registered","status":"passed","title":"should emit save failed event when no save hook registered","duration":4.066116000001784,"failureMessages":[],"meta":{}},{"ancestorTitles":["GameEngine Platform Operations","Restore Operations"],"fullName":"GameEngine Platform Operations Restore Operations should process restore requested event and call restore hook","status":"passed","title":"should process restore requested event and call restore hook","duration":6.153243000000657,"failureMessages":[],"meta":{}},{"ancestorTitles":["GameEngine Platform Operations","Restore Operations"],"fullName":"GameEngine Platform Operations Restore Operations should load save data and emit completion event","status":"passed","title":"should load save data and emit completion event","duration":4.110610000003362,"failureMessages":[],"meta":{}},{"ancestorTitles":["GameEngine Platform Operations","Restore Operations"],"fullName":"GameEngine Platform Operations Restore Operations should emit restore failed event when no save data available","status":"passed","title":"should emit restore failed event when no save data available","duration":6.598984999996901,"failureMessages":[],"meta":{}},{"ancestorTitles":["GameEngine Platform Operations","Quit Operations"],"fullName":"GameEngine Platform Operations Quit Operations should process quit requested event and call quit hook","status":"passed","title":"should process quit requested event and call quit hook","duration":7.725407999998424,"failureMessages":[],"meta":{}},{"ancestorTitles":["GameEngine Platform Operations","Quit Operations"],"fullName":"GameEngine Platform Operations Quit Operations should stop engine and emit confirmation when quit confirmed","status":"passed","title":"should stop engine and emit confirmation when quit confirmed","duration":3.2013670000014827,"failureMessages":[],"meta":{}},{"ancestorTitles":["GameEngine Platform Operations","Quit Operations"],"fullName":"GameEngine Platform Operations Quit Operations should emit cancelled event when quit declined","status":"passed","title":"should emit cancelled event when quit declined","duration":3.5692830000043614,"failureMessages":[],"meta":{}},{"ancestorTitles":["GameEngine Platform Operations","Quit Operations"],"fullName":"GameEngine Platform Operations Quit Operations should quit by default when no hook registered","status":"passed","title":"should quit by default when no hook registered","duration":4.9928839999993215,"failureMessages":[],"meta":{}},{"ancestorTitles":["GameEngine Platform Operations","Restart Operations"],"fullName":"GameEngine Platform Operations Restart Operations should process restart requested event and call restart hook","status":"passed","title":"should process restart requested event and call restart hook","duration":8.928655999996408,"failureMessages":[],"meta":{}},{"ancestorTitles":["GameEngine Platform Operations","Restart Operations"],"fullName":"GameEngine Platform Operations Restart Operations should reinitialize story and emit completion when restart confirmed","status":"passed","title":"should reinitialize story and emit completion when restart confirmed","duration":3.257553999996162,"failureMessages":[],"meta":{}},{"ancestorTitles":["GameEngine Platform Operations","Restart Operations"],"fullName":"GameEngine Platform Operations Restart Operations should emit cancelled event when restart declined","status":"passed","title":"should emit cancelled event when restart declined","duration":7.422293000003265,"failureMessages":[],"meta":{}},{"ancestorTitles":["GameEngine Platform Operations","Multiple Platform Operations"],"fullName":"GameEngine Platform Operations Multiple Platform Operations should process multiple platform operations in order","status":"passed","title":"should process multiple platform operations in order","duration":4.8352949999971315,"failureMessages":[],"meta":{}},{"ancestorTitles":["GameEngine Platform Operations","Multiple Platform Operations"],"fullName":"GameEngine Platform Operations Multiple Platform Operations should continue processing even if one operation fails","status":"passed","title":"should continue processing even if one operation fails","duration":30.274102999996103,"failureMessages":[],"meta":{}},{"ancestorTitles":["GameEngine Platform Operations","Event Emission"],"fullName":"GameEngine Platform Operations Event Emission should add completion events to current turn events","status":"passed","title":"should add completion events to current turn events","duration":2.677270000000135,"failureMessages":[],"meta":{}},{"ancestorTitles":["GameEngine Platform Operations","Event Emission"],"fullName":"GameEngine Platform Operations Event Emission should emit events through event source","status":"passed","title":"should emit events through event source","duration":2.74377000000095,"failureMessages":[],"meta":{}}],"startTime":1756244983872,"endTime":1756244984066.7437,"status":"passed","message":"","name":"/mnt/c/repotemp/sharpee/packages/engine/tests/platform-operations.test.ts"},{"assertionResults":[{"ancestorTitles":["Story-Based Testing Verification"],"fullName":"Story-Based Testing Verification should successfully initialize engine with test story and language provider","status":"passed","title":"should successfully initialize engine with test story and language provider","duration":25.084720999999263,"failureMessages":[],"meta":{}},{"ancestorTitles":["Story-Based Testing Verification"],"fullName":"Story-Based Testing Verification should load language provider directly","status":"passed","title":"should load language provider directly","duration":6.298868000005314,"failureMessages":[],"meta":{}}],"startTime":1756244983945,"endTime":1756244983976.2988,"status":"passed","message":"","name":"/mnt/c/repotemp/sharpee/packages/engine/tests/story-testing-verification.test.ts"},{"assertionResults":[{"ancestorTitles":["Story","StoryConfig validation"],"fullName":"Story StoryConfig validation should validate valid story config","status":"passed","title":"should validate valid story config","duration":1.5913149999996676,"failureMessages":[],"meta":{}},{"ancestorTitles":["Story","StoryConfig validation"],"fullName":"Story StoryConfig validation should accept author as array","status":"passed","title":"should accept author as array","duration":0.30181400000037684,"failureMessages":[],"meta":{}},{"ancestorTitles":["Story","StoryConfig validation"],"fullName":"Story StoryConfig validation should validate semantic version","status":"passed","title":"should validate semantic version","duration":0.35244800000054965,"failureMessages":[],"meta":{}},{"ancestorTitles":["Story","StoryConfig validation"],"fullName":"Story StoryConfig validation should reject invalid versions","status":"passed","title":"should reject invalid versions","duration":0.7028730000001815,"failureMessages":[],"meta":{}},{"ancestorTitles":["Story","StoryConfig validation"],"fullName":"Story StoryConfig validation should require all mandatory fields","status":"passed","title":"should require all mandatory fields","duration":0.764020999999957,"failureMessages":[],"meta":{}},{"ancestorTitles":["Story","Story lifecycle"],"fullName":"Story Story lifecycle should track completion state","status":"passed","title":"should track completion state","duration":0.3165800000006129,"failureMessages":[],"meta":{}}],"startTime":1756244990842,"endTime":1756244990846.3167,"status":"passed","message":"","name":"/mnt/c/repotemp/sharpee/packages/engine/tests/story.test.ts"},{"assertionResults":[{"ancestorTitles":["Types","GameEvent"],"fullName":"Types GameEvent should create valid game event","status":"passed","title":"should create valid game event","duration":1.7596430000003238,"failureMessages":[],"meta":{}},{"ancestorTitles":["Types","GameEvent"],"fullName":"Types GameEvent should support optional metadata","status":"passed","title":"should support optional metadata","duration":0.3901269999996657,"failureMessages":[],"meta":{}},{"ancestorTitles":["Types","GameEvent"],"fullName":"Types GameEvent should handle empty data","status":"passed","title":"should handle empty data","duration":0.14186900000004243,"failureMessages":[],"meta":{}},{"ancestorTitles":["Types","SequencedEvent"],"fullName":"Types SequencedEvent should extend GameEvent with sequencing data","status":"passed","title":"should extend GameEvent with sequencing data","duration":0.4360389999992549,"failureMessages":[],"meta":{}},{"ancestorTitles":["Types","SequencedEvent"],"fullName":"Types SequencedEvent should support different scopes","status":"passed","title":"should support different scopes","duration":0.2865170000004582,"failureMessages":[],"meta":{}},{"ancestorTitles":["Types","SequencedEvent"],"fullName":"Types SequencedEvent should support optional source","status":"passed","title":"should support optional source","duration":0.13664700000026642,"failureMessages":[],"meta":{}},{"ancestorTitles":["Types","TurnResult"],"fullName":"Types TurnResult should create valid turn result","status":"passed","title":"should create valid turn result","duration":0.28929800000059913,"failureMessages":[],"meta":{}},{"ancestorTitles":["Types","TurnResult"],"fullName":"Types TurnResult should include timing data when provided","status":"passed","title":"should include timing data when provided","duration":0.11508099999991828,"failureMessages":[],"meta":{}},{"ancestorTitles":["Types","TurnResult"],"fullName":"Types TurnResult should include error for failed turns","status":"passed","title":"should include error for failed turns","duration":0.2936340000005657,"failureMessages":[],"meta":{}},{"ancestorTitles":["Types","TurnResult"],"fullName":"Types TurnResult should handle events array","status":"passed","title":"should handle events array","duration":1.0254680000007284,"failureMessages":[],"meta":{}},{"ancestorTitles":["Types","GameContext"],"fullName":"Types GameContext should create valid game context","status":"passed","title":"should create valid game context","duration":0.6630459999996674,"failureMessages":[],"meta":{}},{"ancestorTitles":["Types","GameContext"],"fullName":"Types GameContext should support optional metadata fields","status":"passed","title":"should support optional metadata fields","duration":0.19241500000043743,"failureMessages":[],"meta":{}},{"ancestorTitles":["Types","GameContext"],"fullName":"Types GameContext should maintain turn history","status":"passed","title":"should maintain turn history","duration":0.2615409999998519,"failureMessages":[],"meta":{}},{"ancestorTitles":["Types","EngineConfig"],"fullName":"Types EngineConfig should have default values","status":"passed","title":"should have default values","duration":0.21075000000018917,"failureMessages":[],"meta":{}},{"ancestorTitles":["Types","EngineConfig"],"fullName":"Types EngineConfig should support all configuration options","status":"passed","title":"should support all configuration options","duration":1.0175390000003972,"failureMessages":[],"meta":{}},{"ancestorTitles":["Types","EngineConfig"],"fullName":"Types EngineConfig should handle event callback","status":"passed","title":"should handle event callback","duration":0.3682699999999386,"failureMessages":[],"meta":{}},{"ancestorTitles":["Types","GameState"],"fullName":"Types GameState should create valid game state","status":"passed","title":"should create valid game state","duration":0.4669880000001285,"failureMessages":[],"meta":{}},{"ancestorTitles":["Types","GameState"],"fullName":"Types GameState should preserve full context in save state","status":"passed","title":"should preserve full context in save state","duration":0.5545959999999468,"failureMessages":[],"meta":{}},{"ancestorTitles":["Types","TimingData"],"fullName":"Types TimingData should track execution phases","status":"passed","title":"should track execution phases","duration":0.23382800000035786,"failureMessages":[],"meta":{}},{"ancestorTitles":["Types","TimingData"],"fullName":"Types TimingData should support optional custom timings","status":"passed","title":"should support optional custom timings","duration":0.14165499999944586,"failureMessages":[],"meta":{}},{"ancestorTitles":["Types","Type relationships"],"fullName":"Types Type relationships should maintain consistency between types","status":"passed","title":"should maintain consistency between types","duration":0.17898299999978917,"failureMessages":[],"meta":{}},{"ancestorTitles":["Types","Type relationships"],"fullName":"Types Type relationships should allow arrays of events in turn results","status":"passed","title":"should allow arrays of events in turn results","duration":0.4518479999996998,"failureMessages":[],"meta":{}}],"startTime":1756244991645,"endTime":1756244991655.452,"status":"passed","message":"","name":"/mnt/c/repotemp/sharpee/packages/engine/tests/types.test.ts"},{"assertionResults":[{"ancestorTitles":["Vocabulary Structure Test"],"fullName":"Vocabulary Structure Test should check verb structure from language provider","status":"passed","title":"should check verb structure from language provider","duration":1.9186710000003586,"failureMessages":[],"meta":{}}],"startTime":1756244991000,"endTime":1756244991001.9187,"status":"passed","message":"","name":"/mnt/c/repotemp/sharpee/packages/engine/tests/verb-structure.test.ts"},{"assertionResults":[{"ancestorTitles":["Event Size Analysis"],"fullName":"Event Size Analysis should measure event sizes for common actions","status":"passed","title":"should measure event sizes for common actions","duration":52.41202799999883,"failureMessages":[],"meta":{}},{"ancestorTitles":["Event Size Analysis"],"fullName":"Event Size Analysis should compare snapshot vs reference sizes","status":"passed","title":"should compare snapshot vs reference sizes","duration":14.257987999997567,"failureMessages":[],"meta":{}},{"ancestorTitles":["Event Size Analysis"],"fullName":"Event Size Analysis should analyze memory usage patterns","status":"passed","title":"should analyze memory usage patterns","duration":24.614486999998917,"failureMessages":[],"meta":{}}],"startTime":1756244983891,"endTime":1756244983982.6145,"status":"passed","message":"","name":"/mnt/c/repotemp/sharpee/packages/engine/tests/performance/event-size-analysis.test.ts"},{"assertionResults":[{"ancestorTitles":["Command History Integration","Command History Tracking"],"fullName":"Command History Integration Command History Tracking should track successful commands in history","status":"passed","title":"should track successful commands in history","duration":22.051555000005465,"failureMessages":[],"meta":{}},{"ancestorTitles":["Command History Integration","Command History Tracking"],"fullName":"Command History Integration Command History Tracking should not track failed commands","status":"skipped","title":"should not track failed commands","failureMessages":[],"meta":{}},{"ancestorTitles":["Command History Integration","Command History Tracking"],"fullName":"Command History Integration Command History Tracking should track multiple commands in order","status":"skipped","title":"should track multiple commands in order","failureMessages":[],"meta":{}},{"ancestorTitles":["Command History Integration","Command History Tracking"],"fullName":"Command History Integration Command History Tracking should track complex commands with objects and prepositions","status":"skipped","title":"should track complex commands with objects and prepositions","failureMessages":[],"meta":{}},{"ancestorTitles":["Command History Integration","Command History Tracking"],"fullName":"Command History Integration Command History Tracking should not track non-repeatable commands","status":"skipped","title":"should not track non-repeatable commands","failureMessages":[],"meta":{}},{"ancestorTitles":["Command History Integration","Command History Tracking"],"fullName":"Command History Integration Command History Tracking should respect maxEntries limit","status":"skipped","title":"should respect maxEntries limit","failureMessages":[],"meta":{}},{"ancestorTitles":["Command History Integration","Command History Tracking"],"fullName":"Command History Integration Command History Tracking should handle AGAIN command by repeating last command","status":"passed","title":"should handle AGAIN command by repeating last command","duration":7.482103999995161,"failureMessages":[],"meta":{}},{"ancestorTitles":["Command History Integration","Command History Tracking"],"fullName":"Command History Integration Command History Tracking should handle AGAIN with no history","status":"skipped","title":"should handle AGAIN with no history","failureMessages":[],"meta":{}},{"ancestorTitles":["Command History Integration","Command History with Capabilities Not Registered"],"fullName":"Command History Integration Command History with Capabilities Not Registered should gracefully handle missing command history capability","status":"skipped","title":"should gracefully handle missing command history capability","failureMessages":[],"meta":{}}],"startTime":1756244983876,"endTime":1756244983906.4822,"status":"passed","message":"","name":"/mnt/c/repotemp/sharpee/packages/engine/tests/integration/command-history.test.ts"},{"assertionResults":[{"ancestorTitles":["Event Handler System (Integration)","Entity-level handlers"],"fullName":"Event Handler System (Integration) Entity-level handlers should allow entities to define event handlers","status":"passed","title":"should allow entities to define event handlers","duration":2.226693999999952,"failureMessages":[],"meta":{}},{"ancestorTitles":["Event Handler System (Integration)","Entity-level handlers"],"fullName":"Event Handler System (Integration) Entity-level handlers should handle multiple entities with different handlers","status":"passed","title":"should handle multiple entities with different handlers","duration":0.8451889999996638,"failureMessages":[],"meta":{}},{"ancestorTitles":["Event Handler System (Integration)","Story-level handlers"],"fullName":"Event Handler System (Integration) Story-level handlers should allow stories to register event handlers","status":"passed","title":"should allow stories to register event handlers","duration":0.3726940000005925,"failureMessages":[],"meta":{}},{"ancestorTitles":["Event Handler System (Integration)","Story-level handlers"],"fullName":"Event Handler System (Integration) Story-level handlers should support complex multi-entity interactions","status":"passed","title":"should support complex multi-entity interactions","duration":0.5524530000002414,"failureMessages":[],"meta":{}},{"ancestorTitles":["Event Handler System (Integration)","Handler composition"],"fullName":"Event Handler System (Integration) Handler composition should allow both entity and story handlers to fire","status":"passed","title":"should allow both entity and story handlers to fire","duration":0.7454569999999876,"failureMessages":[],"meta":{}}],"startTime":1756244991284,"endTime":1756244991288.7454,"status":"passed","message":"","name":"/mnt/c/repotemp/sharpee/packages/engine/tests/integration/event-handlers.test.ts"},{"assertionResults":[{"ancestorTitles":["Query Event Emission"],"fullName":"Query Event Emission should emit client.query event when quit is executed","status":"passed","title":"should emit client.query event when quit is executed","duration":38.711857000002055,"failureMessages":[],"meta":{}},{"ancestorTitles":["Query Event Emission"],"fullName":"Query Event Emission should emit platform.quit_requested event","status":"passed","title":"should emit platform.quit_requested event","duration":6.556745999994746,"failureMessages":[],"meta":{}},{"ancestorTitles":["Query Event Emission"],"fullName":"Query Event Emission should emit if.event.quit_requested event","status":"passed","title":"should emit if.event.quit_requested event","duration":10.134014000002935,"failureMessages":[],"meta":{}}],"startTime":1756244984075,"endTime":1756244984130.134,"status":"passed","message":"","name":"/mnt/c/repotemp/sharpee/packages/engine/tests/integration/query-events.test.ts"},{"assertionResults":[{"ancestorTitles":["Query System Integration - MOVED TO PLATFORM LAYER"],"fullName":"Query System Integration - MOVED TO PLATFORM LAYER should emit client.query event when quit action executes","status":"skipped","title":"should emit client.query event when quit action executes","failureMessages":[],"meta":{}},{"ancestorTitles":["Query System Integration - MOVED TO PLATFORM LAYER"],"fullName":"Query System Integration - MOVED TO PLATFORM LAYER should intercept input when query is pending","status":"skipped","title":"should intercept input when query is pending","failureMessages":[],"meta":{}},{"ancestorTitles":["Query System Integration - MOVED TO PLATFORM LAYER"],"fullName":"Query System Integration - MOVED TO PLATFORM LAYER should handle quit cancellation","status":"skipped","title":"should handle quit cancellation","failureMessages":[],"meta":{}},{"ancestorTitles":["Query System Integration - MOVED TO PLATFORM LAYER"],"fullName":"Query System Integration - MOVED TO PLATFORM LAYER should handle invalid query responses","status":"skipped","title":"should handle invalid query responses","failureMessages":[],"meta":{}},{"ancestorTitles":["Query System Integration - MOVED TO PLATFORM LAYER"],"fullName":"Query System Integration - MOVED TO PLATFORM LAYER should allow command interruption when configured","status":"skipped","title":"should allow command interruption when configured","failureMessages":[],"meta":{}}],"startTime":1756244924455,"endTime":1756244924455,"status":"passed","message":"","name":"/mnt/c/repotemp/sharpee/packages/engine/tests/integration/query-system.test.ts"},{"assertionResults":[{"ancestorTitles":["EventEmitter","on()"],"fullName":"EventEmitter on() should register a handler for an event type","status":"passed","title":"should register a handler for an event type","duration":2.615370000000439,"failureMessages":[],"meta":{}},{"ancestorTitles":["EventEmitter","on()"],"fullName":"EventEmitter on() should allow multiple handlers for the same event","status":"passed","title":"should allow multiple handlers for the same event","duration":0.36195799999950395,"failureMessages":[],"meta":{}},{"ancestorTitles":["EventEmitter","off()"],"fullName":"EventEmitter off() should remove a specific handler","status":"passed","title":"should remove a specific handler","duration":0.5936069999997926,"failureMessages":[],"meta":{}},{"ancestorTitles":["EventEmitter","off()"],"fullName":"EventEmitter off() should handle removing non-existent handler gracefully","status":"passed","title":"should handle removing non-existent handler gracefully","duration":0.7610150000000431,"failureMessages":[],"meta":{}},{"ancestorTitles":["EventEmitter","emit()"],"fullName":"EventEmitter emit() should call all registered handlers","status":"passed","title":"should call all registered handlers","duration":0.32533299999977316,"failureMessages":[],"meta":{}},{"ancestorTitles":["EventEmitter","emit()"],"fullName":"EventEmitter emit() should collect semantic events from handlers","status":"passed","title":"should collect semantic events from handlers","duration":0.9255949999997028,"failureMessages":[],"meta":{}},{"ancestorTitles":["EventEmitter","emit()"],"fullName":"EventEmitter emit() should handle handlers that return void","status":"passed","title":"should handle handlers that return void","duration":0.2751239999997779,"failureMessages":[],"meta":{}},{"ancestorTitles":["EventEmitter","clear()"],"fullName":"EventEmitter clear() should clear all handlers for a specific event type","status":"passed","title":"should clear all handlers for a specific event type","duration":0.20504699999946752,"failureMessages":[],"meta":{}},{"ancestorTitles":["EventEmitter","clear()"],"fullName":"EventEmitter clear() should clear all handlers when no event type specified","status":"passed","title":"should clear all handlers when no event type specified","duration":0.3852409999999509,"failureMessages":[],"meta":{}},{"ancestorTitles":["EventEmitter","listenerCount()"],"fullName":"EventEmitter listenerCount() should return 0 for unregistered events","status":"passed","title":"should return 0 for unregistered events","duration":0.20097700000042096,"failureMessages":[],"meta":{}},{"ancestorTitles":["EventEmitter","listenerCount()"],"fullName":"EventEmitter listenerCount() should return correct count for registered events","status":"passed","title":"should return correct count for registered events","duration":0.35689499999989494,"failureMessages":[],"meta":{}}],"startTime":1756244991043,"endTime":1756244991052.357,"status":"passed","message":"","name":"/mnt/c/repotemp/sharpee/packages/engine/tests/unit/events/event-emitter.test.ts"}]}