{"numTotalTestSuites":101,"numPassedTestSuites":101,"numFailedTestSuites":0,"numPendingTestSuites":0,"numTotalTests":197,"numPassedTests":173,"numFailedTests":0,"numPendingTests":24,"numTodoTests":0,"snapshot":{"added":0,"failure":false,"filesAdded":0,"filesRemoved":0,"filesRemovedList":[],"filesUnmatched":0,"filesUpdated":0,"matched":0,"total":0,"unchecked":0,"uncheckedKeysByFile":[],"unmatched":0,"updated":0,"didUpdate":false},"startTime":1755161726429,"success":true,"testResults":[{"assertionResults":[{"ancestorTitles":["CommandExecutor","initialization"],"fullName":"CommandExecutor initialization should create executor with all dependencies","status":"passed","title":"should create executor with all dependencies","duration":11.690434999996796,"failureMessages":[],"meta":{}},{"ancestorTitles":["CommandExecutor","initialization"],"fullName":"CommandExecutor initialization should create executor using factory function","status":"passed","title":"should create executor using factory function","duration":6.331846000000951,"failureMessages":[],"meta":{}},{"ancestorTitles":["CommandExecutor","command execution"],"fullName":"CommandExecutor command execution should execute a valid command","status":"passed","title":"should execute a valid command","duration":8.128355000008014,"failureMessages":[],"meta":{}},{"ancestorTitles":["CommandExecutor","command execution"],"fullName":"CommandExecutor command execution should include timing data when configured","status":"passed","title":"should include timing data when configured","duration":3.6547460000001593,"failureMessages":[],"meta":{}},{"ancestorTitles":["CommandExecutor","command execution"],"fullName":"CommandExecutor command execution should handle unknown commands","status":"passed","title":"should handle unknown commands","duration":4.8824640000093495,"failureMessages":[],"meta":{}},{"ancestorTitles":["CommandExecutor","command execution"],"fullName":"CommandExecutor command execution should handle empty input","status":"passed","title":"should handle empty input","duration":2.4022560000012163,"failureMessages":[],"meta":{}},{"ancestorTitles":["CommandExecutor","command execution"],"fullName":"CommandExecutor command execution should handle whitespace-only input","status":"passed","title":"should handle whitespace-only input","duration":2.980665000010049,"failureMessages":[],"meta":{}},{"ancestorTitles":["CommandExecutor","command execution"],"fullName":"CommandExecutor command execution should pass context to actions","status":"passed","title":"should pass context to actions","duration":1.7501119999942603,"failureMessages":[],"meta":{}},{"ancestorTitles":["CommandExecutor","command execution"],"fullName":"CommandExecutor command execution should handle action execution errors","status":"passed","title":"should handle action execution errors","duration":7.819194999989122,"failureMessages":[],"meta":{}},{"ancestorTitles":["CommandExecutor","command execution"],"fullName":"CommandExecutor command execution should handle sync and async actions","status":"passed","title":"should handle sync and async actions","duration":4.060198999999557,"failureMessages":[],"meta":{}},{"ancestorTitles":["CommandExecutor","command parsing"],"fullName":"CommandExecutor command parsing should parse commands using language provider","status":"passed","title":"should parse commands using language provider","duration":2.3735319999977946,"failureMessages":[],"meta":{}},{"ancestorTitles":["CommandExecutor","command parsing"],"fullName":"CommandExecutor command parsing should normalize input","status":"passed","title":"should normalize input","duration":2.603012999999919,"failureMessages":[],"meta":{}},{"ancestorTitles":["CommandExecutor","event generation"],"fullName":"CommandExecutor event generation should include action-generated events","status":"passed","title":"should include action-generated events","duration":6.70443100000557,"failureMessages":[],"meta":{}},{"ancestorTitles":["CommandExecutor","event generation"],"fullName":"CommandExecutor event generation should sequence events properly","status":"passed","title":"should sequence events properly","duration":2.3935879999917233,"failureMessages":[],"meta":{}},{"ancestorTitles":["CommandExecutor","event generation"],"fullName":"CommandExecutor event generation should add turn metadata to events","status":"passed","title":"should add turn metadata to events","duration":1.8652060000022175,"failureMessages":[],"meta":{}},{"ancestorTitles":["CommandExecutor","error handling"],"fullName":"CommandExecutor error handling should handle missing action registry","status":"passed","title":"should handle missing action registry","duration":3.5717919999879086,"failureMessages":[],"meta":{}},{"ancestorTitles":["CommandExecutor","error handling"],"fullName":"CommandExecutor error handling should handle missing parser","status":"passed","title":"should handle missing parser","duration":5.516734999997425,"failureMessages":[],"meta":{}},{"ancestorTitles":["CommandExecutor","error handling"],"fullName":"CommandExecutor error handling should handle missing language provider","status":"passed","title":"should handle missing language provider","duration":1.8767320000042673,"failureMessages":[],"meta":{}},{"ancestorTitles":["CommandExecutor","error handling"],"fullName":"CommandExecutor error handling should create error event for failed commands","status":"passed","title":"should create error event for failed commands","duration":1.6670089999970514,"failureMessages":[],"meta":{}},{"ancestorTitles":["CommandExecutor","integration with story actions"],"fullName":"CommandExecutor integration with story actions should execute story-defined actions","status":"passed","title":"should execute story-defined actions","duration":1.0815240000083577,"failureMessages":[],"meta":{}},{"ancestorTitles":["CommandExecutor","integration with story actions"],"fullName":"CommandExecutor integration with story actions should handle story action with arguments","status":"passed","title":"should handle story action with arguments","duration":0.9484490000031656,"failureMessages":[],"meta":{}},{"ancestorTitles":["CommandExecutor","integration with story actions"],"fullName":"CommandExecutor integration with story actions should handle failing story action","status":"passed","title":"should handle failing story action","duration":2.12162299999909,"failureMessages":[],"meta":{}},{"ancestorTitles":["CommandExecutor","integration with standard actions"],"fullName":"CommandExecutor integration with standard actions should execute standard actions","status":"passed","title":"should execute standard actions","duration":1.3005160000029719,"failureMessages":[],"meta":{}},{"ancestorTitles":["CommandExecutor","integration with standard actions"],"fullName":"CommandExecutor integration with standard actions should handle action aliases","status":"passed","title":"should handle action aliases","duration":1.2550460000056773,"failureMessages":[],"meta":{}},{"ancestorTitles":["CommandExecutor","performance"],"fullName":"CommandExecutor performance should execute commands quickly","status":"passed","title":"should execute commands quickly","duration":1.5975690000050236,"failureMessages":[],"meta":{}},{"ancestorTitles":["CommandExecutor","performance"],"fullName":"CommandExecutor performance should handle many sequential commands","status":"passed","title":"should handle many sequential commands","duration":3.804321000003256,"failureMessages":[],"meta":{}}],"startTime":1755161811830,"endTime":1755161811925.8042,"status":"passed","message":"","name":"/mnt/c/repotemp/sharpee/packages/engine/tests/command-executor.test.ts"},{"assertionResults":[{"ancestorTitles":["Debug XYZZY Test"],"fullName":"Debug XYZZY Test should not track xyzzy in command history but should emit events","status":"passed","title":"should not track xyzzy in command history but should emit events","duration":17.04208500000823,"failureMessages":[],"meta":{}},{"ancestorTitles":["Debug XYZZY Test"],"fullName":"Debug XYZZY Test should track successful commands in history and emit events","status":"passed","title":"should track successful commands in history and emit events","duration":8.406000000002678,"failureMessages":[],"meta":{}}],"startTime":1755161811668,"endTime":1755161811693.406,"status":"passed","message":"","name":"/mnt/c/repotemp/sharpee/packages/engine/tests/debug-xyzzy.test.ts"},{"assertionResults":[{"ancestorTitles":["EventSequencer","sequence generation"],"fullName":"EventSequencer sequence generation should generate unique sequence numbers","status":"passed","title":"should generate unique sequence numbers","duration":1.5503650000027847,"failureMessages":[],"meta":{}},{"ancestorTitles":["EventSequencer","sequence generation"],"fullName":"EventSequencer sequence generation should generate monotonically increasing sequences","status":"passed","title":"should generate monotonically increasing sequences","duration":2.0226980000006733,"failureMessages":[],"meta":{}},{"ancestorTitles":["EventSequencer","sequence generation"],"fullName":"EventSequencer sequence generation should handle rapid sequence generation","status":"passed","title":"should handle rapid sequence generation","duration":0.8755529999980354,"failureMessages":[],"meta":{}},{"ancestorTitles":["EventSequencer","event sequencing"],"fullName":"EventSequencer event sequencing should sequence a single event","status":"passed","title":"should sequence a single event","duration":0.5354200000001583,"failureMessages":[],"meta":{}},{"ancestorTitles":["EventSequencer","event sequencing"],"fullName":"EventSequencer event sequencing should sequence multiple events","status":"passed","title":"should sequence multiple events","duration":0.803821000001335,"failureMessages":[],"meta":{}},{"ancestorTitles":["EventSequencer","event sequencing"],"fullName":"EventSequencer event sequencing should add default metadata","status":"passed","title":"should add default metadata","duration":0.227151999999478,"failureMessages":[],"meta":{}},{"ancestorTitles":["EventSequencer","event sequencing"],"fullName":"EventSequencer event sequencing should preserve optional metadata","status":"passed","title":"should preserve optional metadata","duration":0.20624300000054063,"failureMessages":[],"meta":{}},{"ancestorTitles":["EventSequencer","event sequencing"],"fullName":"EventSequencer event sequencing should handle empty event arrays","status":"passed","title":"should handle empty event arrays","duration":0.0762239999967278,"failureMessages":[],"meta":{}},{"ancestorTitles":["EventSequencer","EventSequenceUtils","sorting"],"fullName":"EventSequencer EventSequenceUtils sorting should sort events by sequence number","status":"passed","title":"should sort events by sequence number","duration":0.3081010000023525,"failureMessages":[],"meta":{}},{"ancestorTitles":["EventSequencer","EventSequenceUtils","sorting"],"fullName":"EventSequencer EventSequenceUtils sorting should not modify original array","status":"passed","title":"should not modify original array","duration":0.3975460000001476,"failureMessages":[],"meta":{}},{"ancestorTitles":["EventSequencer","EventSequenceUtils","sorting"],"fullName":"EventSequencer EventSequenceUtils sorting should handle empty arrays","status":"passed","title":"should handle empty arrays","duration":0.14716200000111712,"failureMessages":[],"meta":{}},{"ancestorTitles":["EventSequencer","EventSequenceUtils","sorting"],"fullName":"EventSequencer EventSequenceUtils sorting should handle single element arrays","status":"passed","title":"should handle single element arrays","duration":0.09318300000450108,"failureMessages":[],"meta":{}},{"ancestorTitles":["EventSequencer","EventSequenceUtils","filtering"],"fullName":"EventSequencer EventSequenceUtils filtering should filter events by type","status":"passed","title":"should filter events by type","duration":0.22518699999636738,"failureMessages":[],"meta":{}},{"ancestorTitles":["EventSequencer","EventSequenceUtils","filtering"],"fullName":"EventSequencer EventSequenceUtils filtering should filter events by turn","status":"passed","title":"should filter events by turn","duration":0.2610019999992801,"failureMessages":[],"meta":{}},{"ancestorTitles":["EventSequencer","EventSequenceUtils","filtering"],"fullName":"EventSequencer EventSequenceUtils filtering should filter events by scope","status":"passed","title":"should filter events by scope","duration":0.1790499999988242,"failureMessages":[],"meta":{}},{"ancestorTitles":["EventSequencer","EventSequenceUtils","filtering"],"fullName":"EventSequencer EventSequenceUtils filtering should handle filtering with no matches","status":"passed","title":"should handle filtering with no matches","duration":0.12462200000300072,"failureMessages":[],"meta":{}},{"ancestorTitles":["EventSequencer","EventSequenceUtils","grouping"],"fullName":"EventSequencer EventSequenceUtils grouping should group events by type","status":"passed","title":"should group events by type","duration":0.3349099999977625,"failureMessages":[],"meta":{}},{"ancestorTitles":["EventSequencer","EventSequenceUtils","grouping"],"fullName":"EventSequencer EventSequenceUtils grouping should group events by turn","status":"passed","title":"should group events by turn","duration":0.39381000000139466,"failureMessages":[],"meta":{}},{"ancestorTitles":["EventSequencer","EventSequenceUtils","grouping"],"fullName":"EventSequencer EventSequenceUtils grouping should handle empty arrays when grouping","status":"passed","title":"should handle empty arrays when grouping","duration":0.5208820000043488,"failureMessages":[],"meta":{}},{"ancestorTitles":["EventSequencer","EventSequenceUtils","utility functions"],"fullName":"EventSequencer EventSequenceUtils utility functions should get latest event by type","status":"passed","title":"should get latest event by type","duration":0.450340999996115,"failureMessages":[],"meta":{}},{"ancestorTitles":["EventSequencer","EventSequenceUtils","utility functions"],"fullName":"EventSequencer EventSequenceUtils utility functions should return undefined for non-existent type","status":"passed","title":"should return undefined for non-existent type","duration":0.36704099999769824,"failureMessages":[],"meta":{}},{"ancestorTitles":["EventSequencer","EventSequenceUtils","utility functions"],"fullName":"EventSequencer EventSequenceUtils utility functions should count events by type","status":"passed","title":"should count events by type","duration":0.1806849999993574,"failureMessages":[],"meta":{}},{"ancestorTitles":["EventSequencer","EventSequenceUtils","utility functions"],"fullName":"EventSequencer EventSequenceUtils utility functions should handle empty arrays in utility functions","status":"passed","title":"should handle empty arrays in utility functions","duration":0.08948999999847729,"failureMessages":[],"meta":{}},{"ancestorTitles":["EventSequencer","EventSequenceUtils","event range queries"],"fullName":"EventSequencer EventSequenceUtils event range queries should get events in sequence range","status":"passed","title":"should get events in sequence range","duration":0.5320510000019567,"failureMessages":[],"meta":{}},{"ancestorTitles":["EventSequencer","EventSequenceUtils","event range queries"],"fullName":"EventSequencer EventSequenceUtils event range queries should handle exclusive ranges","status":"passed","title":"should handle exclusive ranges","duration":0.8058129999990342,"failureMessages":[],"meta":{}},{"ancestorTitles":["EventSequencer","EventSequenceUtils","event range queries"],"fullName":"EventSequencer EventSequenceUtils event range queries should handle ranges with no events","status":"passed","title":"should handle ranges with no events","duration":0.6196920000002137,"failureMessages":[],"meta":{}},{"ancestorTitles":["EventSequencer","edge cases"],"fullName":"EventSequencer edge cases should handle events with same timestamp but different sequences","status":"passed","title":"should handle events with same timestamp but different sequences","duration":0.8979140000010375,"failureMessages":[],"meta":{}},{"ancestorTitles":["EventSequencer","edge cases"],"fullName":"EventSequencer edge cases should handle very large sequence numbers","status":"passed","title":"should handle very large sequence numbers","duration":0.24114399999962188,"failureMessages":[],"meta":{}}],"startTime":1755161767056,"endTime":1755161767071.2412,"status":"passed","message":"","name":"/mnt/c/repotemp/sharpee/packages/engine/tests/event-sequencer.test.ts"},{"assertionResults":[{"ancestorTitles":["GameEngine Language Management (DEPRECATED)","setLanguage()"],"fullName":"GameEngine Language Management (DEPRECATED) setLanguage() should load language provider and parser dynamically","status":"skipped","title":"should load language provider and parser dynamically","failureMessages":[],"meta":{}},{"ancestorTitles":["GameEngine Language Management (DEPRECATED)","setLanguage()"],"fullName":"GameEngine Language Management (DEPRECATED) setLanguage() should handle different parser export patterns","status":"skipped","title":"should handle different parser export patterns","failureMessages":[],"meta":{}},{"ancestorTitles":["GameEngine Language Management (DEPRECATED)","setLanguage()"],"fullName":"GameEngine Language Management (DEPRECATED) setLanguage() should throw error if language code is not provided","status":"skipped","title":"should throw error if language code is not provided","failureMessages":[],"meta":{}},{"ancestorTitles":["GameEngine Language Management (DEPRECATED)","setLanguage()"],"fullName":"GameEngine Language Management (DEPRECATED) setLanguage() should throw error if parser package is not found","status":"skipped","title":"should throw error if parser package is not found","failureMessages":[],"meta":{}},{"ancestorTitles":["GameEngine Language Management (DEPRECATED)","setLanguage()"],"fullName":"GameEngine Language Management (DEPRECATED) setLanguage() should throw error if parser class is not found in package","status":"skipped","title":"should throw error if parser class is not found in package","failureMessages":[],"meta":{}},{"ancestorTitles":["GameEngine Language Management (DEPRECATED)","setLanguage()"],"fullName":"GameEngine Language Management (DEPRECATED) setLanguage() should register parser with ParserFactory","status":"skipped","title":"should register parser with ParserFactory","failureMessages":[],"meta":{}},{"ancestorTitles":["GameEngine Language Management (DEPRECATED)","Story integration"],"fullName":"GameEngine Language Management (DEPRECATED) Story integration should use language from story config when setting story","status":"skipped","title":"should use language from story config when setting story","failureMessages":[],"meta":{}},{"ancestorTitles":["GameEngine Language Management (DEPRECATED)","Getters"],"fullName":"GameEngine Language Management (DEPRECATED) Getters should return undefined when no language is set","status":"skipped","title":"should return undefined when no language is set","failureMessages":[],"meta":{}},{"ancestorTitles":["GameEngine Language Management (DEPRECATED)","Getters"],"fullName":"GameEngine Language Management (DEPRECATED) Getters should return parser and language provider after setting language","status":"skipped","title":"should return parser and language provider after setting language","failureMessages":[],"meta":{}},{"ancestorTitles":["GameEngine Static Language Configuration"],"fullName":"GameEngine Static Language Configuration should accept language provider and parser via constructor","status":"passed","title":"should accept language provider and parser via constructor","duration":0.877158999999665,"failureMessages":[],"meta":{}},{"ancestorTitles":["GameEngine Static Language Configuration"],"fullName":"GameEngine Static Language Configuration should have language provider accessible after construction","status":"passed","title":"should have language provider accessible after construction","duration":0.4452239999991434,"failureMessages":[],"meta":{}},{"ancestorTitles":["GameEngine Static Language Configuration"],"fullName":"GameEngine Static Language Configuration should have parser accessible after construction","status":"passed","title":"should have parser accessible after construction","duration":0.23844500000086555,"failureMessages":[],"meta":{}}],"startTime":1755161800672,"endTime":1755161800673.4453,"status":"passed","message":"","name":"/mnt/c/repotemp/sharpee/packages/engine/tests/game-engine-language.test.ts"},{"assertionResults":[{"ancestorTitles":["GameEngine","initialization"],"fullName":"GameEngine initialization should create an engine with standard setup","status":"passed","title":"should create an engine with standard setup","duration":10.345975000003818,"failureMessages":[],"meta":{}},{"ancestorTitles":["GameEngine","initialization"],"fullName":"GameEngine initialization should initialize with default config","status":"passed","title":"should initialize with default config","duration":5.456334999995306,"failureMessages":[],"meta":{}},{"ancestorTitles":["GameEngine","initialization"],"fullName":"GameEngine initialization should accept custom config","status":"passed","title":"should accept custom config","duration":3.2407300000049872,"failureMessages":[],"meta":{}},{"ancestorTitles":["GameEngine","story management"],"fullName":"GameEngine story management should set story and initialize components","status":"passed","title":"should set story and initialize components","duration":3.789806000000681,"failureMessages":[],"meta":{}},{"ancestorTitles":["GameEngine","story management"],"fullName":"GameEngine story management should properly initialize world with story","status":"passed","title":"should properly initialize world with story","duration":2.373784000010346,"failureMessages":[],"meta":{}},{"ancestorTitles":["GameEngine","story management"],"fullName":"GameEngine story management should handle story initialization errors gracefully","status":"passed","title":"should handle story initialization errors gracefully","duration":6.166414999999688,"failureMessages":[],"meta":{}},{"ancestorTitles":["GameEngine","engine lifecycle"],"fullName":"GameEngine engine lifecycle should start and stop correctly","status":"passed","title":"should start and stop correctly","duration":3.388959000003524,"failureMessages":[],"meta":{}},{"ancestorTitles":["GameEngine","engine lifecycle"],"fullName":"GameEngine engine lifecycle should throw if already running","status":"passed","title":"should throw if already running","duration":3.804613000000245,"failureMessages":[],"meta":{}},{"ancestorTitles":["GameEngine","engine lifecycle"],"fullName":"GameEngine engine lifecycle should throw if executing turn when not running","status":"passed","title":"should throw if executing turn when not running","duration":4.564415000000736,"failureMessages":[],"meta":{}},{"ancestorTitles":["GameEngine","engine lifecycle"],"fullName":"GameEngine engine lifecycle should start without a story if dependencies are provided","status":"passed","title":"should start without a story if dependencies are provided","duration":6.712140999996336,"failureMessages":[],"meta":{}},{"ancestorTitles":["GameEngine","turn execution"],"fullName":"GameEngine turn execution should execute a basic turn","status":"passed","title":"should execute a basic turn","duration":9.224669000002905,"failureMessages":[],"meta":{}},{"ancestorTitles":["GameEngine","turn execution"],"fullName":"GameEngine turn execution should update context after turn","status":"passed","title":"should update context after turn","duration":5.088173999989522,"failureMessages":[],"meta":{}},{"ancestorTitles":["GameEngine","turn execution"],"fullName":"GameEngine turn execution should emit turn events","status":"passed","title":"should emit turn events","duration":16.999588999999105,"failureMessages":[],"meta":{}},{"ancestorTitles":["GameEngine","turn execution"],"fullName":"GameEngine turn execution should handle turn execution errors","status":"passed","title":"should handle turn execution errors","duration":2.1218670000089332,"failureMessages":[],"meta":{}},{"ancestorTitles":["GameEngine","turn execution"],"fullName":"GameEngine turn execution should respect max history limit","status":"passed","title":"should respect max history limit","duration":7.123392000008607,"failureMessages":[],"meta":{}},{"ancestorTitles":["GameEngine","turn execution"],"fullName":"GameEngine turn execution should process text output","status":"passed","title":"should process text output","duration":2.1139010000042617,"failureMessages":[],"meta":{}},{"ancestorTitles":["GameEngine","game state management"],"fullName":"GameEngine game state management should save current state","status":"passed","title":"should save current state","duration":2.1373579999926733,"failureMessages":[],"meta":{}},{"ancestorTitles":["GameEngine","game state management"],"fullName":"GameEngine game state management should load saved state","status":"passed","title":"should load saved state","duration":7.190672000011546,"failureMessages":[],"meta":{}},{"ancestorTitles":["GameEngine","game state management"],"fullName":"GameEngine game state management should reject incompatible save versions","status":"passed","title":"should reject incompatible save versions","duration":2.2627209999918705,"failureMessages":[],"meta":{}},{"ancestorTitles":["GameEngine","vocabulary management"],"fullName":"GameEngine vocabulary management should update vocabulary for entities in scope","status":"passed","title":"should update vocabulary for entities in scope","duration":2.3531980000116164,"failureMessages":[],"meta":{}},{"ancestorTitles":["GameEngine","vocabulary management"],"fullName":"GameEngine vocabulary management should mark entities correctly as in/out of scope","status":"passed","title":"should mark entities correctly as in/out of scope","duration":2.8489560000016354,"failureMessages":[],"meta":{}},{"ancestorTitles":["GameEngine","event handling"],"fullName":"GameEngine event handling should emit events during turn execution","status":"passed","title":"should emit events during turn execution","duration":4.301592000003438,"failureMessages":[],"meta":{}},{"ancestorTitles":["GameEngine","event handling"],"fullName":"GameEngine event handling should call onEvent config callback","status":"passed","title":"should call onEvent config callback","duration":4.1319689999945695,"failureMessages":[],"meta":{}},{"ancestorTitles":["GameEngine","event handling"],"fullName":"GameEngine event handling should get recent events","status":"passed","title":"should get recent events","duration":2.0622009999933653,"failureMessages":[],"meta":{}},{"ancestorTitles":["GameEngine","text service"],"fullName":"GameEngine text service should have text service configured","status":"passed","title":"should have text service configured","duration":2.3111950000020443,"failureMessages":[],"meta":{}}],"startTime":1755161811765,"endTime":1755161811889.3113,"status":"passed","message":"","name":"/mnt/c/repotemp/sharpee/packages/engine/tests/game-engine.test.ts"},{"assertionResults":[{"ancestorTitles":["Engine Integration Tests","Full game flow"],"fullName":"Engine Integration Tests Full game flow should complete a full game session","status":"passed","title":"should complete a full game session","duration":21.106270999996923,"failureMessages":[],"meta":{}},{"ancestorTitles":["Engine Integration Tests","Full game flow"],"fullName":"Engine Integration Tests Full game flow should handle save and restore","status":"passed","title":"should handle save and restore","duration":10.457204999998794,"failureMessages":[],"meta":{}},{"ancestorTitles":["Engine Integration Tests","Full game flow"],"fullName":"Engine Integration Tests Full game flow should handle game completion","status":"skipped","title":"should handle game completion","failureMessages":[],"meta":{}},{"ancestorTitles":["Engine Integration Tests","Error scenarios"],"fullName":"Engine Integration Tests Error scenarios should handle malformed input gracefully","status":"passed","title":"should handle malformed input gracefully","duration":3.841591000003973,"failureMessages":[],"meta":{}},{"ancestorTitles":["Engine Integration Tests","Error scenarios"],"fullName":"Engine Integration Tests Error scenarios should recover from action errors","status":"passed","title":"should recover from action errors","duration":4.658720999999787,"failureMessages":[],"meta":{}},{"ancestorTitles":["Engine Integration Tests","Performance"],"fullName":"Engine Integration Tests Performance should handle rapid turn execution","status":"passed","title":"should handle rapid turn execution","duration":3.7479219999950146,"failureMessages":[],"meta":{}},{"ancestorTitles":["Engine Integration Tests","Event flow"],"fullName":"Engine Integration Tests Event flow should maintain event ordering","status":"passed","title":"should maintain event ordering","duration":1.7230800000106683,"failureMessages":[],"meta":{}},{"ancestorTitles":["Engine Integration Tests","Text output integration"],"fullName":"Engine Integration Tests Text output integration should format complex game output","status":"passed","title":"should format complex game output","duration":3.5314999999973224,"failureMessages":[],"meta":{}},{"ancestorTitles":["Engine Integration Tests","Vocabulary integration"],"fullName":"Engine Integration Tests Vocabulary integration should update vocabulary as player moves","status":"passed","title":"should update vocabulary as player moves","duration":3.4164739999978337,"failureMessages":[],"meta":{}},{"ancestorTitles":["Engine Integration Tests","Standard engine setup"],"fullName":"Engine Integration Tests Standard engine setup should create functional standard engine","status":"passed","title":"should create functional standard engine","duration":4.558659000002081,"failureMessages":[],"meta":{}},{"ancestorTitles":["Engine Integration Tests","Complex world navigation"],"fullName":"Engine Integration Tests Complex world navigation should handle multi-room world with objects","status":"passed","title":"should handle multi-room world with objects","duration":3.1420840000064345,"failureMessages":[],"meta":{}},{"ancestorTitles":["Engine Integration Tests","Turn-based completion"],"fullName":"Engine Integration Tests Turn-based completion should complete game after turn limit","status":"skipped","title":"should complete game after turn limit","failureMessages":[],"meta":{}},{"ancestorTitles":["Engine Integration Tests","Turn-based completion"],"fullName":"Engine Integration Tests Turn-based completion should complete game on score threshold","status":"skipped","title":"should complete game on score threshold","failureMessages":[],"meta":{}}],"startTime":1755161811686,"endTime":1755161811747.142,"status":"passed","message":"","name":"/mnt/c/repotemp/sharpee/packages/engine/tests/integration.test.ts"},{"assertionResults":[{"ancestorTitles":["Parser Extension Methods","Parser extensions"],"fullName":"Parser Extension Methods Parser extensions should add custom verbs","status":"passed","title":"should add custom verbs","duration":6.910519999990356,"failureMessages":[],"meta":{}},{"ancestorTitles":["Parser Extension Methods","Parser extensions"],"fullName":"Parser Extension Methods Parser extensions should add custom prepositions","status":"passed","title":"should add custom prepositions","duration":3.503872000001138,"failureMessages":[],"meta":{}},{"ancestorTitles":["Parser Extension Methods","Parser extensions"],"fullName":"Parser Extension Methods Parser extensions should handle addNoun method (placeholder)","status":"passed","title":"should handle addNoun method (placeholder)","duration":3.8128319999959785,"failureMessages":[],"meta":{}},{"ancestorTitles":["Parser Extension Methods","Parser extensions"],"fullName":"Parser Extension Methods Parser extensions should handle addAdjective method (placeholder)","status":"passed","title":"should handle addAdjective method (placeholder)","duration":3.0009609999979148,"failureMessages":[],"meta":{}},{"ancestorTitles":["Parser Extension Methods","Language Provider extensions"],"fullName":"Parser Extension Methods Language Provider extensions should add custom messages","status":"passed","title":"should add custom messages","duration":1.1584819999989122,"failureMessages":[],"meta":{}},{"ancestorTitles":["Parser Extension Methods","Language Provider extensions"],"fullName":"Parser Extension Methods Language Provider extensions should add action help","status":"passed","title":"should add action help","duration":1.5261809999938123,"failureMessages":[],"meta":{}},{"ancestorTitles":["Parser Extension Methods","Language Provider extensions"],"fullName":"Parser Extension Methods Language Provider extensions should add action patterns","status":"passed","title":"should add action patterns","duration":1.9767250000004424,"failureMessages":[],"meta":{}},{"ancestorTitles":["Parser Extension Methods","Language Provider extensions"],"fullName":"Parser Extension Methods Language Provider extensions should merge patterns with existing actions","status":"passed","title":"should merge patterns with existing actions","duration":2.451323000001139,"failureMessages":[],"meta":{}}],"startTime":1755161795947,"endTime":1755161795971.4514,"status":"passed","message":"","name":"/mnt/c/repotemp/sharpee/packages/engine/tests/parser-extension.test.ts"},{"assertionResults":[{"ancestorTitles":["GameEngine Platform Operations","Platform Event Detection"],"fullName":"GameEngine Platform Operations Platform Event Detection should detect and queue platform events during turn execution","status":"passed","title":"should detect and queue platform events during turn execution","duration":22.747182999999495,"failureMessages":[],"meta":{}},{"ancestorTitles":["GameEngine Platform Operations","Save Operations"],"fullName":"GameEngine Platform Operations Save Operations should process save requested event and call save hook","status":"passed","title":"should process save requested event and call save hook","duration":4.805165000012494,"failureMessages":[],"meta":{}},{"ancestorTitles":["GameEngine Platform Operations","Save Operations"],"fullName":"GameEngine Platform Operations Save Operations should emit save completed event on success","status":"passed","title":"should emit save completed event on success","duration":5.392149999999674,"failureMessages":[],"meta":{}},{"ancestorTitles":["GameEngine Platform Operations","Save Operations"],"fullName":"GameEngine Platform Operations Save Operations should emit save failed event when hook throws","status":"passed","title":"should emit save failed event when hook throws","duration":34.589766999997664,"failureMessages":[],"meta":{}},{"ancestorTitles":["GameEngine Platform Operations","Save Operations"],"fullName":"GameEngine Platform Operations Save Operations should emit save failed event when no save hook registered","status":"passed","title":"should emit save failed event when no save hook registered","duration":6.064022000005934,"failureMessages":[],"meta":{}},{"ancestorTitles":["GameEngine Platform Operations","Restore Operations"],"fullName":"GameEngine Platform Operations Restore Operations should process restore requested event and call restore hook","status":"passed","title":"should process restore requested event and call restore hook","duration":7.6239130000030855,"failureMessages":[],"meta":{}},{"ancestorTitles":["GameEngine Platform Operations","Restore Operations"],"fullName":"GameEngine Platform Operations Restore Operations should load save data and emit completion event","status":"passed","title":"should load save data and emit completion event","duration":4.816646999999648,"failureMessages":[],"meta":{}},{"ancestorTitles":["GameEngine Platform Operations","Restore Operations"],"fullName":"GameEngine Platform Operations Restore Operations should emit restore failed event when no save data available","status":"passed","title":"should emit restore failed event when no save data available","duration":2.4176580000057584,"failureMessages":[],"meta":{}},{"ancestorTitles":["GameEngine Platform Operations","Quit Operations"],"fullName":"GameEngine Platform Operations Quit Operations should process quit requested event and call quit hook","status":"passed","title":"should process quit requested event and call quit hook","duration":4.7688210000051185,"failureMessages":[],"meta":{}},{"ancestorTitles":["GameEngine Platform Operations","Quit Operations"],"fullName":"GameEngine Platform Operations Quit Operations should stop engine and emit confirmation when quit confirmed","status":"passed","title":"should stop engine and emit confirmation when quit confirmed","duration":3.051718000002438,"failureMessages":[],"meta":{}},{"ancestorTitles":["GameEngine Platform Operations","Quit Operations"],"fullName":"GameEngine Platform Operations Quit Operations should emit cancelled event when quit declined","status":"passed","title":"should emit cancelled event when quit declined","duration":4.180294000005233,"failureMessages":[],"meta":{}},{"ancestorTitles":["GameEngine Platform Operations","Quit Operations"],"fullName":"GameEngine Platform Operations Quit Operations should quit by default when no hook registered","status":"passed","title":"should quit by default when no hook registered","duration":1.884820999999647,"failureMessages":[],"meta":{}},{"ancestorTitles":["GameEngine Platform Operations","Restart Operations"],"fullName":"GameEngine Platform Operations Restart Operations should process restart requested event and call restart hook","status":"passed","title":"should process restart requested event and call restart hook","duration":3.864132000002428,"failureMessages":[],"meta":{}},{"ancestorTitles":["GameEngine Platform Operations","Restart Operations"],"fullName":"GameEngine Platform Operations Restart Operations should reinitialize story and emit completion when restart confirmed","status":"passed","title":"should reinitialize story and emit completion when restart confirmed","duration":3.1997189999965485,"failureMessages":[],"meta":{}},{"ancestorTitles":["GameEngine Platform Operations","Restart Operations"],"fullName":"GameEngine Platform Operations Restart Operations should emit cancelled event when restart declined","status":"passed","title":"should emit cancelled event when restart declined","duration":3.75236899999436,"failureMessages":[],"meta":{}},{"ancestorTitles":["GameEngine Platform Operations","Multiple Platform Operations"],"fullName":"GameEngine Platform Operations Multiple Platform Operations should process multiple platform operations in order","status":"passed","title":"should process multiple platform operations in order","duration":3.4862080000020796,"failureMessages":[],"meta":{}},{"ancestorTitles":["GameEngine Platform Operations","Multiple Platform Operations"],"fullName":"GameEngine Platform Operations Multiple Platform Operations should continue processing even if one operation fails","status":"passed","title":"should continue processing even if one operation fails","duration":7.702290999994148,"failureMessages":[],"meta":{}},{"ancestorTitles":["GameEngine Platform Operations","Event Emission"],"fullName":"GameEngine Platform Operations Event Emission should add completion events to current turn events","status":"passed","title":"should add completion events to current turn events","duration":3.4426750000129687,"failureMessages":[],"meta":{}},{"ancestorTitles":["GameEngine Platform Operations","Event Emission"],"fullName":"GameEngine Platform Operations Event Emission should emit events through event source","status":"passed","title":"should emit events through event source","duration":3.2919350000011036,"failureMessages":[],"meta":{}}],"startTime":1755161811676,"endTime":1755161811808.292,"status":"passed","message":"","name":"/mnt/c/repotemp/sharpee/packages/engine/tests/platform-operations.test.ts"},{"assertionResults":[{"ancestorTitles":["Story-Based Testing Verification"],"fullName":"Story-Based Testing Verification should successfully initialize engine with test story and language provider","status":"passed","title":"should successfully initialize engine with test story and language provider","duration":13.16027700000268,"failureMessages":[],"meta":{}},{"ancestorTitles":["Story-Based Testing Verification"],"fullName":"Story-Based Testing Verification should load language provider directly","status":"passed","title":"should load language provider directly","duration":4.544013000006089,"failureMessages":[],"meta":{}}],"startTime":1755161811707,"endTime":1755161811725.544,"status":"passed","message":"","name":"/mnt/c/repotemp/sharpee/packages/engine/tests/story-testing-verification.test.ts"},{"assertionResults":[{"ancestorTitles":["Story","StoryConfig validation"],"fullName":"Story StoryConfig validation should validate valid story config","status":"passed","title":"should validate valid story config","duration":1.380952999999863,"failureMessages":[],"meta":{}},{"ancestorTitles":["Story","StoryConfig validation"],"fullName":"Story StoryConfig validation should accept author as array","status":"passed","title":"should accept author as array","duration":0.32059900000240305,"failureMessages":[],"meta":{}},{"ancestorTitles":["Story","StoryConfig validation"],"fullName":"Story StoryConfig validation should validate semantic version","status":"passed","title":"should validate semantic version","duration":0.3486770000017714,"failureMessages":[],"meta":{}},{"ancestorTitles":["Story","StoryConfig validation"],"fullName":"Story StoryConfig validation should reject invalid versions","status":"passed","title":"should reject invalid versions","duration":0.8909290000010515,"failureMessages":[],"meta":{}},{"ancestorTitles":["Story","StoryConfig validation"],"fullName":"Story StoryConfig validation should require all mandatory fields","status":"passed","title":"should require all mandatory fields","duration":0.4741250000006403,"failureMessages":[],"meta":{}},{"ancestorTitles":["Story","Story lifecycle"],"fullName":"Story Story lifecycle should track completion state","status":"passed","title":"should track completion state","duration":0.24927200000092853,"failureMessages":[],"meta":{}}],"startTime":1755161790328,"endTime":1755161790331.474,"status":"passed","message":"","name":"/mnt/c/repotemp/sharpee/packages/engine/tests/story.test.ts"},{"assertionResults":[{"ancestorTitles":["Types","GameEvent"],"fullName":"Types GameEvent should create valid game event","status":"passed","title":"should create valid game event","duration":1.8555530000012368,"failureMessages":[],"meta":{}},{"ancestorTitles":["Types","GameEvent"],"fullName":"Types GameEvent should support optional metadata","status":"passed","title":"should support optional metadata","duration":0.23962100000062492,"failureMessages":[],"meta":{}},{"ancestorTitles":["Types","GameEvent"],"fullName":"Types GameEvent should handle empty data","status":"passed","title":"should handle empty data","duration":0.12655899999663234,"failureMessages":[],"meta":{}},{"ancestorTitles":["Types","SequencedEvent"],"fullName":"Types SequencedEvent should extend GameEvent with sequencing data","status":"passed","title":"should extend GameEvent with sequencing data","duration":0.30092899999726797,"failureMessages":[],"meta":{}},{"ancestorTitles":["Types","SequencedEvent"],"fullName":"Types SequencedEvent should support different scopes","status":"passed","title":"should support different scopes","duration":1.2731280000007246,"failureMessages":[],"meta":{}},{"ancestorTitles":["Types","SequencedEvent"],"fullName":"Types SequencedEvent should support optional source","status":"passed","title":"should support optional source","duration":0.3558160000029602,"failureMessages":[],"meta":{}},{"ancestorTitles":["Types","TurnResult"],"fullName":"Types TurnResult should create valid turn result","status":"passed","title":"should create valid turn result","duration":0.40714200000365963,"failureMessages":[],"meta":{}},{"ancestorTitles":["Types","TurnResult"],"fullName":"Types TurnResult should include timing data when provided","status":"passed","title":"should include timing data when provided","duration":0.18647400000190828,"failureMessages":[],"meta":{}},{"ancestorTitles":["Types","TurnResult"],"fullName":"Types TurnResult should include error for failed turns","status":"passed","title":"should include error for failed turns","duration":0.31048200000077486,"failureMessages":[],"meta":{}},{"ancestorTitles":["Types","TurnResult"],"fullName":"Types TurnResult should handle events array","status":"passed","title":"should handle events array","duration":0.920509999996284,"failureMessages":[],"meta":{}},{"ancestorTitles":["Types","GameContext"],"fullName":"Types GameContext should create valid game context","status":"passed","title":"should create valid game context","duration":1.025684000000183,"failureMessages":[],"meta":{}},{"ancestorTitles":["Types","GameContext"],"fullName":"Types GameContext should support optional metadata fields","status":"passed","title":"should support optional metadata fields","duration":0.1869940000033239,"failureMessages":[],"meta":{}},{"ancestorTitles":["Types","GameContext"],"fullName":"Types GameContext should maintain turn history","status":"passed","title":"should maintain turn history","duration":1.4914360000038869,"failureMessages":[],"meta":{}},{"ancestorTitles":["Types","EngineConfig"],"fullName":"Types EngineConfig should have default values","status":"passed","title":"should have default values","duration":0.32534799999848474,"failureMessages":[],"meta":{}},{"ancestorTitles":["Types","EngineConfig"],"fullName":"Types EngineConfig should support all configuration options","status":"passed","title":"should support all configuration options","duration":4.6667600000000675,"failureMessages":[],"meta":{}},{"ancestorTitles":["Types","EngineConfig"],"fullName":"Types EngineConfig should handle event callback","status":"passed","title":"should handle event callback","duration":0.37981700000091223,"failureMessages":[],"meta":{}},{"ancestorTitles":["Types","GameState"],"fullName":"Types GameState should create valid game state","status":"passed","title":"should create valid game state","duration":0.2674090000000433,"failureMessages":[],"meta":{}},{"ancestorTitles":["Types","GameState"],"fullName":"Types GameState should preserve full context in save state","status":"passed","title":"should preserve full context in save state","duration":0.2912999999971362,"failureMessages":[],"meta":{}},{"ancestorTitles":["Types","TimingData"],"fullName":"Types TimingData should track execution phases","status":"passed","title":"should track execution phases","duration":0.10208499999862397,"failureMessages":[],"meta":{}},{"ancestorTitles":["Types","TimingData"],"fullName":"Types TimingData should support optional custom timings","status":"passed","title":"should support optional custom timings","duration":0.060625999998592306,"failureMessages":[],"meta":{}},{"ancestorTitles":["Types","Type relationships"],"fullName":"Types Type relationships should maintain consistency between types","status":"passed","title":"should maintain consistency between types","duration":0.07296299999870826,"failureMessages":[],"meta":{}},{"ancestorTitles":["Types","Type relationships"],"fullName":"Types Type relationships should allow arrays of events in turn results","status":"passed","title":"should allow arrays of events in turn results","duration":0.18346400000154972,"failureMessages":[],"meta":{}}],"startTime":1755161766693,"endTime":1755161766709.1833,"status":"passed","message":"","name":"/mnt/c/repotemp/sharpee/packages/engine/tests/types.test.ts"},{"assertionResults":[{"ancestorTitles":["Vocabulary Structure Test"],"fullName":"Vocabulary Structure Test should check verb structure from language provider","status":"passed","title":"should check verb structure from language provider","duration":2.1151300000001356,"failureMessages":[],"meta":{}}],"startTime":1755161805959,"endTime":1755161805961.1152,"status":"passed","message":"","name":"/mnt/c/repotemp/sharpee/packages/engine/tests/verb-structure.test.ts"},{"assertionResults":[{"ancestorTitles":["Command History Integration","Command History Tracking"],"fullName":"Command History Integration Command History Tracking should track successful commands in history","status":"passed","title":"should track successful commands in history","duration":18.451562000002014,"failureMessages":[],"meta":{}},{"ancestorTitles":["Command History Integration","Command History Tracking"],"fullName":"Command History Integration Command History Tracking should not track failed commands","status":"skipped","title":"should not track failed commands","failureMessages":[],"meta":{}},{"ancestorTitles":["Command History Integration","Command History Tracking"],"fullName":"Command History Integration Command History Tracking should track multiple commands in order","status":"skipped","title":"should track multiple commands in order","failureMessages":[],"meta":{}},{"ancestorTitles":["Command History Integration","Command History Tracking"],"fullName":"Command History Integration Command History Tracking should track complex commands with objects and prepositions","status":"skipped","title":"should track complex commands with objects and prepositions","failureMessages":[],"meta":{}},{"ancestorTitles":["Command History Integration","Command History Tracking"],"fullName":"Command History Integration Command History Tracking should not track non-repeatable commands","status":"skipped","title":"should not track non-repeatable commands","failureMessages":[],"meta":{}},{"ancestorTitles":["Command History Integration","Command History Tracking"],"fullName":"Command History Integration Command History Tracking should respect maxEntries limit","status":"skipped","title":"should respect maxEntries limit","failureMessages":[],"meta":{}},{"ancestorTitles":["Command History Integration","Command History Tracking"],"fullName":"Command History Integration Command History Tracking should handle AGAIN command by repeating last command","status":"passed","title":"should handle AGAIN command by repeating last command","duration":5.451171000007889,"failureMessages":[],"meta":{}},{"ancestorTitles":["Command History Integration","Command History Tracking"],"fullName":"Command History Integration Command History Tracking should handle AGAIN with no history","status":"skipped","title":"should handle AGAIN with no history","failureMessages":[],"meta":{}},{"ancestorTitles":["Command History Integration","Command History with Capabilities Not Registered"],"fullName":"Command History Integration Command History with Capabilities Not Registered should gracefully handle missing command history capability","status":"skipped","title":"should gracefully handle missing command history capability","failureMessages":[],"meta":{}}],"startTime":1755161811749,"endTime":1755161811773.4512,"status":"passed","message":"","name":"/mnt/c/repotemp/sharpee/packages/engine/tests/integration/command-history.test.ts"},{"assertionResults":[{"ancestorTitles":["Event Handler System (Integration)","Entity-level handlers"],"fullName":"Event Handler System (Integration) Entity-level handlers should allow entities to define event handlers","status":"passed","title":"should allow entities to define event handlers","duration":2.0347679999995307,"failureMessages":[],"meta":{}},{"ancestorTitles":["Event Handler System (Integration)","Entity-level handlers"],"fullName":"Event Handler System (Integration) Entity-level handlers should handle multiple entities with different handlers","status":"passed","title":"should handle multiple entities with different handlers","duration":0.43600400000104855,"failureMessages":[],"meta":{}},{"ancestorTitles":["Event Handler System (Integration)","Story-level handlers"],"fullName":"Event Handler System (Integration) Story-level handlers should allow stories to register event handlers","status":"passed","title":"should allow stories to register event handlers","duration":0.32816100000127335,"failureMessages":[],"meta":{}},{"ancestorTitles":["Event Handler System (Integration)","Story-level handlers"],"fullName":"Event Handler System (Integration) Story-level handlers should support complex multi-entity interactions","status":"passed","title":"should support complex multi-entity interactions","duration":0.4032740000002377,"failureMessages":[],"meta":{}},{"ancestorTitles":["Event Handler System (Integration)","Handler composition"],"fullName":"Event Handler System (Integration) Handler composition should allow both entity and story handlers to fire","status":"passed","title":"should allow both entity and story handlers to fire","duration":0.6082260000002861,"failureMessages":[],"meta":{}}],"startTime":1755161800256,"endTime":1755161800259.6082,"status":"passed","message":"","name":"/mnt/c/repotemp/sharpee/packages/engine/tests/integration/event-handlers.test.ts"},{"assertionResults":[{"ancestorTitles":["Query Event Emission"],"fullName":"Query Event Emission should emit client.query event when quit is executed","status":"passed","title":"should emit client.query event when quit is executed","duration":15.521080000005895,"failureMessages":[],"meta":{}},{"ancestorTitles":["Query Event Emission"],"fullName":"Query Event Emission should emit platform.quit_requested event","status":"passed","title":"should emit platform.quit_requested event","duration":3.325665999989724,"failureMessages":[],"meta":{}},{"ancestorTitles":["Query Event Emission"],"fullName":"Query Event Emission should emit if.event.quit_requested event","status":"passed","title":"should emit if.event.quit_requested event","duration":5.567221999997855,"failureMessages":[],"meta":{}}],"startTime":1755161811807,"endTime":1755161811831.5671,"status":"passed","message":"","name":"/mnt/c/repotemp/sharpee/packages/engine/tests/integration/query-events.test.ts"},{"assertionResults":[{"ancestorTitles":["Query System Integration - MOVED TO PLATFORM LAYER"],"fullName":"Query System Integration - MOVED TO PLATFORM LAYER should emit client.query event when quit action executes","status":"skipped","title":"should emit client.query event when quit action executes","failureMessages":[],"meta":{}},{"ancestorTitles":["Query System Integration - MOVED TO PLATFORM LAYER"],"fullName":"Query System Integration - MOVED TO PLATFORM LAYER should intercept input when query is pending","status":"skipped","title":"should intercept input when query is pending","failureMessages":[],"meta":{}},{"ancestorTitles":["Query System Integration - MOVED TO PLATFORM LAYER"],"fullName":"Query System Integration - MOVED TO PLATFORM LAYER should handle quit cancellation","status":"skipped","title":"should handle quit cancellation","failureMessages":[],"meta":{}},{"ancestorTitles":["Query System Integration - MOVED TO PLATFORM LAYER"],"fullName":"Query System Integration - MOVED TO PLATFORM LAYER should handle invalid query responses","status":"skipped","title":"should handle invalid query responses","failureMessages":[],"meta":{}},{"ancestorTitles":["Query System Integration - MOVED TO PLATFORM LAYER"],"fullName":"Query System Integration - MOVED TO PLATFORM LAYER should allow command interruption when configured","status":"skipped","title":"should allow command interruption when configured","failureMessages":[],"meta":{}}],"startTime":1755161726429,"endTime":1755161726429,"status":"passed","message":"","name":"/mnt/c/repotemp/sharpee/packages/engine/tests/integration/query-system.test.ts"},{"assertionResults":[{"ancestorTitles":["EventEmitter","on()"],"fullName":"EventEmitter on() should register a handler for an event type","status":"passed","title":"should register a handler for an event type","duration":1.030986000001576,"failureMessages":[],"meta":{}},{"ancestorTitles":["EventEmitter","on()"],"fullName":"EventEmitter on() should allow multiple handlers for the same event","status":"passed","title":"should allow multiple handlers for the same event","duration":0.15861299999960465,"failureMessages":[],"meta":{}},{"ancestorTitles":["EventEmitter","off()"],"fullName":"EventEmitter off() should remove a specific handler","status":"passed","title":"should remove a specific handler","duration":0.14198000000033062,"failureMessages":[],"meta":{}},{"ancestorTitles":["EventEmitter","off()"],"fullName":"EventEmitter off() should handle removing non-existent handler gracefully","status":"passed","title":"should handle removing non-existent handler gracefully","duration":0.674114000001282,"failureMessages":[],"meta":{}},{"ancestorTitles":["EventEmitter","emit()"],"fullName":"EventEmitter emit() should call all registered handlers","status":"passed","title":"should call all registered handlers","duration":0.34084399999846937,"failureMessages":[],"meta":{}},{"ancestorTitles":["EventEmitter","emit()"],"fullName":"EventEmitter emit() should collect semantic events from handlers","status":"passed","title":"should collect semantic events from handlers","duration":0.6923459999998158,"failureMessages":[],"meta":{}},{"ancestorTitles":["EventEmitter","emit()"],"fullName":"EventEmitter emit() should handle handlers that return void","status":"passed","title":"should handle handlers that return void","duration":0.19631299999673502,"failureMessages":[],"meta":{}},{"ancestorTitles":["EventEmitter","clear()"],"fullName":"EventEmitter clear() should clear all handlers for a specific event type","status":"passed","title":"should clear all handlers for a specific event type","duration":0.1675199999990582,"failureMessages":[],"meta":{}},{"ancestorTitles":["EventEmitter","clear()"],"fullName":"EventEmitter clear() should clear all handlers when no event type specified","status":"passed","title":"should clear all handlers when no event type specified","duration":0.38289699999950244,"failureMessages":[],"meta":{}},{"ancestorTitles":["EventEmitter","listenerCount()"],"fullName":"EventEmitter listenerCount() should return 0 for unregistered events","status":"passed","title":"should return 0 for unregistered events","duration":0.11597099999926286,"failureMessages":[],"meta":{}},{"ancestorTitles":["EventEmitter","listenerCount()"],"fullName":"EventEmitter listenerCount() should return correct count for registered events","status":"passed","title":"should return correct count for registered events","duration":0.2201119999990624,"failureMessages":[],"meta":{}}],"startTime":1755161786434,"endTime":1755161786439.2202,"status":"passed","message":"","name":"/mnt/c/repotemp/sharpee/packages/engine/tests/unit/events/event-emitter.test.ts"}]}