{"numTotalTestSuites":82,"numPassedTestSuites":60,"numFailedTestSuites":22,"numPendingTestSuites":0,"numTotalTests":169,"numPassedTests":144,"numFailedTests":21,"numPendingTests":4,"numTodoTests":0,"snapshot":{"added":0,"failure":false,"filesAdded":0,"filesRemoved":0,"filesRemovedList":[],"filesUnmatched":0,"filesUpdated":0,"matched":0,"total":0,"unchecked":0,"uncheckedKeysByFile":[],"unmatched":0,"updated":0,"didUpdate":false},"startTime":1754506068105,"success":false,"testResults":[{"assertionResults":[{"ancestorTitles":["CommandExecutor","initialization"],"fullName":"CommandExecutor initialization should create executor with all dependencies","status":"passed","title":"should create executor with all dependencies","duration":5603.559699000005,"failureMessages":[],"meta":{}},{"ancestorTitles":["CommandExecutor","initialization"],"fullName":"CommandExecutor initialization should create executor using factory function","status":"passed","title":"should create executor using factory function","duration":481.3141220000107,"failureMessages":[],"meta":{}},{"ancestorTitles":["CommandExecutor","command execution"],"fullName":"CommandExecutor command execution should execute a valid command","status":"passed","title":"should execute a valid command","duration":453.39425900002243,"failureMessages":[],"meta":{}},{"ancestorTitles":["CommandExecutor","command execution"],"fullName":"CommandExecutor command execution should include timing data when configured","status":"passed","title":"should include timing data when configured","duration":395.39600300000166,"failureMessages":[],"meta":{}},{"ancestorTitles":["CommandExecutor","command execution"],"fullName":"CommandExecutor command execution should handle unknown commands","status":"passed","title":"should handle unknown commands","duration":424.60003999999026,"failureMessages":[],"meta":{}},{"ancestorTitles":["CommandExecutor","command execution"],"fullName":"CommandExecutor command execution should handle empty input","status":"passed","title":"should handle empty input","duration":400.9594269999943,"failureMessages":[],"meta":{}},{"ancestorTitles":["CommandExecutor","command execution"],"fullName":"CommandExecutor command execution should handle whitespace-only input","status":"passed","title":"should handle whitespace-only input","duration":456.8505259999947,"failureMessages":[],"meta":{}},{"ancestorTitles":["CommandExecutor","command execution"],"fullName":"CommandExecutor command execution should pass context to actions","status":"passed","title":"should pass context to actions","duration":441.5814149999933,"failureMessages":[],"meta":{}},{"ancestorTitles":["CommandExecutor","command execution"],"fullName":"CommandExecutor command execution should handle action execution errors","status":"passed","title":"should handle action execution errors","duration":500.7778330000001,"failureMessages":[],"meta":{}},{"ancestorTitles":["CommandExecutor","command execution"],"fullName":"CommandExecutor command execution should handle sync and async actions","status":"failed","title":"should handle sync and async actions","duration":470.8142139999836,"failureMessages":["AssertionError: expected false to be true // Object.is equality\n    at /mnt/c/repotemp/sharpee/packages/engine/tests/command-executor.test.ts:194:34\n    at processTicksAndRejections (node:internal/process/task_queues:105:5)\n    at file:///mnt/c/repotemp/sharpee/node_modules/.pnpm/@vitest+runner@3.2.4/node_modules/@vitest/runner/dist/chunk-hooks.js:752:20"],"meta":{}},{"ancestorTitles":["CommandExecutor","command parsing"],"fullName":"CommandExecutor command parsing should parse commands using language provider","status":"passed","title":"should parse commands using language provider","duration":362.2200300000259,"failureMessages":[],"meta":{}},{"ancestorTitles":["CommandExecutor","command parsing"],"fullName":"CommandExecutor command parsing should normalize input","status":"passed","title":"should normalize input","duration":433.0900299999921,"failureMessages":[],"meta":{}},{"ancestorTitles":["CommandExecutor","event generation"],"fullName":"CommandExecutor event generation should include action-generated events","status":"passed","title":"should include action-generated events","duration":423.80248100002063,"failureMessages":[],"meta":{}},{"ancestorTitles":["CommandExecutor","event generation"],"fullName":"CommandExecutor event generation should sequence events properly","status":"passed","title":"should sequence events properly","duration":404.66543700001785,"failureMessages":[],"meta":{}},{"ancestorTitles":["CommandExecutor","event generation"],"fullName":"CommandExecutor event generation should add turn metadata to events","status":"passed","title":"should add turn metadata to events","duration":414.6292330000142,"failureMessages":[],"meta":{}},{"ancestorTitles":["CommandExecutor","error handling"],"fullName":"CommandExecutor error handling should handle missing action registry","status":"passed","title":"should handle missing action registry","duration":217.88967100001173,"failureMessages":[],"meta":{}},{"ancestorTitles":["CommandExecutor","error handling"],"fullName":"CommandExecutor error handling should handle missing parser","status":"passed","title":"should handle missing parser","duration":282.0664430000179,"failureMessages":[],"meta":{}},{"ancestorTitles":["CommandExecutor","error handling"],"fullName":"CommandExecutor error handling should handle missing language provider","status":"passed","title":"should handle missing language provider","duration":350.64382499997737,"failureMessages":[],"meta":{}},{"ancestorTitles":["CommandExecutor","error handling"],"fullName":"CommandExecutor error handling should create error event for failed commands","status":"passed","title":"should create error event for failed commands","duration":396.0124820000201,"failureMessages":[],"meta":{}},{"ancestorTitles":["CommandExecutor","integration with story actions"],"fullName":"CommandExecutor integration with story actions should execute story-defined actions","status":"passed","title":"should execute story-defined actions","duration":373.1936649999989,"failureMessages":[],"meta":{}},{"ancestorTitles":["CommandExecutor","integration with story actions"],"fullName":"CommandExecutor integration with story actions should handle story action with arguments","status":"passed","title":"should handle story action with arguments","duration":249.3020039999974,"failureMessages":[],"meta":{}},{"ancestorTitles":["CommandExecutor","integration with story actions"],"fullName":"CommandExecutor integration with story actions should handle failing story action","status":"passed","title":"should handle failing story action","duration":282.1772840000049,"failureMessages":[],"meta":{}},{"ancestorTitles":["CommandExecutor","integration with standard actions"],"fullName":"CommandExecutor integration with standard actions should execute standard actions","status":"passed","title":"should execute standard actions","duration":277.8180609999981,"failureMessages":[],"meta":{}},{"ancestorTitles":["CommandExecutor","integration with standard actions"],"fullName":"CommandExecutor integration with standard actions should handle action aliases","status":"passed","title":"should handle action aliases","duration":332.63455800001975,"failureMessages":[],"meta":{}},{"ancestorTitles":["CommandExecutor","performance"],"fullName":"CommandExecutor performance should execute commands quickly","status":"passed","title":"should execute commands quickly","duration":265.85364899999695,"failureMessages":[],"meta":{}},{"ancestorTitles":["CommandExecutor","performance"],"fullName":"CommandExecutor performance should handle many sequential commands","status":"passed","title":"should handle many sequential commands","duration":164.10170199998538,"failureMessages":[],"meta":{}}],"startTime":1754506205579,"endTime":1754506220440.1018,"status":"failed","message":"","name":"/mnt/c/repotemp/sharpee/packages/engine/tests/command-executor.test.ts"},{"assertionResults":[{"ancestorTitles":["EventSequencer","sequence generation"],"fullName":"EventSequencer sequence generation should generate unique sequence numbers","status":"passed","title":"should generate unique sequence numbers","duration":1.1430550000004587,"failureMessages":[],"meta":{}},{"ancestorTitles":["EventSequencer","sequence generation"],"fullName":"EventSequencer sequence generation should generate monotonically increasing sequences","status":"passed","title":"should generate monotonically increasing sequences","duration":2.6630199999999604,"failureMessages":[],"meta":{}},{"ancestorTitles":["EventSequencer","sequence generation"],"fullName":"EventSequencer sequence generation should handle rapid sequence generation","status":"passed","title":"should handle rapid sequence generation","duration":0.39847800000279676,"failureMessages":[],"meta":{}},{"ancestorTitles":["EventSequencer","event sequencing"],"fullName":"EventSequencer event sequencing should sequence a single event","status":"passed","title":"should sequence a single event","duration":0.6248479999994743,"failureMessages":[],"meta":{}},{"ancestorTitles":["EventSequencer","event sequencing"],"fullName":"EventSequencer event sequencing should sequence multiple events","status":"passed","title":"should sequence multiple events","duration":0.858699999997043,"failureMessages":[],"meta":{}},{"ancestorTitles":["EventSequencer","event sequencing"],"fullName":"EventSequencer event sequencing should add default metadata","status":"passed","title":"should add default metadata","duration":0.17640499999833992,"failureMessages":[],"meta":{}},{"ancestorTitles":["EventSequencer","event sequencing"],"fullName":"EventSequencer event sequencing should preserve optional metadata","status":"passed","title":"should preserve optional metadata","duration":0.17838099999789847,"failureMessages":[],"meta":{}},{"ancestorTitles":["EventSequencer","event sequencing"],"fullName":"EventSequencer event sequencing should handle empty event arrays","status":"passed","title":"should handle empty event arrays","duration":0.0861979999972391,"failureMessages":[],"meta":{}},{"ancestorTitles":["EventSequencer","EventSequenceUtils","sorting"],"fullName":"EventSequencer EventSequenceUtils sorting should sort events by sequence number","status":"passed","title":"should sort events by sequence number","duration":0.2886170000056154,"failureMessages":[],"meta":{}},{"ancestorTitles":["EventSequencer","EventSequenceUtils","sorting"],"fullName":"EventSequencer EventSequenceUtils sorting should not modify original array","status":"passed","title":"should not modify original array","duration":0.44051300000137417,"failureMessages":[],"meta":{}},{"ancestorTitles":["EventSequencer","EventSequenceUtils","sorting"],"fullName":"EventSequencer EventSequenceUtils sorting should handle empty arrays","status":"passed","title":"should handle empty arrays","duration":0.16309699999692384,"failureMessages":[],"meta":{}},{"ancestorTitles":["EventSequencer","EventSequenceUtils","sorting"],"fullName":"EventSequencer EventSequenceUtils sorting should handle single element arrays","status":"passed","title":"should handle single element arrays","duration":0.09501499999896623,"failureMessages":[],"meta":{}},{"ancestorTitles":["EventSequencer","EventSequenceUtils","filtering"],"fullName":"EventSequencer EventSequenceUtils filtering should filter events by type","status":"passed","title":"should filter events by type","duration":0.33673799999814946,"failureMessages":[],"meta":{}},{"ancestorTitles":["EventSequencer","EventSequenceUtils","filtering"],"fullName":"EventSequencer EventSequenceUtils filtering should filter events by turn","status":"passed","title":"should filter events by turn","duration":0.24520000000484288,"failureMessages":[],"meta":{}},{"ancestorTitles":["EventSequencer","EventSequenceUtils","filtering"],"fullName":"EventSequencer EventSequenceUtils filtering should filter events by scope","status":"passed","title":"should filter events by scope","duration":0.18610799999441952,"failureMessages":[],"meta":{}},{"ancestorTitles":["EventSequencer","EventSequenceUtils","filtering"],"fullName":"EventSequencer EventSequenceUtils filtering should handle filtering with no matches","status":"passed","title":"should handle filtering with no matches","duration":0.15219300000171643,"failureMessages":[],"meta":{}},{"ancestorTitles":["EventSequencer","EventSequenceUtils","grouping"],"fullName":"EventSequencer EventSequenceUtils grouping should group events by type","status":"passed","title":"should group events by type","duration":1.568279999999504,"failureMessages":[],"meta":{}},{"ancestorTitles":["EventSequencer","EventSequenceUtils","grouping"],"fullName":"EventSequencer EventSequenceUtils grouping should group events by turn","status":"passed","title":"should group events by turn","duration":1.163355999997293,"failureMessages":[],"meta":{}},{"ancestorTitles":["EventSequencer","EventSequenceUtils","grouping"],"fullName":"EventSequencer EventSequenceUtils grouping should handle empty arrays when grouping","status":"passed","title":"should handle empty arrays when grouping","duration":0.26956399999471614,"failureMessages":[],"meta":{}},{"ancestorTitles":["EventSequencer","EventSequenceUtils","utility functions"],"fullName":"EventSequencer EventSequenceUtils utility functions should get latest event by type","status":"passed","title":"should get latest event by type","duration":0.2776309999972,"failureMessages":[],"meta":{}},{"ancestorTitles":["EventSequencer","EventSequenceUtils","utility functions"],"fullName":"EventSequencer EventSequenceUtils utility functions should return undefined for non-existent type","status":"passed","title":"should return undefined for non-existent type","duration":0.14950600000156555,"failureMessages":[],"meta":{}},{"ancestorTitles":["EventSequencer","EventSequenceUtils","utility functions"],"fullName":"EventSequencer EventSequenceUtils utility functions should count events by type","status":"passed","title":"should count events by type","duration":0.2974580000009155,"failureMessages":[],"meta":{}},{"ancestorTitles":["EventSequencer","EventSequenceUtils","utility functions"],"fullName":"EventSequencer EventSequenceUtils utility functions should handle empty arrays in utility functions","status":"passed","title":"should handle empty arrays in utility functions","duration":0.16296000000147615,"failureMessages":[],"meta":{}},{"ancestorTitles":["EventSequencer","EventSequenceUtils","event range queries"],"fullName":"EventSequencer EventSequenceUtils event range queries should get events in sequence range","status":"passed","title":"should get events in sequence range","duration":0.37086500000441447,"failureMessages":[],"meta":{}},{"ancestorTitles":["EventSequencer","EventSequenceUtils","event range queries"],"fullName":"EventSequencer EventSequenceUtils event range queries should handle exclusive ranges","status":"passed","title":"should handle exclusive ranges","duration":0.2184290000004694,"failureMessages":[],"meta":{}},{"ancestorTitles":["EventSequencer","EventSequenceUtils","event range queries"],"fullName":"EventSequencer EventSequenceUtils event range queries should handle ranges with no events","status":"passed","title":"should handle ranges with no events","duration":0.1270959999965271,"failureMessages":[],"meta":{}},{"ancestorTitles":["EventSequencer","edge cases"],"fullName":"EventSequencer edge cases should handle events with same timestamp but different sequences","status":"passed","title":"should handle events with same timestamp but different sequences","duration":0.19700100000045495,"failureMessages":[],"meta":{}},{"ancestorTitles":["EventSequencer","edge cases"],"fullName":"EventSequencer edge cases should handle very large sequence numbers","status":"passed","title":"should handle very large sequence numbers","duration":0.15379399999801535,"failureMessages":[],"meta":{}}],"startTime":1754506132374,"endTime":1754506132389.2185,"status":"passed","message":"","name":"/mnt/c/repotemp/sharpee/packages/engine/tests/event-sequencer.test.ts"},{"assertionResults":[{"ancestorTitles":["GameEngine Language Management","setLanguage()"],"fullName":"GameEngine Language Management setLanguage() should load language provider and parser dynamically","status":"passed","title":"should load language provider and parser dynamically","duration":113.66137700001127,"failureMessages":[],"meta":{}},{"ancestorTitles":["GameEngine Language Management","setLanguage()"],"fullName":"GameEngine Language Management setLanguage() should handle different parser export patterns","status":"skipped","title":"should handle different parser export patterns","failureMessages":[],"meta":{}},{"ancestorTitles":["GameEngine Language Management","setLanguage()"],"fullName":"GameEngine Language Management setLanguage() should throw error if language code is not provided","status":"passed","title":"should throw error if language code is not provided","duration":1.6474049999960698,"failureMessages":[],"meta":{}},{"ancestorTitles":["GameEngine Language Management","setLanguage()"],"fullName":"GameEngine Language Management setLanguage() should throw error if parser package is not found","status":"skipped","title":"should throw error if parser package is not found","failureMessages":[],"meta":{}},{"ancestorTitles":["GameEngine Language Management","setLanguage()"],"fullName":"GameEngine Language Management setLanguage() should throw error if parser class is not found in package","status":"skipped","title":"should throw error if parser class is not found in package","failureMessages":[],"meta":{}},{"ancestorTitles":["GameEngine Language Management","setLanguage()"],"fullName":"GameEngine Language Management setLanguage() should register parser with ParserFactory","status":"passed","title":"should register parser with ParserFactory","duration":36.50215900002513,"failureMessages":[],"meta":{}},{"ancestorTitles":["GameEngine Language Management","Story integration"],"fullName":"GameEngine Language Management Story integration should use language from story config when setting story","status":"skipped","title":"should use language from story config when setting story","failureMessages":[],"meta":{}},{"ancestorTitles":["GameEngine Language Management","Getters"],"fullName":"GameEngine Language Management Getters should return undefined when no language is set","status":"passed","title":"should return undefined when no language is set","duration":0.44395700001041405,"failureMessages":[],"meta":{}},{"ancestorTitles":["GameEngine Language Management","Getters"],"fullName":"GameEngine Language Management Getters should return parser and language provider after setting language","status":"passed","title":"should return parser and language provider after setting language","duration":137.37635299999965,"failureMessages":[],"meta":{}}],"startTime":1754506202111,"endTime":1754506202401.3765,"status":"passed","message":"","name":"/mnt/c/repotemp/sharpee/packages/engine/tests/game-engine-language.test.ts"},{"assertionResults":[{"ancestorTitles":["GameEngine","initialization"],"fullName":"GameEngine initialization should create an engine with standard setup","status":"passed","title":"should create an engine with standard setup","duration":4224.119867000001,"failureMessages":[],"meta":{}},{"ancestorTitles":["GameEngine","initialization"],"fullName":"GameEngine initialization should initialize with default config","status":"passed","title":"should initialize with default config","duration":934.5768660000176,"failureMessages":[],"meta":{}},{"ancestorTitles":["GameEngine","initialization"],"fullName":"GameEngine initialization should accept custom config","status":"passed","title":"should accept custom config","duration":883.9650039999979,"failureMessages":[],"meta":{}},{"ancestorTitles":["GameEngine","story management"],"fullName":"GameEngine story management should set story and initialize components","status":"passed","title":"should set story and initialize components","duration":1237.4983919999795,"failureMessages":[],"meta":{}},{"ancestorTitles":["GameEngine","story management"],"fullName":"GameEngine story management should properly initialize world with story","status":"passed","title":"should properly initialize world with story","duration":1276.2767480000039,"failureMessages":[],"meta":{}},{"ancestorTitles":["GameEngine","story management"],"fullName":"GameEngine story management should handle story initialization errors gracefully","status":"passed","title":"should handle story initialization errors gracefully","duration":1321.667814000015,"failureMessages":[],"meta":{}},{"ancestorTitles":["GameEngine","engine lifecycle"],"fullName":"GameEngine engine lifecycle should start and stop correctly","status":"passed","title":"should start and stop correctly","duration":1262.0585030000075,"failureMessages":[],"meta":{}},{"ancestorTitles":["GameEngine","engine lifecycle"],"fullName":"GameEngine engine lifecycle should throw if already running","status":"passed","title":"should throw if already running","duration":1104.7570750000014,"failureMessages":[],"meta":{}},{"ancestorTitles":["GameEngine","engine lifecycle"],"fullName":"GameEngine engine lifecycle should throw if executing turn when not running","status":"passed","title":"should throw if executing turn when not running","duration":1123.7114230000007,"failureMessages":[],"meta":{}},{"ancestorTitles":["GameEngine","engine lifecycle"],"fullName":"GameEngine engine lifecycle should throw if no story set before starting","status":"passed","title":"should throw if no story set before starting","duration":1232.517389000015,"failureMessages":[],"meta":{}},{"ancestorTitles":["GameEngine","turn execution"],"fullName":"GameEngine turn execution should execute a basic turn","status":"passed","title":"should execute a basic turn","duration":1280.846428000019,"failureMessages":[],"meta":{}},{"ancestorTitles":["GameEngine","turn execution"],"fullName":"GameEngine turn execution should update context after turn","status":"passed","title":"should update context after turn","duration":934.3181760000007,"failureMessages":[],"meta":{}},{"ancestorTitles":["GameEngine","turn execution"],"fullName":"GameEngine turn execution should emit turn events","status":"passed","title":"should emit turn events","duration":705.9833269999945,"failureMessages":[],"meta":{}},{"ancestorTitles":["GameEngine","turn execution"],"fullName":"GameEngine turn execution should handle turn execution errors","status":"passed","title":"should handle turn execution errors","duration":565.9985370000068,"failureMessages":[],"meta":{}},{"ancestorTitles":["GameEngine","turn execution"],"fullName":"GameEngine turn execution should respect max history limit","status":"passed","title":"should respect max history limit","duration":442.95561200001976,"failureMessages":[],"meta":{}},{"ancestorTitles":["GameEngine","turn execution"],"fullName":"GameEngine turn execution should process text output through channels","status":"failed","title":"should process text output through channels","duration":253.47966599999927,"failureMessages":["AssertionError: expected 0 to be greater than 0\n    at /mnt/c/repotemp/sharpee/packages/engine/tests/game-engine.test.ts:204:48\n    at processTicksAndRejections (node:internal/process/task_queues:105:5)\n    at file:///mnt/c/repotemp/sharpee/node_modules/.pnpm/@vitest+runner@3.2.4/node_modules/@vitest/runner/dist/chunk-hooks.js:752:20"],"meta":{}},{"ancestorTitles":["GameEngine","game state management"],"fullName":"GameEngine game state management should save current state","status":"passed","title":"should save current state","duration":224.91206299999612,"failureMessages":[],"meta":{}},{"ancestorTitles":["GameEngine","game state management"],"fullName":"GameEngine game state management should load saved state","status":"passed","title":"should load saved state","duration":376.74407300000894,"failureMessages":[],"meta":{}},{"ancestorTitles":["GameEngine","game state management"],"fullName":"GameEngine game state management should reject incompatible save versions","status":"passed","title":"should reject incompatible save versions","duration":205.16558700002497,"failureMessages":[],"meta":{}},{"ancestorTitles":["GameEngine","vocabulary management"],"fullName":"GameEngine vocabulary management should update vocabulary for entities in scope","status":"passed","title":"should update vocabulary for entities in scope","duration":206.02093699999386,"failureMessages":[],"meta":{}},{"ancestorTitles":["GameEngine","vocabulary management"],"fullName":"GameEngine vocabulary management should mark entities correctly as in/out of scope","status":"passed","title":"should mark entities correctly as in/out of scope","duration":183.6827110000013,"failureMessages":[],"meta":{}},{"ancestorTitles":["GameEngine","event handling"],"fullName":"GameEngine event handling should emit events during turn execution","status":"passed","title":"should emit events during turn execution","duration":216.28274500000407,"failureMessages":[],"meta":{}},{"ancestorTitles":["GameEngine","event handling"],"fullName":"GameEngine event handling should call onEvent config callback","status":"passed","title":"should call onEvent config callback","duration":421.8398279999965,"failureMessages":[],"meta":{}},{"ancestorTitles":["GameEngine","event handling"],"fullName":"GameEngine event handling should get recent events","status":"passed","title":"should get recent events","duration":198.18760599999223,"failureMessages":[],"meta":{}},{"ancestorTitles":["GameEngine","text service"],"fullName":"GameEngine text service should allow setting custom text service","status":"passed","title":"should allow setting custom text service","duration":195.28939900000114,"failureMessages":[],"meta":{}},{"ancestorTitles":["GameEngine","factory functions"],"fullName":"GameEngine factory functions should create standard engine","status":"passed","title":"should create standard engine","duration":0.5564289999892935,"failureMessages":[],"meta":{}},{"ancestorTitles":["GameEngine","factory functions"],"fullName":"GameEngine factory functions should create engine with story","status":"passed","title":"should create engine with story","duration":334.3679570000095,"failureMessages":[],"meta":{}}],"startTime":1754506202425,"endTime":1754506223776.368,"status":"failed","message":"","name":"/mnt/c/repotemp/sharpee/packages/engine/tests/game-engine.test.ts"},{"assertionResults":[{"ancestorTitles":["Engine Integration Tests","Full game flow"],"fullName":"Engine Integration Tests Full game flow should complete a full game session","status":"failed","title":"should complete a full game session","duration":3178.836645000003,"failureMessages":["AssertionError: expected 0 to be greater than 0\n    at /mnt/c/repotemp/sharpee/packages/engine/tests/integration.test.ts:63:31\n    at processTicksAndRejections (node:internal/process/task_queues:105:5)\n    at file:///mnt/c/repotemp/sharpee/node_modules/.pnpm/@vitest+runner@3.2.4/node_modules/@vitest/runner/dist/chunk-hooks.js:752:20"],"meta":{}},{"ancestorTitles":["Engine Integration Tests","Full game flow"],"fullName":"Engine Integration Tests Full game flow should handle save and restore","status":"passed","title":"should handle save and restore","duration":3219.264216999989,"failureMessages":[],"meta":{}},{"ancestorTitles":["Engine Integration Tests","Full game flow"],"fullName":"Engine Integration Tests Full game flow should handle game completion","status":"passed","title":"should handle game completion","duration":2732.5934320000233,"failureMessages":[],"meta":{}},{"ancestorTitles":["Engine Integration Tests","Error scenarios"],"fullName":"Engine Integration Tests Error scenarios should handle malformed input gracefully","status":"passed","title":"should handle malformed input gracefully","duration":605.8999610000174,"failureMessages":[],"meta":{}},{"ancestorTitles":["Engine Integration Tests","Error scenarios"],"fullName":"Engine Integration Tests Error scenarios should recover from action errors","status":"passed","title":"should recover from action errors","duration":1126.1121870000206,"failureMessages":[],"meta":{}},{"ancestorTitles":["Engine Integration Tests","Performance"],"fullName":"Engine Integration Tests Performance should handle rapid turn execution","status":"passed","title":"should handle rapid turn execution","duration":694.2764999999781,"failureMessages":[],"meta":{}},{"ancestorTitles":["Engine Integration Tests","Event flow"],"fullName":"Engine Integration Tests Event flow should maintain event ordering","status":"passed","title":"should maintain event ordering","duration":637.4693360000092,"failureMessages":[],"meta":{}},{"ancestorTitles":["Engine Integration Tests","Text output integration"],"fullName":"Engine Integration Tests Text output integration should format complex game output","status":"failed","title":"should format complex game output","duration":1043.755151999998,"failureMessages":["AssertionError: expected 0 to be greater than 0\n    at /mnt/c/repotemp/sharpee/packages/engine/tests/integration.test.ts:274:29\n    at processTicksAndRejections (node:internal/process/task_queues:105:5)\n    at file:///mnt/c/repotemp/sharpee/node_modules/.pnpm/@vitest+runner@3.2.4/node_modules/@vitest/runner/dist/chunk-hooks.js:752:20"],"meta":{}},{"ancestorTitles":["Engine Integration Tests","Vocabulary integration"],"fullName":"Engine Integration Tests Vocabulary integration should update vocabulary as player moves","status":"passed","title":"should update vocabulary as player moves","duration":632.3950499999919,"failureMessages":[],"meta":{}},{"ancestorTitles":["Engine Integration Tests","Standard engine setup"],"fullName":"Engine Integration Tests Standard engine setup should create functional standard engine","status":"passed","title":"should create functional standard engine","duration":633.8186459999997,"failureMessages":[],"meta":{}},{"ancestorTitles":["Engine Integration Tests","Complex world navigation"],"fullName":"Engine Integration Tests Complex world navigation should handle multi-room world with objects","status":"failed","title":"should handle multi-room world with objects","duration":903.0183620000025,"failureMessages":["AssertionError: expected 0 to be greater than 0\n    at /mnt/c/repotemp/sharpee/packages/engine/tests/integration.test.ts:352:31\n    at processTicksAndRejections (node:internal/process/task_queues:105:5)\n    at file:///mnt/c/repotemp/sharpee/node_modules/.pnpm/@vitest+runner@3.2.4/node_modules/@vitest/runner/dist/chunk-hooks.js:752:20"],"meta":{}},{"ancestorTitles":["Engine Integration Tests","Turn-based completion"],"fullName":"Engine Integration Tests Turn-based completion should complete game after turn limit","status":"passed","title":"should complete game after turn limit","duration":671.3302540000004,"failureMessages":[],"meta":{}},{"ancestorTitles":["Engine Integration Tests","Turn-based completion"],"fullName":"Engine Integration Tests Turn-based completion should complete game on score threshold","status":"passed","title":"should complete game on score threshold","duration":720.9329299999808,"failureMessages":[],"meta":{}}],"startTime":1754506203525,"endTime":1754506220326.9329,"status":"failed","message":"","name":"/mnt/c/repotemp/sharpee/packages/engine/tests/integration.test.ts"},{"assertionResults":[{"ancestorTitles":["GameEngine Platform Operations","Platform Event Detection"],"fullName":"GameEngine Platform Operations Platform Event Detection should detect and queue platform events during turn execution","status":"passed","title":"should detect and queue platform events during turn execution","duration":3365.9111250000133,"failureMessages":[],"meta":{}},{"ancestorTitles":["GameEngine Platform Operations","Save Operations"],"fullName":"GameEngine Platform Operations Save Operations should process save requested event and call save hook","status":"passed","title":"should process save requested event and call save hook","duration":596.5997990000178,"failureMessages":[],"meta":{}},{"ancestorTitles":["GameEngine Platform Operations","Save Operations"],"fullName":"GameEngine Platform Operations Save Operations should emit save completed event on success","status":"passed","title":"should emit save completed event on success","duration":674.3722439999983,"failureMessages":[],"meta":{}},{"ancestorTitles":["GameEngine Platform Operations","Save Operations"],"fullName":"GameEngine Platform Operations Save Operations should emit save failed event when hook throws","status":"passed","title":"should emit save failed event when hook throws","duration":659.7548850000021,"failureMessages":[],"meta":{}},{"ancestorTitles":["GameEngine Platform Operations","Save Operations"],"fullName":"GameEngine Platform Operations Save Operations should emit error event when no save hook registered","status":"passed","title":"should emit error event when no save hook registered","duration":701.8665510000137,"failureMessages":[],"meta":{}},{"ancestorTitles":["GameEngine Platform Operations","Restore Operations"],"fullName":"GameEngine Platform Operations Restore Operations should process restore requested event and call restore hook","status":"passed","title":"should process restore requested event and call restore hook","duration":702.8885889999801,"failureMessages":[],"meta":{}},{"ancestorTitles":["GameEngine Platform Operations","Restore Operations"],"fullName":"GameEngine Platform Operations Restore Operations should load save data and emit completion event","status":"failed","title":"should load save data and emit completion event","duration":601.2224350000033,"failureMessages":["AssertionError: expected undefined to be defined\n    at /mnt/c/repotemp/sharpee/packages/engine/tests/platform-operations.test.ts:218:31\n    at processTicksAndRejections (node:internal/process/task_queues:105:5)\n    at file:///mnt/c/repotemp/sharpee/node_modules/.pnpm/@vitest+runner@3.2.4/node_modules/@vitest/runner/dist/chunk-hooks.js:752:20"],"meta":{}},{"ancestorTitles":["GameEngine Platform Operations","Restore Operations"],"fullName":"GameEngine Platform Operations Restore Operations should emit restore failed event when no save data available","status":"passed","title":"should emit restore failed event when no save data available","duration":645.078440000012,"failureMessages":[],"meta":{}},{"ancestorTitles":["GameEngine Platform Operations","Quit Operations"],"fullName":"GameEngine Platform Operations Quit Operations should process quit requested event and call quit hook","status":"failed","title":"should process quit requested event and call quit hook","duration":751.6856960000005,"failureMessages":["AssertionError: expected \"spy\" to be called with arguments: [ { score: 100, moves: 50, …(1) } ]\u001b[90m\n\nNumber of calls: \u001b[1m0\u001b[22m\n\u001b[39m\n    at Proxy.<anonymous> (file:///mnt/c/repotemp/sharpee/node_modules/.pnpm/@vitest+expect@3.2.4/node_modules/@vitest/expect/dist/index.js:1355:10)\n    at Proxy.<anonymous> (file:///mnt/c/repotemp/sharpee/node_modules/.pnpm/@vitest+expect@3.2.4/node_modules/@vitest/expect/dist/index.js:1029:14)\n    at Proxy.methodWrapper (file:///mnt/c/repotemp/sharpee/node_modules/.pnpm/chai@5.2.0/node_modules/chai/chai.js:1618:25)\n    at /mnt/c/repotemp/sharpee/packages/engine/tests/platform-operations.test.ts:254:41\n    at processTicksAndRejections (node:internal/process/task_queues:105:5)\n    at file:///mnt/c/repotemp/sharpee/node_modules/.pnpm/@vitest+runner@3.2.4/node_modules/@vitest/runner/dist/chunk-hooks.js:752:20"],"meta":{}},{"ancestorTitles":["GameEngine Platform Operations","Quit Operations"],"fullName":"GameEngine Platform Operations Quit Operations should stop engine and emit confirmation when quit confirmed","status":"failed","title":"should stop engine and emit confirmation when quit confirmed","duration":596.1538259999943,"failureMessages":["AssertionError: expected true to be false // Object.is equality\n    at /mnt/c/repotemp/sharpee/packages/engine/tests/platform-operations.test.ts:271:33\n    at processTicksAndRejections (node:internal/process/task_queues:105:5)\n    at file:///mnt/c/repotemp/sharpee/node_modules/.pnpm/@vitest+runner@3.2.4/node_modules/@vitest/runner/dist/chunk-hooks.js:752:20"],"meta":{}},{"ancestorTitles":["GameEngine Platform Operations","Quit Operations"],"fullName":"GameEngine Platform Operations Quit Operations should emit cancelled event when quit declined","status":"failed","title":"should emit cancelled event when quit declined","duration":603.0193950000103,"failureMessages":["AssertionError: expected undefined to be defined\n    at /mnt/c/repotemp/sharpee/packages/engine/tests/platform-operations.test.ts:293:27\n    at processTicksAndRejections (node:internal/process/task_queues:105:5)\n    at file:///mnt/c/repotemp/sharpee/node_modules/.pnpm/@vitest+runner@3.2.4/node_modules/@vitest/runner/dist/chunk-hooks.js:752:20"],"meta":{}},{"ancestorTitles":["GameEngine Platform Operations","Quit Operations"],"fullName":"GameEngine Platform Operations Quit Operations should quit by default when no hook registered","status":"failed","title":"should quit by default when no hook registered","duration":682.5166249999893,"failureMessages":["AssertionError: expected true to be false // Object.is equality\n    at /mnt/c/repotemp/sharpee/packages/engine/tests/platform-operations.test.ts:310:33\n    at processTicksAndRejections (node:internal/process/task_queues:105:5)\n    at file:///mnt/c/repotemp/sharpee/node_modules/.pnpm/@vitest+runner@3.2.4/node_modules/@vitest/runner/dist/chunk-hooks.js:752:20"],"meta":{}},{"ancestorTitles":["GameEngine Platform Operations","Restart Operations"],"fullName":"GameEngine Platform Operations Restart Operations should process restart requested event and call restart hook","status":"passed","title":"should process restart requested event and call restart hook","duration":1132.8489300000074,"failureMessages":[],"meta":{}},{"ancestorTitles":["GameEngine Platform Operations","Restart Operations"],"fullName":"GameEngine Platform Operations Restart Operations should reinitialize story and emit completion when restart confirmed","status":"passed","title":"should reinitialize story and emit completion when restart confirmed","duration":639.9194790000038,"failureMessages":[],"meta":{}},{"ancestorTitles":["GameEngine Platform Operations","Restart Operations"],"fullName":"GameEngine Platform Operations Restart Operations should emit cancelled event when restart declined","status":"passed","title":"should emit cancelled event when restart declined","duration":639.6660949999932,"failureMessages":[],"meta":{}},{"ancestorTitles":["GameEngine Platform Operations","Multiple Platform Operations"],"fullName":"GameEngine Platform Operations Multiple Platform Operations should process multiple platform operations in order","status":"failed","title":"should process multiple platform operations in order","duration":613.4959900000249,"failureMessages":["AssertionError: expected [ 'save' ] to deeply equal [ 'save', 'quit' ]\n    at /mnt/c/repotemp/sharpee/packages/engine/tests/platform-operations.test.ts:407:25\n    at processTicksAndRejections (node:internal/process/task_queues:105:5)\n    at file:///mnt/c/repotemp/sharpee/node_modules/.pnpm/@vitest+runner@3.2.4/node_modules/@vitest/runner/dist/chunk-hooks.js:752:20"],"meta":{}},{"ancestorTitles":["GameEngine Platform Operations","Multiple Platform Operations"],"fullName":"GameEngine Platform Operations Multiple Platform Operations should continue processing even if one operation fails","status":"failed","title":"should continue processing even if one operation fails","duration":714.1644109999761,"failureMessages":["AssertionError: expected \"spy\" to be called at least once\n    at Proxy.<anonymous> (file:///mnt/c/repotemp/sharpee/node_modules/.pnpm/@vitest+expect@3.2.4/node_modules/@vitest/expect/dist/index.js:1335:10)\n    at Proxy.<anonymous> (file:///mnt/c/repotemp/sharpee/node_modules/.pnpm/@vitest+expect@3.2.4/node_modules/@vitest/expect/dist/index.js:1029:14)\n    at Proxy.methodWrapper (file:///mnt/c/repotemp/sharpee/node_modules/.pnpm/chai@5.2.0/node_modules/chai/chai.js:1618:25)\n    at /mnt/c/repotemp/sharpee/packages/engine/tests/platform-operations.test.ts:425:41\n    at processTicksAndRejections (node:internal/process/task_queues:105:5)\n    at file:///mnt/c/repotemp/sharpee/node_modules/.pnpm/@vitest+runner@3.2.4/node_modules/@vitest/runner/dist/chunk-hooks.js:752:20"],"meta":{}},{"ancestorTitles":["GameEngine Platform Operations","Event Emission"],"fullName":"GameEngine Platform Operations Event Emission should add completion events to current turn events","status":"passed","title":"should add completion events to current turn events","duration":549.1086270000087,"failureMessages":[],"meta":{}},{"ancestorTitles":["GameEngine Platform Operations","Event Emission"],"fullName":"GameEngine Platform Operations Event Emission should emit events through event source","status":"passed","title":"should emit events through event source","duration":578.1092219999991,"failureMessages":[],"meta":{}}],"startTime":1754506203287,"endTime":1754506218737.1091,"status":"failed","message":"","name":"/mnt/c/repotemp/sharpee/packages/engine/tests/platform-operations.test.ts"},{"assertionResults":[{"ancestorTitles":["Story-Based Testing Verification"],"fullName":"Story-Based Testing Verification should successfully initialize engine with test story and language provider","status":"passed","title":"should successfully initialize engine with test story and language provider","duration":3348.0708300000115,"failureMessages":[],"meta":{}},{"ancestorTitles":["Story-Based Testing Verification"],"fullName":"Story-Based Testing Verification should load language provider directly","status":"passed","title":"should load language provider directly","duration":223.29037199998857,"failureMessages":[],"meta":{}}],"startTime":1754506203301,"endTime":1754506206872.2903,"status":"passed","message":"","name":"/mnt/c/repotemp/sharpee/packages/engine/tests/story-testing-verification.test.ts"},{"assertionResults":[{"ancestorTitles":["Story","StoryConfig validation"],"fullName":"Story StoryConfig validation should validate valid story config","status":"passed","title":"should validate valid story config","duration":2.692616000000271,"failureMessages":[],"meta":{}},{"ancestorTitles":["Story","StoryConfig validation"],"fullName":"Story StoryConfig validation should accept author as array","status":"passed","title":"should accept author as array","duration":0.3080469999986235,"failureMessages":[],"meta":{}},{"ancestorTitles":["Story","StoryConfig validation"],"fullName":"Story StoryConfig validation should validate semantic version","status":"passed","title":"should validate semantic version","duration":0.35495600000285776,"failureMessages":[],"meta":{}},{"ancestorTitles":["Story","StoryConfig validation"],"fullName":"Story StoryConfig validation should reject invalid versions","status":"passed","title":"should reject invalid versions","duration":0.5956169999990379,"failureMessages":[],"meta":{}},{"ancestorTitles":["Story","StoryConfig validation"],"fullName":"Story StoryConfig validation should require all mandatory fields","status":"passed","title":"should require all mandatory fields","duration":0.43878399999812245,"failureMessages":[],"meta":{}},{"ancestorTitles":["Story","loadLanguageProvider"],"fullName":"Story loadLanguageProvider should load en-us language provider","status":"passed","title":"should load en-us language provider","duration":43683.096423999996,"failureMessages":[],"meta":{}},{"ancestorTitles":["Story","loadLanguageProvider"],"fullName":"Story loadLanguageProvider should throw for unsupported language","status":"passed","title":"should throw for unsupported language","duration":327.7822659999947,"failureMessages":[],"meta":{}},{"ancestorTitles":["Story","Story lifecycle"],"fullName":"Story Story lifecycle should track completion state","status":"passed","title":"should track completion state","duration":0.3075399999943329,"failureMessages":[],"meta":{}}],"startTime":1754506131644,"endTime":1754506175660.3076,"status":"passed","message":"","name":"/mnt/c/repotemp/sharpee/packages/engine/tests/story.test.ts"},{"assertionResults":[{"ancestorTitles":["Types","GameEvent"],"fullName":"Types GameEvent should create valid game event","status":"passed","title":"should create valid game event","duration":2.3786780000009458,"failureMessages":[],"meta":{}},{"ancestorTitles":["Types","GameEvent"],"fullName":"Types GameEvent should support optional metadata","status":"passed","title":"should support optional metadata","duration":0.3002559999949881,"failureMessages":[],"meta":{}},{"ancestorTitles":["Types","GameEvent"],"fullName":"Types GameEvent should handle empty data","status":"passed","title":"should handle empty data","duration":0.1131489999970654,"failureMessages":[],"meta":{}},{"ancestorTitles":["Types","SequencedEvent"],"fullName":"Types SequencedEvent should extend GameEvent with sequencing data","status":"passed","title":"should extend GameEvent with sequencing data","duration":0.3293409999969299,"failureMessages":[],"meta":{}},{"ancestorTitles":["Types","SequencedEvent"],"fullName":"Types SequencedEvent should support different scopes","status":"passed","title":"should support different scopes","duration":0.18956400000024587,"failureMessages":[],"meta":{}},{"ancestorTitles":["Types","SequencedEvent"],"fullName":"Types SequencedEvent should support optional source","status":"passed","title":"should support optional source","duration":0.12365499999577878,"failureMessages":[],"meta":{}},{"ancestorTitles":["Types","TurnResult"],"fullName":"Types TurnResult should create valid turn result","status":"passed","title":"should create valid turn result","duration":0.2010359999985667,"failureMessages":[],"meta":{}},{"ancestorTitles":["Types","TurnResult"],"fullName":"Types TurnResult should include timing data when provided","status":"passed","title":"should include timing data when provided","duration":0.1204310000030091,"failureMessages":[],"meta":{}},{"ancestorTitles":["Types","TurnResult"],"fullName":"Types TurnResult should include error for failed turns","status":"passed","title":"should include error for failed turns","duration":0.20963599999959115,"failureMessages":[],"meta":{}},{"ancestorTitles":["Types","TurnResult"],"fullName":"Types TurnResult should handle events array","status":"passed","title":"should handle events array","duration":1.3614089999973658,"failureMessages":[],"meta":{}},{"ancestorTitles":["Types","GameContext"],"fullName":"Types GameContext should create valid game context","status":"passed","title":"should create valid game context","duration":1.2030240000021877,"failureMessages":[],"meta":{}},{"ancestorTitles":["Types","GameContext"],"fullName":"Types GameContext should support optional metadata fields","status":"passed","title":"should support optional metadata fields","duration":0.33009499999752734,"failureMessages":[],"meta":{}},{"ancestorTitles":["Types","GameContext"],"fullName":"Types GameContext should maintain turn history","status":"passed","title":"should maintain turn history","duration":0.3875430000043707,"failureMessages":[],"meta":{}},{"ancestorTitles":["Types","EngineConfig"],"fullName":"Types EngineConfig should have default values","status":"passed","title":"should have default values","duration":1.1399050000036368,"failureMessages":[],"meta":{}},{"ancestorTitles":["Types","EngineConfig"],"fullName":"Types EngineConfig should support all configuration options","status":"passed","title":"should support all configuration options","duration":1.5776439999972354,"failureMessages":[],"meta":{}},{"ancestorTitles":["Types","EngineConfig"],"fullName":"Types EngineConfig should handle event callback","status":"passed","title":"should handle event callback","duration":0.44393200000195066,"failureMessages":[],"meta":{}},{"ancestorTitles":["Types","GameState"],"fullName":"Types GameState should create valid game state","status":"passed","title":"should create valid game state","duration":0.471042999997735,"failureMessages":[],"meta":{}},{"ancestorTitles":["Types","GameState"],"fullName":"Types GameState should preserve full context in save state","status":"passed","title":"should preserve full context in save state","duration":0.6650210000007064,"failureMessages":[],"meta":{}},{"ancestorTitles":["Types","TimingData"],"fullName":"Types TimingData should track execution phases","status":"passed","title":"should track execution phases","duration":1.100230999996711,"failureMessages":[],"meta":{}},{"ancestorTitles":["Types","TimingData"],"fullName":"Types TimingData should support optional custom timings","status":"passed","title":"should support optional custom timings","duration":0.9212009999973816,"failureMessages":[],"meta":{}},{"ancestorTitles":["Types","Type relationships"],"fullName":"Types Type relationships should maintain consistency between types","status":"passed","title":"should maintain consistency between types","duration":0.5244880000027479,"failureMessages":[],"meta":{}},{"ancestorTitles":["Types","Type relationships"],"fullName":"Types Type relationships should allow arrays of events in turn results","status":"passed","title":"should allow arrays of events in turn results","duration":0.45345199999428587,"failureMessages":[],"meta":{}}],"startTime":1754506131640,"endTime":1754506131656.5244,"status":"passed","message":"","name":"/mnt/c/repotemp/sharpee/packages/engine/tests/types.test.ts"},{"assertionResults":[{"ancestorTitles":["Vocabulary Structure Test"],"fullName":"Vocabulary Structure Test should check verb structure from language provider","status":"passed","title":"should check verb structure from language provider","duration":2.0005569999993895,"failureMessages":[],"meta":{}}],"startTime":1754506175356,"endTime":1754506175358.0005,"status":"passed","message":"","name":"/mnt/c/repotemp/sharpee/packages/engine/tests/verb-structure.test.ts"},{"assertionResults":[{"ancestorTitles":["Command History Integration","Command History Tracking"],"fullName":"Command History Integration Command History Tracking should track successful commands in history","status":"passed","title":"should track successful commands in history","duration":4373.62443299999,"failureMessages":[],"meta":{}},{"ancestorTitles":["Command History Integration","Command History Tracking"],"fullName":"Command History Integration Command History Tracking should not track failed commands","status":"failed","title":"should not track failed commands","duration":759.6772249999922,"failureMessages":["AssertionError: expected [ { …(5) } ] to have a length of +0 but got 1\n    at Proxy.<anonymous> (file:///mnt/c/repotemp/sharpee/node_modules/.pnpm/@vitest+expect@3.2.4/node_modules/@vitest/expect/dist/index.js:1257:20)\n    at Proxy.<anonymous> (file:///mnt/c/repotemp/sharpee/node_modules/.pnpm/@vitest+expect@3.2.4/node_modules/@vitest/expect/dist/index.js:1029:14)\n    at Proxy.methodWrapper (file:///mnt/c/repotemp/sharpee/node_modules/.pnpm/chai@5.2.0/node_modules/chai/chai.js:1618:25)\n    at /mnt/c/repotemp/sharpee/packages/engine/tests/integration/command-history.test.ts:91:35\n    at processTicksAndRejections (node:internal/process/task_queues:105:5)\n    at file:///mnt/c/repotemp/sharpee/node_modules/.pnpm/@vitest+runner@3.2.4/node_modules/@vitest/runner/dist/chunk-hooks.js:752:20"],"meta":{}},{"ancestorTitles":["Command History Integration","Command History Tracking"],"fullName":"Command History Integration Command History Tracking should track multiple commands in order","status":"failed","title":"should track multiple commands in order","duration":570.1166309999826,"failureMessages":["AssertionError: expected 'if.action.looking' to be 'if.action.inventory' // Object.is equality\n    at /mnt/c/repotemp/sharpee/packages/engine/tests/integration/command-history.test.ts:104:47\n    at processTicksAndRejections (node:internal/process/task_queues:105:5)\n    at file:///mnt/c/repotemp/sharpee/node_modules/.pnpm/@vitest+runner@3.2.4/node_modules/@vitest/runner/dist/chunk-hooks.js:752:20"],"meta":{}},{"ancestorTitles":["Command History Integration","Command History Tracking"],"fullName":"Command History Integration Command History Tracking should track complex commands with objects and prepositions","status":"failed","title":"should track complex commands with objects and prepositions","duration":619.4941969999927,"failureMessages":["AssertionError: expected 'if.action.inventory' to be 'if.action.putting' // Object.is equality\n    at /mnt/c/repotemp/sharpee/packages/engine/tests/integration/command-history.test.ts:127:34\n    at processTicksAndRejections (node:internal/process/task_queues:105:5)\n    at file:///mnt/c/repotemp/sharpee/node_modules/.pnpm/@vitest+runner@3.2.4/node_modules/@vitest/runner/dist/chunk-hooks.js:752:20"],"meta":{}},{"ancestorTitles":["Command History Integration","Command History Tracking"],"fullName":"Command History Integration Command History Tracking should not track non-repeatable commands","status":"failed","title":"should not track non-repeatable commands","duration":738.1605029999919,"failureMessages":["AssertionError: expected [ { …(5) }, { …(5) }, { …(5) } ] to have a length of +0 but got 3\n    at Proxy.<anonymous> (file:///mnt/c/repotemp/sharpee/node_modules/.pnpm/@vitest+expect@3.2.4/node_modules/@vitest/expect/dist/index.js:1257:20)\n    at Proxy.<anonymous> (file:///mnt/c/repotemp/sharpee/node_modules/.pnpm/@vitest+expect@3.2.4/node_modules/@vitest/expect/dist/index.js:1029:14)\n    at Proxy.methodWrapper (file:///mnt/c/repotemp/sharpee/node_modules/.pnpm/chai@5.2.0/node_modules/chai/chai.js:1618:25)\n    at /mnt/c/repotemp/sharpee/packages/engine/tests/integration/command-history.test.ts:141:35\n    at processTicksAndRejections (node:internal/process/task_queues:105:5)\n    at file:///mnt/c/repotemp/sharpee/node_modules/.pnpm/@vitest+runner@3.2.4/node_modules/@vitest/runner/dist/chunk-hooks.js:752:20"],"meta":{}},{"ancestorTitles":["Command History Integration","Command History Tracking"],"fullName":"Command History Integration Command History Tracking should respect maxEntries limit","status":"failed","title":"should respect maxEntries limit","duration":703.3975110000174,"failureMessages":["AssertionError: expected 'if.action.inventory' to be 'if.action.waiting' // Object.is equality\n    at /mnt/c/repotemp/sharpee/packages/engine/tests/integration/command-history.test.ts:158:47\n    at processTicksAndRejections (node:internal/process/task_queues:105:5)\n    at file:///mnt/c/repotemp/sharpee/node_modules/.pnpm/@vitest+runner@3.2.4/node_modules/@vitest/runner/dist/chunk-hooks.js:752:20"],"meta":{}},{"ancestorTitles":["Command History Integration","Command History Tracking"],"fullName":"Command History Integration Command History Tracking should handle AGAIN command by repeating last command","status":"passed","title":"should handle AGAIN command by repeating last command","duration":597.3724609999917,"failureMessages":[],"meta":{}},{"ancestorTitles":["Command History Integration","Command History Tracking"],"fullName":"Command History Integration Command History Tracking should handle AGAIN with no history","status":"failed","title":"should handle AGAIN with no history","duration":648.2901279999933,"failureMessages":["AssertionError: expected true to be false // Object.is equality\n    at /mnt/c/repotemp/sharpee/packages/engine/tests/integration/command-history.test.ts:186:30\n    at processTicksAndRejections (node:internal/process/task_queues:105:5)\n    at file:///mnt/c/repotemp/sharpee/node_modules/.pnpm/@vitest+runner@3.2.4/node_modules/@vitest/runner/dist/chunk-hooks.js:752:20"],"meta":{}},{"ancestorTitles":["Command History Integration","Command History with Capabilities Not Registered"],"fullName":"Command History Integration Command History with Capabilities Not Registered should gracefully handle missing command history capability","status":"failed","title":"should gracefully handle missing command history capability","duration":1141.7075809999951,"failureMessages":["AssertionError: expected undefined to be null\n    at /mnt/c/repotemp/sharpee/packages/engine/tests/integration/command-history.test.ts:211:27\n    at processTicksAndRejections (node:internal/process/task_queues:105:5)\n    at file:///mnt/c/repotemp/sharpee/node_modules/.pnpm/@vitest+runner@3.2.4/node_modules/@vitest/runner/dist/chunk-hooks.js:752:20"],"meta":{}}],"startTime":1754506202289,"endTime":1754506212441.7075,"status":"failed","message":"","name":"/mnt/c/repotemp/sharpee/packages/engine/tests/integration/command-history.test.ts"},{"assertionResults":[{"ancestorTitles":["Query System Integration"],"fullName":"Query System Integration should emit client.query event when quit action executes","status":"passed","title":"should emit client.query event when quit action executes","duration":1875.2603579999995,"failureMessages":[],"meta":{}},{"ancestorTitles":["Query System Integration"],"fullName":"Query System Integration should intercept input when query is pending","status":"passed","title":"should intercept input when query is pending","duration":466.0693949999986,"failureMessages":[],"meta":{}},{"ancestorTitles":["Query System Integration"],"fullName":"Query System Integration should handle quit cancellation","status":"failed","title":"should handle quit cancellation","duration":299.1161070000089,"failureMessages":["AssertionError: expected undefined to be defined\n    at /mnt/c/repotemp/sharpee/packages/engine/tests/integration/query-system.test.ts:102:25\n    at processTicksAndRejections (node:internal/process/task_queues:105:5)\n    at file:///mnt/c/repotemp/sharpee/node_modules/.pnpm/@vitest+runner@3.2.4/node_modules/@vitest/runner/dist/chunk-hooks.js:752:20"],"meta":{}},{"ancestorTitles":["Query System Integration"],"fullName":"Query System Integration should handle invalid query responses","status":"failed","title":"should handle invalid query responses","duration":157.63200299997698,"failureMessages":["AssertionError: expected undefined to be defined\n    at /mnt/c/repotemp/sharpee/packages/engine/tests/integration/query-system.test.ts:125:26\n    at processTicksAndRejections (node:internal/process/task_queues:105:5)\n    at file:///mnt/c/repotemp/sharpee/node_modules/.pnpm/@vitest+runner@3.2.4/node_modules/@vitest/runner/dist/chunk-hooks.js:752:20"],"meta":{}},{"ancestorTitles":["Query System Integration"],"fullName":"Query System Integration should allow command interruption when configured","status":"passed","title":"should allow command interruption when configured","duration":358.0009789999749,"failureMessages":[],"meta":{}}],"startTime":1754506203302,"endTime":1754506206459.001,"status":"failed","message":"","name":"/mnt/c/repotemp/sharpee/packages/engine/tests/integration/query-system.test.ts"}]}