{"numTotalTestSuites":64,"numPassedTestSuites":18,"numFailedTestSuites":46,"numPendingTestSuites":0,"numTotalTests":111,"numPassedTests":53,"numFailedTests":58,"numPendingTests":0,"numTodoTests":0,"snapshot":{"added":0,"failure":false,"filesAdded":0,"filesRemoved":0,"filesRemovedList":[],"filesUnmatched":0,"filesUpdated":0,"matched":0,"total":0,"unchecked":0,"uncheckedKeysByFile":[],"unmatched":0,"updated":0,"didUpdate":false},"startTime":1754095925330,"success":false,"testResults":[{"assertionResults":[{"ancestorTitles":["CommandExecutor","initialization"],"fullName":"CommandExecutor initialization should create executor with all dependencies","status":"passed","title":"should create executor with all dependencies","duration":893.9658600000112,"failureMessages":[],"meta":{}},{"ancestorTitles":["CommandExecutor","initialization"],"fullName":"CommandExecutor initialization should create executor using factory function","status":"passed","title":"should create executor using factory function","duration":91.75932700000703,"failureMessages":[],"meta":{}},{"ancestorTitles":["CommandExecutor","command execution"],"fullName":"CommandExecutor command execution should execute a valid command","status":"passed","title":"should execute a valid command","duration":92.64993300000788,"failureMessages":[],"meta":{}},{"ancestorTitles":["CommandExecutor","command execution"],"fullName":"CommandExecutor command execution should include timing data when configured","status":"failed","title":"should include timing data when configured","duration":85.0255610000022,"failureMessages":["AssertionError: expected undefined to be defined\n    at /mnt/c/repotemp/sharpee/packages/engine/tests/command-executor.test.ts:118:29\n    at processTicksAndRejections (node:internal/process/task_queues:105:5)\n    at file:///mnt/c/repotemp/sharpee/node_modules/.pnpm/@vitest+runner@3.2.4/node_modules/@vitest/runner/dist/chunk-hooks.js:752:20"],"meta":{}},{"ancestorTitles":["CommandExecutor","command execution"],"fullName":"CommandExecutor command execution should handle unknown commands","status":"passed","title":"should handle unknown commands","duration":58.15926400000171,"failureMessages":[],"meta":{}},{"ancestorTitles":["CommandExecutor","command execution"],"fullName":"CommandExecutor command execution should handle empty input","status":"passed","title":"should handle empty input","duration":101.58653500000946,"failureMessages":[],"meta":{}},{"ancestorTitles":["CommandExecutor","command execution"],"fullName":"CommandExecutor command execution should handle whitespace-only input","status":"passed","title":"should handle whitespace-only input","duration":50.879056999998284,"failureMessages":[],"meta":{}},{"ancestorTitles":["CommandExecutor","command execution"],"fullName":"CommandExecutor command execution should pass context to actions","status":"passed","title":"should pass context to actions","duration":82.88108399999328,"failureMessages":[],"meta":{}},{"ancestorTitles":["CommandExecutor","command execution"],"fullName":"CommandExecutor command execution should handle action execution errors","status":"passed","title":"should handle action execution errors","duration":82.99948199999926,"failureMessages":[],"meta":{}},{"ancestorTitles":["CommandExecutor","command execution"],"fullName":"CommandExecutor command execution should handle sync and async actions","status":"failed","title":"should handle sync and async actions","duration":60.530752999999095,"failureMessages":["AssertionError: expected false to be true // Object.is equality\n    at /mnt/c/repotemp/sharpee/packages/engine/tests/command-executor.test.ts:194:34\n    at processTicksAndRejections (node:internal/process/task_queues:105:5)\n    at file:///mnt/c/repotemp/sharpee/node_modules/.pnpm/@vitest+runner@3.2.4/node_modules/@vitest/runner/dist/chunk-hooks.js:752:20"],"meta":{}},{"ancestorTitles":["CommandExecutor","command parsing"],"fullName":"CommandExecutor command parsing should parse commands using language provider","status":"passed","title":"should parse commands using language provider","duration":84.36316200000874,"failureMessages":[],"meta":{}},{"ancestorTitles":["CommandExecutor","command parsing"],"fullName":"CommandExecutor command parsing should normalize input","status":"passed","title":"should normalize input","duration":92.86266500000784,"failureMessages":[],"meta":{}},{"ancestorTitles":["CommandExecutor","event generation"],"fullName":"CommandExecutor event generation should include action-generated events","status":"passed","title":"should include action-generated events","duration":56.10869999999704,"failureMessages":[],"meta":{}},{"ancestorTitles":["CommandExecutor","event generation"],"fullName":"CommandExecutor event generation should sequence events properly","status":"passed","title":"should sequence events properly","duration":104.394776000001,"failureMessages":[],"meta":{}},{"ancestorTitles":["CommandExecutor","event generation"],"fullName":"CommandExecutor event generation should add turn metadata to events","status":"passed","title":"should add turn metadata to events","duration":92.80629700000281,"failureMessages":[],"meta":{}},{"ancestorTitles":["CommandExecutor","error handling"],"fullName":"CommandExecutor error handling should handle missing action registry","status":"passed","title":"should handle missing action registry","duration":71.64197699999204,"failureMessages":[],"meta":{}},{"ancestorTitles":["CommandExecutor","error handling"],"fullName":"CommandExecutor error handling should handle missing parser","status":"passed","title":"should handle missing parser","duration":94.7462419999938,"failureMessages":[],"meta":{}},{"ancestorTitles":["CommandExecutor","error handling"],"fullName":"CommandExecutor error handling should handle missing language provider","status":"passed","title":"should handle missing language provider","duration":113.44189399998868,"failureMessages":[],"meta":{}},{"ancestorTitles":["CommandExecutor","error handling"],"fullName":"CommandExecutor error handling should create error event for failed commands","status":"passed","title":"should create error event for failed commands","duration":61.5587200000009,"failureMessages":[],"meta":{}},{"ancestorTitles":["CommandExecutor","integration with story actions"],"fullName":"CommandExecutor integration with story actions should execute story-defined actions","status":"passed","title":"should execute story-defined actions","duration":53.70081900000514,"failureMessages":[],"meta":{}},{"ancestorTitles":["CommandExecutor","integration with story actions"],"fullName":"CommandExecutor integration with story actions should handle story action with arguments","status":"passed","title":"should handle story action with arguments","duration":39.108481999996,"failureMessages":[],"meta":{}},{"ancestorTitles":["CommandExecutor","integration with story actions"],"fullName":"CommandExecutor integration with story actions should handle failing story action","status":"passed","title":"should handle failing story action","duration":49.70670000000973,"failureMessages":[],"meta":{}},{"ancestorTitles":["CommandExecutor","integration with standard actions"],"fullName":"CommandExecutor integration with standard actions should execute standard actions","status":"passed","title":"should execute standard actions","duration":45.925092999998014,"failureMessages":[],"meta":{}},{"ancestorTitles":["CommandExecutor","integration with standard actions"],"fullName":"CommandExecutor integration with standard actions should handle action aliases","status":"passed","title":"should handle action aliases","duration":49.21308799998951,"failureMessages":[],"meta":{}},{"ancestorTitles":["CommandExecutor","performance"],"fullName":"CommandExecutor performance should execute commands quickly","status":"passed","title":"should execute commands quickly","duration":50.68386299999838,"failureMessages":[],"meta":{}},{"ancestorTitles":["CommandExecutor","performance"],"fullName":"CommandExecutor performance should handle many sequential commands","status":"passed","title":"should handle many sequential commands","duration":47.39591900000232,"failureMessages":[],"meta":{}}],"startTime":1754096018592,"endTime":1754096021301.396,"status":"failed","message":"","name":"/mnt/c/repotemp/sharpee/packages/engine/tests/command-executor.test.ts"},{"assertionResults":[{"ancestorTitles":["EventSequencer","sequence generation"],"fullName":"EventSequencer sequence generation should generate unique sequence numbers","status":"failed","title":"should generate unique sequence numbers","duration":21.38557700000092,"failureMessages":["ReferenceError: jest is not defined\n    at /mnt/c/repotemp/sharpee/packages/engine/tests/event-sequencer.test.ts:12:5\n    at file:///mnt/c/repotemp/sharpee/node_modules/.pnpm/@vitest+runner@3.2.4/node_modules/@vitest/runner/dist/chunk-hooks.js:155:11\n    at file:///mnt/c/repotemp/sharpee/node_modules/.pnpm/@vitest+runner@3.2.4/node_modules/@vitest/runner/dist/chunk-hooks.js:1897:20\n    at new Promise (<anonymous>)\n    at runWithTimeout (file:///mnt/c/repotemp/sharpee/node_modules/.pnpm/@vitest+runner@3.2.4/node_modules/@vitest/runner/dist/chunk-hooks.js:1863:10)\n    at runHook (file:///mnt/c/repotemp/sharpee/node_modules/.pnpm/@vitest+runner@3.2.4/node_modules/@vitest/runner/dist/chunk-hooks.js:1436:51)\n    at callSuiteHook (file:///mnt/c/repotemp/sharpee/node_modules/.pnpm/@vitest+runner@3.2.4/node_modules/@vitest/runner/dist/chunk-hooks.js:1442:25)\n    at processTicksAndRejections (node:internal/process/task_queues:105:5)\n    at callSuiteHook (file:///mnt/c/repotemp/sharpee/node_modules/.pnpm/@vitest+runner@3.2.4/node_modules/@vitest/runner/dist/chunk-hooks.js:1429:21)\n    at runTest (file:///mnt/c/repotemp/sharpee/node_modules/.pnpm/@vitest+runner@3.2.4/node_modules/@vitest/runner/dist/chunk-hooks.js:1566:26)"],"meta":{}},{"ancestorTitles":["EventSequencer","sequence generation"],"fullName":"EventSequencer sequence generation should generate monotonically increasing sequences","status":"failed","title":"should generate monotonically increasing sequences","duration":1.709074000005785,"failureMessages":["ReferenceError: jest is not defined\n    at /mnt/c/repotemp/sharpee/packages/engine/tests/event-sequencer.test.ts:12:5\n    at file:///mnt/c/repotemp/sharpee/node_modules/.pnpm/@vitest+runner@3.2.4/node_modules/@vitest/runner/dist/chunk-hooks.js:155:11\n    at file:///mnt/c/repotemp/sharpee/node_modules/.pnpm/@vitest+runner@3.2.4/node_modules/@vitest/runner/dist/chunk-hooks.js:1897:20\n    at new Promise (<anonymous>)\n    at runWithTimeout (file:///mnt/c/repotemp/sharpee/node_modules/.pnpm/@vitest+runner@3.2.4/node_modules/@vitest/runner/dist/chunk-hooks.js:1863:10)\n    at runHook (file:///mnt/c/repotemp/sharpee/node_modules/.pnpm/@vitest+runner@3.2.4/node_modules/@vitest/runner/dist/chunk-hooks.js:1436:51)\n    at callSuiteHook (file:///mnt/c/repotemp/sharpee/node_modules/.pnpm/@vitest+runner@3.2.4/node_modules/@vitest/runner/dist/chunk-hooks.js:1442:25)\n    at processTicksAndRejections (node:internal/process/task_queues:105:5)\n    at callSuiteHook (file:///mnt/c/repotemp/sharpee/node_modules/.pnpm/@vitest+runner@3.2.4/node_modules/@vitest/runner/dist/chunk-hooks.js:1429:21)\n    at runTest (file:///mnt/c/repotemp/sharpee/node_modules/.pnpm/@vitest+runner@3.2.4/node_modules/@vitest/runner/dist/chunk-hooks.js:1566:26)"],"meta":{}},{"ancestorTitles":["EventSequencer","sequence generation"],"fullName":"EventSequencer sequence generation should handle rapid sequence generation","status":"failed","title":"should handle rapid sequence generation","duration":0.5698819999961415,"failureMessages":["ReferenceError: jest is not defined\n    at /mnt/c/repotemp/sharpee/packages/engine/tests/event-sequencer.test.ts:12:5\n    at file:///mnt/c/repotemp/sharpee/node_modules/.pnpm/@vitest+runner@3.2.4/node_modules/@vitest/runner/dist/chunk-hooks.js:155:11\n    at file:///mnt/c/repotemp/sharpee/node_modules/.pnpm/@vitest+runner@3.2.4/node_modules/@vitest/runner/dist/chunk-hooks.js:1897:20\n    at new Promise (<anonymous>)\n    at runWithTimeout (file:///mnt/c/repotemp/sharpee/node_modules/.pnpm/@vitest+runner@3.2.4/node_modules/@vitest/runner/dist/chunk-hooks.js:1863:10)\n    at runHook (file:///mnt/c/repotemp/sharpee/node_modules/.pnpm/@vitest+runner@3.2.4/node_modules/@vitest/runner/dist/chunk-hooks.js:1436:51)\n    at callSuiteHook (file:///mnt/c/repotemp/sharpee/node_modules/.pnpm/@vitest+runner@3.2.4/node_modules/@vitest/runner/dist/chunk-hooks.js:1442:25)\n    at processTicksAndRejections (node:internal/process/task_queues:105:5)\n    at callSuiteHook (file:///mnt/c/repotemp/sharpee/node_modules/.pnpm/@vitest+runner@3.2.4/node_modules/@vitest/runner/dist/chunk-hooks.js:1429:21)\n    at runTest (file:///mnt/c/repotemp/sharpee/node_modules/.pnpm/@vitest+runner@3.2.4/node_modules/@vitest/runner/dist/chunk-hooks.js:1566:26)"],"meta":{}},{"ancestorTitles":["EventSequencer","event sequencing"],"fullName":"EventSequencer event sequencing should sequence a single event","status":"failed","title":"should sequence a single event","duration":0.6435569999957806,"failureMessages":["ReferenceError: jest is not defined\n    at /mnt/c/repotemp/sharpee/packages/engine/tests/event-sequencer.test.ts:12:5\n    at file:///mnt/c/repotemp/sharpee/node_modules/.pnpm/@vitest+runner@3.2.4/node_modules/@vitest/runner/dist/chunk-hooks.js:155:11\n    at file:///mnt/c/repotemp/sharpee/node_modules/.pnpm/@vitest+runner@3.2.4/node_modules/@vitest/runner/dist/chunk-hooks.js:1897:20\n    at new Promise (<anonymous>)\n    at runWithTimeout (file:///mnt/c/repotemp/sharpee/node_modules/.pnpm/@vitest+runner@3.2.4/node_modules/@vitest/runner/dist/chunk-hooks.js:1863:10)\n    at runHook (file:///mnt/c/repotemp/sharpee/node_modules/.pnpm/@vitest+runner@3.2.4/node_modules/@vitest/runner/dist/chunk-hooks.js:1436:51)\n    at callSuiteHook (file:///mnt/c/repotemp/sharpee/node_modules/.pnpm/@vitest+runner@3.2.4/node_modules/@vitest/runner/dist/chunk-hooks.js:1442:25)\n    at processTicksAndRejections (node:internal/process/task_queues:105:5)\n    at callSuiteHook (file:///mnt/c/repotemp/sharpee/node_modules/.pnpm/@vitest+runner@3.2.4/node_modules/@vitest/runner/dist/chunk-hooks.js:1429:21)\n    at runTest (file:///mnt/c/repotemp/sharpee/node_modules/.pnpm/@vitest+runner@3.2.4/node_modules/@vitest/runner/dist/chunk-hooks.js:1566:26)"],"meta":{}},{"ancestorTitles":["EventSequencer","event sequencing"],"fullName":"EventSequencer event sequencing should sequence multiple events","status":"failed","title":"should sequence multiple events","duration":0.3407459999943967,"failureMessages":["ReferenceError: jest is not defined\n    at /mnt/c/repotemp/sharpee/packages/engine/tests/event-sequencer.test.ts:12:5\n    at file:///mnt/c/repotemp/sharpee/node_modules/.pnpm/@vitest+runner@3.2.4/node_modules/@vitest/runner/dist/chunk-hooks.js:155:11\n    at file:///mnt/c/repotemp/sharpee/node_modules/.pnpm/@vitest+runner@3.2.4/node_modules/@vitest/runner/dist/chunk-hooks.js:1897:20\n    at new Promise (<anonymous>)\n    at runWithTimeout (file:///mnt/c/repotemp/sharpee/node_modules/.pnpm/@vitest+runner@3.2.4/node_modules/@vitest/runner/dist/chunk-hooks.js:1863:10)\n    at runHook (file:///mnt/c/repotemp/sharpee/node_modules/.pnpm/@vitest+runner@3.2.4/node_modules/@vitest/runner/dist/chunk-hooks.js:1436:51)\n    at callSuiteHook (file:///mnt/c/repotemp/sharpee/node_modules/.pnpm/@vitest+runner@3.2.4/node_modules/@vitest/runner/dist/chunk-hooks.js:1442:25)\n    at processTicksAndRejections (node:internal/process/task_queues:105:5)\n    at callSuiteHook (file:///mnt/c/repotemp/sharpee/node_modules/.pnpm/@vitest+runner@3.2.4/node_modules/@vitest/runner/dist/chunk-hooks.js:1429:21)\n    at runTest (file:///mnt/c/repotemp/sharpee/node_modules/.pnpm/@vitest+runner@3.2.4/node_modules/@vitest/runner/dist/chunk-hooks.js:1566:26)"],"meta":{}},{"ancestorTitles":["EventSequencer","event sequencing"],"fullName":"EventSequencer event sequencing should add default metadata","status":"failed","title":"should add default metadata","duration":0.19060000000172295,"failureMessages":["ReferenceError: jest is not defined\n    at /mnt/c/repotemp/sharpee/packages/engine/tests/event-sequencer.test.ts:12:5\n    at file:///mnt/c/repotemp/sharpee/node_modules/.pnpm/@vitest+runner@3.2.4/node_modules/@vitest/runner/dist/chunk-hooks.js:155:11\n    at file:///mnt/c/repotemp/sharpee/node_modules/.pnpm/@vitest+runner@3.2.4/node_modules/@vitest/runner/dist/chunk-hooks.js:1897:20\n    at new Promise (<anonymous>)\n    at runWithTimeout (file:///mnt/c/repotemp/sharpee/node_modules/.pnpm/@vitest+runner@3.2.4/node_modules/@vitest/runner/dist/chunk-hooks.js:1863:10)\n    at runHook (file:///mnt/c/repotemp/sharpee/node_modules/.pnpm/@vitest+runner@3.2.4/node_modules/@vitest/runner/dist/chunk-hooks.js:1436:51)\n    at callSuiteHook (file:///mnt/c/repotemp/sharpee/node_modules/.pnpm/@vitest+runner@3.2.4/node_modules/@vitest/runner/dist/chunk-hooks.js:1442:25)\n    at processTicksAndRejections (node:internal/process/task_queues:105:5)\n    at callSuiteHook (file:///mnt/c/repotemp/sharpee/node_modules/.pnpm/@vitest+runner@3.2.4/node_modules/@vitest/runner/dist/chunk-hooks.js:1429:21)\n    at runTest (file:///mnt/c/repotemp/sharpee/node_modules/.pnpm/@vitest+runner@3.2.4/node_modules/@vitest/runner/dist/chunk-hooks.js:1566:26)"],"meta":{}},{"ancestorTitles":["EventSequencer","event sequencing"],"fullName":"EventSequencer event sequencing should preserve optional metadata","status":"failed","title":"should preserve optional metadata","duration":0.149531000002753,"failureMessages":["ReferenceError: jest is not defined\n    at /mnt/c/repotemp/sharpee/packages/engine/tests/event-sequencer.test.ts:12:5\n    at file:///mnt/c/repotemp/sharpee/node_modules/.pnpm/@vitest+runner@3.2.4/node_modules/@vitest/runner/dist/chunk-hooks.js:155:11\n    at file:///mnt/c/repotemp/sharpee/node_modules/.pnpm/@vitest+runner@3.2.4/node_modules/@vitest/runner/dist/chunk-hooks.js:1897:20\n    at new Promise (<anonymous>)\n    at runWithTimeout (file:///mnt/c/repotemp/sharpee/node_modules/.pnpm/@vitest+runner@3.2.4/node_modules/@vitest/runner/dist/chunk-hooks.js:1863:10)\n    at runHook (file:///mnt/c/repotemp/sharpee/node_modules/.pnpm/@vitest+runner@3.2.4/node_modules/@vitest/runner/dist/chunk-hooks.js:1436:51)\n    at callSuiteHook (file:///mnt/c/repotemp/sharpee/node_modules/.pnpm/@vitest+runner@3.2.4/node_modules/@vitest/runner/dist/chunk-hooks.js:1442:25)\n    at processTicksAndRejections (node:internal/process/task_queues:105:5)\n    at callSuiteHook (file:///mnt/c/repotemp/sharpee/node_modules/.pnpm/@vitest+runner@3.2.4/node_modules/@vitest/runner/dist/chunk-hooks.js:1429:21)\n    at runTest (file:///mnt/c/repotemp/sharpee/node_modules/.pnpm/@vitest+runner@3.2.4/node_modules/@vitest/runner/dist/chunk-hooks.js:1566:26)"],"meta":{}},{"ancestorTitles":["EventSequencer","event sequencing"],"fullName":"EventSequencer event sequencing should handle empty event arrays","status":"failed","title":"should handle empty event arrays","duration":1.5783860000010463,"failureMessages":["ReferenceError: jest is not defined\n    at /mnt/c/repotemp/sharpee/packages/engine/tests/event-sequencer.test.ts:12:5\n    at file:///mnt/c/repotemp/sharpee/node_modules/.pnpm/@vitest+runner@3.2.4/node_modules/@vitest/runner/dist/chunk-hooks.js:155:11\n    at file:///mnt/c/repotemp/sharpee/node_modules/.pnpm/@vitest+runner@3.2.4/node_modules/@vitest/runner/dist/chunk-hooks.js:1897:20\n    at new Promise (<anonymous>)\n    at runWithTimeout (file:///mnt/c/repotemp/sharpee/node_modules/.pnpm/@vitest+runner@3.2.4/node_modules/@vitest/runner/dist/chunk-hooks.js:1863:10)\n    at runHook (file:///mnt/c/repotemp/sharpee/node_modules/.pnpm/@vitest+runner@3.2.4/node_modules/@vitest/runner/dist/chunk-hooks.js:1436:51)\n    at callSuiteHook (file:///mnt/c/repotemp/sharpee/node_modules/.pnpm/@vitest+runner@3.2.4/node_modules/@vitest/runner/dist/chunk-hooks.js:1442:25)\n    at processTicksAndRejections (node:internal/process/task_queues:105:5)\n    at callSuiteHook (file:///mnt/c/repotemp/sharpee/node_modules/.pnpm/@vitest+runner@3.2.4/node_modules/@vitest/runner/dist/chunk-hooks.js:1429:21)\n    at runTest (file:///mnt/c/repotemp/sharpee/node_modules/.pnpm/@vitest+runner@3.2.4/node_modules/@vitest/runner/dist/chunk-hooks.js:1566:26)"],"meta":{}},{"ancestorTitles":["EventSequencer","EventSequenceUtils","sorting"],"fullName":"EventSequencer EventSequenceUtils sorting should sort events by sequence number","status":"failed","title":"should sort events by sequence number","duration":0.3749030000035418,"failureMessages":["ReferenceError: jest is not defined\n    at /mnt/c/repotemp/sharpee/packages/engine/tests/event-sequencer.test.ts:12:5\n    at file:///mnt/c/repotemp/sharpee/node_modules/.pnpm/@vitest+runner@3.2.4/node_modules/@vitest/runner/dist/chunk-hooks.js:155:11\n    at file:///mnt/c/repotemp/sharpee/node_modules/.pnpm/@vitest+runner@3.2.4/node_modules/@vitest/runner/dist/chunk-hooks.js:1897:20\n    at new Promise (<anonymous>)\n    at runWithTimeout (file:///mnt/c/repotemp/sharpee/node_modules/.pnpm/@vitest+runner@3.2.4/node_modules/@vitest/runner/dist/chunk-hooks.js:1863:10)\n    at runHook (file:///mnt/c/repotemp/sharpee/node_modules/.pnpm/@vitest+runner@3.2.4/node_modules/@vitest/runner/dist/chunk-hooks.js:1436:51)\n    at callSuiteHook (file:///mnt/c/repotemp/sharpee/node_modules/.pnpm/@vitest+runner@3.2.4/node_modules/@vitest/runner/dist/chunk-hooks.js:1442:25)\n    at processTicksAndRejections (node:internal/process/task_queues:105:5)\n    at callSuiteHook (file:///mnt/c/repotemp/sharpee/node_modules/.pnpm/@vitest+runner@3.2.4/node_modules/@vitest/runner/dist/chunk-hooks.js:1429:21)\n    at callSuiteHook (file:///mnt/c/repotemp/sharpee/node_modules/.pnpm/@vitest+runner@3.2.4/node_modules/@vitest/runner/dist/chunk-hooks.js:1429:21)"],"meta":{}},{"ancestorTitles":["EventSequencer","EventSequenceUtils","sorting"],"fullName":"EventSequencer EventSequenceUtils sorting should not modify original array","status":"failed","title":"should not modify original array","duration":0.22309200000017881,"failureMessages":["ReferenceError: jest is not defined\n    at /mnt/c/repotemp/sharpee/packages/engine/tests/event-sequencer.test.ts:12:5\n    at file:///mnt/c/repotemp/sharpee/node_modules/.pnpm/@vitest+runner@3.2.4/node_modules/@vitest/runner/dist/chunk-hooks.js:155:11\n    at file:///mnt/c/repotemp/sharpee/node_modules/.pnpm/@vitest+runner@3.2.4/node_modules/@vitest/runner/dist/chunk-hooks.js:1897:20\n    at new Promise (<anonymous>)\n    at runWithTimeout (file:///mnt/c/repotemp/sharpee/node_modules/.pnpm/@vitest+runner@3.2.4/node_modules/@vitest/runner/dist/chunk-hooks.js:1863:10)\n    at runHook (file:///mnt/c/repotemp/sharpee/node_modules/.pnpm/@vitest+runner@3.2.4/node_modules/@vitest/runner/dist/chunk-hooks.js:1436:51)\n    at callSuiteHook (file:///mnt/c/repotemp/sharpee/node_modules/.pnpm/@vitest+runner@3.2.4/node_modules/@vitest/runner/dist/chunk-hooks.js:1442:25)\n    at processTicksAndRejections (node:internal/process/task_queues:105:5)\n    at callSuiteHook (file:///mnt/c/repotemp/sharpee/node_modules/.pnpm/@vitest+runner@3.2.4/node_modules/@vitest/runner/dist/chunk-hooks.js:1429:21)\n    at callSuiteHook (file:///mnt/c/repotemp/sharpee/node_modules/.pnpm/@vitest+runner@3.2.4/node_modules/@vitest/runner/dist/chunk-hooks.js:1429:21)"],"meta":{}},{"ancestorTitles":["EventSequencer","EventSequenceUtils","sorting"],"fullName":"EventSequencer EventSequenceUtils sorting should handle empty arrays","status":"failed","title":"should handle empty arrays","duration":0.1531360000008135,"failureMessages":["ReferenceError: jest is not defined\n    at /mnt/c/repotemp/sharpee/packages/engine/tests/event-sequencer.test.ts:12:5\n    at file:///mnt/c/repotemp/sharpee/node_modules/.pnpm/@vitest+runner@3.2.4/node_modules/@vitest/runner/dist/chunk-hooks.js:155:11\n    at file:///mnt/c/repotemp/sharpee/node_modules/.pnpm/@vitest+runner@3.2.4/node_modules/@vitest/runner/dist/chunk-hooks.js:1897:20\n    at new Promise (<anonymous>)\n    at runWithTimeout (file:///mnt/c/repotemp/sharpee/node_modules/.pnpm/@vitest+runner@3.2.4/node_modules/@vitest/runner/dist/chunk-hooks.js:1863:10)\n    at runHook (file:///mnt/c/repotemp/sharpee/node_modules/.pnpm/@vitest+runner@3.2.4/node_modules/@vitest/runner/dist/chunk-hooks.js:1436:51)\n    at callSuiteHook (file:///mnt/c/repotemp/sharpee/node_modules/.pnpm/@vitest+runner@3.2.4/node_modules/@vitest/runner/dist/chunk-hooks.js:1442:25)\n    at processTicksAndRejections (node:internal/process/task_queues:105:5)\n    at callSuiteHook (file:///mnt/c/repotemp/sharpee/node_modules/.pnpm/@vitest+runner@3.2.4/node_modules/@vitest/runner/dist/chunk-hooks.js:1429:21)\n    at callSuiteHook (file:///mnt/c/repotemp/sharpee/node_modules/.pnpm/@vitest+runner@3.2.4/node_modules/@vitest/runner/dist/chunk-hooks.js:1429:21)"],"meta":{}},{"ancestorTitles":["EventSequencer","EventSequenceUtils","sorting"],"fullName":"EventSequencer EventSequenceUtils sorting should handle single element arrays","status":"failed","title":"should handle single element arrays","duration":0.1909959999975399,"failureMessages":["ReferenceError: jest is not defined\n    at /mnt/c/repotemp/sharpee/packages/engine/tests/event-sequencer.test.ts:12:5\n    at file:///mnt/c/repotemp/sharpee/node_modules/.pnpm/@vitest+runner@3.2.4/node_modules/@vitest/runner/dist/chunk-hooks.js:155:11\n    at file:///mnt/c/repotemp/sharpee/node_modules/.pnpm/@vitest+runner@3.2.4/node_modules/@vitest/runner/dist/chunk-hooks.js:1897:20\n    at new Promise (<anonymous>)\n    at runWithTimeout (file:///mnt/c/repotemp/sharpee/node_modules/.pnpm/@vitest+runner@3.2.4/node_modules/@vitest/runner/dist/chunk-hooks.js:1863:10)\n    at runHook (file:///mnt/c/repotemp/sharpee/node_modules/.pnpm/@vitest+runner@3.2.4/node_modules/@vitest/runner/dist/chunk-hooks.js:1436:51)\n    at callSuiteHook (file:///mnt/c/repotemp/sharpee/node_modules/.pnpm/@vitest+runner@3.2.4/node_modules/@vitest/runner/dist/chunk-hooks.js:1442:25)\n    at processTicksAndRejections (node:internal/process/task_queues:105:5)\n    at callSuiteHook (file:///mnt/c/repotemp/sharpee/node_modules/.pnpm/@vitest+runner@3.2.4/node_modules/@vitest/runner/dist/chunk-hooks.js:1429:21)\n    at callSuiteHook (file:///mnt/c/repotemp/sharpee/node_modules/.pnpm/@vitest+runner@3.2.4/node_modules/@vitest/runner/dist/chunk-hooks.js:1429:21)"],"meta":{}},{"ancestorTitles":["EventSequencer","EventSequenceUtils","filtering"],"fullName":"EventSequencer EventSequenceUtils filtering should filter events by type","status":"failed","title":"should filter events by type","duration":0.16747299999406096,"failureMessages":["ReferenceError: jest is not defined\n    at /mnt/c/repotemp/sharpee/packages/engine/tests/event-sequencer.test.ts:12:5\n    at file:///mnt/c/repotemp/sharpee/node_modules/.pnpm/@vitest+runner@3.2.4/node_modules/@vitest/runner/dist/chunk-hooks.js:155:11\n    at file:///mnt/c/repotemp/sharpee/node_modules/.pnpm/@vitest+runner@3.2.4/node_modules/@vitest/runner/dist/chunk-hooks.js:1897:20\n    at new Promise (<anonymous>)\n    at runWithTimeout (file:///mnt/c/repotemp/sharpee/node_modules/.pnpm/@vitest+runner@3.2.4/node_modules/@vitest/runner/dist/chunk-hooks.js:1863:10)\n    at runHook (file:///mnt/c/repotemp/sharpee/node_modules/.pnpm/@vitest+runner@3.2.4/node_modules/@vitest/runner/dist/chunk-hooks.js:1436:51)\n    at callSuiteHook (file:///mnt/c/repotemp/sharpee/node_modules/.pnpm/@vitest+runner@3.2.4/node_modules/@vitest/runner/dist/chunk-hooks.js:1442:25)\n    at processTicksAndRejections (node:internal/process/task_queues:105:5)\n    at callSuiteHook (file:///mnt/c/repotemp/sharpee/node_modules/.pnpm/@vitest+runner@3.2.4/node_modules/@vitest/runner/dist/chunk-hooks.js:1429:21)\n    at callSuiteHook (file:///mnt/c/repotemp/sharpee/node_modules/.pnpm/@vitest+runner@3.2.4/node_modules/@vitest/runner/dist/chunk-hooks.js:1429:21)"],"meta":{}},{"ancestorTitles":["EventSequencer","EventSequenceUtils","filtering"],"fullName":"EventSequencer EventSequenceUtils filtering should filter events by turn","status":"failed","title":"should filter events by turn","duration":0.13000900000042748,"failureMessages":["ReferenceError: jest is not defined\n    at /mnt/c/repotemp/sharpee/packages/engine/tests/event-sequencer.test.ts:12:5\n    at file:///mnt/c/repotemp/sharpee/node_modules/.pnpm/@vitest+runner@3.2.4/node_modules/@vitest/runner/dist/chunk-hooks.js:155:11\n    at file:///mnt/c/repotemp/sharpee/node_modules/.pnpm/@vitest+runner@3.2.4/node_modules/@vitest/runner/dist/chunk-hooks.js:1897:20\n    at new Promise (<anonymous>)\n    at runWithTimeout (file:///mnt/c/repotemp/sharpee/node_modules/.pnpm/@vitest+runner@3.2.4/node_modules/@vitest/runner/dist/chunk-hooks.js:1863:10)\n    at runHook (file:///mnt/c/repotemp/sharpee/node_modules/.pnpm/@vitest+runner@3.2.4/node_modules/@vitest/runner/dist/chunk-hooks.js:1436:51)\n    at callSuiteHook (file:///mnt/c/repotemp/sharpee/node_modules/.pnpm/@vitest+runner@3.2.4/node_modules/@vitest/runner/dist/chunk-hooks.js:1442:25)\n    at processTicksAndRejections (node:internal/process/task_queues:105:5)\n    at callSuiteHook (file:///mnt/c/repotemp/sharpee/node_modules/.pnpm/@vitest+runner@3.2.4/node_modules/@vitest/runner/dist/chunk-hooks.js:1429:21)\n    at callSuiteHook (file:///mnt/c/repotemp/sharpee/node_modules/.pnpm/@vitest+runner@3.2.4/node_modules/@vitest/runner/dist/chunk-hooks.js:1429:21)"],"meta":{}},{"ancestorTitles":["EventSequencer","EventSequenceUtils","filtering"],"fullName":"EventSequencer EventSequenceUtils filtering should filter events by scope","status":"failed","title":"should filter events by scope","duration":0.24166600000171456,"failureMessages":["ReferenceError: jest is not defined\n    at /mnt/c/repotemp/sharpee/packages/engine/tests/event-sequencer.test.ts:12:5\n    at file:///mnt/c/repotemp/sharpee/node_modules/.pnpm/@vitest+runner@3.2.4/node_modules/@vitest/runner/dist/chunk-hooks.js:155:11\n    at file:///mnt/c/repotemp/sharpee/node_modules/.pnpm/@vitest+runner@3.2.4/node_modules/@vitest/runner/dist/chunk-hooks.js:1897:20\n    at new Promise (<anonymous>)\n    at runWithTimeout (file:///mnt/c/repotemp/sharpee/node_modules/.pnpm/@vitest+runner@3.2.4/node_modules/@vitest/runner/dist/chunk-hooks.js:1863:10)\n    at runHook (file:///mnt/c/repotemp/sharpee/node_modules/.pnpm/@vitest+runner@3.2.4/node_modules/@vitest/runner/dist/chunk-hooks.js:1436:51)\n    at callSuiteHook (file:///mnt/c/repotemp/sharpee/node_modules/.pnpm/@vitest+runner@3.2.4/node_modules/@vitest/runner/dist/chunk-hooks.js:1442:25)\n    at processTicksAndRejections (node:internal/process/task_queues:105:5)\n    at callSuiteHook (file:///mnt/c/repotemp/sharpee/node_modules/.pnpm/@vitest+runner@3.2.4/node_modules/@vitest/runner/dist/chunk-hooks.js:1429:21)\n    at callSuiteHook (file:///mnt/c/repotemp/sharpee/node_modules/.pnpm/@vitest+runner@3.2.4/node_modules/@vitest/runner/dist/chunk-hooks.js:1429:21)"],"meta":{}},{"ancestorTitles":["EventSequencer","EventSequenceUtils","filtering"],"fullName":"EventSequencer EventSequenceUtils filtering should handle filtering with no matches","status":"failed","title":"should handle filtering with no matches","duration":0.39784099999815226,"failureMessages":["ReferenceError: jest is not defined\n    at /mnt/c/repotemp/sharpee/packages/engine/tests/event-sequencer.test.ts:12:5\n    at file:///mnt/c/repotemp/sharpee/node_modules/.pnpm/@vitest+runner@3.2.4/node_modules/@vitest/runner/dist/chunk-hooks.js:155:11\n    at file:///mnt/c/repotemp/sharpee/node_modules/.pnpm/@vitest+runner@3.2.4/node_modules/@vitest/runner/dist/chunk-hooks.js:1897:20\n    at new Promise (<anonymous>)\n    at runWithTimeout (file:///mnt/c/repotemp/sharpee/node_modules/.pnpm/@vitest+runner@3.2.4/node_modules/@vitest/runner/dist/chunk-hooks.js:1863:10)\n    at runHook (file:///mnt/c/repotemp/sharpee/node_modules/.pnpm/@vitest+runner@3.2.4/node_modules/@vitest/runner/dist/chunk-hooks.js:1436:51)\n    at callSuiteHook (file:///mnt/c/repotemp/sharpee/node_modules/.pnpm/@vitest+runner@3.2.4/node_modules/@vitest/runner/dist/chunk-hooks.js:1442:25)\n    at processTicksAndRejections (node:internal/process/task_queues:105:5)\n    at callSuiteHook (file:///mnt/c/repotemp/sharpee/node_modules/.pnpm/@vitest+runner@3.2.4/node_modules/@vitest/runner/dist/chunk-hooks.js:1429:21)\n    at callSuiteHook (file:///mnt/c/repotemp/sharpee/node_modules/.pnpm/@vitest+runner@3.2.4/node_modules/@vitest/runner/dist/chunk-hooks.js:1429:21)"],"meta":{}},{"ancestorTitles":["EventSequencer","EventSequenceUtils","grouping"],"fullName":"EventSequencer EventSequenceUtils grouping should group events by type","status":"failed","title":"should group events by type","duration":0.180848000003607,"failureMessages":["ReferenceError: jest is not defined\n    at /mnt/c/repotemp/sharpee/packages/engine/tests/event-sequencer.test.ts:12:5\n    at file:///mnt/c/repotemp/sharpee/node_modules/.pnpm/@vitest+runner@3.2.4/node_modules/@vitest/runner/dist/chunk-hooks.js:155:11\n    at file:///mnt/c/repotemp/sharpee/node_modules/.pnpm/@vitest+runner@3.2.4/node_modules/@vitest/runner/dist/chunk-hooks.js:1897:20\n    at new Promise (<anonymous>)\n    at runWithTimeout (file:///mnt/c/repotemp/sharpee/node_modules/.pnpm/@vitest+runner@3.2.4/node_modules/@vitest/runner/dist/chunk-hooks.js:1863:10)\n    at runHook (file:///mnt/c/repotemp/sharpee/node_modules/.pnpm/@vitest+runner@3.2.4/node_modules/@vitest/runner/dist/chunk-hooks.js:1436:51)\n    at callSuiteHook (file:///mnt/c/repotemp/sharpee/node_modules/.pnpm/@vitest+runner@3.2.4/node_modules/@vitest/runner/dist/chunk-hooks.js:1442:25)\n    at processTicksAndRejections (node:internal/process/task_queues:105:5)\n    at callSuiteHook (file:///mnt/c/repotemp/sharpee/node_modules/.pnpm/@vitest+runner@3.2.4/node_modules/@vitest/runner/dist/chunk-hooks.js:1429:21)\n    at callSuiteHook (file:///mnt/c/repotemp/sharpee/node_modules/.pnpm/@vitest+runner@3.2.4/node_modules/@vitest/runner/dist/chunk-hooks.js:1429:21)"],"meta":{}},{"ancestorTitles":["EventSequencer","EventSequenceUtils","grouping"],"fullName":"EventSequencer EventSequenceUtils grouping should group events by turn","status":"failed","title":"should group events by turn","duration":0.11241400000290014,"failureMessages":["ReferenceError: jest is not defined\n    at /mnt/c/repotemp/sharpee/packages/engine/tests/event-sequencer.test.ts:12:5\n    at file:///mnt/c/repotemp/sharpee/node_modules/.pnpm/@vitest+runner@3.2.4/node_modules/@vitest/runner/dist/chunk-hooks.js:155:11\n    at file:///mnt/c/repotemp/sharpee/node_modules/.pnpm/@vitest+runner@3.2.4/node_modules/@vitest/runner/dist/chunk-hooks.js:1897:20\n    at new Promise (<anonymous>)\n    at runWithTimeout (file:///mnt/c/repotemp/sharpee/node_modules/.pnpm/@vitest+runner@3.2.4/node_modules/@vitest/runner/dist/chunk-hooks.js:1863:10)\n    at runHook (file:///mnt/c/repotemp/sharpee/node_modules/.pnpm/@vitest+runner@3.2.4/node_modules/@vitest/runner/dist/chunk-hooks.js:1436:51)\n    at callSuiteHook (file:///mnt/c/repotemp/sharpee/node_modules/.pnpm/@vitest+runner@3.2.4/node_modules/@vitest/runner/dist/chunk-hooks.js:1442:25)\n    at processTicksAndRejections (node:internal/process/task_queues:105:5)\n    at callSuiteHook (file:///mnt/c/repotemp/sharpee/node_modules/.pnpm/@vitest+runner@3.2.4/node_modules/@vitest/runner/dist/chunk-hooks.js:1429:21)\n    at callSuiteHook (file:///mnt/c/repotemp/sharpee/node_modules/.pnpm/@vitest+runner@3.2.4/node_modules/@vitest/runner/dist/chunk-hooks.js:1429:21)"],"meta":{}},{"ancestorTitles":["EventSequencer","EventSequenceUtils","grouping"],"fullName":"EventSequencer EventSequenceUtils grouping should handle empty arrays when grouping","status":"failed","title":"should handle empty arrays when grouping","duration":0.08262800000375137,"failureMessages":["ReferenceError: jest is not defined\n    at /mnt/c/repotemp/sharpee/packages/engine/tests/event-sequencer.test.ts:12:5\n    at file:///mnt/c/repotemp/sharpee/node_modules/.pnpm/@vitest+runner@3.2.4/node_modules/@vitest/runner/dist/chunk-hooks.js:155:11\n    at file:///mnt/c/repotemp/sharpee/node_modules/.pnpm/@vitest+runner@3.2.4/node_modules/@vitest/runner/dist/chunk-hooks.js:1897:20\n    at new Promise (<anonymous>)\n    at runWithTimeout (file:///mnt/c/repotemp/sharpee/node_modules/.pnpm/@vitest+runner@3.2.4/node_modules/@vitest/runner/dist/chunk-hooks.js:1863:10)\n    at runHook (file:///mnt/c/repotemp/sharpee/node_modules/.pnpm/@vitest+runner@3.2.4/node_modules/@vitest/runner/dist/chunk-hooks.js:1436:51)\n    at callSuiteHook (file:///mnt/c/repotemp/sharpee/node_modules/.pnpm/@vitest+runner@3.2.4/node_modules/@vitest/runner/dist/chunk-hooks.js:1442:25)\n    at processTicksAndRejections (node:internal/process/task_queues:105:5)\n    at callSuiteHook (file:///mnt/c/repotemp/sharpee/node_modules/.pnpm/@vitest+runner@3.2.4/node_modules/@vitest/runner/dist/chunk-hooks.js:1429:21)\n    at callSuiteHook (file:///mnt/c/repotemp/sharpee/node_modules/.pnpm/@vitest+runner@3.2.4/node_modules/@vitest/runner/dist/chunk-hooks.js:1429:21)"],"meta":{}},{"ancestorTitles":["EventSequencer","EventSequenceUtils","utility functions"],"fullName":"EventSequencer EventSequenceUtils utility functions should get latest event by type","status":"failed","title":"should get latest event by type","duration":0.10659499999746913,"failureMessages":["ReferenceError: jest is not defined\n    at /mnt/c/repotemp/sharpee/packages/engine/tests/event-sequencer.test.ts:12:5\n    at file:///mnt/c/repotemp/sharpee/node_modules/.pnpm/@vitest+runner@3.2.4/node_modules/@vitest/runner/dist/chunk-hooks.js:155:11\n    at file:///mnt/c/repotemp/sharpee/node_modules/.pnpm/@vitest+runner@3.2.4/node_modules/@vitest/runner/dist/chunk-hooks.js:1897:20\n    at new Promise (<anonymous>)\n    at runWithTimeout (file:///mnt/c/repotemp/sharpee/node_modules/.pnpm/@vitest+runner@3.2.4/node_modules/@vitest/runner/dist/chunk-hooks.js:1863:10)\n    at runHook (file:///mnt/c/repotemp/sharpee/node_modules/.pnpm/@vitest+runner@3.2.4/node_modules/@vitest/runner/dist/chunk-hooks.js:1436:51)\n    at callSuiteHook (file:///mnt/c/repotemp/sharpee/node_modules/.pnpm/@vitest+runner@3.2.4/node_modules/@vitest/runner/dist/chunk-hooks.js:1442:25)\n    at processTicksAndRejections (node:internal/process/task_queues:105:5)\n    at callSuiteHook (file:///mnt/c/repotemp/sharpee/node_modules/.pnpm/@vitest+runner@3.2.4/node_modules/@vitest/runner/dist/chunk-hooks.js:1429:21)\n    at callSuiteHook (file:///mnt/c/repotemp/sharpee/node_modules/.pnpm/@vitest+runner@3.2.4/node_modules/@vitest/runner/dist/chunk-hooks.js:1429:21)"],"meta":{}},{"ancestorTitles":["EventSequencer","EventSequenceUtils","utility functions"],"fullName":"EventSequencer EventSequenceUtils utility functions should return undefined for non-existent type","status":"failed","title":"should return undefined for non-existent type","duration":0.1707059999971534,"failureMessages":["ReferenceError: jest is not defined\n    at /mnt/c/repotemp/sharpee/packages/engine/tests/event-sequencer.test.ts:12:5\n    at file:///mnt/c/repotemp/sharpee/node_modules/.pnpm/@vitest+runner@3.2.4/node_modules/@vitest/runner/dist/chunk-hooks.js:155:11\n    at file:///mnt/c/repotemp/sharpee/node_modules/.pnpm/@vitest+runner@3.2.4/node_modules/@vitest/runner/dist/chunk-hooks.js:1897:20\n    at new Promise (<anonymous>)\n    at runWithTimeout (file:///mnt/c/repotemp/sharpee/node_modules/.pnpm/@vitest+runner@3.2.4/node_modules/@vitest/runner/dist/chunk-hooks.js:1863:10)\n    at runHook (file:///mnt/c/repotemp/sharpee/node_modules/.pnpm/@vitest+runner@3.2.4/node_modules/@vitest/runner/dist/chunk-hooks.js:1436:51)\n    at callSuiteHook (file:///mnt/c/repotemp/sharpee/node_modules/.pnpm/@vitest+runner@3.2.4/node_modules/@vitest/runner/dist/chunk-hooks.js:1442:25)\n    at processTicksAndRejections (node:internal/process/task_queues:105:5)\n    at callSuiteHook (file:///mnt/c/repotemp/sharpee/node_modules/.pnpm/@vitest+runner@3.2.4/node_modules/@vitest/runner/dist/chunk-hooks.js:1429:21)\n    at callSuiteHook (file:///mnt/c/repotemp/sharpee/node_modules/.pnpm/@vitest+runner@3.2.4/node_modules/@vitest/runner/dist/chunk-hooks.js:1429:21)"],"meta":{}},{"ancestorTitles":["EventSequencer","EventSequenceUtils","utility functions"],"fullName":"EventSequencer EventSequenceUtils utility functions should count events by type","status":"failed","title":"should count events by type","duration":0.09459899999637855,"failureMessages":["ReferenceError: jest is not defined\n    at /mnt/c/repotemp/sharpee/packages/engine/tests/event-sequencer.test.ts:12:5\n    at file:///mnt/c/repotemp/sharpee/node_modules/.pnpm/@vitest+runner@3.2.4/node_modules/@vitest/runner/dist/chunk-hooks.js:155:11\n    at file:///mnt/c/repotemp/sharpee/node_modules/.pnpm/@vitest+runner@3.2.4/node_modules/@vitest/runner/dist/chunk-hooks.js:1897:20\n    at new Promise (<anonymous>)\n    at runWithTimeout (file:///mnt/c/repotemp/sharpee/node_modules/.pnpm/@vitest+runner@3.2.4/node_modules/@vitest/runner/dist/chunk-hooks.js:1863:10)\n    at runHook (file:///mnt/c/repotemp/sharpee/node_modules/.pnpm/@vitest+runner@3.2.4/node_modules/@vitest/runner/dist/chunk-hooks.js:1436:51)\n    at callSuiteHook (file:///mnt/c/repotemp/sharpee/node_modules/.pnpm/@vitest+runner@3.2.4/node_modules/@vitest/runner/dist/chunk-hooks.js:1442:25)\n    at processTicksAndRejections (node:internal/process/task_queues:105:5)\n    at callSuiteHook (file:///mnt/c/repotemp/sharpee/node_modules/.pnpm/@vitest+runner@3.2.4/node_modules/@vitest/runner/dist/chunk-hooks.js:1429:21)\n    at callSuiteHook (file:///mnt/c/repotemp/sharpee/node_modules/.pnpm/@vitest+runner@3.2.4/node_modules/@vitest/runner/dist/chunk-hooks.js:1429:21)"],"meta":{}},{"ancestorTitles":["EventSequencer","EventSequenceUtils","utility functions"],"fullName":"EventSequencer EventSequenceUtils utility functions should handle empty arrays in utility functions","status":"failed","title":"should handle empty arrays in utility functions","duration":0.2889290000020992,"failureMessages":["ReferenceError: jest is not defined\n    at /mnt/c/repotemp/sharpee/packages/engine/tests/event-sequencer.test.ts:12:5\n    at file:///mnt/c/repotemp/sharpee/node_modules/.pnpm/@vitest+runner@3.2.4/node_modules/@vitest/runner/dist/chunk-hooks.js:155:11\n    at file:///mnt/c/repotemp/sharpee/node_modules/.pnpm/@vitest+runner@3.2.4/node_modules/@vitest/runner/dist/chunk-hooks.js:1897:20\n    at new Promise (<anonymous>)\n    at runWithTimeout (file:///mnt/c/repotemp/sharpee/node_modules/.pnpm/@vitest+runner@3.2.4/node_modules/@vitest/runner/dist/chunk-hooks.js:1863:10)\n    at runHook (file:///mnt/c/repotemp/sharpee/node_modules/.pnpm/@vitest+runner@3.2.4/node_modules/@vitest/runner/dist/chunk-hooks.js:1436:51)\n    at callSuiteHook (file:///mnt/c/repotemp/sharpee/node_modules/.pnpm/@vitest+runner@3.2.4/node_modules/@vitest/runner/dist/chunk-hooks.js:1442:25)\n    at processTicksAndRejections (node:internal/process/task_queues:105:5)\n    at callSuiteHook (file:///mnt/c/repotemp/sharpee/node_modules/.pnpm/@vitest+runner@3.2.4/node_modules/@vitest/runner/dist/chunk-hooks.js:1429:21)\n    at callSuiteHook (file:///mnt/c/repotemp/sharpee/node_modules/.pnpm/@vitest+runner@3.2.4/node_modules/@vitest/runner/dist/chunk-hooks.js:1429:21)"],"meta":{}},{"ancestorTitles":["EventSequencer","EventSequenceUtils","event range queries"],"fullName":"EventSequencer EventSequenceUtils event range queries should get events in sequence range","status":"failed","title":"should get events in sequence range","duration":0.18459399999846937,"failureMessages":["ReferenceError: jest is not defined\n    at /mnt/c/repotemp/sharpee/packages/engine/tests/event-sequencer.test.ts:12:5\n    at file:///mnt/c/repotemp/sharpee/node_modules/.pnpm/@vitest+runner@3.2.4/node_modules/@vitest/runner/dist/chunk-hooks.js:155:11\n    at file:///mnt/c/repotemp/sharpee/node_modules/.pnpm/@vitest+runner@3.2.4/node_modules/@vitest/runner/dist/chunk-hooks.js:1897:20\n    at new Promise (<anonymous>)\n    at runWithTimeout (file:///mnt/c/repotemp/sharpee/node_modules/.pnpm/@vitest+runner@3.2.4/node_modules/@vitest/runner/dist/chunk-hooks.js:1863:10)\n    at runHook (file:///mnt/c/repotemp/sharpee/node_modules/.pnpm/@vitest+runner@3.2.4/node_modules/@vitest/runner/dist/chunk-hooks.js:1436:51)\n    at callSuiteHook (file:///mnt/c/repotemp/sharpee/node_modules/.pnpm/@vitest+runner@3.2.4/node_modules/@vitest/runner/dist/chunk-hooks.js:1442:25)\n    at processTicksAndRejections (node:internal/process/task_queues:105:5)\n    at callSuiteHook (file:///mnt/c/repotemp/sharpee/node_modules/.pnpm/@vitest+runner@3.2.4/node_modules/@vitest/runner/dist/chunk-hooks.js:1429:21)\n    at callSuiteHook (file:///mnt/c/repotemp/sharpee/node_modules/.pnpm/@vitest+runner@3.2.4/node_modules/@vitest/runner/dist/chunk-hooks.js:1429:21)"],"meta":{}},{"ancestorTitles":["EventSequencer","EventSequenceUtils","event range queries"],"fullName":"EventSequencer EventSequenceUtils event range queries should handle exclusive ranges","status":"failed","title":"should handle exclusive ranges","duration":0.13559800000075484,"failureMessages":["ReferenceError: jest is not defined\n    at /mnt/c/repotemp/sharpee/packages/engine/tests/event-sequencer.test.ts:12:5\n    at file:///mnt/c/repotemp/sharpee/node_modules/.pnpm/@vitest+runner@3.2.4/node_modules/@vitest/runner/dist/chunk-hooks.js:155:11\n    at file:///mnt/c/repotemp/sharpee/node_modules/.pnpm/@vitest+runner@3.2.4/node_modules/@vitest/runner/dist/chunk-hooks.js:1897:20\n    at new Promise (<anonymous>)\n    at runWithTimeout (file:///mnt/c/repotemp/sharpee/node_modules/.pnpm/@vitest+runner@3.2.4/node_modules/@vitest/runner/dist/chunk-hooks.js:1863:10)\n    at runHook (file:///mnt/c/repotemp/sharpee/node_modules/.pnpm/@vitest+runner@3.2.4/node_modules/@vitest/runner/dist/chunk-hooks.js:1436:51)\n    at callSuiteHook (file:///mnt/c/repotemp/sharpee/node_modules/.pnpm/@vitest+runner@3.2.4/node_modules/@vitest/runner/dist/chunk-hooks.js:1442:25)\n    at processTicksAndRejections (node:internal/process/task_queues:105:5)\n    at callSuiteHook (file:///mnt/c/repotemp/sharpee/node_modules/.pnpm/@vitest+runner@3.2.4/node_modules/@vitest/runner/dist/chunk-hooks.js:1429:21)\n    at callSuiteHook (file:///mnt/c/repotemp/sharpee/node_modules/.pnpm/@vitest+runner@3.2.4/node_modules/@vitest/runner/dist/chunk-hooks.js:1429:21)"],"meta":{}},{"ancestorTitles":["EventSequencer","EventSequenceUtils","event range queries"],"fullName":"EventSequencer EventSequenceUtils event range queries should handle ranges with no events","status":"failed","title":"should handle ranges with no events","duration":0.1233120000033523,"failureMessages":["ReferenceError: jest is not defined\n    at /mnt/c/repotemp/sharpee/packages/engine/tests/event-sequencer.test.ts:12:5\n    at file:///mnt/c/repotemp/sharpee/node_modules/.pnpm/@vitest+runner@3.2.4/node_modules/@vitest/runner/dist/chunk-hooks.js:155:11\n    at file:///mnt/c/repotemp/sharpee/node_modules/.pnpm/@vitest+runner@3.2.4/node_modules/@vitest/runner/dist/chunk-hooks.js:1897:20\n    at new Promise (<anonymous>)\n    at runWithTimeout (file:///mnt/c/repotemp/sharpee/node_modules/.pnpm/@vitest+runner@3.2.4/node_modules/@vitest/runner/dist/chunk-hooks.js:1863:10)\n    at runHook (file:///mnt/c/repotemp/sharpee/node_modules/.pnpm/@vitest+runner@3.2.4/node_modules/@vitest/runner/dist/chunk-hooks.js:1436:51)\n    at callSuiteHook (file:///mnt/c/repotemp/sharpee/node_modules/.pnpm/@vitest+runner@3.2.4/node_modules/@vitest/runner/dist/chunk-hooks.js:1442:25)\n    at processTicksAndRejections (node:internal/process/task_queues:105:5)\n    at callSuiteHook (file:///mnt/c/repotemp/sharpee/node_modules/.pnpm/@vitest+runner@3.2.4/node_modules/@vitest/runner/dist/chunk-hooks.js:1429:21)\n    at callSuiteHook (file:///mnt/c/repotemp/sharpee/node_modules/.pnpm/@vitest+runner@3.2.4/node_modules/@vitest/runner/dist/chunk-hooks.js:1429:21)"],"meta":{}},{"ancestorTitles":["EventSequencer","edge cases"],"fullName":"EventSequencer edge cases should handle events with same timestamp but different sequences","status":"failed","title":"should handle events with same timestamp but different sequences","duration":0.1282089999949676,"failureMessages":["ReferenceError: jest is not defined\n    at /mnt/c/repotemp/sharpee/packages/engine/tests/event-sequencer.test.ts:12:5\n    at file:///mnt/c/repotemp/sharpee/node_modules/.pnpm/@vitest+runner@3.2.4/node_modules/@vitest/runner/dist/chunk-hooks.js:155:11\n    at file:///mnt/c/repotemp/sharpee/node_modules/.pnpm/@vitest+runner@3.2.4/node_modules/@vitest/runner/dist/chunk-hooks.js:1897:20\n    at new Promise (<anonymous>)\n    at runWithTimeout (file:///mnt/c/repotemp/sharpee/node_modules/.pnpm/@vitest+runner@3.2.4/node_modules/@vitest/runner/dist/chunk-hooks.js:1863:10)\n    at runHook (file:///mnt/c/repotemp/sharpee/node_modules/.pnpm/@vitest+runner@3.2.4/node_modules/@vitest/runner/dist/chunk-hooks.js:1436:51)\n    at callSuiteHook (file:///mnt/c/repotemp/sharpee/node_modules/.pnpm/@vitest+runner@3.2.4/node_modules/@vitest/runner/dist/chunk-hooks.js:1442:25)\n    at processTicksAndRejections (node:internal/process/task_queues:105:5)\n    at callSuiteHook (file:///mnt/c/repotemp/sharpee/node_modules/.pnpm/@vitest+runner@3.2.4/node_modules/@vitest/runner/dist/chunk-hooks.js:1429:21)\n    at runTest (file:///mnt/c/repotemp/sharpee/node_modules/.pnpm/@vitest+runner@3.2.4/node_modules/@vitest/runner/dist/chunk-hooks.js:1566:26)"],"meta":{}},{"ancestorTitles":["EventSequencer","edge cases"],"fullName":"EventSequencer edge cases should handle very large sequence numbers","status":"failed","title":"should handle very large sequence numbers","duration":0.10775300000386778,"failureMessages":["ReferenceError: jest is not defined\n    at /mnt/c/repotemp/sharpee/packages/engine/tests/event-sequencer.test.ts:12:5\n    at file:///mnt/c/repotemp/sharpee/node_modules/.pnpm/@vitest+runner@3.2.4/node_modules/@vitest/runner/dist/chunk-hooks.js:155:11\n    at file:///mnt/c/repotemp/sharpee/node_modules/.pnpm/@vitest+runner@3.2.4/node_modules/@vitest/runner/dist/chunk-hooks.js:1897:20\n    at new Promise (<anonymous>)\n    at runWithTimeout (file:///mnt/c/repotemp/sharpee/node_modules/.pnpm/@vitest+runner@3.2.4/node_modules/@vitest/runner/dist/chunk-hooks.js:1863:10)\n    at runHook (file:///mnt/c/repotemp/sharpee/node_modules/.pnpm/@vitest+runner@3.2.4/node_modules/@vitest/runner/dist/chunk-hooks.js:1436:51)\n    at callSuiteHook (file:///mnt/c/repotemp/sharpee/node_modules/.pnpm/@vitest+runner@3.2.4/node_modules/@vitest/runner/dist/chunk-hooks.js:1442:25)\n    at processTicksAndRejections (node:internal/process/task_queues:105:5)\n    at callSuiteHook (file:///mnt/c/repotemp/sharpee/node_modules/.pnpm/@vitest+runner@3.2.4/node_modules/@vitest/runner/dist/chunk-hooks.js:1429:21)\n    at runTest (file:///mnt/c/repotemp/sharpee/node_modules/.pnpm/@vitest+runner@3.2.4/node_modules/@vitest/runner/dist/chunk-hooks.js:1566:26)"],"meta":{}}],"startTime":1754095968433,"endTime":1754095968466.1846,"status":"failed","message":"","name":"/mnt/c/repotemp/sharpee/packages/engine/tests/event-sequencer.test.ts"},{"assertionResults":[],"startTime":1754095925330,"endTime":1754095925330,"status":"failed","message":"jest is not defined","name":"/mnt/c/repotemp/sharpee/packages/engine/tests/game-engine-language.test.ts"},{"assertionResults":[],"startTime":1754095925330,"endTime":1754095925330,"status":"failed","message":"Cannot find module '../src/text-service' imported from '/mnt/c/repotemp/sharpee/packages/engine/tests/game-engine.test.ts'","name":"/mnt/c/repotemp/sharpee/packages/engine/tests/game-engine.test.ts"},{"assertionResults":[{"ancestorTitles":["Engine Integration Tests","Full game flow"],"fullName":"Engine Integration Tests Full game flow should complete a full game session","status":"failed","title":"should complete a full game session","duration":550.2244440000068,"failureMessages":["Error: Failed to load text service @sharpee/text-service-template: Cannot find package '@sharpee/text-service-template' imported from '/mnt/c/repotemp/sharpee/packages/engine/src/story.ts'\n    at loadTextService (/mnt/c/repotemp/sharpee/packages/engine/src/story.ts:236:11)\n    at processTicksAndRejections (node:internal/process/task_queues:105:5)\n    at GameEngine.setTextServiceFromConfig (/mnt/c/repotemp/sharpee/packages/engine/src/game-engine.ts:248:25)\n    at GameEngine.setStory (/mnt/c/repotemp/sharpee/packages/engine/src/game-engine.ts:142:5)\n    at createEngineWithStory (/mnt/c/repotemp/sharpee/packages/engine/src/game-engine.ts:1500:3)\n    at /mnt/c/repotemp/sharpee/packages/engine/tests/integration.test.ts:22:16"],"meta":{}},{"ancestorTitles":["Engine Integration Tests","Full game flow"],"fullName":"Engine Integration Tests Full game flow should handle save and restore","status":"failed","title":"should handle save and restore","duration":133.18731199999456,"failureMessages":["Error: Failed to load text service @sharpee/text-service-template: Cannot find package '@sharpee/text-service-template' imported from '/mnt/c/repotemp/sharpee/packages/engine/src/story.ts'\n    at loadTextService (/mnt/c/repotemp/sharpee/packages/engine/src/story.ts:236:11)\n    at processTicksAndRejections (node:internal/process/task_queues:105:5)\n    at GameEngine.setTextServiceFromConfig (/mnt/c/repotemp/sharpee/packages/engine/src/game-engine.ts:248:25)\n    at GameEngine.setStory (/mnt/c/repotemp/sharpee/packages/engine/src/game-engine.ts:142:5)\n    at createEngineWithStory (/mnt/c/repotemp/sharpee/packages/engine/src/game-engine.ts:1500:3)\n    at /mnt/c/repotemp/sharpee/packages/engine/tests/integration.test.ts:22:16"],"meta":{}},{"ancestorTitles":["Engine Integration Tests","Full game flow"],"fullName":"Engine Integration Tests Full game flow should handle game completion","status":"failed","title":"should handle game completion","duration":106.48741100000916,"failureMessages":["Error: Failed to load text service @sharpee/text-service-template: Cannot find package '@sharpee/text-service-template' imported from '/mnt/c/repotemp/sharpee/packages/engine/src/story.ts'\n    at loadTextService (/mnt/c/repotemp/sharpee/packages/engine/src/story.ts:236:11)\n    at processTicksAndRejections (node:internal/process/task_queues:105:5)\n    at GameEngine.setTextServiceFromConfig (/mnt/c/repotemp/sharpee/packages/engine/src/game-engine.ts:248:25)\n    at GameEngine.setStory (/mnt/c/repotemp/sharpee/packages/engine/src/game-engine.ts:142:5)\n    at createEngineWithStory (/mnt/c/repotemp/sharpee/packages/engine/src/game-engine.ts:1500:3)\n    at /mnt/c/repotemp/sharpee/packages/engine/tests/integration.test.ts:22:16"],"meta":{}},{"ancestorTitles":["Engine Integration Tests","Error scenarios"],"fullName":"Engine Integration Tests Error scenarios should handle malformed input gracefully","status":"failed","title":"should handle malformed input gracefully","duration":159.57839699999022,"failureMessages":["Error: Failed to load text service @sharpee/text-service-template: Cannot find package '@sharpee/text-service-template' imported from '/mnt/c/repotemp/sharpee/packages/engine/src/story.ts'\n    at loadTextService (/mnt/c/repotemp/sharpee/packages/engine/src/story.ts:236:11)\n    at processTicksAndRejections (node:internal/process/task_queues:105:5)\n    at GameEngine.setTextServiceFromConfig (/mnt/c/repotemp/sharpee/packages/engine/src/game-engine.ts:248:25)\n    at GameEngine.setStory (/mnt/c/repotemp/sharpee/packages/engine/src/game-engine.ts:142:5)\n    at /mnt/c/repotemp/sharpee/packages/engine/tests/integration.test.ts:115:7\n    at file:///mnt/c/repotemp/sharpee/node_modules/.pnpm/@vitest+runner@3.2.4/node_modules/@vitest/runner/dist/chunk-hooks.js:752:20"],"meta":{}},{"ancestorTitles":["Engine Integration Tests","Error scenarios"],"fullName":"Engine Integration Tests Error scenarios should recover from action errors","status":"failed","title":"should recover from action errors","duration":95.98979500000132,"failureMessages":["Error: Failed to load text service @sharpee/text-service-template: Cannot find package '@sharpee/text-service-template' imported from '/mnt/c/repotemp/sharpee/packages/engine/src/story.ts'\n    at loadTextService (/mnt/c/repotemp/sharpee/packages/engine/src/story.ts:236:11)\n    at processTicksAndRejections (node:internal/process/task_queues:105:5)\n    at GameEngine.setTextServiceFromConfig (/mnt/c/repotemp/sharpee/packages/engine/src/game-engine.ts:248:25)\n    at GameEngine.setStory (/mnt/c/repotemp/sharpee/packages/engine/src/game-engine.ts:142:5)\n    at createEngineWithStory (/mnt/c/repotemp/sharpee/packages/engine/src/game-engine.ts:1500:3)\n    at /mnt/c/repotemp/sharpee/packages/engine/tests/integration.test.ts:159:22\n    at file:///mnt/c/repotemp/sharpee/node_modules/.pnpm/@vitest+runner@3.2.4/node_modules/@vitest/runner/dist/chunk-hooks.js:752:20"],"meta":{}},{"ancestorTitles":["Engine Integration Tests","Performance"],"fullName":"Engine Integration Tests Performance should handle rapid turn execution","status":"failed","title":"should handle rapid turn execution","duration":101.91242300000158,"failureMessages":["Error: Failed to load text service @sharpee/text-service-template: Cannot find package '@sharpee/text-service-template' imported from '/mnt/c/repotemp/sharpee/packages/engine/src/story.ts'\n    at loadTextService (/mnt/c/repotemp/sharpee/packages/engine/src/story.ts:236:11)\n    at processTicksAndRejections (node:internal/process/task_queues:105:5)\n    at GameEngine.setTextServiceFromConfig (/mnt/c/repotemp/sharpee/packages/engine/src/game-engine.ts:248:25)\n    at GameEngine.setStory (/mnt/c/repotemp/sharpee/packages/engine/src/game-engine.ts:142:5)\n    at /mnt/c/repotemp/sharpee/packages/engine/tests/integration.test.ts:178:7\n    at file:///mnt/c/repotemp/sharpee/node_modules/.pnpm/@vitest+runner@3.2.4/node_modules/@vitest/runner/dist/chunk-hooks.js:752:20"],"meta":{}},{"ancestorTitles":["Engine Integration Tests","Event flow"],"fullName":"Engine Integration Tests Event flow should maintain event ordering","status":"failed","title":"should maintain event ordering","duration":112.71456300000136,"failureMessages":["Error: Failed to load text service @sharpee/text-service-template: Cannot find package '@sharpee/text-service-template' imported from '/mnt/c/repotemp/sharpee/packages/engine/src/story.ts'\n    at loadTextService (/mnt/c/repotemp/sharpee/packages/engine/src/story.ts:236:11)\n    at processTicksAndRejections (node:internal/process/task_queues:105:5)\n    at GameEngine.setTextServiceFromConfig (/mnt/c/repotemp/sharpee/packages/engine/src/game-engine.ts:248:25)\n    at GameEngine.setStory (/mnt/c/repotemp/sharpee/packages/engine/src/game-engine.ts:142:5)\n    at /mnt/c/repotemp/sharpee/packages/engine/tests/integration.test.ts:206:7\n    at file:///mnt/c/repotemp/sharpee/node_modules/.pnpm/@vitest+runner@3.2.4/node_modules/@vitest/runner/dist/chunk-hooks.js:752:20"],"meta":{}},{"ancestorTitles":["Engine Integration Tests","Text output integration"],"fullName":"Engine Integration Tests Text output integration should format complex game output","status":"failed","title":"should format complex game output","duration":194.16851899999892,"failureMessages":["Error: Failed to load text service @sharpee/text-service-template: Cannot find package '@sharpee/text-service-template' imported from '/mnt/c/repotemp/sharpee/packages/engine/src/story.ts'\n    at loadTextService (/mnt/c/repotemp/sharpee/packages/engine/src/story.ts:236:11)\n    at processTicksAndRejections (node:internal/process/task_queues:105:5)\n    at GameEngine.setTextServiceFromConfig (/mnt/c/repotemp/sharpee/packages/engine/src/game-engine.ts:248:25)\n    at GameEngine.setStory (/mnt/c/repotemp/sharpee/packages/engine/src/game-engine.ts:142:5)\n    at createEngineWithStory (/mnt/c/repotemp/sharpee/packages/engine/src/game-engine.ts:1500:3)\n    at /mnt/c/repotemp/sharpee/packages/engine/tests/integration.test.ts:263:22\n    at file:///mnt/c/repotemp/sharpee/node_modules/.pnpm/@vitest+runner@3.2.4/node_modules/@vitest/runner/dist/chunk-hooks.js:752:20"],"meta":{}},{"ancestorTitles":["Engine Integration Tests","Vocabulary integration"],"fullName":"Engine Integration Tests Vocabulary integration should update vocabulary as player moves","status":"failed","title":"should update vocabulary as player moves","duration":250.16766300000018,"failureMessages":["Error: Failed to load text service @sharpee/text-service-template: Cannot find package '@sharpee/text-service-template' imported from '/mnt/c/repotemp/sharpee/packages/engine/src/story.ts'\n    at loadTextService (/mnt/c/repotemp/sharpee/packages/engine/src/story.ts:236:11)\n    at processTicksAndRejections (node:internal/process/task_queues:105:5)\n    at GameEngine.setTextServiceFromConfig (/mnt/c/repotemp/sharpee/packages/engine/src/game-engine.ts:248:25)\n    at GameEngine.setStory (/mnt/c/repotemp/sharpee/packages/engine/src/game-engine.ts:142:5)\n    at /mnt/c/repotemp/sharpee/packages/engine/tests/integration.test.ts:282:7\n    at file:///mnt/c/repotemp/sharpee/node_modules/.pnpm/@vitest+runner@3.2.4/node_modules/@vitest/runner/dist/chunk-hooks.js:752:20"],"meta":{}},{"ancestorTitles":["Engine Integration Tests","Standard engine setup"],"fullName":"Engine Integration Tests Standard engine setup should create functional standard engine","status":"failed","title":"should create functional standard engine","duration":217.13904600001115,"failureMessages":["Error: Failed to load text service @sharpee/text-service-template: Cannot find package '@sharpee/text-service-template' imported from '/mnt/c/repotemp/sharpee/packages/engine/src/story.ts'\n    at loadTextService (/mnt/c/repotemp/sharpee/packages/engine/src/story.ts:236:11)\n    at processTicksAndRejections (node:internal/process/task_queues:105:5)\n    at GameEngine.setTextServiceFromConfig (/mnt/c/repotemp/sharpee/packages/engine/src/game-engine.ts:248:25)\n    at GameEngine.setStory (/mnt/c/repotemp/sharpee/packages/engine/src/game-engine.ts:142:5)\n    at /mnt/c/repotemp/sharpee/packages/engine/tests/integration.test.ts:318:7\n    at file:///mnt/c/repotemp/sharpee/node_modules/.pnpm/@vitest+runner@3.2.4/node_modules/@vitest/runner/dist/chunk-hooks.js:752:20"],"meta":{}},{"ancestorTitles":["Engine Integration Tests","Complex world navigation"],"fullName":"Engine Integration Tests Complex world navigation should handle multi-room world with objects","status":"failed","title":"should handle multi-room world with objects","duration":236.08082200000354,"failureMessages":["Error: Failed to load text service @sharpee/text-service-template: Cannot find package '@sharpee/text-service-template' imported from '/mnt/c/repotemp/sharpee/packages/engine/src/story.ts'\n    at loadTextService (/mnt/c/repotemp/sharpee/packages/engine/src/story.ts:236:11)\n    at processTicksAndRejections (node:internal/process/task_queues:105:5)\n    at GameEngine.setTextServiceFromConfig (/mnt/c/repotemp/sharpee/packages/engine/src/game-engine.ts:248:25)\n    at GameEngine.setStory (/mnt/c/repotemp/sharpee/packages/engine/src/game-engine.ts:142:5)\n    at createEngineWithStory (/mnt/c/repotemp/sharpee/packages/engine/src/game-engine.ts:1500:3)\n    at /mnt/c/repotemp/sharpee/packages/engine/tests/integration.test.ts:331:22\n    at file:///mnt/c/repotemp/sharpee/node_modules/.pnpm/@vitest+runner@3.2.4/node_modules/@vitest/runner/dist/chunk-hooks.js:752:20"],"meta":{}},{"ancestorTitles":["Engine Integration Tests","Turn-based completion"],"fullName":"Engine Integration Tests Turn-based completion should complete game after turn limit","status":"failed","title":"should complete game after turn limit","duration":254.16762700000254,"failureMessages":["Error: Failed to load text service @sharpee/text-service-template: Cannot find package '@sharpee/text-service-template' imported from '/mnt/c/repotemp/sharpee/packages/engine/src/story.ts'\n    at loadTextService (/mnt/c/repotemp/sharpee/packages/engine/src/story.ts:236:11)\n    at processTicksAndRejections (node:internal/process/task_queues:105:5)\n    at GameEngine.setTextServiceFromConfig (/mnt/c/repotemp/sharpee/packages/engine/src/game-engine.ts:248:25)\n    at GameEngine.setStory (/mnt/c/repotemp/sharpee/packages/engine/src/game-engine.ts:142:5)\n    at createEngineWithStory (/mnt/c/repotemp/sharpee/packages/engine/src/game-engine.ts:1500:3)\n    at /mnt/c/repotemp/sharpee/packages/engine/tests/integration.test.ts:368:22\n    at file:///mnt/c/repotemp/sharpee/node_modules/.pnpm/@vitest+runner@3.2.4/node_modules/@vitest/runner/dist/chunk-hooks.js:752:20"],"meta":{}},{"ancestorTitles":["Engine Integration Tests","Turn-based completion"],"fullName":"Engine Integration Tests Turn-based completion should complete game on score threshold","status":"failed","title":"should complete game on score threshold","duration":282.3653659999982,"failureMessages":["Error: Failed to load text service @sharpee/text-service-template: Cannot find package '@sharpee/text-service-template' imported from '/mnt/c/repotemp/sharpee/packages/engine/src/story.ts'\n    at loadTextService (/mnt/c/repotemp/sharpee/packages/engine/src/story.ts:236:11)\n    at processTicksAndRejections (node:internal/process/task_queues:105:5)\n    at GameEngine.setTextServiceFromConfig (/mnt/c/repotemp/sharpee/packages/engine/src/game-engine.ts:248:25)\n    at GameEngine.setStory (/mnt/c/repotemp/sharpee/packages/engine/src/game-engine.ts:142:5)\n    at createEngineWithStory (/mnt/c/repotemp/sharpee/packages/engine/src/game-engine.ts:1500:3)\n    at /mnt/c/repotemp/sharpee/packages/engine/tests/integration.test.ts:390:22\n    at file:///mnt/c/repotemp/sharpee/node_modules/.pnpm/@vitest+runner@3.2.4/node_modules/@vitest/runner/dist/chunk-hooks.js:752:20"],"meta":{}}],"startTime":1754096018221,"endTime":1754096020916.3655,"status":"failed","message":"","name":"/mnt/c/repotemp/sharpee/packages/engine/tests/integration.test.ts"},{"assertionResults":[],"startTime":1754095925330,"endTime":1754095925330,"status":"failed","message":"Cannot find module '../../src/game-engine' imported from '/mnt/c/repotemp/sharpee/packages/engine/tests/platform-operations.test.ts'","name":"/mnt/c/repotemp/sharpee/packages/engine/tests/platform-operations.test.ts"},{"assertionResults":[{"ancestorTitles":["Story-Based Testing Verification"],"fullName":"Story-Based Testing Verification should successfully initialize engine with test story and language provider","status":"failed","title":"should successfully initialize engine with test story and language provider","duration":676.1138000000064,"failureMessages":["Error: promise rejected \"Error: Failed to load text service @sharp\" instead of resolving\n    at Assertion.__VITEST_RESOLVES__ (file:///mnt/c/repotemp/sharpee/node_modules/.pnpm/@vitest+expect@3.2.4/node_modules/@vitest/expect/dist/index.js:1577:17)\n    at Assertion.propertyGetter (file:///mnt/c/repotemp/sharpee/node_modules/.pnpm/chai@5.2.0/node_modules/chai/chai.js:1486:27)\n    at Reflect.get (<anonymous>)\n    at Object.proxyGetter [as get] (file:///mnt/c/repotemp/sharpee/node_modules/.pnpm/chai@5.2.0/node_modules/chai/chai.js:1577:22)\n    at /mnt/c/repotemp/sharpee/packages/engine/tests/story-testing-verification.test.ts:18:40\n    at file:///mnt/c/repotemp/sharpee/node_modules/.pnpm/@vitest+runner@3.2.4/node_modules/@vitest/runner/dist/chunk-hooks.js:155:11\n    at file:///mnt/c/repotemp/sharpee/node_modules/.pnpm/@vitest+runner@3.2.4/node_modules/@vitest/runner/dist/chunk-hooks.js:752:26\n    at file:///mnt/c/repotemp/sharpee/node_modules/.pnpm/@vitest+runner@3.2.4/node_modules/@vitest/runner/dist/chunk-hooks.js:1897:20\n    at new Promise (<anonymous>)\n    at runWithTimeout (file:///mnt/c/repotemp/sharpee/node_modules/.pnpm/@vitest+runner@3.2.4/node_modules/@vitest/runner/dist/chunk-hooks.js:1863:10)"],"meta":{}},{"ancestorTitles":["Story-Based Testing Verification"],"fullName":"Story-Based Testing Verification should load language provider directly","status":"passed","title":"should load language provider directly","duration":56.131689999994705,"failureMessages":[],"meta":{}}],"startTime":1754096018170,"endTime":1754096018902.1316,"status":"failed","message":"","name":"/mnt/c/repotemp/sharpee/packages/engine/tests/story-testing-verification.test.ts"},{"assertionResults":[{"ancestorTitles":["Story","StoryConfig validation"],"fullName":"Story StoryConfig validation should validate valid story config","status":"passed","title":"should validate valid story config","duration":1.54617199999484,"failureMessages":[],"meta":{}},{"ancestorTitles":["Story","StoryConfig validation"],"fullName":"Story StoryConfig validation should accept author as array","status":"passed","title":"should accept author as array","duration":0.25244000000384403,"failureMessages":[],"meta":{}},{"ancestorTitles":["Story","StoryConfig validation"],"fullName":"Story StoryConfig validation should validate semantic version","status":"passed","title":"should validate semantic version","duration":0.32928199999878416,"failureMessages":[],"meta":{}},{"ancestorTitles":["Story","StoryConfig validation"],"fullName":"Story StoryConfig validation should reject invalid versions","status":"passed","title":"should reject invalid versions","duration":0.47026300000288757,"failureMessages":[],"meta":{}},{"ancestorTitles":["Story","StoryConfig validation"],"fullName":"Story StoryConfig validation should require all mandatory fields","status":"passed","title":"should require all mandatory fields","duration":0.40955200000462355,"failureMessages":[],"meta":{}},{"ancestorTitles":["Story","loadLanguageProvider"],"fullName":"Story loadLanguageProvider should load en-us language provider","status":"failed","title":"should load en-us language provider","duration":5045.235373999996,"failureMessages":["Error: STACK_TRACE_ERROR\n    at task (file:///mnt/c/repotemp/sharpee/node_modules/.pnpm/@vitest+runner@3.2.4/node_modules/@vitest/runner/dist/chunk-hooks.js:638:27)\n    at Object.<anonymous> (file:///mnt/c/repotemp/sharpee/node_modules/.pnpm/@vitest+runner@3.2.4/node_modules/@vitest/runner/dist/chunk-hooks.js:662:16)\n    at Object.<anonymous> (file:///mnt/c/repotemp/sharpee/node_modules/.pnpm/@vitest+runner@3.2.4/node_modules/@vitest/runner/dist/chunk-hooks.js:458:28)\n    at chain (file:///mnt/c/repotemp/sharpee/node_modules/.pnpm/@vitest+runner@3.2.4/node_modules/@vitest/runner/dist/chunk-hooks.js:369:14)\n    at /mnt/c/repotemp/sharpee/packages/engine/tests/story.test.ts:85:5\n    at file:///mnt/c/repotemp/sharpee/node_modules/.pnpm/@vitest+runner@3.2.4/node_modules/@vitest/runner/dist/chunk-hooks.js:734:40\n    at runWithSuite (file:///mnt/c/repotemp/sharpee/node_modules/.pnpm/@vitest+runner@3.2.4/node_modules/@vitest/runner/dist/chunk-hooks.js:1849:8)\n    at Object.collect (file:///mnt/c/repotemp/sharpee/node_modules/.pnpm/@vitest+runner@3.2.4/node_modules/@vitest/runner/dist/chunk-hooks.js:734:10)\n    at Object.collect (file:///mnt/c/repotemp/sharpee/node_modules/.pnpm/@vitest+runner@3.2.4/node_modules/@vitest/runner/dist/chunk-hooks.js:738:54)\n    at processTicksAndRejections (node:internal/process/task_queues:105:5)\n    at Object.collect (file:///mnt/c/repotemp/sharpee/node_modules/.pnpm/@vitest+runner@3.2.4/node_modules/@vitest/runner/dist/chunk-hooks.js:738:46)\n    at collectTests (file:///mnt/c/repotemp/sharpee/node_modules/.pnpm/@vitest+runner@3.2.4/node_modules/@vitest/runner/dist/chunk-hooks.js:1179:25)\n    at startTests (file:///mnt/c/repotemp/sharpee/node_modules/.pnpm/@vitest+runner@3.2.4/node_modules/@vitest/runner/dist/chunk-hooks.js:1817:17)\n    at file:///mnt/c/repotemp/sharpee/node_modules/.pnpm/vitest@3.2.4_@types+node@20.19.4_@vitest+ui@3.2.4_yaml@2.8.0/node_modules/vitest/dist/chunks/runBaseTests.9Ij9_de-.js:117:26\n    at withEnv (file:///mnt/c/repotemp/sharpee/node_modules/.pnpm/vitest@3.2.4_@types+node@20.19.4_@vitest+ui@3.2.4_yaml@2.8.0/node_modules/vitest/dist/chunks/runBaseTests.9Ij9_de-.js:84:3)"],"meta":{}},{"ancestorTitles":["Story","loadLanguageProvider"],"fullName":"Story loadLanguageProvider should throw for unsupported language","status":"failed","title":"should throw for unsupported language","duration":5008.494218,"failureMessages":["Error: STACK_TRACE_ERROR\n    at task (file:///mnt/c/repotemp/sharpee/node_modules/.pnpm/@vitest+runner@3.2.4/node_modules/@vitest/runner/dist/chunk-hooks.js:638:27)\n    at Object.<anonymous> (file:///mnt/c/repotemp/sharpee/node_modules/.pnpm/@vitest+runner@3.2.4/node_modules/@vitest/runner/dist/chunk-hooks.js:662:16)\n    at Object.<anonymous> (file:///mnt/c/repotemp/sharpee/node_modules/.pnpm/@vitest+runner@3.2.4/node_modules/@vitest/runner/dist/chunk-hooks.js:458:28)\n    at chain (file:///mnt/c/repotemp/sharpee/node_modules/.pnpm/@vitest+runner@3.2.4/node_modules/@vitest/runner/dist/chunk-hooks.js:369:14)\n    at /mnt/c/repotemp/sharpee/packages/engine/tests/story.test.ts:96:5\n    at file:///mnt/c/repotemp/sharpee/node_modules/.pnpm/@vitest+runner@3.2.4/node_modules/@vitest/runner/dist/chunk-hooks.js:734:40\n    at runWithSuite (file:///mnt/c/repotemp/sharpee/node_modules/.pnpm/@vitest+runner@3.2.4/node_modules/@vitest/runner/dist/chunk-hooks.js:1849:8)\n    at Object.collect (file:///mnt/c/repotemp/sharpee/node_modules/.pnpm/@vitest+runner@3.2.4/node_modules/@vitest/runner/dist/chunk-hooks.js:734:10)\n    at Object.collect (file:///mnt/c/repotemp/sharpee/node_modules/.pnpm/@vitest+runner@3.2.4/node_modules/@vitest/runner/dist/chunk-hooks.js:738:54)\n    at processTicksAndRejections (node:internal/process/task_queues:105:5)\n    at Object.collect (file:///mnt/c/repotemp/sharpee/node_modules/.pnpm/@vitest+runner@3.2.4/node_modules/@vitest/runner/dist/chunk-hooks.js:738:46)\n    at collectTests (file:///mnt/c/repotemp/sharpee/node_modules/.pnpm/@vitest+runner@3.2.4/node_modules/@vitest/runner/dist/chunk-hooks.js:1179:25)\n    at startTests (file:///mnt/c/repotemp/sharpee/node_modules/.pnpm/@vitest+runner@3.2.4/node_modules/@vitest/runner/dist/chunk-hooks.js:1817:17)\n    at file:///mnt/c/repotemp/sharpee/node_modules/.pnpm/vitest@3.2.4_@types+node@20.19.4_@vitest+ui@3.2.4_yaml@2.8.0/node_modules/vitest/dist/chunks/runBaseTests.9Ij9_de-.js:117:26\n    at withEnv (file:///mnt/c/repotemp/sharpee/node_modules/.pnpm/vitest@3.2.4_@types+node@20.19.4_@vitest+ui@3.2.4_yaml@2.8.0/node_modules/vitest/dist/chunks/runBaseTests.9Ij9_de-.js:84:3)"],"meta":{}},{"ancestorTitles":["Story","Story lifecycle"],"fullName":"Story Story lifecycle should track completion state","status":"passed","title":"should track completion state","duration":1.2506429999993998,"failureMessages":[],"meta":{}}],"startTime":1754095968073,"endTime":1754095978132.2507,"status":"failed","message":"","name":"/mnt/c/repotemp/sharpee/packages/engine/tests/story.test.ts"},{"assertionResults":[],"startTime":1754095925330,"endTime":1754095925330,"status":"failed","message":"Cannot find module '../src/text-service' imported from '/mnt/c/repotemp/sharpee/packages/engine/tests/text-service.test.ts'","name":"/mnt/c/repotemp/sharpee/packages/engine/tests/text-service.test.ts"},{"assertionResults":[{"ancestorTitles":["Types","GameEvent"],"fullName":"Types GameEvent should create valid game event","status":"passed","title":"should create valid game event","duration":1.5372229999993579,"failureMessages":[],"meta":{}},{"ancestorTitles":["Types","GameEvent"],"fullName":"Types GameEvent should support optional metadata","status":"passed","title":"should support optional metadata","duration":0.22745299999951385,"failureMessages":[],"meta":{}},{"ancestorTitles":["Types","GameEvent"],"fullName":"Types GameEvent should handle empty data","status":"passed","title":"should handle empty data","duration":0.10863000000244938,"failureMessages":[],"meta":{}},{"ancestorTitles":["Types","SequencedEvent"],"fullName":"Types SequencedEvent should extend GameEvent with sequencing data","status":"passed","title":"should extend GameEvent with sequencing data","duration":0.2656439999991562,"failureMessages":[],"meta":{}},{"ancestorTitles":["Types","SequencedEvent"],"fullName":"Types SequencedEvent should support different scopes","status":"passed","title":"should support different scopes","duration":0.166215999997803,"failureMessages":[],"meta":{}},{"ancestorTitles":["Types","SequencedEvent"],"fullName":"Types SequencedEvent should support optional source","status":"passed","title":"should support optional source","duration":0.15402099999482743,"failureMessages":[],"meta":{}},{"ancestorTitles":["Types","TurnResult"],"fullName":"Types TurnResult should create valid turn result","status":"passed","title":"should create valid turn result","duration":0.33130000000528526,"failureMessages":[],"meta":{}},{"ancestorTitles":["Types","TurnResult"],"fullName":"Types TurnResult should include timing data when provided","status":"passed","title":"should include timing data when provided","duration":0.1353159999998752,"failureMessages":[],"meta":{}},{"ancestorTitles":["Types","TurnResult"],"fullName":"Types TurnResult should include error for failed turns","status":"passed","title":"should include error for failed turns","duration":0.2325700000001234,"failureMessages":[],"meta":{}},{"ancestorTitles":["Types","TurnResult"],"fullName":"Types TurnResult should handle events array","status":"passed","title":"should handle events array","duration":0.6991569999954663,"failureMessages":[],"meta":{}},{"ancestorTitles":["Types","GameContext"],"fullName":"Types GameContext should create valid game context","status":"passed","title":"should create valid game context","duration":0.4070069999943371,"failureMessages":[],"meta":{}},{"ancestorTitles":["Types","GameContext"],"fullName":"Types GameContext should support optional metadata fields","status":"passed","title":"should support optional metadata fields","duration":0.16652500000054715,"failureMessages":[],"meta":{}},{"ancestorTitles":["Types","GameContext"],"fullName":"Types GameContext should maintain turn history","status":"passed","title":"should maintain turn history","duration":0.19350200000189943,"failureMessages":[],"meta":{}},{"ancestorTitles":["Types","EngineConfig"],"fullName":"Types EngineConfig should have default values","status":"passed","title":"should have default values","duration":0.09658000000490574,"failureMessages":[],"meta":{}},{"ancestorTitles":["Types","EngineConfig"],"fullName":"Types EngineConfig should support all configuration options","status":"failed","title":"should support all configuration options","duration":33.885496000002604,"failureMessages":["ReferenceError: jest is not defined\n    at /mnt/c/repotemp/sharpee/packages/engine/tests/types.test.ts:274:23\n    at file:///mnt/c/repotemp/sharpee/node_modules/.pnpm/@vitest+runner@3.2.4/node_modules/@vitest/runner/dist/chunk-hooks.js:155:11\n    at file:///mnt/c/repotemp/sharpee/node_modules/.pnpm/@vitest+runner@3.2.4/node_modules/@vitest/runner/dist/chunk-hooks.js:752:26\n    at file:///mnt/c/repotemp/sharpee/node_modules/.pnpm/@vitest+runner@3.2.4/node_modules/@vitest/runner/dist/chunk-hooks.js:1897:20\n    at new Promise (<anonymous>)\n    at runWithTimeout (file:///mnt/c/repotemp/sharpee/node_modules/.pnpm/@vitest+runner@3.2.4/node_modules/@vitest/runner/dist/chunk-hooks.js:1863:10)\n    at runTest (file:///mnt/c/repotemp/sharpee/node_modules/.pnpm/@vitest+runner@3.2.4/node_modules/@vitest/runner/dist/chunk-hooks.js:1574:12)\n    at processTicksAndRejections (node:internal/process/task_queues:105:5)\n    at runSuite (file:///mnt/c/repotemp/sharpee/node_modules/.pnpm/@vitest+runner@3.2.4/node_modules/@vitest/runner/dist/chunk-hooks.js:1729:8)\n    at runSuite (file:///mnt/c/repotemp/sharpee/node_modules/.pnpm/@vitest+runner@3.2.4/node_modules/@vitest/runner/dist/chunk-hooks.js:1729:8)"],"meta":{}},{"ancestorTitles":["Types","EngineConfig"],"fullName":"Types EngineConfig should handle event callback","status":"passed","title":"should handle event callback","duration":0.5395839999982854,"failureMessages":[],"meta":{}},{"ancestorTitles":["Types","GameState"],"fullName":"Types GameState should create valid game state","status":"passed","title":"should create valid game state","duration":0.2290839999986929,"failureMessages":[],"meta":{}},{"ancestorTitles":["Types","GameState"],"fullName":"Types GameState should preserve full context in save state","status":"passed","title":"should preserve full context in save state","duration":0.18084400000225287,"failureMessages":[],"meta":{}},{"ancestorTitles":["Types","TimingData"],"fullName":"Types TimingData should track execution phases","status":"passed","title":"should track execution phases","duration":0.10734500000398839,"failureMessages":[],"meta":{}},{"ancestorTitles":["Types","TimingData"],"fullName":"Types TimingData should support optional custom timings","status":"passed","title":"should support optional custom timings","duration":0.0666029999993043,"failureMessages":[],"meta":{}},{"ancestorTitles":["Types","Type relationships"],"fullName":"Types Type relationships should maintain consistency between types","status":"passed","title":"should maintain consistency between types","duration":0.07714000000123633,"failureMessages":[],"meta":{}},{"ancestorTitles":["Types","Type relationships"],"fullName":"Types Type relationships should allow arrays of events in turn results","status":"passed","title":"should allow arrays of events in turn results","duration":0.19004599999607308,"failureMessages":[],"meta":{}}],"startTime":1754095968075,"endTime":1754095968116.19,"status":"failed","message":"","name":"/mnt/c/repotemp/sharpee/packages/engine/tests/types.test.ts"},{"assertionResults":[{"ancestorTitles":["Vocabulary Structure Test"],"fullName":"Vocabulary Structure Test should check verb structure from language provider","status":"passed","title":"should check verb structure from language provider","duration":1.9745440000042436,"failureMessages":[],"meta":{}}],"startTime":1754096001131,"endTime":1754096001132.9746,"status":"passed","message":"","name":"/mnt/c/repotemp/sharpee/packages/engine/tests/verb-structure.test.ts"},{"assertionResults":[],"startTime":1754095925330,"endTime":1754095925330,"status":"failed","message":"Cannot find package '@sharpee/text-service-template' imported from '/mnt/c/repotemp/sharpee/packages/engine/tests/integration/command-history.test.ts'","name":"/mnt/c/repotemp/sharpee/packages/engine/tests/integration/command-history.test.ts"},{"assertionResults":[{"ancestorTitles":["Engine with language refactoring","Language-agnostic command processing"],"fullName":"Engine with language refactoring Language-agnostic command processing should process commands without language-specific parsing","status":"failed","title":"should process commands without language-specific parsing","duration":27.31790199999523,"failureMessages":["TypeError: World is not a constructor\n    at /mnt/c/repotemp/sharpee/packages/engine/tests/integration/language-refactoring.test.ts:190:13\n    at file:///mnt/c/repotemp/sharpee/node_modules/.pnpm/@vitest+runner@3.2.4/node_modules/@vitest/runner/dist/chunk-hooks.js:155:11\n    at file:///mnt/c/repotemp/sharpee/node_modules/.pnpm/@vitest+runner@3.2.4/node_modules/@vitest/runner/dist/chunk-hooks.js:1897:20\n    at new Promise (<anonymous>)\n    at runWithTimeout (file:///mnt/c/repotemp/sharpee/node_modules/.pnpm/@vitest+runner@3.2.4/node_modules/@vitest/runner/dist/chunk-hooks.js:1863:10)\n    at runHook (file:///mnt/c/repotemp/sharpee/node_modules/.pnpm/@vitest+runner@3.2.4/node_modules/@vitest/runner/dist/chunk-hooks.js:1436:51)\n    at callSuiteHook (file:///mnt/c/repotemp/sharpee/node_modules/.pnpm/@vitest+runner@3.2.4/node_modules/@vitest/runner/dist/chunk-hooks.js:1442:25)\n    at processTicksAndRejections (node:internal/process/task_queues:105:5)\n    at callSuiteHook (file:///mnt/c/repotemp/sharpee/node_modules/.pnpm/@vitest+runner@3.2.4/node_modules/@vitest/runner/dist/chunk-hooks.js:1429:21)\n    at runTest (file:///mnt/c/repotemp/sharpee/node_modules/.pnpm/@vitest+runner@3.2.4/node_modules/@vitest/runner/dist/chunk-hooks.js:1566:26)"],"meta":{}},{"ancestorTitles":["Engine with language refactoring","Language-agnostic command processing"],"fullName":"Engine with language refactoring Language-agnostic command processing should handle object references without parts of speech","status":"failed","title":"should handle object references without parts of speech","duration":0.5078780000039842,"failureMessages":["TypeError: World is not a constructor\n    at /mnt/c/repotemp/sharpee/packages/engine/tests/integration/language-refactoring.test.ts:190:13\n    at file:///mnt/c/repotemp/sharpee/node_modules/.pnpm/@vitest+runner@3.2.4/node_modules/@vitest/runner/dist/chunk-hooks.js:155:11\n    at file:///mnt/c/repotemp/sharpee/node_modules/.pnpm/@vitest+runner@3.2.4/node_modules/@vitest/runner/dist/chunk-hooks.js:1897:20\n    at new Promise (<anonymous>)\n    at runWithTimeout (file:///mnt/c/repotemp/sharpee/node_modules/.pnpm/@vitest+runner@3.2.4/node_modules/@vitest/runner/dist/chunk-hooks.js:1863:10)\n    at runHook (file:///mnt/c/repotemp/sharpee/node_modules/.pnpm/@vitest+runner@3.2.4/node_modules/@vitest/runner/dist/chunk-hooks.js:1436:51)\n    at callSuiteHook (file:///mnt/c/repotemp/sharpee/node_modules/.pnpm/@vitest+runner@3.2.4/node_modules/@vitest/runner/dist/chunk-hooks.js:1442:25)\n    at processTicksAndRejections (node:internal/process/task_queues:105:5)\n    at callSuiteHook (file:///mnt/c/repotemp/sharpee/node_modules/.pnpm/@vitest+runner@3.2.4/node_modules/@vitest/runner/dist/chunk-hooks.js:1429:21)\n    at runTest (file:///mnt/c/repotemp/sharpee/node_modules/.pnpm/@vitest+runner@3.2.4/node_modules/@vitest/runner/dist/chunk-hooks.js:1566:26)"],"meta":{}},{"ancestorTitles":["Engine with language refactoring","Language-agnostic command processing"],"fullName":"Engine with language refactoring Language-agnostic command processing should support non-English command patterns","status":"failed","title":"should support non-English command patterns","duration":0.2960929999971995,"failureMessages":["TypeError: World is not a constructor\n    at /mnt/c/repotemp/sharpee/packages/engine/tests/integration/language-refactoring.test.ts:190:13\n    at file:///mnt/c/repotemp/sharpee/node_modules/.pnpm/@vitest+runner@3.2.4/node_modules/@vitest/runner/dist/chunk-hooks.js:155:11\n    at file:///mnt/c/repotemp/sharpee/node_modules/.pnpm/@vitest+runner@3.2.4/node_modules/@vitest/runner/dist/chunk-hooks.js:1897:20\n    at new Promise (<anonymous>)\n    at runWithTimeout (file:///mnt/c/repotemp/sharpee/node_modules/.pnpm/@vitest+runner@3.2.4/node_modules/@vitest/runner/dist/chunk-hooks.js:1863:10)\n    at runHook (file:///mnt/c/repotemp/sharpee/node_modules/.pnpm/@vitest+runner@3.2.4/node_modules/@vitest/runner/dist/chunk-hooks.js:1436:51)\n    at callSuiteHook (file:///mnt/c/repotemp/sharpee/node_modules/.pnpm/@vitest+runner@3.2.4/node_modules/@vitest/runner/dist/chunk-hooks.js:1442:25)\n    at processTicksAndRejections (node:internal/process/task_queues:105:5)\n    at callSuiteHook (file:///mnt/c/repotemp/sharpee/node_modules/.pnpm/@vitest+runner@3.2.4/node_modules/@vitest/runner/dist/chunk-hooks.js:1429:21)\n    at runTest (file:///mnt/c/repotemp/sharpee/node_modules/.pnpm/@vitest+runner@3.2.4/node_modules/@vitest/runner/dist/chunk-hooks.js:1566:26)"],"meta":{}},{"ancestorTitles":["Engine with language refactoring","Text service with message IDs"],"fullName":"Engine with language refactoring Text service with message IDs should use message IDs instead of embedded text","status":"failed","title":"should use message IDs instead of embedded text","duration":1.737580999993952,"failureMessages":["TypeError: World is not a constructor\n    at /mnt/c/repotemp/sharpee/packages/engine/tests/integration/language-refactoring.test.ts:190:13\n    at file:///mnt/c/repotemp/sharpee/node_modules/.pnpm/@vitest+runner@3.2.4/node_modules/@vitest/runner/dist/chunk-hooks.js:155:11\n    at file:///mnt/c/repotemp/sharpee/node_modules/.pnpm/@vitest+runner@3.2.4/node_modules/@vitest/runner/dist/chunk-hooks.js:1897:20\n    at new Promise (<anonymous>)\n    at runWithTimeout (file:///mnt/c/repotemp/sharpee/node_modules/.pnpm/@vitest+runner@3.2.4/node_modules/@vitest/runner/dist/chunk-hooks.js:1863:10)\n    at runHook (file:///mnt/c/repotemp/sharpee/node_modules/.pnpm/@vitest+runner@3.2.4/node_modules/@vitest/runner/dist/chunk-hooks.js:1436:51)\n    at callSuiteHook (file:///mnt/c/repotemp/sharpee/node_modules/.pnpm/@vitest+runner@3.2.4/node_modules/@vitest/runner/dist/chunk-hooks.js:1442:25)\n    at processTicksAndRejections (node:internal/process/task_queues:105:5)\n    at callSuiteHook (file:///mnt/c/repotemp/sharpee/node_modules/.pnpm/@vitest+runner@3.2.4/node_modules/@vitest/runner/dist/chunk-hooks.js:1429:21)\n    at runTest (file:///mnt/c/repotemp/sharpee/node_modules/.pnpm/@vitest+runner@3.2.4/node_modules/@vitest/runner/dist/chunk-hooks.js:1566:26)"],"meta":{}},{"ancestorTitles":["Engine with language refactoring","Text service with message IDs"],"fullName":"Engine with language refactoring Text service with message IDs should format messages with parameters","status":"failed","title":"should format messages with parameters","duration":0.5477290000126231,"failureMessages":["TypeError: World is not a constructor\n    at /mnt/c/repotemp/sharpee/packages/engine/tests/integration/language-refactoring.test.ts:190:13\n    at file:///mnt/c/repotemp/sharpee/node_modules/.pnpm/@vitest+runner@3.2.4/node_modules/@vitest/runner/dist/chunk-hooks.js:155:11\n    at file:///mnt/c/repotemp/sharpee/node_modules/.pnpm/@vitest+runner@3.2.4/node_modules/@vitest/runner/dist/chunk-hooks.js:1897:20\n    at new Promise (<anonymous>)\n    at runWithTimeout (file:///mnt/c/repotemp/sharpee/node_modules/.pnpm/@vitest+runner@3.2.4/node_modules/@vitest/runner/dist/chunk-hooks.js:1863:10)\n    at runHook (file:///mnt/c/repotemp/sharpee/node_modules/.pnpm/@vitest+runner@3.2.4/node_modules/@vitest/runner/dist/chunk-hooks.js:1436:51)\n    at callSuiteHook (file:///mnt/c/repotemp/sharpee/node_modules/.pnpm/@vitest+runner@3.2.4/node_modules/@vitest/runner/dist/chunk-hooks.js:1442:25)\n    at processTicksAndRejections (node:internal/process/task_queues:105:5)\n    at callSuiteHook (file:///mnt/c/repotemp/sharpee/node_modules/.pnpm/@vitest+runner@3.2.4/node_modules/@vitest/runner/dist/chunk-hooks.js:1429:21)\n    at runTest (file:///mnt/c/repotemp/sharpee/node_modules/.pnpm/@vitest+runner@3.2.4/node_modules/@vitest/runner/dist/chunk-hooks.js:1566:26)"],"meta":{}},{"ancestorTitles":["Engine with language refactoring","Text service with message IDs"],"fullName":"Engine with language refactoring Text service with message IDs should handle missing messages gracefully","status":"failed","title":"should handle missing messages gracefully","duration":0.9911980000033509,"failureMessages":["TypeError: World is not a constructor\n    at /mnt/c/repotemp/sharpee/packages/engine/tests/integration/language-refactoring.test.ts:190:13\n    at file:///mnt/c/repotemp/sharpee/node_modules/.pnpm/@vitest+runner@3.2.4/node_modules/@vitest/runner/dist/chunk-hooks.js:155:11\n    at file:///mnt/c/repotemp/sharpee/node_modules/.pnpm/@vitest+runner@3.2.4/node_modules/@vitest/runner/dist/chunk-hooks.js:1897:20\n    at new Promise (<anonymous>)\n    at runWithTimeout (file:///mnt/c/repotemp/sharpee/node_modules/.pnpm/@vitest+runner@3.2.4/node_modules/@vitest/runner/dist/chunk-hooks.js:1863:10)\n    at runHook (file:///mnt/c/repotemp/sharpee/node_modules/.pnpm/@vitest+runner@3.2.4/node_modules/@vitest/runner/dist/chunk-hooks.js:1436:51)\n    at callSuiteHook (file:///mnt/c/repotemp/sharpee/node_modules/.pnpm/@vitest+runner@3.2.4/node_modules/@vitest/runner/dist/chunk-hooks.js:1442:25)\n    at processTicksAndRejections (node:internal/process/task_queues:105:5)\n    at callSuiteHook (file:///mnt/c/repotemp/sharpee/node_modules/.pnpm/@vitest+runner@3.2.4/node_modules/@vitest/runner/dist/chunk-hooks.js:1429:21)\n    at runTest (file:///mnt/c/repotemp/sharpee/node_modules/.pnpm/@vitest+runner@3.2.4/node_modules/@vitest/runner/dist/chunk-hooks.js:1566:26)"],"meta":{}},{"ancestorTitles":["Engine with language refactoring","Pattern-agnostic command execution"],"fullName":"Engine with language refactoring Pattern-agnostic command execution should execute commands regardless of pattern name","status":"failed","title":"should execute commands regardless of pattern name","duration":0.44480599999951664,"failureMessages":["TypeError: World is not a constructor\n    at /mnt/c/repotemp/sharpee/packages/engine/tests/integration/language-refactoring.test.ts:190:13\n    at file:///mnt/c/repotemp/sharpee/node_modules/.pnpm/@vitest+runner@3.2.4/node_modules/@vitest/runner/dist/chunk-hooks.js:155:11\n    at file:///mnt/c/repotemp/sharpee/node_modules/.pnpm/@vitest+runner@3.2.4/node_modules/@vitest/runner/dist/chunk-hooks.js:1897:20\n    at new Promise (<anonymous>)\n    at runWithTimeout (file:///mnt/c/repotemp/sharpee/node_modules/.pnpm/@vitest+runner@3.2.4/node_modules/@vitest/runner/dist/chunk-hooks.js:1863:10)\n    at runHook (file:///mnt/c/repotemp/sharpee/node_modules/.pnpm/@vitest+runner@3.2.4/node_modules/@vitest/runner/dist/chunk-hooks.js:1436:51)\n    at callSuiteHook (file:///mnt/c/repotemp/sharpee/node_modules/.pnpm/@vitest+runner@3.2.4/node_modules/@vitest/runner/dist/chunk-hooks.js:1442:25)\n    at processTicksAndRejections (node:internal/process/task_queues:105:5)\n    at callSuiteHook (file:///mnt/c/repotemp/sharpee/node_modules/.pnpm/@vitest+runner@3.2.4/node_modules/@vitest/runner/dist/chunk-hooks.js:1429:21)\n    at runTest (file:///mnt/c/repotemp/sharpee/node_modules/.pnpm/@vitest+runner@3.2.4/node_modules/@vitest/runner/dist/chunk-hooks.js:1566:26)"],"meta":{}},{"ancestorTitles":["Engine with language refactoring","Language switching support"],"fullName":"Engine with language refactoring Language switching support should support different language providers","status":"failed","title":"should support different language providers","duration":0.32372400000167545,"failureMessages":["TypeError: World is not a constructor\n    at /mnt/c/repotemp/sharpee/packages/engine/tests/integration/language-refactoring.test.ts:190:13\n    at file:///mnt/c/repotemp/sharpee/node_modules/.pnpm/@vitest+runner@3.2.4/node_modules/@vitest/runner/dist/chunk-hooks.js:155:11\n    at file:///mnt/c/repotemp/sharpee/node_modules/.pnpm/@vitest+runner@3.2.4/node_modules/@vitest/runner/dist/chunk-hooks.js:1897:20\n    at new Promise (<anonymous>)\n    at runWithTimeout (file:///mnt/c/repotemp/sharpee/node_modules/.pnpm/@vitest+runner@3.2.4/node_modules/@vitest/runner/dist/chunk-hooks.js:1863:10)\n    at runHook (file:///mnt/c/repotemp/sharpee/node_modules/.pnpm/@vitest+runner@3.2.4/node_modules/@vitest/runner/dist/chunk-hooks.js:1436:51)\n    at callSuiteHook (file:///mnt/c/repotemp/sharpee/node_modules/.pnpm/@vitest+runner@3.2.4/node_modules/@vitest/runner/dist/chunk-hooks.js:1442:25)\n    at processTicksAndRejections (node:internal/process/task_queues:105:5)\n    at callSuiteHook (file:///mnt/c/repotemp/sharpee/node_modules/.pnpm/@vitest+runner@3.2.4/node_modules/@vitest/runner/dist/chunk-hooks.js:1429:21)\n    at runTest (file:///mnt/c/repotemp/sharpee/node_modules/.pnpm/@vitest+runner@3.2.4/node_modules/@vitest/runner/dist/chunk-hooks.js:1566:26)"],"meta":{}},{"ancestorTitles":["Refactoring benefits"],"fullName":"Refactoring benefits no more PartOfSpeech enum mapping","status":"failed","title":"no more PartOfSpeech enum mapping","duration":2.115182999987155,"failureMessages":["ReferenceError: parser is not defined\n    at /mnt/c/repotemp/sharpee/packages/engine/tests/integration/language-refactoring.test.ts:411:20\n    at file:///mnt/c/repotemp/sharpee/node_modules/.pnpm/@vitest+runner@3.2.4/node_modules/@vitest/runner/dist/chunk-hooks.js:155:11\n    at file:///mnt/c/repotemp/sharpee/node_modules/.pnpm/@vitest+runner@3.2.4/node_modules/@vitest/runner/dist/chunk-hooks.js:752:26\n    at file:///mnt/c/repotemp/sharpee/node_modules/.pnpm/@vitest+runner@3.2.4/node_modules/@vitest/runner/dist/chunk-hooks.js:1897:20\n    at new Promise (<anonymous>)\n    at runWithTimeout (file:///mnt/c/repotemp/sharpee/node_modules/.pnpm/@vitest+runner@3.2.4/node_modules/@vitest/runner/dist/chunk-hooks.js:1863:10)\n    at runTest (file:///mnt/c/repotemp/sharpee/node_modules/.pnpm/@vitest+runner@3.2.4/node_modules/@vitest/runner/dist/chunk-hooks.js:1574:12)\n    at processTicksAndRejections (node:internal/process/task_queues:105:5)\n    at runSuite (file:///mnt/c/repotemp/sharpee/node_modules/.pnpm/@vitest+runner@3.2.4/node_modules/@vitest/runner/dist/chunk-hooks.js:1729:8)\n    at runSuite (file:///mnt/c/repotemp/sharpee/node_modules/.pnpm/@vitest+runner@3.2.4/node_modules/@vitest/runner/dist/chunk-hooks.js:1729:8)"],"meta":{}},{"ancestorTitles":["Refactoring benefits"],"fullName":"Refactoring benefits supports language-specific patterns","status":"failed","title":"supports language-specific patterns","duration":0.7967130000033649,"failureMessages":["ReferenceError: parser is not defined\n    at /mnt/c/repotemp/sharpee/packages/engine/tests/integration/language-refactoring.test.ts:422:28\n    at file:///mnt/c/repotemp/sharpee/node_modules/.pnpm/@vitest+runner@3.2.4/node_modules/@vitest/runner/dist/chunk-hooks.js:155:11\n    at file:///mnt/c/repotemp/sharpee/node_modules/.pnpm/@vitest+runner@3.2.4/node_modules/@vitest/runner/dist/chunk-hooks.js:752:26\n    at file:///mnt/c/repotemp/sharpee/node_modules/.pnpm/@vitest+runner@3.2.4/node_modules/@vitest/runner/dist/chunk-hooks.js:1897:20\n    at new Promise (<anonymous>)\n    at runWithTimeout (file:///mnt/c/repotemp/sharpee/node_modules/.pnpm/@vitest+runner@3.2.4/node_modules/@vitest/runner/dist/chunk-hooks.js:1863:10)\n    at runTest (file:///mnt/c/repotemp/sharpee/node_modules/.pnpm/@vitest+runner@3.2.4/node_modules/@vitest/runner/dist/chunk-hooks.js:1574:12)\n    at processTicksAndRejections (node:internal/process/task_queues:105:5)\n    at runSuite (file:///mnt/c/repotemp/sharpee/node_modules/.pnpm/@vitest+runner@3.2.4/node_modules/@vitest/runner/dist/chunk-hooks.js:1729:8)\n    at runSuite (file:///mnt/c/repotemp/sharpee/node_modules/.pnpm/@vitest+runner@3.2.4/node_modules/@vitest/runner/dist/chunk-hooks.js:1729:8)"],"meta":{}},{"ancestorTitles":["Refactoring benefits"],"fullName":"Refactoring benefits cleaner separation of concerns","status":"failed","title":"cleaner separation of concerns","duration":0.5645519999961834,"failureMessages":["ReferenceError: parser is not defined\n    at /mnt/c/repotemp/sharpee/packages/engine/tests/integration/language-refactoring.test.ts:443:12\n    at file:///mnt/c/repotemp/sharpee/node_modules/.pnpm/@vitest+runner@3.2.4/node_modules/@vitest/runner/dist/chunk-hooks.js:155:11\n    at file:///mnt/c/repotemp/sharpee/node_modules/.pnpm/@vitest+runner@3.2.4/node_modules/@vitest/runner/dist/chunk-hooks.js:752:26\n    at file:///mnt/c/repotemp/sharpee/node_modules/.pnpm/@vitest+runner@3.2.4/node_modules/@vitest/runner/dist/chunk-hooks.js:1897:20\n    at new Promise (<anonymous>)\n    at runWithTimeout (file:///mnt/c/repotemp/sharpee/node_modules/.pnpm/@vitest+runner@3.2.4/node_modules/@vitest/runner/dist/chunk-hooks.js:1863:10)\n    at runTest (file:///mnt/c/repotemp/sharpee/node_modules/.pnpm/@vitest+runner@3.2.4/node_modules/@vitest/runner/dist/chunk-hooks.js:1574:12)\n    at processTicksAndRejections (node:internal/process/task_queues:105:5)\n    at runSuite (file:///mnt/c/repotemp/sharpee/node_modules/.pnpm/@vitest+runner@3.2.4/node_modules/@vitest/runner/dist/chunk-hooks.js:1729:8)\n    at runSuite (file:///mnt/c/repotemp/sharpee/node_modules/.pnpm/@vitest+runner@3.2.4/node_modules/@vitest/runner/dist/chunk-hooks.js:1729:8)"],"meta":{}}],"startTime":1754096017816,"endTime":1754096017852.5645,"status":"failed","message":"","name":"/mnt/c/repotemp/sharpee/packages/engine/tests/integration/language-refactoring.test.ts"},{"assertionResults":[],"startTime":1754095925330,"endTime":1754095925330,"status":"failed","message":"Cannot find module '../../../src/game-engine' imported from '/mnt/c/repotemp/sharpee/packages/engine/tests/integration/query-system.test.ts'","name":"/mnt/c/repotemp/sharpee/packages/engine/tests/integration/query-system.test.ts"}]}