{"numTotalTestSuites":109,"numPassedTestSuites":109,"numFailedTestSuites":0,"numPendingTestSuites":0,"numTotalTests":209,"numPassedTests":181,"numFailedTests":0,"numPendingTests":28,"numTodoTests":0,"snapshot":{"added":0,"failure":false,"filesAdded":0,"filesRemoved":0,"filesRemovedList":[],"filesUnmatched":0,"filesUpdated":0,"matched":0,"total":0,"unchecked":0,"uncheckedKeysByFile":[],"unmatched":0,"updated":0,"didUpdate":false},"startTime":1756182866057,"success":true,"testResults":[{"assertionResults":[{"ancestorTitles":["CommandExecutor","initialization"],"fullName":"CommandExecutor initialization should create executor with all dependencies","status":"passed","title":"should create executor with all dependencies","duration":18.95543899999757,"failureMessages":[],"meta":{}},{"ancestorTitles":["CommandExecutor","initialization"],"fullName":"CommandExecutor initialization should create executor using factory function","status":"passed","title":"should create executor using factory function","duration":5.136564000000362,"failureMessages":[],"meta":{}},{"ancestorTitles":["CommandExecutor","command execution"],"fullName":"CommandExecutor command execution should execute a valid command","status":"passed","title":"should execute a valid command","duration":11.711131999996724,"failureMessages":[],"meta":{}},{"ancestorTitles":["CommandExecutor","command execution"],"fullName":"CommandExecutor command execution should include timing data when configured","status":"passed","title":"should include timing data when configured","duration":8.337862000000314,"failureMessages":[],"meta":{}},{"ancestorTitles":["CommandExecutor","command execution"],"fullName":"CommandExecutor command execution should handle unknown commands","status":"passed","title":"should handle unknown commands","duration":4.5652699999918696,"failureMessages":[],"meta":{}},{"ancestorTitles":["CommandExecutor","command execution"],"fullName":"CommandExecutor command execution should handle empty input","status":"passed","title":"should handle empty input","duration":6.19600999999966,"failureMessages":[],"meta":{}},{"ancestorTitles":["CommandExecutor","command execution"],"fullName":"CommandExecutor command execution should handle whitespace-only input","status":"passed","title":"should handle whitespace-only input","duration":5.06342200000654,"failureMessages":[],"meta":{}},{"ancestorTitles":["CommandExecutor","command execution"],"fullName":"CommandExecutor command execution should pass context to actions","status":"passed","title":"should pass context to actions","duration":2.733395000002929,"failureMessages":[],"meta":{}},{"ancestorTitles":["CommandExecutor","command execution"],"fullName":"CommandExecutor command execution should handle action execution errors","status":"passed","title":"should handle action execution errors","duration":8.398616000005859,"failureMessages":[],"meta":{}},{"ancestorTitles":["CommandExecutor","command execution"],"fullName":"CommandExecutor command execution should handle sync and async actions","status":"passed","title":"should handle sync and async actions","duration":5.063282999995863,"failureMessages":[],"meta":{}},{"ancestorTitles":["CommandExecutor","command parsing"],"fullName":"CommandExecutor command parsing should parse commands using language provider","status":"passed","title":"should parse commands using language provider","duration":5.480185000007623,"failureMessages":[],"meta":{}},{"ancestorTitles":["CommandExecutor","command parsing"],"fullName":"CommandExecutor command parsing should normalize input","status":"passed","title":"should normalize input","duration":6.044414999996661,"failureMessages":[],"meta":{}},{"ancestorTitles":["CommandExecutor","event generation"],"fullName":"CommandExecutor event generation should include action-generated events","status":"passed","title":"should include action-generated events","duration":5.931581999990158,"failureMessages":[],"meta":{}},{"ancestorTitles":["CommandExecutor","event generation"],"fullName":"CommandExecutor event generation should sequence events properly","status":"passed","title":"should sequence events properly","duration":5.6812440000067,"failureMessages":[],"meta":{}},{"ancestorTitles":["CommandExecutor","event generation"],"fullName":"CommandExecutor event generation should add turn metadata to events","status":"passed","title":"should add turn metadata to events","duration":6.434366999994381,"failureMessages":[],"meta":{}},{"ancestorTitles":["CommandExecutor","error handling"],"fullName":"CommandExecutor error handling should handle missing action registry","status":"passed","title":"should handle missing action registry","duration":8.989918999999645,"failureMessages":[],"meta":{}},{"ancestorTitles":["CommandExecutor","error handling"],"fullName":"CommandExecutor error handling should handle missing parser","status":"passed","title":"should handle missing parser","duration":3.6134349999920232,"failureMessages":[],"meta":{}},{"ancestorTitles":["CommandExecutor","error handling"],"fullName":"CommandExecutor error handling should handle missing language provider","status":"skipped","title":"should handle missing language provider","failureMessages":[],"meta":{}},{"ancestorTitles":["CommandExecutor","error handling"],"fullName":"CommandExecutor error handling should create error event for failed commands","status":"passed","title":"should create error event for failed commands","duration":11.504751000000397,"failureMessages":[],"meta":{}},{"ancestorTitles":["CommandExecutor","integration with story actions"],"fullName":"CommandExecutor integration with story actions should execute story-defined actions","status":"passed","title":"should execute story-defined actions","duration":2.532327000008081,"failureMessages":[],"meta":{}},{"ancestorTitles":["CommandExecutor","integration with story actions"],"fullName":"CommandExecutor integration with story actions should handle story action with arguments","status":"passed","title":"should handle story action with arguments","duration":2.2168299999902956,"failureMessages":[],"meta":{}},{"ancestorTitles":["CommandExecutor","integration with story actions"],"fullName":"CommandExecutor integration with story actions should handle failing story action","status":"passed","title":"should handle failing story action","duration":2.2358859999949345,"failureMessages":[],"meta":{}},{"ancestorTitles":["CommandExecutor","integration with standard actions"],"fullName":"CommandExecutor integration with standard actions should execute standard actions","status":"passed","title":"should execute standard actions","duration":4.048628999997163,"failureMessages":[],"meta":{}},{"ancestorTitles":["CommandExecutor","integration with standard actions"],"fullName":"CommandExecutor integration with standard actions should handle action aliases","status":"passed","title":"should handle action aliases","duration":2.1972699999896577,"failureMessages":[],"meta":{}},{"ancestorTitles":["CommandExecutor","performance"],"fullName":"CommandExecutor performance should execute commands quickly","status":"passed","title":"should execute commands quickly","duration":2.8569680000073276,"failureMessages":[],"meta":{}},{"ancestorTitles":["CommandExecutor","performance"],"fullName":"CommandExecutor performance should handle many sequential commands","status":"passed","title":"should handle many sequential commands","duration":5.512756999989506,"failureMessages":[],"meta":{}}],"startTime":1756182947429,"endTime":1756182947583.5127,"status":"passed","message":"","name":"/mnt/c/repotemp/sharpee/packages/engine/tests/command-executor.test.ts"},{"assertionResults":[{"ancestorTitles":["Debug XYZZY Test"],"fullName":"Debug XYZZY Test should not track xyzzy in command history but should emit events","status":"passed","title":"should not track xyzzy in command history but should emit events","duration":42.260278999994625,"failureMessages":[],"meta":{}},{"ancestorTitles":["Debug XYZZY Test"],"fullName":"Debug XYZZY Test should track successful commands in history and emit events","status":"passed","title":"should track successful commands in history and emit events","duration":36.71920800000953,"failureMessages":[],"meta":{}}],"startTime":1756182947181,"endTime":1756182947259.7192,"status":"passed","message":"","name":"/mnt/c/repotemp/sharpee/packages/engine/tests/debug-xyzzy.test.ts"},{"assertionResults":[{"ancestorTitles":["EventSequencer","sequence generation"],"fullName":"EventSequencer sequence generation should generate unique sequence numbers","status":"passed","title":"should generate unique sequence numbers","duration":4.738624999999956,"failureMessages":[],"meta":{}},{"ancestorTitles":["EventSequencer","sequence generation"],"fullName":"EventSequencer sequence generation should generate monotonically increasing sequences","status":"passed","title":"should generate monotonically increasing sequences","duration":2.2972350000000006,"failureMessages":[],"meta":{}},{"ancestorTitles":["EventSequencer","sequence generation"],"fullName":"EventSequencer sequence generation should handle rapid sequence generation","status":"passed","title":"should handle rapid sequence generation","duration":0.585877999999866,"failureMessages":[],"meta":{}},{"ancestorTitles":["EventSequencer","event sequencing"],"fullName":"EventSequencer event sequencing should sequence a single event","status":"passed","title":"should sequence a single event","duration":1.0049140000010084,"failureMessages":[],"meta":{}},{"ancestorTitles":["EventSequencer","event sequencing"],"fullName":"EventSequencer event sequencing should sequence multiple events","status":"passed","title":"should sequence multiple events","duration":1.3888779999997496,"failureMessages":[],"meta":{}},{"ancestorTitles":["EventSequencer","event sequencing"],"fullName":"EventSequencer event sequencing should add default metadata","status":"passed","title":"should add default metadata","duration":0.31814699999995355,"failureMessages":[],"meta":{}},{"ancestorTitles":["EventSequencer","event sequencing"],"fullName":"EventSequencer event sequencing should preserve optional metadata","status":"passed","title":"should preserve optional metadata","duration":0.274623999999676,"failureMessages":[],"meta":{}},{"ancestorTitles":["EventSequencer","event sequencing"],"fullName":"EventSequencer event sequencing should handle empty event arrays","status":"passed","title":"should handle empty event arrays","duration":0.1276560000005702,"failureMessages":[],"meta":{}},{"ancestorTitles":["EventSequencer","EventSequenceUtils","sorting"],"fullName":"EventSequencer EventSequenceUtils sorting should sort events by sequence number","status":"passed","title":"should sort events by sequence number","duration":0.44163099999968836,"failureMessages":[],"meta":{}},{"ancestorTitles":["EventSequencer","EventSequenceUtils","sorting"],"fullName":"EventSequencer EventSequenceUtils sorting should not modify original array","status":"passed","title":"should not modify original array","duration":1.0866790000000037,"failureMessages":[],"meta":{}},{"ancestorTitles":["EventSequencer","EventSequenceUtils","sorting"],"fullName":"EventSequencer EventSequenceUtils sorting should handle empty arrays","status":"passed","title":"should handle empty arrays","duration":0.3575359999995271,"failureMessages":[],"meta":{}},{"ancestorTitles":["EventSequencer","EventSequenceUtils","sorting"],"fullName":"EventSequencer EventSequenceUtils sorting should handle single element arrays","status":"passed","title":"should handle single element arrays","duration":0.2850899999993999,"failureMessages":[],"meta":{}},{"ancestorTitles":["EventSequencer","EventSequenceUtils","filtering"],"fullName":"EventSequencer EventSequenceUtils filtering should filter events by type","status":"passed","title":"should filter events by type","duration":0.5927019999999175,"failureMessages":[],"meta":{}},{"ancestorTitles":["EventSequencer","EventSequenceUtils","filtering"],"fullName":"EventSequencer EventSequenceUtils filtering should filter events by turn","status":"passed","title":"should filter events by turn","duration":0.7517050000005838,"failureMessages":[],"meta":{}},{"ancestorTitles":["EventSequencer","EventSequenceUtils","filtering"],"fullName":"EventSequencer EventSequenceUtils filtering should filter events by scope","status":"passed","title":"should filter events by scope","duration":0.7614480000011099,"failureMessages":[],"meta":{}},{"ancestorTitles":["EventSequencer","EventSequenceUtils","filtering"],"fullName":"EventSequencer EventSequenceUtils filtering should handle filtering with no matches","status":"passed","title":"should handle filtering with no matches","duration":0.7247389999993175,"failureMessages":[],"meta":{}},{"ancestorTitles":["EventSequencer","EventSequenceUtils","grouping"],"fullName":"EventSequencer EventSequenceUtils grouping should group events by type","status":"passed","title":"should group events by type","duration":0.9117859999987559,"failureMessages":[],"meta":{}},{"ancestorTitles":["EventSequencer","EventSequenceUtils","grouping"],"fullName":"EventSequencer EventSequenceUtils grouping should group events by turn","status":"passed","title":"should group events by turn","duration":1.6361099999994622,"failureMessages":[],"meta":{}},{"ancestorTitles":["EventSequencer","EventSequenceUtils","grouping"],"fullName":"EventSequencer EventSequenceUtils grouping should handle empty arrays when grouping","status":"passed","title":"should handle empty arrays when grouping","duration":0.30083299999932933,"failureMessages":[],"meta":{}},{"ancestorTitles":["EventSequencer","EventSequenceUtils","utility functions"],"fullName":"EventSequencer EventSequenceUtils utility functions should get latest event by type","status":"passed","title":"should get latest event by type","duration":0.23268800000005285,"failureMessages":[],"meta":{}},{"ancestorTitles":["EventSequencer","EventSequenceUtils","utility functions"],"fullName":"EventSequencer EventSequenceUtils utility functions should return undefined for non-existent type","status":"passed","title":"should return undefined for non-existent type","duration":0.08745900000030815,"failureMessages":[],"meta":{}},{"ancestorTitles":["EventSequencer","EventSequenceUtils","utility functions"],"fullName":"EventSequencer EventSequenceUtils utility functions should count events by type","status":"passed","title":"should count events by type","duration":0.1746129999992263,"failureMessages":[],"meta":{}},{"ancestorTitles":["EventSequencer","EventSequenceUtils","utility functions"],"fullName":"EventSequencer EventSequenceUtils utility functions should handle empty arrays in utility functions","status":"passed","title":"should handle empty arrays in utility functions","duration":0.1815439999991213,"failureMessages":[],"meta":{}},{"ancestorTitles":["EventSequencer","EventSequenceUtils","event range queries"],"fullName":"EventSequencer EventSequenceUtils event range queries should get events in sequence range","status":"passed","title":"should get events in sequence range","duration":0.3143889999992098,"failureMessages":[],"meta":{}},{"ancestorTitles":["EventSequencer","EventSequenceUtils","event range queries"],"fullName":"EventSequencer EventSequenceUtils event range queries should handle exclusive ranges","status":"passed","title":"should handle exclusive ranges","duration":0.2244300000002113,"failureMessages":[],"meta":{}},{"ancestorTitles":["EventSequencer","EventSequenceUtils","event range queries"],"fullName":"EventSequencer EventSequenceUtils event range queries should handle ranges with no events","status":"passed","title":"should handle ranges with no events","duration":0.09960600000158593,"failureMessages":[],"meta":{}},{"ancestorTitles":["EventSequencer","edge cases"],"fullName":"EventSequencer edge cases should handle events with same timestamp but different sequences","status":"passed","title":"should handle events with same timestamp but different sequences","duration":0.21449399999983143,"failureMessages":[],"meta":{}},{"ancestorTitles":["EventSequencer","edge cases"],"fullName":"EventSequencer edge cases should handle very large sequence numbers","status":"passed","title":"should handle very large sequence numbers","duration":0.20706699999936973,"failureMessages":[],"meta":{}}],"startTime":1756182945685,"endTime":1756182945708.207,"status":"passed","message":"","name":"/mnt/c/repotemp/sharpee/packages/engine/tests/event-sequencer.test.ts"},{"assertionResults":[{"ancestorTitles":["GameEngine Language Management (DEPRECATED)","setLanguage()"],"fullName":"GameEngine Language Management (DEPRECATED) setLanguage() should load language provider and parser dynamically","status":"skipped","title":"should load language provider and parser dynamically","failureMessages":[],"meta":{}},{"ancestorTitles":["GameEngine Language Management (DEPRECATED)","setLanguage()"],"fullName":"GameEngine Language Management (DEPRECATED) setLanguage() should handle different parser export patterns","status":"skipped","title":"should handle different parser export patterns","failureMessages":[],"meta":{}},{"ancestorTitles":["GameEngine Language Management (DEPRECATED)","setLanguage()"],"fullName":"GameEngine Language Management (DEPRECATED) setLanguage() should throw error if language code is not provided","status":"skipped","title":"should throw error if language code is not provided","failureMessages":[],"meta":{}},{"ancestorTitles":["GameEngine Language Management (DEPRECATED)","setLanguage()"],"fullName":"GameEngine Language Management (DEPRECATED) setLanguage() should throw error if parser package is not found","status":"skipped","title":"should throw error if parser package is not found","failureMessages":[],"meta":{}},{"ancestorTitles":["GameEngine Language Management (DEPRECATED)","setLanguage()"],"fullName":"GameEngine Language Management (DEPRECATED) setLanguage() should throw error if parser class is not found in package","status":"skipped","title":"should throw error if parser class is not found in package","failureMessages":[],"meta":{}},{"ancestorTitles":["GameEngine Language Management (DEPRECATED)","setLanguage()"],"fullName":"GameEngine Language Management (DEPRECATED) setLanguage() should register parser with ParserFactory","status":"skipped","title":"should register parser with ParserFactory","failureMessages":[],"meta":{}},{"ancestorTitles":["GameEngine Language Management (DEPRECATED)","Story integration"],"fullName":"GameEngine Language Management (DEPRECATED) Story integration should use language from story config when setting story","status":"skipped","title":"should use language from story config when setting story","failureMessages":[],"meta":{}},{"ancestorTitles":["GameEngine Language Management (DEPRECATED)","Getters"],"fullName":"GameEngine Language Management (DEPRECATED) Getters should return undefined when no language is set","status":"skipped","title":"should return undefined when no language is set","failureMessages":[],"meta":{}},{"ancestorTitles":["GameEngine Language Management (DEPRECATED)","Getters"],"fullName":"GameEngine Language Management (DEPRECATED) Getters should return parser and language provider after setting language","status":"skipped","title":"should return parser and language provider after setting language","failureMessages":[],"meta":{}},{"ancestorTitles":["GameEngine Static Language Configuration"],"fullName":"GameEngine Static Language Configuration should accept language provider and parser via constructor","status":"passed","title":"should accept language provider and parser via constructor","duration":1.983461000000716,"failureMessages":[],"meta":{}},{"ancestorTitles":["GameEngine Static Language Configuration"],"fullName":"GameEngine Static Language Configuration should have language provider accessible after construction","status":"passed","title":"should have language provider accessible after construction","duration":0.5079089999999269,"failureMessages":[],"meta":{}},{"ancestorTitles":["GameEngine Static Language Configuration"],"fullName":"GameEngine Static Language Configuration should have parser accessible after construction","status":"passed","title":"should have parser accessible after construction","duration":0.29762099999970815,"failureMessages":[],"meta":{}}],"startTime":1756182954186,"endTime":1756182954189.2976,"status":"passed","message":"","name":"/mnt/c/repotemp/sharpee/packages/engine/tests/game-engine-language.test.ts"},{"assertionResults":[{"ancestorTitles":["GameEngine","initialization"],"fullName":"GameEngine initialization should create an engine with standard setup","status":"passed","title":"should create an engine with standard setup","duration":24.128567000007024,"failureMessages":[],"meta":{}},{"ancestorTitles":["GameEngine","initialization"],"fullName":"GameEngine initialization should initialize with default config","status":"passed","title":"should initialize with default config","duration":10.809949000002234,"failureMessages":[],"meta":{}},{"ancestorTitles":["GameEngine","initialization"],"fullName":"GameEngine initialization should accept custom config","status":"passed","title":"should accept custom config","duration":10.82375999999931,"failureMessages":[],"meta":{}},{"ancestorTitles":["GameEngine","story management"],"fullName":"GameEngine story management should set story and initialize components","status":"passed","title":"should set story and initialize components","duration":14.30416200000036,"failureMessages":[],"meta":{}},{"ancestorTitles":["GameEngine","story management"],"fullName":"GameEngine story management should properly initialize world with story","status":"passed","title":"should properly initialize world with story","duration":11.704896000010194,"failureMessages":[],"meta":{}},{"ancestorTitles":["GameEngine","story management"],"fullName":"GameEngine story management should handle story initialization errors gracefully","status":"passed","title":"should handle story initialization errors gracefully","duration":5.797902000005706,"failureMessages":[],"meta":{}},{"ancestorTitles":["GameEngine","engine lifecycle"],"fullName":"GameEngine engine lifecycle should start and stop correctly","status":"passed","title":"should start and stop correctly","duration":7.023232999999891,"failureMessages":[],"meta":{}},{"ancestorTitles":["GameEngine","engine lifecycle"],"fullName":"GameEngine engine lifecycle should throw if already running","status":"passed","title":"should throw if already running","duration":5.289905000012368,"failureMessages":[],"meta":{}},{"ancestorTitles":["GameEngine","engine lifecycle"],"fullName":"GameEngine engine lifecycle should throw if executing turn when not running","status":"passed","title":"should throw if executing turn when not running","duration":20.254021000000648,"failureMessages":[],"meta":{}},{"ancestorTitles":["GameEngine","engine lifecycle"],"fullName":"GameEngine engine lifecycle should start without a story if dependencies are provided","status":"passed","title":"should start without a story if dependencies are provided","duration":30.130212000003667,"failureMessages":[],"meta":{}},{"ancestorTitles":["GameEngine","turn execution"],"fullName":"GameEngine turn execution should execute a basic turn","status":"passed","title":"should execute a basic turn","duration":28.30648799998744,"failureMessages":[],"meta":{}},{"ancestorTitles":["GameEngine","turn execution"],"fullName":"GameEngine turn execution should update context after turn","status":"passed","title":"should update context after turn","duration":7.310589999993681,"failureMessages":[],"meta":{}},{"ancestorTitles":["GameEngine","turn execution"],"fullName":"GameEngine turn execution should emit turn events","status":"passed","title":"should emit turn events","duration":26.377889999988838,"failureMessages":[],"meta":{}},{"ancestorTitles":["GameEngine","turn execution"],"fullName":"GameEngine turn execution should handle turn execution errors","status":"passed","title":"should handle turn execution errors","duration":19.256816000008257,"failureMessages":[],"meta":{}},{"ancestorTitles":["GameEngine","turn execution"],"fullName":"GameEngine turn execution should respect max history limit","status":"passed","title":"should respect max history limit","duration":36.32583400000294,"failureMessages":[],"meta":{}},{"ancestorTitles":["GameEngine","turn execution"],"fullName":"GameEngine turn execution should process text output","status":"passed","title":"should process text output","duration":9.767527999996673,"failureMessages":[],"meta":{}},{"ancestorTitles":["GameEngine","game state management"],"fullName":"GameEngine game state management should save current state","status":"passed","title":"should save current state","duration":7.833613999988302,"failureMessages":[],"meta":{}},{"ancestorTitles":["GameEngine","game state management"],"fullName":"GameEngine game state management should load saved state","status":"passed","title":"should load saved state","duration":25.442842999997083,"failureMessages":[],"meta":{}},{"ancestorTitles":["GameEngine","game state management"],"fullName":"GameEngine game state management should reject incompatible save versions","status":"passed","title":"should reject incompatible save versions","duration":6.522511000002851,"failureMessages":[],"meta":{}},{"ancestorTitles":["GameEngine","vocabulary management"],"fullName":"GameEngine vocabulary management should update vocabulary for entities in scope","status":"passed","title":"should update vocabulary for entities in scope","duration":7.792390999995405,"failureMessages":[],"meta":{}},{"ancestorTitles":["GameEngine","vocabulary management"],"fullName":"GameEngine vocabulary management should mark entities correctly as in/out of scope","status":"passed","title":"should mark entities correctly as in/out of scope","duration":7.986787000001641,"failureMessages":[],"meta":{}},{"ancestorTitles":["GameEngine","event handling"],"fullName":"GameEngine event handling should emit events during turn execution","status":"passed","title":"should emit events during turn execution","duration":7.072639999998501,"failureMessages":[],"meta":{}},{"ancestorTitles":["GameEngine","event handling"],"fullName":"GameEngine event handling should call onEvent config callback","status":"passed","title":"should call onEvent config callback","duration":16.241659999999683,"failureMessages":[],"meta":{}},{"ancestorTitles":["GameEngine","event handling"],"fullName":"GameEngine event handling should get recent events","status":"passed","title":"should get recent events","duration":4.816377999988617,"failureMessages":[],"meta":{}},{"ancestorTitles":["GameEngine","text service"],"fullName":"GameEngine text service should have text service configured","status":"passed","title":"should have text service configured","duration":3.2822379999997793,"failureMessages":[],"meta":{}}],"startTime":1756182946925,"endTime":1756182947284.2822,"status":"passed","message":"","name":"/mnt/c/repotemp/sharpee/packages/engine/tests/game-engine.test.ts"},{"assertionResults":[{"ancestorTitles":["Historical Accuracy - Atomic Events","Event Data Completeness"],"fullName":"Historical Accuracy - Atomic Events Event Data Completeness should include complete entity snapshots in action events","status":"passed","title":"should include complete entity snapshots in action events","duration":49.06860600000073,"failureMessages":[],"meta":{}},{"ancestorTitles":["Historical Accuracy - Atomic Events","Event Data Completeness"],"fullName":"Historical Accuracy - Atomic Events Event Data Completeness should include room snapshots in movement events","status":"skipped","title":"should include room snapshots in movement events","failureMessages":[],"meta":{}},{"ancestorTitles":["Historical Accuracy - Atomic Events","Event Data Completeness"],"fullName":"Historical Accuracy - Atomic Events Event Data Completeness should include container contents in opening events","status":"passed","title":"should include container contents in opening events","duration":18.901634000008926,"failureMessages":[],"meta":{}},{"ancestorTitles":["Historical Accuracy - Atomic Events","Event Replay Without World Model"],"fullName":"Historical Accuracy - Atomic Events Event Replay Without World Model should be able to reconstruct game state from events alone","status":"passed","title":"should be able to reconstruct game state from events alone","duration":22.365139000001363,"failureMessages":[],"meta":{}},{"ancestorTitles":["Historical Accuracy - Atomic Events","Event Replay Without World Model"],"fullName":"Historical Accuracy - Atomic Events Event Replay Without World Model should preserve entity state at time of event","status":"passed","title":"should preserve entity state at time of event","duration":25.703359000006458,"failureMessages":[],"meta":{}},{"ancestorTitles":["Historical Accuracy - Atomic Events","Event Enrichment"],"fullName":"Historical Accuracy - Atomic Events Event Enrichment should include turn number in event data","status":"passed","title":"should include turn number in event data","duration":15.961585999990348,"failureMessages":[],"meta":{}},{"ancestorTitles":["Historical Accuracy - Atomic Events","Event Enrichment"],"fullName":"Historical Accuracy - Atomic Events Event Enrichment should include actor and location in enriched events","status":"skipped","title":"should include actor and location in enriched events","failureMessages":[],"meta":{}},{"ancestorTitles":["Historical Accuracy - Atomic Events","Event Enrichment"],"fullName":"Historical Accuracy - Atomic Events Event Enrichment should normalize event types to lowercase with dots","status":"passed","title":"should normalize event types to lowercase with dots","duration":7.112498999995296,"failureMessages":[],"meta":{}},{"ancestorTitles":["Historical Accuracy - Atomic Events","Function Serialization"],"fullName":"Historical Accuracy - Atomic Events Function Serialization should handle functions in event data during save/load","status":"skipped","title":"should handle functions in event data during save/load","failureMessages":[],"meta":{}}],"startTime":1756182946984,"endTime":1756182947124.1125,"status":"passed","message":"","name":"/mnt/c/repotemp/sharpee/packages/engine/tests/historical-accuracy.test.ts"},{"assertionResults":[{"ancestorTitles":["Engine Integration Tests","Full game flow"],"fullName":"Engine Integration Tests Full game flow should complete a full game session","status":"passed","title":"should complete a full game session","duration":44.6313819999923,"failureMessages":[],"meta":{}},{"ancestorTitles":["Engine Integration Tests","Full game flow"],"fullName":"Engine Integration Tests Full game flow should handle save and restore","status":"passed","title":"should handle save and restore","duration":47.61316800001077,"failureMessages":[],"meta":{}},{"ancestorTitles":["Engine Integration Tests","Full game flow"],"fullName":"Engine Integration Tests Full game flow should handle game completion","status":"skipped","title":"should handle game completion","failureMessages":[],"meta":{}},{"ancestorTitles":["Engine Integration Tests","Error scenarios"],"fullName":"Engine Integration Tests Error scenarios should handle malformed input gracefully","status":"passed","title":"should handle malformed input gracefully","duration":46.80610000000161,"failureMessages":[],"meta":{}},{"ancestorTitles":["Engine Integration Tests","Error scenarios"],"fullName":"Engine Integration Tests Error scenarios should recover from action errors","status":"passed","title":"should recover from action errors","duration":14.537014000001363,"failureMessages":[],"meta":{}},{"ancestorTitles":["Engine Integration Tests","Performance"],"fullName":"Engine Integration Tests Performance should handle rapid turn execution","status":"passed","title":"should handle rapid turn execution","duration":30.335365000006277,"failureMessages":[],"meta":{}},{"ancestorTitles":["Engine Integration Tests","Event flow"],"fullName":"Engine Integration Tests Event flow should maintain event ordering","status":"passed","title":"should maintain event ordering","duration":15.012978999991901,"failureMessages":[],"meta":{}},{"ancestorTitles":["Engine Integration Tests","Text output integration"],"fullName":"Engine Integration Tests Text output integration should format complex game output","status":"passed","title":"should format complex game output","duration":8.698479999991832,"failureMessages":[],"meta":{}},{"ancestorTitles":["Engine Integration Tests","Vocabulary integration"],"fullName":"Engine Integration Tests Vocabulary integration should update vocabulary as player moves","status":"passed","title":"should update vocabulary as player moves","duration":25.3095869999961,"failureMessages":[],"meta":{}},{"ancestorTitles":["Engine Integration Tests","Standard engine setup"],"fullName":"Engine Integration Tests Standard engine setup should create functional standard engine","status":"passed","title":"should create functional standard engine","duration":16.01260299999558,"failureMessages":[],"meta":{}},{"ancestorTitles":["Engine Integration Tests","Complex world navigation"],"fullName":"Engine Integration Tests Complex world navigation should handle multi-room world with objects","status":"passed","title":"should handle multi-room world with objects","duration":16.21039700000256,"failureMessages":[],"meta":{}},{"ancestorTitles":["Engine Integration Tests","Turn-based completion"],"fullName":"Engine Integration Tests Turn-based completion should complete game after turn limit","status":"skipped","title":"should complete game after turn limit","failureMessages":[],"meta":{}},{"ancestorTitles":["Engine Integration Tests","Turn-based completion"],"fullName":"Engine Integration Tests Turn-based completion should complete game on score threshold","status":"skipped","title":"should complete game on score threshold","failureMessages":[],"meta":{}}],"startTime":1756182946929,"endTime":1756182947199.2104,"status":"passed","message":"","name":"/mnt/c/repotemp/sharpee/packages/engine/tests/integration.test.ts"},{"assertionResults":[{"ancestorTitles":["Parser Extension Methods","Parser extensions"],"fullName":"Parser Extension Methods Parser extensions should add custom verbs","status":"passed","title":"should add custom verbs","duration":7.519716000009794,"failureMessages":[],"meta":{}},{"ancestorTitles":["Parser Extension Methods","Parser extensions"],"fullName":"Parser Extension Methods Parser extensions should add custom prepositions","status":"passed","title":"should add custom prepositions","duration":3.1858359999896493,"failureMessages":[],"meta":{}},{"ancestorTitles":["Parser Extension Methods","Parser extensions"],"fullName":"Parser Extension Methods Parser extensions should handle addNoun method (placeholder)","status":"passed","title":"should handle addNoun method (placeholder)","duration":3.0214689999993425,"failureMessages":[],"meta":{}},{"ancestorTitles":["Parser Extension Methods","Parser extensions"],"fullName":"Parser Extension Methods Parser extensions should handle addAdjective method (placeholder)","status":"passed","title":"should handle addAdjective method (placeholder)","duration":1.9406350000062957,"failureMessages":[],"meta":{}},{"ancestorTitles":["Parser Extension Methods","Language Provider extensions"],"fullName":"Parser Extension Methods Language Provider extensions should add custom messages","status":"passed","title":"should add custom messages","duration":1.7479749999911292,"failureMessages":[],"meta":{}},{"ancestorTitles":["Parser Extension Methods","Language Provider extensions"],"fullName":"Parser Extension Methods Language Provider extensions should add action help","status":"passed","title":"should add action help","duration":1.6272159999934956,"failureMessages":[],"meta":{}},{"ancestorTitles":["Parser Extension Methods","Language Provider extensions"],"fullName":"Parser Extension Methods Language Provider extensions should add action patterns","status":"passed","title":"should add action patterns","duration":2.3164899999974295,"failureMessages":[],"meta":{}},{"ancestorTitles":["Parser Extension Methods","Language Provider extensions"],"fullName":"Parser Extension Methods Language Provider extensions should merge patterns with existing actions","status":"passed","title":"should merge patterns with existing actions","duration":2.159808999989764,"failureMessages":[],"meta":{}}],"startTime":1756182934029,"endTime":1756182934053.16,"status":"passed","message":"","name":"/mnt/c/repotemp/sharpee/packages/engine/tests/parser-extension.test.ts"},{"assertionResults":[{"ancestorTitles":["GameEngine Platform Operations","Platform Event Detection"],"fullName":"GameEngine Platform Operations Platform Event Detection should detect and queue platform events during turn execution","status":"passed","title":"should detect and queue platform events during turn execution","duration":41.58318000000145,"failureMessages":[],"meta":{}},{"ancestorTitles":["GameEngine Platform Operations","Save Operations"],"fullName":"GameEngine Platform Operations Save Operations should process save requested event and call save hook","status":"passed","title":"should process save requested event and call save hook","duration":12.747512999994797,"failureMessages":[],"meta":{}},{"ancestorTitles":["GameEngine Platform Operations","Save Operations"],"fullName":"GameEngine Platform Operations Save Operations should emit save completed event on success","status":"passed","title":"should emit save completed event on success","duration":9.869748999990406,"failureMessages":[],"meta":{}},{"ancestorTitles":["GameEngine Platform Operations","Save Operations"],"fullName":"GameEngine Platform Operations Save Operations should emit save failed event when hook throws","status":"passed","title":"should emit save failed event when hook throws","duration":38.61446899999282,"failureMessages":[],"meta":{}},{"ancestorTitles":["GameEngine Platform Operations","Save Operations"],"fullName":"GameEngine Platform Operations Save Operations should emit save failed event when no save hook registered","status":"passed","title":"should emit save failed event when no save hook registered","duration":11.113060999996378,"failureMessages":[],"meta":{}},{"ancestorTitles":["GameEngine Platform Operations","Restore Operations"],"fullName":"GameEngine Platform Operations Restore Operations should process restore requested event and call restore hook","status":"passed","title":"should process restore requested event and call restore hook","duration":7.6207070000091335,"failureMessages":[],"meta":{}},{"ancestorTitles":["GameEngine Platform Operations","Restore Operations"],"fullName":"GameEngine Platform Operations Restore Operations should load save data and emit completion event","status":"passed","title":"should load save data and emit completion event","duration":15.161668000000645,"failureMessages":[],"meta":{}},{"ancestorTitles":["GameEngine Platform Operations","Restore Operations"],"fullName":"GameEngine Platform Operations Restore Operations should emit restore failed event when no save data available","status":"passed","title":"should emit restore failed event when no save data available","duration":5.057706999999937,"failureMessages":[],"meta":{}},{"ancestorTitles":["GameEngine Platform Operations","Quit Operations"],"fullName":"GameEngine Platform Operations Quit Operations should process quit requested event and call quit hook","status":"passed","title":"should process quit requested event and call quit hook","duration":33.014139999999315,"failureMessages":[],"meta":{}},{"ancestorTitles":["GameEngine Platform Operations","Quit Operations"],"fullName":"GameEngine Platform Operations Quit Operations should stop engine and emit confirmation when quit confirmed","status":"passed","title":"should stop engine and emit confirmation when quit confirmed","duration":7.464668000000529,"failureMessages":[],"meta":{}},{"ancestorTitles":["GameEngine Platform Operations","Quit Operations"],"fullName":"GameEngine Platform Operations Quit Operations should emit cancelled event when quit declined","status":"passed","title":"should emit cancelled event when quit declined","duration":16.60904599999776,"failureMessages":[],"meta":{}},{"ancestorTitles":["GameEngine Platform Operations","Quit Operations"],"fullName":"GameEngine Platform Operations Quit Operations should quit by default when no hook registered","status":"passed","title":"should quit by default when no hook registered","duration":29.971067999998922,"failureMessages":[],"meta":{}},{"ancestorTitles":["GameEngine Platform Operations","Restart Operations"],"fullName":"GameEngine Platform Operations Restart Operations should process restart requested event and call restart hook","status":"passed","title":"should process restart requested event and call restart hook","duration":12.445435999994515,"failureMessages":[],"meta":{}},{"ancestorTitles":["GameEngine Platform Operations","Restart Operations"],"fullName":"GameEngine Platform Operations Restart Operations should reinitialize story and emit completion when restart confirmed","status":"passed","title":"should reinitialize story and emit completion when restart confirmed","duration":10.41378600000462,"failureMessages":[],"meta":{}},{"ancestorTitles":["GameEngine Platform Operations","Restart Operations"],"fullName":"GameEngine Platform Operations Restart Operations should emit cancelled event when restart declined","status":"passed","title":"should emit cancelled event when restart declined","duration":15.275557000000845,"failureMessages":[],"meta":{}},{"ancestorTitles":["GameEngine Platform Operations","Multiple Platform Operations"],"fullName":"GameEngine Platform Operations Multiple Platform Operations should process multiple platform operations in order","status":"passed","title":"should process multiple platform operations in order","duration":9.670750999997836,"failureMessages":[],"meta":{}},{"ancestorTitles":["GameEngine Platform Operations","Multiple Platform Operations"],"fullName":"GameEngine Platform Operations Multiple Platform Operations should continue processing even if one operation fails","status":"passed","title":"should continue processing even if one operation fails","duration":11.4800499999983,"failureMessages":[],"meta":{}},{"ancestorTitles":["GameEngine Platform Operations","Event Emission"],"fullName":"GameEngine Platform Operations Event Emission should add completion events to current turn events","status":"passed","title":"should add completion events to current turn events","duration":10.143186999994214,"failureMessages":[],"meta":{}},{"ancestorTitles":["GameEngine Platform Operations","Event Emission"],"fullName":"GameEngine Platform Operations Event Emission should emit events through event source","status":"passed","title":"should emit events through event source","duration":15.928474000000278,"failureMessages":[],"meta":{}}],"startTime":1756182946917,"endTime":1756182947234.9285,"status":"passed","message":"","name":"/mnt/c/repotemp/sharpee/packages/engine/tests/platform-operations.test.ts"},{"assertionResults":[{"ancestorTitles":["Story-Based Testing Verification"],"fullName":"Story-Based Testing Verification should successfully initialize engine with test story and language provider","status":"passed","title":"should successfully initialize engine with test story and language provider","duration":37.62845200000447,"failureMessages":[],"meta":{}},{"ancestorTitles":["Story-Based Testing Verification"],"fullName":"Story-Based Testing Verification should load language provider directly","status":"passed","title":"should load language provider directly","duration":10.929775000011432,"failureMessages":[],"meta":{}}],"startTime":1756182946962,"endTime":1756182947010.9297,"status":"passed","message":"","name":"/mnt/c/repotemp/sharpee/packages/engine/tests/story-testing-verification.test.ts"},{"assertionResults":[{"ancestorTitles":["Story","StoryConfig validation"],"fullName":"Story StoryConfig validation should validate valid story config","status":"passed","title":"should validate valid story config","duration":2.351903000000675,"failureMessages":[],"meta":{}},{"ancestorTitles":["Story","StoryConfig validation"],"fullName":"Story StoryConfig validation should accept author as array","status":"passed","title":"should accept author as array","duration":0.35743100000036065,"failureMessages":[],"meta":{}},{"ancestorTitles":["Story","StoryConfig validation"],"fullName":"Story StoryConfig validation should validate semantic version","status":"passed","title":"should validate semantic version","duration":0.5792320000000473,"failureMessages":[],"meta":{}},{"ancestorTitles":["Story","StoryConfig validation"],"fullName":"Story StoryConfig validation should reject invalid versions","status":"passed","title":"should reject invalid versions","duration":0.9307799999987765,"failureMessages":[],"meta":{}},{"ancestorTitles":["Story","StoryConfig validation"],"fullName":"Story StoryConfig validation should require all mandatory fields","status":"passed","title":"should require all mandatory fields","duration":0.6045160000012402,"failureMessages":[],"meta":{}},{"ancestorTitles":["Story","Story lifecycle"],"fullName":"Story Story lifecycle should track completion state","status":"passed","title":"should track completion state","duration":0.35662199999933364,"failureMessages":[],"meta":{}}],"startTime":1756182955459,"endTime":1756182955464.3567,"status":"passed","message":"","name":"/mnt/c/repotemp/sharpee/packages/engine/tests/story.test.ts"},{"assertionResults":[{"ancestorTitles":["Types","GameEvent"],"fullName":"Types GameEvent should create valid game event","status":"passed","title":"should create valid game event","duration":3.44277399999919,"failureMessages":[],"meta":{}},{"ancestorTitles":["Types","GameEvent"],"fullName":"Types GameEvent should support optional metadata","status":"passed","title":"should support optional metadata","duration":0.5681580000000395,"failureMessages":[],"meta":{}},{"ancestorTitles":["Types","GameEvent"],"fullName":"Types GameEvent should handle empty data","status":"passed","title":"should handle empty data","duration":0.28719599999931233,"failureMessages":[],"meta":{}},{"ancestorTitles":["Types","SequencedEvent"],"fullName":"Types SequencedEvent should extend GameEvent with sequencing data","status":"passed","title":"should extend GameEvent with sequencing data","duration":0.5692429999999149,"failureMessages":[],"meta":{}},{"ancestorTitles":["Types","SequencedEvent"],"fullName":"Types SequencedEvent should support different scopes","status":"passed","title":"should support different scopes","duration":0.31878300000062154,"failureMessages":[],"meta":{}},{"ancestorTitles":["Types","SequencedEvent"],"fullName":"Types SequencedEvent should support optional source","status":"passed","title":"should support optional source","duration":0.20983800000067276,"failureMessages":[],"meta":{}},{"ancestorTitles":["Types","TurnResult"],"fullName":"Types TurnResult should create valid turn result","status":"passed","title":"should create valid turn result","duration":0.29231699999945704,"failureMessages":[],"meta":{}},{"ancestorTitles":["Types","TurnResult"],"fullName":"Types TurnResult should include timing data when provided","status":"passed","title":"should include timing data when provided","duration":0.14245999999911874,"failureMessages":[],"meta":{}},{"ancestorTitles":["Types","TurnResult"],"fullName":"Types TurnResult should include error for failed turns","status":"passed","title":"should include error for failed turns","duration":0.2855020000006334,"failureMessages":[],"meta":{}},{"ancestorTitles":["Types","TurnResult"],"fullName":"Types TurnResult should handle events array","status":"passed","title":"should handle events array","duration":1.188983999998527,"failureMessages":[],"meta":{}},{"ancestorTitles":["Types","GameContext"],"fullName":"Types GameContext should create valid game context","status":"passed","title":"should create valid game context","duration":0.8726640000004409,"failureMessages":[],"meta":{}},{"ancestorTitles":["Types","GameContext"],"fullName":"Types GameContext should support optional metadata fields","status":"passed","title":"should support optional metadata fields","duration":0.28499899999951595,"failureMessages":[],"meta":{}},{"ancestorTitles":["Types","GameContext"],"fullName":"Types GameContext should maintain turn history","status":"passed","title":"should maintain turn history","duration":0.2715859999989334,"failureMessages":[],"meta":{}},{"ancestorTitles":["Types","EngineConfig"],"fullName":"Types EngineConfig should have default values","status":"passed","title":"should have default values","duration":0.18646999999873515,"failureMessages":[],"meta":{}},{"ancestorTitles":["Types","EngineConfig"],"fullName":"Types EngineConfig should support all configuration options","status":"passed","title":"should support all configuration options","duration":0.8468700000012177,"failureMessages":[],"meta":{}},{"ancestorTitles":["Types","EngineConfig"],"fullName":"Types EngineConfig should handle event callback","status":"passed","title":"should handle event callback","duration":0.287134000000151,"failureMessages":[],"meta":{}},{"ancestorTitles":["Types","GameState"],"fullName":"Types GameState should create valid game state","status":"passed","title":"should create valid game state","duration":0.5292129999997996,"failureMessages":[],"meta":{}},{"ancestorTitles":["Types","GameState"],"fullName":"Types GameState should preserve full context in save state","status":"passed","title":"should preserve full context in save state","duration":0.4211190000005445,"failureMessages":[],"meta":{}},{"ancestorTitles":["Types","TimingData"],"fullName":"Types TimingData should track execution phases","status":"passed","title":"should track execution phases","duration":0.16915399999925285,"failureMessages":[],"meta":{}},{"ancestorTitles":["Types","TimingData"],"fullName":"Types TimingData should support optional custom timings","status":"passed","title":"should support optional custom timings","duration":0.10335400000076334,"failureMessages":[],"meta":{}},{"ancestorTitles":["Types","Type relationships"],"fullName":"Types Type relationships should maintain consistency between types","status":"passed","title":"should maintain consistency between types","duration":0.2609469999988505,"failureMessages":[],"meta":{}},{"ancestorTitles":["Types","Type relationships"],"fullName":"Types Type relationships should allow arrays of events in turn results","status":"passed","title":"should allow arrays of events in turn results","duration":0.45218799999929615,"failureMessages":[],"meta":{}}],"startTime":1756182955608,"endTime":1756182955621.4521,"status":"passed","message":"","name":"/mnt/c/repotemp/sharpee/packages/engine/tests/types.test.ts"},{"assertionResults":[{"ancestorTitles":["Vocabulary Structure Test"],"fullName":"Vocabulary Structure Test should check verb structure from language provider","status":"passed","title":"should check verb structure from language provider","duration":2.1364129999992656,"failureMessages":[],"meta":{}}],"startTime":1756182953883,"endTime":1756182953885.1365,"status":"passed","message":"","name":"/mnt/c/repotemp/sharpee/packages/engine/tests/verb-structure.test.ts"},{"assertionResults":[{"ancestorTitles":["Event Size Analysis"],"fullName":"Event Size Analysis should measure event sizes for common actions","status":"passed","title":"should measure event sizes for common actions","duration":69.97045300000173,"failureMessages":[],"meta":{}},{"ancestorTitles":["Event Size Analysis"],"fullName":"Event Size Analysis should compare snapshot vs reference sizes","status":"passed","title":"should compare snapshot vs reference sizes","duration":22.644186999998055,"failureMessages":[],"meta":{}},{"ancestorTitles":["Event Size Analysis"],"fullName":"Event Size Analysis should analyze memory usage patterns","status":"passed","title":"should analyze memory usage patterns","duration":45.44604100000288,"failureMessages":[],"meta":{}}],"startTime":1756182946994,"endTime":1756182947132.446,"status":"passed","message":"","name":"/mnt/c/repotemp/sharpee/packages/engine/tests/performance/event-size-analysis.test.ts"},{"assertionResults":[{"ancestorTitles":["Command History Integration","Command History Tracking"],"fullName":"Command History Integration Command History Tracking should track successful commands in history","status":"passed","title":"should track successful commands in history","duration":65.45094899999094,"failureMessages":[],"meta":{}},{"ancestorTitles":["Command History Integration","Command History Tracking"],"fullName":"Command History Integration Command History Tracking should not track failed commands","status":"skipped","title":"should not track failed commands","failureMessages":[],"meta":{}},{"ancestorTitles":["Command History Integration","Command History Tracking"],"fullName":"Command History Integration Command History Tracking should track multiple commands in order","status":"skipped","title":"should track multiple commands in order","failureMessages":[],"meta":{}},{"ancestorTitles":["Command History Integration","Command History Tracking"],"fullName":"Command History Integration Command History Tracking should track complex commands with objects and prepositions","status":"skipped","title":"should track complex commands with objects and prepositions","failureMessages":[],"meta":{}},{"ancestorTitles":["Command History Integration","Command History Tracking"],"fullName":"Command History Integration Command History Tracking should not track non-repeatable commands","status":"skipped","title":"should not track non-repeatable commands","failureMessages":[],"meta":{}},{"ancestorTitles":["Command History Integration","Command History Tracking"],"fullName":"Command History Integration Command History Tracking should respect maxEntries limit","status":"skipped","title":"should respect maxEntries limit","failureMessages":[],"meta":{}},{"ancestorTitles":["Command History Integration","Command History Tracking"],"fullName":"Command History Integration Command History Tracking should handle AGAIN command by repeating last command","status":"passed","title":"should handle AGAIN command by repeating last command","duration":18.62827400000242,"failureMessages":[],"meta":{}},{"ancestorTitles":["Command History Integration","Command History Tracking"],"fullName":"Command History Integration Command History Tracking should handle AGAIN with no history","status":"skipped","title":"should handle AGAIN with no history","failureMessages":[],"meta":{}},{"ancestorTitles":["Command History Integration","Command History with Capabilities Not Registered"],"fullName":"Command History Integration Command History with Capabilities Not Registered should gracefully handle missing command history capability","status":"skipped","title":"should gracefully handle missing command history capability","failureMessages":[],"meta":{}}],"startTime":1756182947124,"endTime":1756182947209.6282,"status":"passed","message":"","name":"/mnt/c/repotemp/sharpee/packages/engine/tests/integration/command-history.test.ts"},{"assertionResults":[{"ancestorTitles":["Event Handler System (Integration)","Entity-level handlers"],"fullName":"Event Handler System (Integration) Entity-level handlers should allow entities to define event handlers","status":"passed","title":"should allow entities to define event handlers","duration":6.933565999999701,"failureMessages":[],"meta":{}},{"ancestorTitles":["Event Handler System (Integration)","Entity-level handlers"],"fullName":"Event Handler System (Integration) Entity-level handlers should handle multiple entities with different handlers","status":"passed","title":"should handle multiple entities with different handlers","duration":1.1905310000001919,"failureMessages":[],"meta":{}},{"ancestorTitles":["Event Handler System (Integration)","Story-level handlers"],"fullName":"Event Handler System (Integration) Story-level handlers should allow stories to register event handlers","status":"passed","title":"should allow stories to register event handlers","duration":0.5753039999999601,"failureMessages":[],"meta":{}},{"ancestorTitles":["Event Handler System (Integration)","Story-level handlers"],"fullName":"Event Handler System (Integration) Story-level handlers should support complex multi-entity interactions","status":"passed","title":"should support complex multi-entity interactions","duration":0.7695850000000064,"failureMessages":[],"meta":{}},{"ancestorTitles":["Event Handler System (Integration)","Handler composition"],"fullName":"Event Handler System (Integration) Handler composition should allow both entity and story handlers to fire","status":"passed","title":"should allow both entity and story handlers to fire","duration":1.5804879999996047,"failureMessages":[],"meta":{}}],"startTime":1756182955395,"endTime":1756182955406.5806,"status":"passed","message":"","name":"/mnt/c/repotemp/sharpee/packages/engine/tests/integration/event-handlers.test.ts"},{"assertionResults":[{"ancestorTitles":["Query Event Emission"],"fullName":"Query Event Emission should emit client.query event when quit is executed","status":"passed","title":"should emit client.query event when quit is executed","duration":45.38611199999286,"failureMessages":[],"meta":{}},{"ancestorTitles":["Query Event Emission"],"fullName":"Query Event Emission should emit platform.quit_requested event","status":"passed","title":"should emit platform.quit_requested event","duration":12.520170000003418,"failureMessages":[],"meta":{}},{"ancestorTitles":["Query Event Emission"],"fullName":"Query Event Emission should emit if.event.quit_requested event","status":"passed","title":"should emit if.event.quit_requested event","duration":16.44330600000103,"failureMessages":[],"meta":{}}],"startTime":1756182947162,"endTime":1756182947240.4434,"status":"passed","message":"","name":"/mnt/c/repotemp/sharpee/packages/engine/tests/integration/query-events.test.ts"},{"assertionResults":[{"ancestorTitles":["Query System Integration - MOVED TO PLATFORM LAYER"],"fullName":"Query System Integration - MOVED TO PLATFORM LAYER should emit client.query event when quit action executes","status":"skipped","title":"should emit client.query event when quit action executes","failureMessages":[],"meta":{}},{"ancestorTitles":["Query System Integration - MOVED TO PLATFORM LAYER"],"fullName":"Query System Integration - MOVED TO PLATFORM LAYER should intercept input when query is pending","status":"skipped","title":"should intercept input when query is pending","failureMessages":[],"meta":{}},{"ancestorTitles":["Query System Integration - MOVED TO PLATFORM LAYER"],"fullName":"Query System Integration - MOVED TO PLATFORM LAYER should handle quit cancellation","status":"skipped","title":"should handle quit cancellation","failureMessages":[],"meta":{}},{"ancestorTitles":["Query System Integration - MOVED TO PLATFORM LAYER"],"fullName":"Query System Integration - MOVED TO PLATFORM LAYER should handle invalid query responses","status":"skipped","title":"should handle invalid query responses","failureMessages":[],"meta":{}},{"ancestorTitles":["Query System Integration - MOVED TO PLATFORM LAYER"],"fullName":"Query System Integration - MOVED TO PLATFORM LAYER should allow command interruption when configured","status":"skipped","title":"should allow command interruption when configured","failureMessages":[],"meta":{}}],"startTime":1756182866057,"endTime":1756182866057,"status":"passed","message":"","name":"/mnt/c/repotemp/sharpee/packages/engine/tests/integration/query-system.test.ts"},{"assertionResults":[{"ancestorTitles":["EventEmitter","on()"],"fullName":"EventEmitter on() should register a handler for an event type","status":"passed","title":"should register a handler for an event type","duration":2.6409830000011425,"failureMessages":[],"meta":{}},{"ancestorTitles":["EventEmitter","on()"],"fullName":"EventEmitter on() should allow multiple handlers for the same event","status":"passed","title":"should allow multiple handlers for the same event","duration":0.2767650000005233,"failureMessages":[],"meta":{}},{"ancestorTitles":["EventEmitter","off()"],"fullName":"EventEmitter off() should remove a specific handler","status":"passed","title":"should remove a specific handler","duration":0.19466099999954167,"failureMessages":[],"meta":{}},{"ancestorTitles":["EventEmitter","off()"],"fullName":"EventEmitter off() should handle removing non-existent handler gracefully","status":"passed","title":"should handle removing non-existent handler gracefully","duration":1.3532159999995201,"failureMessages":[],"meta":{}},{"ancestorTitles":["EventEmitter","emit()"],"fullName":"EventEmitter emit() should call all registered handlers","status":"passed","title":"should call all registered handlers","duration":0.46009200000116834,"failureMessages":[],"meta":{}},{"ancestorTitles":["EventEmitter","emit()"],"fullName":"EventEmitter emit() should collect semantic events from handlers","status":"passed","title":"should collect semantic events from handlers","duration":1.1179769999998825,"failureMessages":[],"meta":{}},{"ancestorTitles":["EventEmitter","emit()"],"fullName":"EventEmitter emit() should handle handlers that return void","status":"passed","title":"should handle handlers that return void","duration":0.31095100000129605,"failureMessages":[],"meta":{}},{"ancestorTitles":["EventEmitter","clear()"],"fullName":"EventEmitter clear() should clear all handlers for a specific event type","status":"passed","title":"should clear all handlers for a specific event type","duration":0.25075699999979406,"failureMessages":[],"meta":{}},{"ancestorTitles":["EventEmitter","clear()"],"fullName":"EventEmitter clear() should clear all handlers when no event type specified","status":"passed","title":"should clear all handlers when no event type specified","duration":0.30141899999944144,"failureMessages":[],"meta":{}},{"ancestorTitles":["EventEmitter","listenerCount()"],"fullName":"EventEmitter listenerCount() should return 0 for unregistered events","status":"passed","title":"should return 0 for unregistered events","duration":0.17796699999962584,"failureMessages":[],"meta":{}},{"ancestorTitles":["EventEmitter","listenerCount()"],"fullName":"EventEmitter listenerCount() should return correct count for registered events","status":"passed","title":"should return correct count for registered events","duration":0.17696900000009919,"failureMessages":[],"meta":{}}],"startTime":1756182955345,"endTime":1756182955353.3015,"status":"passed","message":"","name":"/mnt/c/repotemp/sharpee/packages/engine/tests/unit/events/event-emitter.test.ts"}]}