{"numTotalTestSuites":102,"numPassedTestSuites":102,"numFailedTestSuites":0,"numPendingTestSuites":0,"numTotalTests":232,"numPassedTests":232,"numFailedTests":0,"numPendingTests":0,"numTodoTests":0,"snapshot":{"added":0,"failure":false,"filesAdded":0,"filesRemoved":0,"filesRemovedList":[],"filesUnmatched":0,"filesUpdated":0,"matched":0,"total":0,"unchecked":0,"uncheckedKeysByFile":[],"unmatched":0,"updated":0,"didUpdate":false},"startTime":1754491779237,"success":true,"testResults":[{"assertionResults":[{"ancestorTitles":["Coverage Improvements","Pluralization - Case Preservation"],"fullName":"Coverage Improvements Pluralization - Case Preservation should preserve all uppercase for irregular plurals","status":"passed","title":"should preserve all uppercase for irregular plurals","duration":1.8722730000008596,"failureMessages":[],"meta":{}},{"ancestorTitles":["Coverage Improvements","Pluralization - Case Preservation"],"fullName":"Coverage Improvements Pluralization - Case Preservation should preserve title case for irregular plurals","status":"passed","title":"should preserve title case for irregular plurals","duration":2.008605000000898,"failureMessages":[],"meta":{}},{"ancestorTitles":["Coverage Improvements","Pluralization - Case Preservation"],"fullName":"Coverage Improvements Pluralization - Case Preservation should handle uppercase -y to -ies conversion","status":"passed","title":"should handle uppercase -y to -ies conversion","duration":0.5975290000005771,"failureMessages":[],"meta":{}},{"ancestorTitles":["Coverage Improvements","Pluralization - Case Preservation"],"fullName":"Coverage Improvements Pluralization - Case Preservation should handle -f to -ves conversion","status":"passed","title":"should handle -f to -ves conversion","duration":2.6238890000004176,"failureMessages":[],"meta":{}},{"ancestorTitles":["Coverage Improvements","Event Message Functions","formatInventory"],"fullName":"Coverage Improvements Event Message Functions formatInventory should return empty inventory message","status":"passed","title":"should return empty inventory message","duration":0.6299980000003416,"failureMessages":[],"meta":{}},{"ancestorTitles":["Coverage Improvements","Event Message Functions","formatInventory"],"fullName":"Coverage Improvements Event Message Functions formatInventory should format inventory without worn items","status":"passed","title":"should format inventory without worn items","duration":0.5329639999999927,"failureMessages":[],"meta":{}},{"ancestorTitles":["Coverage Improvements","Event Message Functions","formatInventory"],"fullName":"Coverage Improvements Event Message Functions formatInventory should format inventory with worn items","status":"passed","title":"should format inventory with worn items","duration":0.47053299999970477,"failureMessages":[],"meta":{}},{"ancestorTitles":["Coverage Improvements","Event Message Functions","formatInventory"],"fullName":"Coverage Improvements Event Message Functions formatInventory should handle single item","status":"passed","title":"should handle single item","duration":0.39206000000012864,"failureMessages":[],"meta":{}},{"ancestorTitles":["Coverage Improvements","Event Message Functions","formatInventory"],"fullName":"Coverage Improvements Event Message Functions formatInventory should handle single worn item","status":"passed","title":"should handle single worn item","duration":2.5296130000006087,"failureMessages":[],"meta":{}},{"ancestorTitles":["Coverage Improvements","Event Message Functions","formatRoomDescription"],"fullName":"Coverage Improvements Event Message Functions formatRoomDescription should return description without items","status":"passed","title":"should return description without items","duration":1.2313460000004852,"failureMessages":[],"meta":{}},{"ancestorTitles":["Coverage Improvements","Event Message Functions","formatRoomDescription"],"fullName":"Coverage Improvements Event Message Functions formatRoomDescription should add single item to description","status":"passed","title":"should add single item to description","duration":0.9655340000008437,"failureMessages":[],"meta":{}},{"ancestorTitles":["Coverage Improvements","Event Message Functions","formatRoomDescription"],"fullName":"Coverage Improvements Event Message Functions formatRoomDescription should add multiple items to description","status":"passed","title":"should add multiple items to description","duration":1.0428539999993518,"failureMessages":[],"meta":{}},{"ancestorTitles":["Coverage Improvements","Event Message Functions","formatRoomDescription"],"fullName":"Coverage Improvements Event Message Functions formatRoomDescription should handle two items","status":"passed","title":"should handle two items","duration":1.08565500000077,"failureMessages":[],"meta":{}},{"ancestorTitles":["Coverage Improvements","Event Message Functions","formatContainerContents"],"fullName":"Coverage Improvements Event Message Functions formatContainerContents should return empty container message","status":"passed","title":"should return empty container message","duration":1.9102689999999711,"failureMessages":[],"meta":{}},{"ancestorTitles":["Coverage Improvements","Event Message Functions","formatContainerContents"],"fullName":"Coverage Improvements Event Message Functions formatContainerContents should format single item in container","status":"passed","title":"should format single item in container","duration":2.0535650000001624,"failureMessages":[],"meta":{}},{"ancestorTitles":["Coverage Improvements","Event Message Functions","formatContainerContents"],"fullName":"Coverage Improvements Event Message Functions formatContainerContents should format multiple items in container","status":"passed","title":"should format multiple items in container","duration":2.330535000000964,"failureMessages":[],"meta":{}},{"ancestorTitles":["Coverage Improvements","Event Message Functions","formatContainerContents"],"fullName":"Coverage Improvements Event Message Functions formatContainerContents should work with different container names","status":"passed","title":"should work with different container names","duration":2.124982999999702,"failureMessages":[],"meta":{}}],"startTime":1754491793088,"endTime":1754491793114.125,"status":"passed","message":"","name":"/mnt/c/repotemp/sharpee/packages/lang-en-us/tests/coverage-improvements.test.ts"},{"assertionResults":[{"ancestorTitles":["Data Integrity","Verb Definitions"],"fullName":"Data Integrity Verb Definitions should have unique action IDs","status":"passed","title":"should have unique action IDs","duration":0.9723759999997128,"failureMessages":[],"meta":{}},{"ancestorTitles":["Data Integrity","Verb Definitions"],"fullName":"Data Integrity Verb Definitions should use valid action ID format","status":"passed","title":"should use valid action ID format","duration":1.574480000001131,"failureMessages":[],"meta":{}},{"ancestorTitles":["Data Integrity","Verb Definitions"],"fullName":"Data Integrity Verb Definitions should have consistent requiresObject and allowsIndirectObject flags","status":"passed","title":"should have consistent requiresObject and allowsIndirectObject flags","duration":0.35188899999957357,"failureMessages":[],"meta":{}},{"ancestorTitles":["Data Integrity","Verb Definitions"],"fullName":"Data Integrity Verb Definitions should have non-empty verb lists","status":"passed","title":"should have non-empty verb lists","duration":5.770623000000342,"failureMessages":[],"meta":{}},{"ancestorTitles":["Data Integrity","Verb Definitions"],"fullName":"Data Integrity Verb Definitions should have lowercase verbs","status":"passed","title":"should have lowercase verbs","duration":1.79660899999908,"failureMessages":[],"meta":{}},{"ancestorTitles":["Data Integrity","Verb Definitions"],"fullName":"Data Integrity Verb Definitions should have all IFActions values used","status":"passed","title":"should have all IFActions values used","duration":1.7489470000000438,"failureMessages":[],"meta":{}},{"ancestorTitles":["Data Integrity","Word Lists"],"fullName":"Data Integrity Word Lists should have no duplicates within each list","status":"passed","title":"should have no duplicates within each list","duration":0.3042990000012651,"failureMessages":[],"meta":{}},{"ancestorTitles":["Data Integrity","Word Lists"],"fullName":"Data Integrity Word Lists should have lowercase words","status":"passed","title":"should have lowercase words","duration":5.4358440000014525,"failureMessages":[],"meta":{}},{"ancestorTitles":["Data Integrity","Word Lists"],"fullName":"Data Integrity Word Lists should have mutually exclusive word categories","status":"passed","title":"should have mutually exclusive word categories","duration":2.7349409999987984,"failureMessages":[],"meta":{}},{"ancestorTitles":["Data Integrity","Word Lists"],"fullName":"Data Integrity Word Lists should have complete number words","status":"passed","title":"should have complete number words","duration":1.1190480000004754,"failureMessages":[],"meta":{}},{"ancestorTitles":["Data Integrity","Irregular Plurals"],"fullName":"Data Integrity Irregular Plurals should have valid plural to singular mappings","status":"passed","title":"should have valid plural to singular mappings","duration":2.6775500000003376,"failureMessages":[],"meta":{}},{"ancestorTitles":["Data Integrity","Irregular Plurals"],"fullName":"Data Integrity Irregular Plurals should have common irregular plurals","status":"passed","title":"should have common irregular plurals","duration":0.19869400000061432,"failureMessages":[],"meta":{}},{"ancestorTitles":["Data Integrity","Irregular Plurals"],"fullName":"Data Integrity Irregular Plurals should have unique singular forms","status":"passed","title":"should have unique singular forms","duration":0.07046400000035646,"failureMessages":[],"meta":{}},{"ancestorTitles":["Data Integrity","Abbreviations"],"fullName":"Data Integrity Abbreviations should have valid abbreviation mappings","status":"passed","title":"should have valid abbreviation mappings","duration":0.6544549999998708,"failureMessages":[],"meta":{}},{"ancestorTitles":["Data Integrity","Abbreviations"],"fullName":"Data Integrity Abbreviations should have single or double character abbreviations","status":"passed","title":"should have single or double character abbreviations","duration":0.5035459999999148,"failureMessages":[],"meta":{}},{"ancestorTitles":["Data Integrity","Abbreviations"],"fullName":"Data Integrity Abbreviations should have unique expansions","status":"passed","title":"should have unique expansions","duration":0.08354999999937718,"failureMessages":[],"meta":{}},{"ancestorTitles":["Data Integrity","Message Templates"],"fullName":"Data Integrity Message Templates should have valid placeholder syntax","status":"passed","title":"should have valid placeholder syntax","duration":2.9064830000006623,"failureMessages":[],"meta":{}},{"ancestorTitles":["Data Integrity","Message Templates"],"fullName":"Data Integrity Message Templates should have consistent placeholder names","status":"passed","title":"should have consistent placeholder names","duration":0.6024930000003224,"failureMessages":[],"meta":{}},{"ancestorTitles":["Data Integrity","Message Templates"],"fullName":"Data Integrity Message Templates should have action templates following naming convention","status":"passed","title":"should have action templates following naming convention","duration":3.2231570000003558,"failureMessages":[],"meta":{}},{"ancestorTitles":["Data Integrity","Message Templates"],"fullName":"Data Integrity Message Templates should have templates for common actions","status":"passed","title":"should have templates for common actions","duration":0.4543329999996786,"failureMessages":[],"meta":{}},{"ancestorTitles":["Data Integrity","Event Messages"],"fullName":"Data Integrity Event Messages should have valid event type values","status":"passed","title":"should have valid event type values","duration":1.60179700000117,"failureMessages":[],"meta":{}},{"ancestorTitles":["Data Integrity","Event Messages"],"fullName":"Data Integrity Event Messages should have messages for common events","status":"passed","title":"should have messages for common events","duration":0.18988999999965017,"failureMessages":[],"meta":{}},{"ancestorTitles":["Data Integrity","Event Messages"],"fullName":"Data Integrity Event Messages should have valid placeholder syntax in event messages","status":"passed","title":"should have valid placeholder syntax in event messages","duration":0.8036110000011831,"failureMessages":[],"meta":{}},{"ancestorTitles":["Data Integrity","Failure Messages"],"fullName":"Data Integrity Failure Messages should have messages for all failure reasons","status":"passed","title":"should have messages for all failure reasons","duration":1.2255050000003394,"failureMessages":[],"meta":{}},{"ancestorTitles":["Data Integrity","Failure Messages"],"fullName":"Data Integrity Failure Messages should have proper sentence formatting","status":"passed","title":"should have proper sentence formatting","duration":1.782348999999158,"failureMessages":[],"meta":{}},{"ancestorTitles":["Data Integrity","Failure Messages"],"fullName":"Data Integrity Failure Messages should not have placeholder syntax","status":"passed","title":"should not have placeholder syntax","duration":0.7573449999999866,"failureMessages":[],"meta":{}},{"ancestorTitles":["Data Integrity","System Messages"],"fullName":"Data Integrity System Messages should have all required system messages","status":"passed","title":"should have all required system messages","duration":0.23429399999986344,"failureMessages":[],"meta":{}},{"ancestorTitles":["Data Integrity","System Messages"],"fullName":"Data Integrity System Messages should have valid placeholders in system messages","status":"passed","title":"should have valid placeholders in system messages","duration":0.19793299999946612,"failureMessages":[],"meta":{}}],"startTime":1754491791779,"endTime":1754491791820.2344,"status":"passed","message":"","name":"/mnt/c/repotemp/sharpee/packages/lang-en-us/tests/data-integrity.test.ts"},{"assertionResults":[{"ancestorTitles":["Grammar Patterns","Pattern Structure"],"fullName":"Grammar Patterns Pattern Structure should have required fields for all patterns","status":"passed","title":"should have required fields for all patterns","duration":2.5681129999993573,"failureMessages":[],"meta":{}},{"ancestorTitles":["Grammar Patterns","Pattern Structure"],"fullName":"Grammar Patterns Pattern Structure should have string fields of correct types","status":"passed","title":"should have string fields of correct types","duration":6.249399000000267,"failureMessages":[],"meta":{}},{"ancestorTitles":["Grammar Patterns","Pattern Structure"],"fullName":"Grammar Patterns Pattern Structure should have non-empty fields","status":"passed","title":"should have non-empty fields","duration":3.465207000001101,"failureMessages":[],"meta":{}},{"ancestorTitles":["Grammar Patterns","Pattern Structure"],"fullName":"Grammar Patterns Pattern Structure should have valid pattern tokens","status":"passed","title":"should have valid pattern tokens","duration":6.387891000000309,"failureMessages":[],"meta":{}},{"ancestorTitles":["Grammar Patterns","Pattern Names"],"fullName":"Grammar Patterns Pattern Names should have unique pattern names","status":"passed","title":"should have unique pattern names","duration":0.6944080000012036,"failureMessages":[],"meta":{}},{"ancestorTitles":["Grammar Patterns","Pattern Names"],"fullName":"Grammar Patterns Pattern Names should follow naming convention","status":"passed","title":"should follow naming convention","duration":0.7952239999995072,"failureMessages":[],"meta":{}},{"ancestorTitles":["Grammar Patterns","Pattern Names"],"fullName":"Grammar Patterns Pattern Names should have descriptive names","status":"passed","title":"should have descriptive names","duration":0.8546019999994314,"failureMessages":[],"meta":{}},{"ancestorTitles":["Grammar Patterns","Pattern Priority"],"fullName":"Grammar Patterns Pattern Priority should have positive priorities","status":"passed","title":"should have positive priorities","duration":1.24398199999996,"failureMessages":[],"meta":{}},{"ancestorTitles":["Grammar Patterns","Pattern Priority"],"fullName":"Grammar Patterns Pattern Priority should have unique priorities","status":"passed","title":"should have unique priorities","duration":0.6117259999991802,"failureMessages":[],"meta":{}},{"ancestorTitles":["Grammar Patterns","Pattern Priority"],"fullName":"Grammar Patterns Pattern Priority should have sensible priority ordering","status":"passed","title":"should have sensible priority ordering","duration":0.4449370000002091,"failureMessages":[],"meta":{}},{"ancestorTitles":["Grammar Patterns","Pattern Priority"],"fullName":"Grammar Patterns Pattern Priority should be sorted by priority descending","status":"passed","title":"should be sorted by priority descending","duration":0.4281520000004093,"failureMessages":[],"meta":{}},{"ancestorTitles":["Grammar Patterns","Pattern Examples"],"fullName":"Grammar Patterns Pattern Examples should have valid examples for each pattern","status":"passed","title":"should have valid examples for each pattern","duration":0.5320970000011584,"failureMessages":[],"meta":{}},{"ancestorTitles":["Grammar Patterns","Pattern Examples"],"fullName":"Grammar Patterns Pattern Examples should have examples that match their patterns","status":"passed","title":"should have examples that match their patterns","duration":0.6436919999996462,"failureMessages":[],"meta":{}},{"ancestorTitles":["Grammar Patterns","Pattern Examples"],"fullName":"Grammar Patterns Pattern Examples should use common IF verbs in examples","status":"passed","title":"should use common IF verbs in examples","duration":0.4580659999992349,"failureMessages":[],"meta":{}},{"ancestorTitles":["Grammar Patterns","Pattern Coverage"],"fullName":"Grammar Patterns Pattern Coverage should cover basic command types","status":"passed","title":"should cover basic command types","duration":0.5905430000002525,"failureMessages":[],"meta":{}},{"ancestorTitles":["Grammar Patterns","Pattern Coverage"],"fullName":"Grammar Patterns Pattern Coverage should handle multi-word nouns with + modifier","status":"passed","title":"should handle multi-word nouns with + modifier","duration":0.5334190000012313,"failureMessages":[],"meta":{}},{"ancestorTitles":["Grammar Patterns","Pattern Coverage"],"fullName":"Grammar Patterns Pattern Coverage should include preposition patterns","status":"passed","title":"should include preposition patterns","duration":1.49076100000093,"failureMessages":[],"meta":{}},{"ancestorTitles":["Grammar Patterns","Pattern Consistency"],"fullName":"Grammar Patterns Pattern Consistency should use consistent token naming","status":"passed","title":"should use consistent token naming","duration":1.581040999999459,"failureMessages":[],"meta":{}},{"ancestorTitles":["Grammar Patterns","Pattern Consistency"],"fullName":"Grammar Patterns Pattern Consistency should have pattern names that reflect their structure","status":"passed","title":"should have pattern names that reflect their structure","duration":0.6491829999995389,"failureMessages":[],"meta":{}}],"startTime":1754491793073,"endTime":1754491793104.6492,"status":"passed","message":"","name":"/mnt/c/repotemp/sharpee/packages/lang-en-us/tests/grammar-patterns.test.ts"},{"assertionResults":[{"ancestorTitles":["Integration Tests","Text Processing Pipeline"],"fullName":"Integration Tests Text Processing Pipeline should lemmatize and identify ignore words","status":"passed","title":"should lemmatize and identify ignore words","duration":2.47179800000049,"failureMessages":[],"meta":{}},{"ancestorTitles":["Integration Tests","Text Processing Pipeline"],"fullName":"Integration Tests Text Processing Pipeline should handle complex text transformations","status":"passed","title":"should handle complex text transformations","duration":1.0167469999996683,"failureMessages":[],"meta":{}},{"ancestorTitles":["Integration Tests","Text Processing Pipeline"],"fullName":"Integration Tests Text Processing Pipeline should format lists with proper articles","status":"passed","title":"should format lists with proper articles","duration":1.5680499999998574,"failureMessages":[],"meta":{}},{"ancestorTitles":["Integration Tests","Vocabulary Lookup"],"fullName":"Integration Tests Vocabulary Lookup should find verbs by lemmatized forms","status":"passed","title":"should find verbs by lemmatized forms","duration":1.4770690000004834,"failureMessages":[],"meta":{}},{"ancestorTitles":["Integration Tests","Vocabulary Lookup"],"fullName":"Integration Tests Vocabulary Lookup should expand abbreviations and find directions","status":"passed","title":"should expand abbreviations and find directions","duration":2.083507000001191,"failureMessages":[],"meta":{}},{"ancestorTitles":["Integration Tests","Vocabulary Lookup"],"fullName":"Integration Tests Vocabulary Lookup should categorize words correctly","status":"passed","title":"should categorize words correctly","duration":2.915544999999838,"failureMessages":[],"meta":{}},{"ancestorTitles":["Integration Tests","Grammar Pattern Matching"],"fullName":"Integration Tests Grammar Pattern Matching should identify pattern types for common commands","status":"passed","title":"should identify pattern types for common commands","duration":0.6668689999987691,"failureMessages":[],"meta":{}},{"ancestorTitles":["Integration Tests","Message Formatting"],"fullName":"Integration Tests Message Formatting should handle all placeholder types correctly","status":"passed","title":"should handle all placeholder types correctly","duration":1.7411809999994148,"failureMessages":[],"meta":{}},{"ancestorTitles":["Integration Tests","Error Handling"],"fullName":"Integration Tests Error Handling should handle empty inputs gracefully","status":"passed","title":"should handle empty inputs gracefully","duration":2.718790999999328,"failureMessages":[],"meta":{}},{"ancestorTitles":["Integration Tests","Error Handling"],"fullName":"Integration Tests Error Handling should handle special characters","status":"passed","title":"should handle special characters","duration":2.3442230000000563,"failureMessages":[],"meta":{}},{"ancestorTitles":["Integration Tests","Error Handling"],"fullName":"Integration Tests Error Handling should handle very long inputs","status":"passed","title":"should handle very long inputs","duration":5.817114999999831,"failureMessages":[],"meta":{}},{"ancestorTitles":["Integration Tests","Real-world Usage Scenarios"],"fullName":"Integration Tests Real-world Usage Scenarios should process common IF commands","status":"passed","title":"should process common IF commands","duration":4.909869999999501,"failureMessages":[],"meta":{}},{"ancestorTitles":["Integration Tests","Real-world Usage Scenarios"],"fullName":"Integration Tests Real-world Usage Scenarios should handle compound objects","status":"passed","title":"should handle compound objects","duration":3.3724309999997786,"failureMessages":[],"meta":{}},{"ancestorTitles":["Integration Tests","Performance Considerations"],"fullName":"Integration Tests Performance Considerations should handle repeated operations efficiently","status":"passed","title":"should handle repeated operations efficiently","duration":11.021827000000485,"failureMessages":[],"meta":{}},{"ancestorTitles":["Integration Tests","Performance Considerations"],"fullName":"Integration Tests Performance Considerations should handle large vocabulary lookups efficiently","status":"passed","title":"should handle large vocabulary lookups efficiently","duration":3.79996200000096,"failureMessages":[],"meta":{}},{"ancestorTitles":["Integration Tests","Compatibility"],"fullName":"Integration Tests Compatibility should provide all required language provider methods","status":"passed","title":"should provide all required language provider methods","duration":4.310858000000735,"failureMessages":[],"meta":{}},{"ancestorTitles":["Integration Tests","Compatibility"],"fullName":"Integration Tests Compatibility should return data in expected formats","status":"passed","title":"should return data in expected formats","duration":2.0171489999993355,"failureMessages":[],"meta":{}}],"startTime":1754491793073,"endTime":1754491793130.017,"status":"passed","message":"","name":"/mnt/c/repotemp/sharpee/packages/lang-en-us/tests/integration.test.ts"},{"assertionResults":[{"ancestorTitles":["EnglishLanguageProvider","Language Metadata"],"fullName":"EnglishLanguageProvider Language Metadata should have correct language code","status":"passed","title":"should have correct language code","duration":7.57036700000026,"failureMessages":[],"meta":{}},{"ancestorTitles":["EnglishLanguageProvider","Language Metadata"],"fullName":"EnglishLanguageProvider Language Metadata should have correct language name","status":"passed","title":"should have correct language name","duration":2.4399039999989327,"failureMessages":[],"meta":{}},{"ancestorTitles":["EnglishLanguageProvider","Language Metadata"],"fullName":"EnglishLanguageProvider Language Metadata should have correct text direction","status":"passed","title":"should have correct text direction","duration":1.5299209999993764,"failureMessages":[],"meta":{}},{"ancestorTitles":["EnglishLanguageProvider","getVerbs()"],"fullName":"EnglishLanguageProvider getVerbs() should return an array of verb vocabularies","status":"passed","title":"should return an array of verb vocabularies","duration":3.8566829999999754,"failureMessages":[],"meta":{}},{"ancestorTitles":["EnglishLanguageProvider","getVerbs()"],"fullName":"EnglishLanguageProvider getVerbs() should have valid structure for each verb","status":"passed","title":"should have valid structure for each verb","duration":25.399074000000837,"failureMessages":[],"meta":{}},{"ancestorTitles":["EnglishLanguageProvider","getVerbs()"],"fullName":"EnglishLanguageProvider getVerbs() should include common IF verbs","status":"passed","title":"should include common IF verbs","duration":1.1169129999998404,"failureMessages":[],"meta":{}},{"ancestorTitles":["EnglishLanguageProvider","getVerbs()"],"fullName":"EnglishLanguageProvider getVerbs() should have correct patterns","status":"passed","title":"should have correct patterns","duration":0.48853799999960756,"failureMessages":[],"meta":{}},{"ancestorTitles":["EnglishLanguageProvider","getVerbs()"],"fullName":"EnglishLanguageProvider getVerbs() should include prepositions for verbs that allow indirect objects","status":"passed","title":"should include prepositions for verbs that allow indirect objects","duration":0.4394659999998112,"failureMessages":[],"meta":{}},{"ancestorTitles":["EnglishLanguageProvider","getDirections()"],"fullName":"EnglishLanguageProvider getDirections() should return an array of direction vocabularies","status":"passed","title":"should return an array of direction vocabularies","duration":0.4482819999993808,"failureMessages":[],"meta":{}},{"ancestorTitles":["EnglishLanguageProvider","getDirections()"],"fullName":"EnglishLanguageProvider getDirections() should include all cardinal directions","status":"passed","title":"should include all cardinal directions","duration":0.49457499999880383,"failureMessages":[],"meta":{}},{"ancestorTitles":["EnglishLanguageProvider","getDirections()"],"fullName":"EnglishLanguageProvider getDirections() should include ordinal directions","status":"passed","title":"should include ordinal directions","duration":0.3929200000002311,"failureMessages":[],"meta":{}},{"ancestorTitles":["EnglishLanguageProvider","getDirections()"],"fullName":"EnglishLanguageProvider getDirections() should include vertical directions","status":"passed","title":"should include vertical directions","duration":0.3601120000002993,"failureMessages":[],"meta":{}},{"ancestorTitles":["EnglishLanguageProvider","getDirections()"],"fullName":"EnglishLanguageProvider getDirections() should have abbreviations for common directions","status":"passed","title":"should have abbreviations for common directions","duration":0.337281999998595,"failureMessages":[],"meta":{}},{"ancestorTitles":["EnglishLanguageProvider","getDirections()"],"fullName":"EnglishLanguageProvider getDirections() should have valid structure for each direction","status":"passed","title":"should have valid structure for each direction","duration":7.14128300000084,"failureMessages":[],"meta":{}},{"ancestorTitles":["EnglishLanguageProvider","getSpecialVocabulary()"],"fullName":"EnglishLanguageProvider getSpecialVocabulary() should return a valid special vocabulary object","status":"passed","title":"should return a valid special vocabulary object","duration":1.604407999999239,"failureMessages":[],"meta":{}},{"ancestorTitles":["EnglishLanguageProvider","getSpecialVocabulary()"],"fullName":"EnglishLanguageProvider getSpecialVocabulary() should include standard English articles","status":"passed","title":"should include standard English articles","duration":1.3903600000012375,"failureMessages":[],"meta":{}},{"ancestorTitles":["EnglishLanguageProvider","getSpecialVocabulary()"],"fullName":"EnglishLanguageProvider getSpecialVocabulary() should include common pronouns","status":"passed","title":"should include common pronouns","duration":1.5958630000004632,"failureMessages":[],"meta":{}},{"ancestorTitles":["EnglishLanguageProvider","getSpecialVocabulary()"],"fullName":"EnglishLanguageProvider getSpecialVocabulary() should include all-words","status":"passed","title":"should include all-words","duration":1.7208389999996143,"failureMessages":[],"meta":{}},{"ancestorTitles":["EnglishLanguageProvider","getSpecialVocabulary()"],"fullName":"EnglishLanguageProvider getSpecialVocabulary() should include except-words","status":"passed","title":"should include except-words","duration":1.7047099999999773,"failureMessages":[],"meta":{}},{"ancestorTitles":["EnglishLanguageProvider","getCommonAdjectives()"],"fullName":"EnglishLanguageProvider getCommonAdjectives() should return an array of adjectives","status":"passed","title":"should return an array of adjectives","duration":1.5613249999987602,"failureMessages":[],"meta":{}},{"ancestorTitles":["EnglishLanguageProvider","getCommonAdjectives()"],"fullName":"EnglishLanguageProvider getCommonAdjectives() should include size adjectives","status":"passed","title":"should include size adjectives","duration":1.2413329999999405,"failureMessages":[],"meta":{}},{"ancestorTitles":["EnglishLanguageProvider","getCommonAdjectives()"],"fullName":"EnglishLanguageProvider getCommonAdjectives() should include color adjectives","status":"passed","title":"should include color adjectives","duration":2.46629700000085,"failureMessages":[],"meta":{}},{"ancestorTitles":["EnglishLanguageProvider","getCommonAdjectives()"],"fullName":"EnglishLanguageProvider getCommonAdjectives() should include state adjectives","status":"passed","title":"should include state adjectives","duration":2.885828999998921,"failureMessages":[],"meta":{}},{"ancestorTitles":["EnglishLanguageProvider","getCommonNouns()"],"fullName":"EnglishLanguageProvider getCommonNouns() should return an array of nouns","status":"passed","title":"should return an array of nouns","duration":2.369701999999961,"failureMessages":[],"meta":{}},{"ancestorTitles":["EnglishLanguageProvider","getCommonNouns()"],"fullName":"EnglishLanguageProvider getCommonNouns() should include common IF objects","status":"passed","title":"should include common IF objects","duration":3.106761999999435,"failureMessages":[],"meta":{}},{"ancestorTitles":["EnglishLanguageProvider","getPrepositions()"],"fullName":"EnglishLanguageProvider getPrepositions() should return an array of prepositions","status":"passed","title":"should return an array of prepositions","duration":2.4777459999986604,"failureMessages":[],"meta":{}},{"ancestorTitles":["EnglishLanguageProvider","getPrepositions()"],"fullName":"EnglishLanguageProvider getPrepositions() should include common spatial prepositions","status":"passed","title":"should include common spatial prepositions","duration":0.6713550000004034,"failureMessages":[],"meta":{}},{"ancestorTitles":["EnglishLanguageProvider","getGrammarPatterns()"],"fullName":"EnglishLanguageProvider getGrammarPatterns() should return an array of grammar patterns","status":"passed","title":"should return an array of grammar patterns","duration":0.5700340000003052,"failureMessages":[],"meta":{}},{"ancestorTitles":["EnglishLanguageProvider","getGrammarPatterns()"],"fullName":"EnglishLanguageProvider getGrammarPatterns() should have valid structure for each pattern","status":"passed","title":"should have valid structure for each pattern","duration":1.1582499999985885,"failureMessages":[],"meta":{}},{"ancestorTitles":["EnglishLanguageProvider","getGrammarPatterns()"],"fullName":"EnglishLanguageProvider getGrammarPatterns() should include basic verb patterns","status":"passed","title":"should include basic verb patterns","duration":0.4648189999988972,"failureMessages":[],"meta":{}},{"ancestorTitles":["EnglishLanguageProvider","getGrammarPatterns()"],"fullName":"EnglishLanguageProvider getGrammarPatterns() should have decreasing priorities","status":"passed","title":"should have decreasing priorities","duration":1.8399289999997563,"failureMessages":[],"meta":{}},{"ancestorTitles":["EnglishLanguageProvider","getGrammarPatterns()"],"fullName":"EnglishLanguageProvider getGrammarPatterns() should have valid examples","status":"passed","title":"should have valid examples","duration":1.2984430000014981,"failureMessages":[],"meta":{}}],"startTime":1754491793077,"endTime":1754491793162.2983,"status":"passed","message":"","name":"/mnt/c/repotemp/sharpee/packages/lang-en-us/tests/language-provider.test.ts"},{"assertionResults":[{"ancestorTitles":["Text Processing","lemmatize()","regular plurals"],"fullName":"Text Processing lemmatize() regular plurals should remove simple -s endings","status":"passed","title":"should remove simple -s endings","duration":6.082174999999552,"failureMessages":[],"meta":{}},{"ancestorTitles":["Text Processing","lemmatize()","regular plurals"],"fullName":"Text Processing lemmatize() regular plurals should not remove -s from words ending in -ss","status":"passed","title":"should not remove -s from words ending in -ss","duration":0.7372639999994135,"failureMessages":[],"meta":{}},{"ancestorTitles":["Text Processing","lemmatize()","regular plurals"],"fullName":"Text Processing lemmatize() regular plurals should handle short words correctly","status":"passed","title":"should handle short words correctly","duration":0.5363150000011956,"failureMessages":[],"meta":{}},{"ancestorTitles":["Text Processing","lemmatize()","-es endings"],"fullName":"Text Processing lemmatize() -es endings should remove -es endings","status":"passed","title":"should remove -es endings","duration":1.062566999999035,"failureMessages":[],"meta":{}},{"ancestorTitles":["Text Processing","lemmatize()","-es endings"],"fullName":"Text Processing lemmatize() -es endings should handle short words with -es","status":"passed","title":"should handle short words with -es","duration":0.6577510000006441,"failureMessages":[],"meta":{}},{"ancestorTitles":["Text Processing","lemmatize()","-ies endings"],"fullName":"Text Processing lemmatize() -ies endings should convert -ies to -y","status":"passed","title":"should convert -ies to -y","duration":0.6290580000004411,"failureMessages":[],"meta":{}},{"ancestorTitles":["Text Processing","lemmatize()","-ies endings"],"fullName":"Text Processing lemmatize() -ies endings should not convert short words","status":"passed","title":"should not convert short words","duration":0.468962000000829,"failureMessages":[],"meta":{}},{"ancestorTitles":["Text Processing","lemmatize()","-ed endings"],"fullName":"Text Processing lemmatize() -ed endings should remove -ed endings","status":"passed","title":"should remove -ed endings","duration":1.7760099999995873,"failureMessages":[],"meta":{}},{"ancestorTitles":["Text Processing","lemmatize()","-ed endings"],"fullName":"Text Processing lemmatize() -ed endings should handle short words correctly","status":"passed","title":"should handle short words correctly","duration":0.6475900000004913,"failureMessages":[],"meta":{}},{"ancestorTitles":["Text Processing","lemmatize()","-ing endings"],"fullName":"Text Processing lemmatize() -ing endings should remove -ing endings","status":"passed","title":"should remove -ing endings","duration":0.38219799999933457,"failureMessages":[],"meta":{}},{"ancestorTitles":["Text Processing","lemmatize()","-ing endings"],"fullName":"Text Processing lemmatize() -ing endings should handle short words correctly","status":"passed","title":"should handle short words correctly","duration":0.27679799999896204,"failureMessages":[],"meta":{}},{"ancestorTitles":["Text Processing","lemmatize()","irregular plurals"],"fullName":"Text Processing lemmatize() irregular plurals should handle common irregular plurals","status":"passed","title":"should handle common irregular plurals","duration":0.4504300000007788,"failureMessages":[],"meta":{}},{"ancestorTitles":["Text Processing","lemmatize()","case handling"],"fullName":"Text Processing lemmatize() case handling should handle uppercase words","status":"passed","title":"should handle uppercase words","duration":0.4777429999994638,"failureMessages":[],"meta":{}},{"ancestorTitles":["Text Processing","lemmatize()","case handling"],"fullName":"Text Processing lemmatize() case handling should handle mixed case","status":"passed","title":"should handle mixed case","duration":0.44220899999891117,"failureMessages":[],"meta":{}},{"ancestorTitles":["Text Processing","lemmatize()","unchanged words"],"fullName":"Text Processing lemmatize() unchanged words should not change words that are already lemmatized","status":"passed","title":"should not change words that are already lemmatized","duration":0.43215499999860185,"failureMessages":[],"meta":{}},{"ancestorTitles":["Text Processing","pluralize()","regular plurals"],"fullName":"Text Processing pluralize() regular plurals should add -s to regular nouns","status":"passed","title":"should add -s to regular nouns","duration":0.7350189999997383,"failureMessages":[],"meta":{}},{"ancestorTitles":["Text Processing","pluralize()","sibilant endings"],"fullName":"Text Processing pluralize() sibilant endings should add -es to words ending in s, x, z","status":"passed","title":"should add -es to words ending in s, x, z","duration":0.4894399999993766,"failureMessages":[],"meta":{}},{"ancestorTitles":["Text Processing","pluralize()","sibilant endings"],"fullName":"Text Processing pluralize() sibilant endings should add -es to words ending in ch, sh","status":"passed","title":"should add -es to words ending in ch, sh","duration":0.9238210000003164,"failureMessages":[],"meta":{}},{"ancestorTitles":["Text Processing","pluralize()","consonant + y"],"fullName":"Text Processing pluralize() consonant + y should change y to ies after consonant","status":"passed","title":"should change y to ies after consonant","duration":0.42190100000152597,"failureMessages":[],"meta":{}},{"ancestorTitles":["Text Processing","pluralize()","consonant + y"],"fullName":"Text Processing pluralize() consonant + y should add -s after vowel + y","status":"passed","title":"should add -s after vowel + y","duration":0.3888759999990725,"failureMessages":[],"meta":{}},{"ancestorTitles":["Text Processing","pluralize()","f and fe endings"],"fullName":"Text Processing pluralize() f and fe endings should change -f to -ves","status":"passed","title":"should change -f to -ves","duration":0.3838020000002871,"failureMessages":[],"meta":{}},{"ancestorTitles":["Text Processing","pluralize()","f and fe endings"],"fullName":"Text Processing pluralize() f and fe endings should change -fe to -ves","status":"passed","title":"should change -fe to -ves","duration":0.3625449999999546,"failureMessages":[],"meta":{}},{"ancestorTitles":["Text Processing","pluralize()","irregular plurals"],"fullName":"Text Processing pluralize() irregular plurals should handle common irregular plurals","status":"passed","title":"should handle common irregular plurals","duration":0.4670010000008915,"failureMessages":[],"meta":{}},{"ancestorTitles":["Text Processing","pluralize()","case preservation"],"fullName":"Text Processing pluralize() case preservation should preserve case of original word","status":"passed","title":"should preserve case of original word","duration":0.34246900000107416,"failureMessages":[],"meta":{}},{"ancestorTitles":["Text Processing","getIndefiniteArticle()","consonant sounds"],"fullName":"Text Processing getIndefiniteArticle() consonant sounds should return \"a\" for words starting with consonants","status":"passed","title":"should return \"a\" for words starting with consonants","duration":0.44545300000027055,"failureMessages":[],"meta":{}},{"ancestorTitles":["Text Processing","getIndefiniteArticle()","vowel sounds"],"fullName":"Text Processing getIndefiniteArticle() vowel sounds should return \"an\" for words starting with vowels","status":"passed","title":"should return \"an\" for words starting with vowels","duration":0.38407599999845843,"failureMessages":[],"meta":{}},{"ancestorTitles":["Text Processing","getIndefiniteArticle()","special cases"],"fullName":"Text Processing getIndefiniteArticle() special cases should handle silent h words","status":"passed","title":"should handle silent h words","duration":2.8085060000012163,"failureMessages":[],"meta":{}},{"ancestorTitles":["Text Processing","getIndefiniteArticle()","special cases"],"fullName":"Text Processing getIndefiniteArticle() special cases should handle u words with y sound","status":"passed","title":"should handle u words with y sound","duration":1.317572999998447,"failureMessages":[],"meta":{}},{"ancestorTitles":["Text Processing","getIndefiniteArticle()","special cases"],"fullName":"Text Processing getIndefiniteArticle() special cases should handle words starting with \"one\"","status":"passed","title":"should handle words starting with \"one\"","duration":1.2562139999990904,"failureMessages":[],"meta":{}},{"ancestorTitles":["Text Processing","getIndefiniteArticle()","case insensitivity"],"fullName":"Text Processing getIndefiniteArticle() case insensitivity should handle uppercase words","status":"passed","title":"should handle uppercase words","duration":1.2415490000003047,"failureMessages":[],"meta":{}},{"ancestorTitles":["Text Processing","expandAbbreviation()","direction abbreviations"],"fullName":"Text Processing expandAbbreviation() direction abbreviations should expand cardinal directions","status":"passed","title":"should expand cardinal directions","duration":0.9531020000013086,"failureMessages":[],"meta":{}},{"ancestorTitles":["Text Processing","expandAbbreviation()","direction abbreviations"],"fullName":"Text Processing expandAbbreviation() direction abbreviations should expand ordinal directions","status":"passed","title":"should expand ordinal directions","duration":0.34049099999901955,"failureMessages":[],"meta":{}},{"ancestorTitles":["Text Processing","expandAbbreviation()","direction abbreviations"],"fullName":"Text Processing expandAbbreviation() direction abbreviations should expand vertical directions","status":"passed","title":"should expand vertical directions","duration":0.33698500000173226,"failureMessages":[],"meta":{}},{"ancestorTitles":["Text Processing","expandAbbreviation()","command abbreviations"],"fullName":"Text Processing expandAbbreviation() command abbreviations should expand common command abbreviations","status":"passed","title":"should expand common command abbreviations","duration":0.415859000000637,"failureMessages":[],"meta":{}},{"ancestorTitles":["Text Processing","expandAbbreviation()","unknown abbreviations"],"fullName":"Text Processing expandAbbreviation() unknown abbreviations should return null for unknown abbreviations","status":"passed","title":"should return null for unknown abbreviations","duration":0.3864140000005136,"failureMessages":[],"meta":{}},{"ancestorTitles":["Text Processing","expandAbbreviation()","case handling"],"fullName":"Text Processing expandAbbreviation() case handling should be case insensitive","status":"passed","title":"should be case insensitive","duration":0.6701020000000426,"failureMessages":[],"meta":{}},{"ancestorTitles":["Text Processing","formatList()","empty and single item lists"],"fullName":"Text Processing formatList() empty and single item lists should return empty string for empty list","status":"passed","title":"should return empty string for empty list","duration":0.283158000000185,"failureMessages":[],"meta":{}},{"ancestorTitles":["Text Processing","formatList()","empty and single item lists"],"fullName":"Text Processing formatList() empty and single item lists should return single item unchanged","status":"passed","title":"should return single item unchanged","duration":0.22136500000124215,"failureMessages":[],"meta":{}},{"ancestorTitles":["Text Processing","formatList()","two item lists"],"fullName":"Text Processing formatList() two item lists should use \"and\" by default","status":"passed","title":"should use \"and\" by default","duration":0.18800299999929848,"failureMessages":[],"meta":{}},{"ancestorTitles":["Text Processing","formatList()","two item lists"],"fullName":"Text Processing formatList() two item lists should use \"or\" when specified","status":"passed","title":"should use \"or\" when specified","duration":0.1913249999997788,"failureMessages":[],"meta":{}},{"ancestorTitles":["Text Processing","formatList()","multiple item lists"],"fullName":"Text Processing formatList() multiple item lists should use Oxford comma with \"and\"","status":"passed","title":"should use Oxford comma with \"and\"","duration":0.15503300000091258,"failureMessages":[],"meta":{}},{"ancestorTitles":["Text Processing","formatList()","multiple item lists"],"fullName":"Text Processing formatList() multiple item lists should use Oxford comma with \"or\"","status":"passed","title":"should use Oxford comma with \"or\"","duration":0.18668700000125682,"failureMessages":[],"meta":{}},{"ancestorTitles":["Text Processing","formatList()","multiple item lists"],"fullName":"Text Processing formatList() multiple item lists should handle longer lists","status":"passed","title":"should handle longer lists","duration":0.22641399999884015,"failureMessages":[],"meta":{}},{"ancestorTitles":["Text Processing","formatList()","edge cases"],"fullName":"Text Processing formatList() edge cases should handle items with special characters","status":"passed","title":"should handle items with special characters","duration":0.17305000000123982,"failureMessages":[],"meta":{}},{"ancestorTitles":["Text Processing","formatList()","edge cases"],"fullName":"Text Processing formatList() edge cases should preserve item casing","status":"passed","title":"should preserve item casing","duration":0.2631890000011481,"failureMessages":[],"meta":{}},{"ancestorTitles":["Text Processing","isIgnoreWord()"],"fullName":"Text Processing isIgnoreWord() should identify common ignore words","status":"passed","title":"should identify common ignore words","duration":1.7724769999986165,"failureMessages":[],"meta":{}},{"ancestorTitles":["Text Processing","isIgnoreWord()"],"fullName":"Text Processing isIgnoreWord() should not identify non-ignore words","status":"passed","title":"should not identify non-ignore words","duration":0.5188449999986915,"failureMessages":[],"meta":{}},{"ancestorTitles":["Text Processing","isIgnoreWord()"],"fullName":"Text Processing isIgnoreWord() should be case insensitive","status":"passed","title":"should be case insensitive","duration":0.3782840000003489,"failureMessages":[],"meta":{}},{"ancestorTitles":["Text Processing","isIgnoreWord()"],"fullName":"Text Processing isIgnoreWord() should handle empty strings","status":"passed","title":"should handle empty strings","duration":0.2854970000007597,"failureMessages":[],"meta":{}}],"startTime":1754491793076,"endTime":1754491793113.2854,"status":"passed","message":"","name":"/mnt/c/repotemp/sharpee/packages/lang-en-us/tests/text-processing.test.ts"},{"assertionResults":[{"ancestorTitles":["Vocabulary","Verb Vocabulary"],"fullName":"Vocabulary Verb Vocabulary should have verbs for all basic IF actions","status":"passed","title":"should have verbs for all basic IF actions","duration":16.195659999999407,"failureMessages":[],"meta":{}},{"ancestorTitles":["Vocabulary","Verb Vocabulary"],"fullName":"Vocabulary Verb Vocabulary should have non-empty verb arrays for each action","status":"passed","title":"should have non-empty verb arrays for each action","duration":18.019108999998934,"failureMessages":[],"meta":{}},{"ancestorTitles":["Vocabulary","Verb Vocabulary"],"fullName":"Vocabulary Verb Vocabulary should have valid patterns","status":"passed","title":"should have valid patterns","duration":2.7151519999988523,"failureMessages":[],"meta":{}},{"ancestorTitles":["Vocabulary","Verb Vocabulary"],"fullName":"Vocabulary Verb Vocabulary should have prepositions for verbs that allow indirect objects","status":"passed","title":"should have prepositions for verbs that allow indirect objects","duration":0.6854260000000068,"failureMessages":[],"meta":{}},{"ancestorTitles":["Vocabulary","Verb Vocabulary"],"fullName":"Vocabulary Verb Vocabulary should include common verb synonyms","status":"passed","title":"should include common verb synonyms","duration":0.7345789999999397,"failureMessages":[],"meta":{}},{"ancestorTitles":["Vocabulary","Verb Vocabulary"],"fullName":"Vocabulary Verb Vocabulary should have unique action IDs","status":"passed","title":"should have unique action IDs","duration":2.2331819999999425,"failureMessages":[],"meta":{}},{"ancestorTitles":["Vocabulary","Direction Vocabulary"],"fullName":"Vocabulary Direction Vocabulary should have all 8 compass directions","status":"passed","title":"should have all 8 compass directions","duration":0.585599000000002,"failureMessages":[],"meta":{}},{"ancestorTitles":["Vocabulary","Direction Vocabulary"],"fullName":"Vocabulary Direction Vocabulary should have vertical directions","status":"passed","title":"should have vertical directions","duration":0.37310900000011316,"failureMessages":[],"meta":{}},{"ancestorTitles":["Vocabulary","Direction Vocabulary"],"fullName":"Vocabulary Direction Vocabulary should have in/out directions","status":"passed","title":"should have in/out directions","duration":0.3318550000003597,"failureMessages":[],"meta":{}},{"ancestorTitles":["Vocabulary","Direction Vocabulary"],"fullName":"Vocabulary Direction Vocabulary should have correct abbreviations","status":"passed","title":"should have correct abbreviations","duration":0.5031899999994494,"failureMessages":[],"meta":{}},{"ancestorTitles":["Vocabulary","Direction Vocabulary"],"fullName":"Vocabulary Direction Vocabulary should have synonyms for some directions","status":"passed","title":"should have synonyms for some directions","duration":0.41612999999961175,"failureMessages":[],"meta":{}},{"ancestorTitles":["Vocabulary","Special Vocabulary"],"fullName":"Vocabulary Special Vocabulary should have exactly three English articles","status":"passed","title":"should have exactly three English articles","duration":0.503446000000622,"failureMessages":[],"meta":{}},{"ancestorTitles":["Vocabulary","Special Vocabulary"],"fullName":"Vocabulary Special Vocabulary should have comprehensive pronoun list","status":"passed","title":"should have comprehensive pronoun list","duration":2.0915559999994002,"failureMessages":[],"meta":{}},{"ancestorTitles":["Vocabulary","Special Vocabulary"],"fullName":"Vocabulary Special Vocabulary should have quantifier words","status":"passed","title":"should have quantifier words","duration":0.36134300000048825,"failureMessages":[],"meta":{}},{"ancestorTitles":["Vocabulary","Common Words"],"fullName":"Vocabulary Common Words should have comprehensive adjective categories","status":"passed","title":"should have comprehensive adjective categories","duration":0.593804000000091,"failureMessages":[],"meta":{}},{"ancestorTitles":["Vocabulary","Common Words"],"fullName":"Vocabulary Common Words should have common IF nouns","status":"passed","title":"should have common IF nouns","duration":0.46141499999976077,"failureMessages":[],"meta":{}},{"ancestorTitles":["Vocabulary","Common Words"],"fullName":"Vocabulary Common Words should have comprehensive preposition list","status":"passed","title":"should have comprehensive preposition list","duration":0.5259659999992436,"failureMessages":[],"meta":{}},{"ancestorTitles":["Vocabulary","Data Integrity"],"fullName":"Vocabulary Data Integrity should have no duplicate verbs across all actions","status":"passed","title":"should have no duplicate verbs across all actions","duration":0.30621399999836285,"failureMessages":[],"meta":{}},{"ancestorTitles":["Vocabulary","Data Integrity"],"fullName":"Vocabulary Data Integrity should have valid irregular plural mappings","status":"passed","title":"should have valid irregular plural mappings","duration":5.03295099999923,"failureMessages":[],"meta":{}},{"ancestorTitles":["Vocabulary","Data Integrity"],"fullName":"Vocabulary Data Integrity should have non-conflicting abbreviations","status":"passed","title":"should have non-conflicting abbreviations","duration":0.7393620000002556,"failureMessages":[],"meta":{}},{"ancestorTitles":["Vocabulary","Data Integrity"],"fullName":"Vocabulary Data Integrity should have all word lists as arrays","status":"passed","title":"should have all word lists as arrays","duration":0.5717540000005101,"failureMessages":[],"meta":{}},{"ancestorTitles":["Vocabulary","Data Integrity"],"fullName":"Vocabulary Data Integrity should have no empty word lists","status":"passed","title":"should have no empty word lists","duration":0.5702230000006239,"failureMessages":[],"meta":{}}],"startTime":1754491793086,"endTime":1754491793141.5703,"status":"passed","message":"","name":"/mnt/c/repotemp/sharpee/packages/lang-en-us/tests/vocabulary.test.ts"},{"assertionResults":[{"ancestorTitles":["EnglishPartsOfSpeech"],"fullName":"EnglishPartsOfSpeech should define all expected parts of speech","status":"passed","title":"should define all expected parts of speech","duration":1.9188520000006974,"failureMessages":[],"meta":{}},{"ancestorTitles":["EnglishPartsOfSpeech"],"fullName":"EnglishPartsOfSpeech should be a const object","status":"passed","title":"should be a const object","duration":0.5341769999995449,"failureMessages":[],"meta":{}},{"ancestorTitles":["EnglishPartsOfSpeech"],"fullName":"EnglishPartsOfSpeech should have unique values","status":"passed","title":"should have unique values","duration":0.18807200000082958,"failureMessages":[],"meta":{}},{"ancestorTitles":["EnglishPartsOfSpeech"],"fullName":"EnglishPartsOfSpeech type should correctly represent all values","status":"passed","title":"type should correctly represent all values","duration":0.8272049999995943,"failureMessages":[],"meta":{}},{"ancestorTitles":["EnglishGrammarPatterns"],"fullName":"EnglishGrammarPatterns should define all expected patterns","status":"passed","title":"should define all expected patterns","duration":0.37303000000065367,"failureMessages":[],"meta":{}},{"ancestorTitles":["EnglishGrammarPatterns"],"fullName":"EnglishGrammarPatterns each pattern should have required properties","status":"passed","title":"each pattern should have required properties","duration":2.256972000001042,"failureMessages":[],"meta":{}},{"ancestorTitles":["EnglishGrammarPatterns"],"fullName":"EnglishGrammarPatterns pattern names should match object keys","status":"passed","title":"pattern names should match object keys","duration":0.21540700000150537,"failureMessages":[],"meta":{}},{"ancestorTitles":["EnglishGrammarPatterns"],"fullName":"EnglishGrammarPatterns examples should follow their patterns","status":"passed","title":"examples should follow their patterns","duration":0.9676959999997052,"failureMessages":[],"meta":{}},{"ancestorTitles":["EnglishGrammarPatterns"],"fullName":"EnglishGrammarPatterns type should represent all pattern names","status":"passed","title":"type should represent all pattern names","duration":0.18665800000053423,"failureMessages":[],"meta":{}},{"ancestorTitles":["EnglishGrammarUtils","isArticle"],"fullName":"EnglishGrammarUtils isArticle should identify definite and indefinite articles","status":"passed","title":"should identify definite and indefinite articles","duration":0.18927499999881547,"failureMessages":[],"meta":{}},{"ancestorTitles":["EnglishGrammarUtils","isArticle"],"fullName":"EnglishGrammarUtils isArticle should be case-insensitive","status":"passed","title":"should be case-insensitive","duration":1.5673809999989317,"failureMessages":[],"meta":{}},{"ancestorTitles":["EnglishGrammarUtils","isArticle"],"fullName":"EnglishGrammarUtils isArticle should reject non-articles","status":"passed","title":"should reject non-articles","duration":0.14767100000062783,"failureMessages":[],"meta":{}},{"ancestorTitles":["EnglishGrammarUtils","isDeterminer"],"fullName":"EnglishGrammarUtils isDeterminer should identify quantifiers","status":"passed","title":"should identify quantifiers","duration":0.13789899999937916,"failureMessages":[],"meta":{}},{"ancestorTitles":["EnglishGrammarUtils","isDeterminer"],"fullName":"EnglishGrammarUtils isDeterminer should identify demonstratives","status":"passed","title":"should identify demonstratives","duration":0.1529129999998986,"failureMessages":[],"meta":{}},{"ancestorTitles":["EnglishGrammarUtils","isDeterminer"],"fullName":"EnglishGrammarUtils isDeterminer should identify possessives","status":"passed","title":"should identify possessives","duration":0.13637700000072073,"failureMessages":[],"meta":{}},{"ancestorTitles":["EnglishGrammarUtils","isDeterminer"],"fullName":"EnglishGrammarUtils isDeterminer should identify quantity determiners","status":"passed","title":"should identify quantity determiners","duration":0.13142599999991944,"failureMessages":[],"meta":{}},{"ancestorTitles":["EnglishGrammarUtils","isDeterminer"],"fullName":"EnglishGrammarUtils isDeterminer should be case-insensitive","status":"passed","title":"should be case-insensitive","duration":0.07101999999940745,"failureMessages":[],"meta":{}},{"ancestorTitles":["EnglishGrammarUtils","isDeterminer"],"fullName":"EnglishGrammarUtils isDeterminer should reject non-determiners","status":"passed","title":"should reject non-determiners","duration":0.058139000000664964,"failureMessages":[],"meta":{}},{"ancestorTitles":["EnglishGrammarUtils","isPronoun"],"fullName":"EnglishGrammarUtils isPronoun should identify personal pronouns","status":"passed","title":"should identify personal pronouns","duration":0.1935090000006312,"failureMessages":[],"meta":{}},{"ancestorTitles":["EnglishGrammarUtils","isPronoun"],"fullName":"EnglishGrammarUtils isPronoun should identify reflexive pronouns","status":"passed","title":"should identify reflexive pronouns","duration":0.1183469999996305,"failureMessages":[],"meta":{}},{"ancestorTitles":["EnglishGrammarUtils","isPronoun"],"fullName":"EnglishGrammarUtils isPronoun should identify demonstrative pronouns","status":"passed","title":"should identify demonstrative pronouns","duration":0.07443700000112585,"failureMessages":[],"meta":{}},{"ancestorTitles":["EnglishGrammarUtils","isPronoun"],"fullName":"EnglishGrammarUtils isPronoun should identify interrogative pronouns","status":"passed","title":"should identify interrogative pronouns","duration":0.08233099999961269,"failureMessages":[],"meta":{}},{"ancestorTitles":["EnglishGrammarUtils","isPronoun"],"fullName":"EnglishGrammarUtils isPronoun should be case-insensitive","status":"passed","title":"should be case-insensitive","duration":0.09747299999980896,"failureMessages":[],"meta":{}},{"ancestorTitles":["EnglishGrammarUtils","isPronoun"],"fullName":"EnglishGrammarUtils isPronoun should reject non-pronouns","status":"passed","title":"should reject non-pronouns","duration":0.08310399999936635,"failureMessages":[],"meta":{}},{"ancestorTitles":["EnglishGrammarUtils","isConjunction"],"fullName":"EnglishGrammarUtils isConjunction should identify coordinating conjunctions","status":"passed","title":"should identify coordinating conjunctions","duration":0.1575120000015886,"failureMessages":[],"meta":{}},{"ancestorTitles":["EnglishGrammarUtils","isConjunction"],"fullName":"EnglishGrammarUtils isConjunction should identify subordinating conjunctions","status":"passed","title":"should identify subordinating conjunctions","duration":0.12997200000063458,"failureMessages":[],"meta":{}},{"ancestorTitles":["EnglishGrammarUtils","isConjunction"],"fullName":"EnglishGrammarUtils isConjunction should be case-insensitive","status":"passed","title":"should be case-insensitive","duration":0.05727099999967322,"failureMessages":[],"meta":{}},{"ancestorTitles":["EnglishGrammarUtils","isConjunction"],"fullName":"EnglishGrammarUtils isConjunction should reject non-conjunctions","status":"passed","title":"should reject non-conjunctions","duration":0.05448400000022957,"failureMessages":[],"meta":{}},{"ancestorTitles":["EnglishGrammarUtils","getIndefiniteArticle"],"fullName":"EnglishGrammarUtils getIndefiniteArticle should return \"a\" for consonant-starting words","status":"passed","title":"should return \"a\" for consonant-starting words","duration":0.29182399999990594,"failureMessages":[],"meta":{}},{"ancestorTitles":["EnglishGrammarUtils","getIndefiniteArticle"],"fullName":"EnglishGrammarUtils getIndefiniteArticle should return \"an\" for vowel-starting words","status":"passed","title":"should return \"an\" for vowel-starting words","duration":0.44493400000101246,"failureMessages":[],"meta":{}},{"ancestorTitles":["EnglishGrammarUtils","getIndefiniteArticle"],"fullName":"EnglishGrammarUtils getIndefiniteArticle should handle silent h words","status":"passed","title":"should handle silent h words","duration":0.14606000000094355,"failureMessages":[],"meta":{}},{"ancestorTitles":["EnglishGrammarUtils","getIndefiniteArticle"],"fullName":"EnglishGrammarUtils getIndefiniteArticle should handle u words that sound like \"you\"","status":"passed","title":"should handle u words that sound like \"you\"","duration":0.0733619999991788,"failureMessages":[],"meta":{}},{"ancestorTitles":["EnglishGrammarUtils","getIndefiniteArticle"],"fullName":"EnglishGrammarUtils getIndefiniteArticle should be case-insensitive","status":"passed","title":"should be case-insensitive","duration":0.06944599999951606,"failureMessages":[],"meta":{}},{"ancestorTitles":["Type definitions","EnglishToken"],"fullName":"Type definitions EnglishToken should have all required properties","status":"passed","title":"should have all required properties","duration":0.32566900000165333,"failureMessages":[],"meta":{}},{"ancestorTitles":["Type definitions","EnglishToken"],"fullName":"Type definitions EnglishToken should support optional englishData","status":"passed","title":"should support optional englishData","duration":0.15620900000067195,"failureMessages":[],"meta":{}},{"ancestorTitles":["Type definitions","EnglishVerbForms"],"fullName":"Type definitions EnglishVerbForms should represent regular verb forms","status":"passed","title":"should represent regular verb forms","duration":0.13396999999895343,"failureMessages":[],"meta":{}},{"ancestorTitles":["Type definitions","EnglishVerbForms"],"fullName":"Type definitions EnglishVerbForms should represent irregular verb forms","status":"passed","title":"should represent irregular verb forms","duration":0.11581500000102096,"failureMessages":[],"meta":{}},{"ancestorTitles":["Type definitions","EnglishNounProperties"],"fullName":"Type definitions EnglishNounProperties should represent countable nouns","status":"passed","title":"should represent countable nouns","duration":0.1020939999998518,"failureMessages":[],"meta":{}},{"ancestorTitles":["Type definitions","EnglishNounProperties"],"fullName":"Type definitions EnglishNounProperties should represent mass nouns","status":"passed","title":"should represent mass nouns","duration":2.7421400000002905,"failureMessages":[],"meta":{}},{"ancestorTitles":["Type definitions","EnglishNounProperties"],"fullName":"Type definitions EnglishNounProperties should represent proper nouns","status":"passed","title":"should represent proper nouns","duration":0.7419780000000173,"failureMessages":[],"meta":{}},{"ancestorTitles":["Type definitions","EnglishPrepositionProperties"],"fullName":"Type definitions EnglishPrepositionProperties should represent spatial prepositions","status":"passed","title":"should represent spatial prepositions","duration":0.6897759999992559,"failureMessages":[],"meta":{}},{"ancestorTitles":["Type definitions","EnglishPrepositionProperties"],"fullName":"Type definitions EnglishPrepositionProperties should represent temporal prepositions","status":"passed","title":"should represent temporal prepositions","duration":0.5649429999994027,"failureMessages":[],"meta":{}},{"ancestorTitles":["Type definitions","EnglishPrepositionProperties"],"fullName":"Type definitions EnglishPrepositionProperties should represent logical prepositions","status":"passed","title":"should represent logical prepositions","duration":0.33655200000066543,"failureMessages":[],"meta":{}},{"ancestorTitles":["Grammar pattern validation"],"fullName":"Grammar pattern validation all patterns should have valid element types","status":"passed","title":"all patterns should have valid element types","duration":4.369716999999582,"failureMessages":[],"meta":{}},{"ancestorTitles":["Grammar pattern validation"],"fullName":"Grammar pattern validation patterns should be internally consistent","status":"passed","title":"patterns should be internally consistent","duration":0.4219469999989087,"failureMessages":[],"meta":{}},{"ancestorTitles":["Edge cases and error conditions"],"fullName":"Edge cases and error conditions grammar utils should handle empty strings","status":"passed","title":"grammar utils should handle empty strings","duration":0.24689799999941897,"failureMessages":[],"meta":{}},{"ancestorTitles":["Edge cases and error conditions"],"fullName":"Edge cases and error conditions getIndefiniteArticle should handle edge cases","status":"passed","title":"getIndefiniteArticle should handle edge cases","duration":0.6865639999996347,"failureMessages":[],"meta":{}},{"ancestorTitles":["Edge cases and error conditions"],"fullName":"Edge cases and error conditions types should support partial data","status":"passed","title":"types should support partial data","duration":0.08493400000043039,"failureMessages":[],"meta":{}}],"startTime":1754491793091,"endTime":1754491793117.085,"status":"passed","message":"","name":"/mnt/c/repotemp/sharpee/packages/lang-en-us/tests/unit/grammar.test.ts"}]}